[0.011s] Invoking command in '/home/kap/ros2_ws/src/multipath_sim/build/multipath_sim': CMAKE_PREFIX_PATH=${CMAKE_PREFIX_PATH}:/opt/ros/foxy /usr/bin/cmake --build /home/kap/ros2_ws/src/multipath_sim/build/multipath_sim -- -j20 -l20
[0.047s] [  2%] Built target multipath_sim__cpp
[0.048s] [ 11%] Built target multipath_sim__rosidl_generator_c
[0.060s] [ 28%] Built target multipath_sim__rosidl_typesupport_cpp
[0.060s] [ 28%] Built target multipath_sim__rosidl_typesupport_introspection_cpp
[0.061s] [ 37%] Built target multipath_sim__rosidl_typesupport_introspection_c
[0.061s] [ 45%] Built target multipath_sim__rosidl_typesupport_c
[0.062s] [ 54%] Built target multipath_sim__rosidl_typesupport_fastrtps_cpp
[0.078s] [ 62%] Built target multipath_sim__rosidl_typesupport_fastrtps_c
[0.091s] [ 62%] Built target multipath_sim
[0.104s] [ 65%] Built target multipath_sim__py
[0.119s] [ 82%] Built target SphereModelPlugin
[0.120s] [ 82%] Built target multipath_sim__python
[0.120s] [ 82%] Built target MultipathSensorPlugin
[0.136s] [ 97%] Built target multipath_sim__rosidl_typesupport_c__pyext
[0.136s] [ 97%] Built target multipath_sim__rosidl_typesupport_introspection_c__pyext
[0.136s] [100%] Built target multipath_sim__rosidl_typesupport_fastrtps_c__pyext
[0.143s] Invoked command in '/home/kap/ros2_ws/src/multipath_sim/build/multipath_sim' returned '0': CMAKE_PREFIX_PATH=${CMAKE_PREFIX_PATH}:/opt/ros/foxy /usr/bin/cmake --build /home/kap/ros2_ws/src/multipath_sim/build/multipath_sim -- -j20 -l20
[0.180s] Invoking command in '/home/kap/ros2_ws/src/multipath_sim/build/multipath_sim': CMAKE_PREFIX_PATH=${CMAKE_PREFIX_PATH}:/opt/ros/foxy /usr/bin/cmake --install /home/kap/ros2_ws/src/multipath_sim/build/multipath_sim
[0.186s] -- Install configuration: ""
[0.186s] -- Up-to-date: /home/kap/ros2_ws/src/multipath_sim/install/multipath_sim/share/ament_index/resource_index/rosidl_interfaces/multipath_sim
[0.187s] -- Up-to-date: /home/kap/ros2_ws/src/multipath_sim/install/multipath_sim/include/multipath_sim
[0.187s] -- Up-to-date: /home/kap/ros2_ws/src/multipath_sim/install/multipath_sim/include/multipath_sim/msg
[0.187s] -- Up-to-date: /home/kap/ros2_ws/src/multipath_sim/install/multipath_sim/include/multipath_sim/msg/rosidl_generator_c__visibility_control.h
[0.187s] -- Up-to-date: /home/kap/ros2_ws/src/multipath_sim/install/multipath_sim/include/multipath_sim/msg/detail
[0.187s] -- Up-to-date: /home/kap/ros2_ws/src/multipath_sim/install/multipath_sim/include/multipath_sim/msg/detail/multipath_offset__functions.h
[0.187s] -- Up-to-date: /home/kap/ros2_ws/src/multipath_sim/install/multipath_sim/include/multipath_sim/msg/detail/multipath_offset__functions.c
[0.187s] -- Up-to-date: /home/kap/ros2_ws/src/multipath_sim/install/multipath_sim/include/multipath_sim/msg/detail/multipath_offset__type_support.h
[0.187s] -- Up-to-date: /home/kap/ros2_ws/src/multipath_sim/install/multipath_sim/include/multipath_sim/msg/detail/multipath_offset__struct.h
[0.188s] -- Up-to-date: /home/kap/ros2_ws/src/multipath_sim/install/multipath_sim/include/multipath_sim/msg/multipath_offset.h
[0.188s] -- Up-to-date: /home/kap/ros2_ws/src/multipath_sim/install/multipath_sim/share/multipath_sim/environment/library_path.sh
[0.188s] -- Up-to-date: /home/kap/ros2_ws/src/multipath_sim/install/multipath_sim/share/multipath_sim/environment/library_path.dsv
[0.188s] -- Up-to-date: /home/kap/ros2_ws/src/multipath_sim/install/multipath_sim/lib/libmultipath_sim__rosidl_generator_c.so
[0.188s] -- Up-to-date: /home/kap/ros2_ws/src/multipath_sim/install/multipath_sim/include/multipath_sim
[0.188s] -- Up-to-date: /home/kap/ros2_ws/src/multipath_sim/install/multipath_sim/include/multipath_sim/msg
[0.188s] -- Up-to-date: /home/kap/ros2_ws/src/multipath_sim/install/multipath_sim/include/multipath_sim/msg/rosidl_typesupport_fastrtps_c__visibility_control.h
[0.188s] -- Up-to-date: /home/kap/ros2_ws/src/multipath_sim/install/multipath_sim/include/multipath_sim/msg/detail
[0.188s] -- Up-to-date: /home/kap/ros2_ws/src/multipath_sim/install/multipath_sim/include/multipath_sim/msg/detail/multipath_offset__rosidl_typesupport_fastrtps_c.h
[0.188s] -- Up-to-date: /home/kap/ros2_ws/src/multipath_sim/install/multipath_sim/lib/libmultipath_sim__rosidl_typesupport_fastrtps_c.so
[0.189s] -- Up-to-date: /home/kap/ros2_ws/src/multipath_sim/install/multipath_sim/include/multipath_sim
[0.189s] -- Up-to-date: /home/kap/ros2_ws/src/multipath_sim/install/multipath_sim/include/multipath_sim/msg
[0.189s] -- Up-to-date: /home/kap/ros2_ws/src/multipath_sim/install/multipath_sim/include/multipath_sim/msg/rosidl_typesupport_fastrtps_cpp__visibility_control.h
[0.189s] -- Up-to-date: /home/kap/ros2_ws/src/multipath_sim/install/multipath_sim/include/multipath_sim/msg/detail
[0.189s] -- Up-to-date: /home/kap/ros2_ws/src/multipath_sim/install/multipath_sim/include/multipath_sim/msg/detail/multipath_offset__rosidl_typesupport_fastrtps_cpp.hpp
[0.189s] -- Up-to-date: /home/kap/ros2_ws/src/multipath_sim/install/multipath_sim/include/multipath_sim/msg/detail/dds_fastrtps
[0.189s] -- Up-to-date: /home/kap/ros2_ws/src/multipath_sim/install/multipath_sim/lib/libmultipath_sim__rosidl_typesupport_fastrtps_cpp.so
[0.189s] -- Up-to-date: /home/kap/ros2_ws/src/multipath_sim/install/multipath_sim/include/multipath_sim
[0.189s] -- Up-to-date: /home/kap/ros2_ws/src/multipath_sim/install/multipath_sim/include/multipath_sim/msg
[0.189s] -- Up-to-date: /home/kap/ros2_ws/src/multipath_sim/install/multipath_sim/include/multipath_sim/msg/rosidl_typesupport_introspection_c__visibility_control.h
[0.189s] -- Up-to-date: /home/kap/ros2_ws/src/multipath_sim/install/multipath_sim/include/multipath_sim/msg/detail
[0.189s] -- Up-to-date: /home/kap/ros2_ws/src/multipath_sim/install/multipath_sim/include/multipath_sim/msg/detail/multipath_offset__rosidl_typesupport_introspection_c.h
[0.190s] -- Up-to-date: /home/kap/ros2_ws/src/multipath_sim/install/multipath_sim/include/multipath_sim/msg/detail/multipath_offset__type_support.c
[0.190s] -- Up-to-date: /home/kap/ros2_ws/src/multipath_sim/install/multipath_sim/lib/libmultipath_sim__rosidl_typesupport_introspection_c.so
[0.190s] -- Up-to-date: /home/kap/ros2_ws/src/multipath_sim/install/multipath_sim/lib/libmultipath_sim__rosidl_typesupport_c.so
[0.190s] -- Up-to-date: /home/kap/ros2_ws/src/multipath_sim/install/multipath_sim/include/multipath_sim
[0.190s] -- Up-to-date: /home/kap/ros2_ws/src/multipath_sim/install/multipath_sim/include/multipath_sim/msg
[0.190s] -- Up-to-date: /home/kap/ros2_ws/src/multipath_sim/install/multipath_sim/include/multipath_sim/msg/multipath_offset.hpp
[0.190s] -- Up-to-date: /home/kap/ros2_ws/src/multipath_sim/install/multipath_sim/include/multipath_sim/msg/detail
[0.190s] -- Up-to-date: /home/kap/ros2_ws/src/multipath_sim/install/multipath_sim/include/multipath_sim/msg/detail/multipath_offset__traits.hpp
[0.190s] -- Up-to-date: /home/kap/ros2_ws/src/multipath_sim/install/multipath_sim/include/multipath_sim/msg/detail/multipath_offset__builder.hpp
[0.190s] -- Up-to-date: /home/kap/ros2_ws/src/multipath_sim/install/multipath_sim/include/multipath_sim/msg/detail/multipath_offset__struct.hpp
[0.190s] -- Up-to-date: /home/kap/ros2_ws/src/multipath_sim/install/multipath_sim/include/multipath_sim
[0.190s] -- Up-to-date: /home/kap/ros2_ws/src/multipath_sim/install/multipath_sim/include/multipath_sim/msg
[0.190s] -- Up-to-date: /home/kap/ros2_ws/src/multipath_sim/install/multipath_sim/include/multipath_sim/msg/detail
[0.190s] -- Up-to-date: /home/kap/ros2_ws/src/multipath_sim/install/multipath_sim/include/multipath_sim/msg/detail/multipath_offset__type_support.cpp
[0.190s] -- Up-to-date: /home/kap/ros2_ws/src/multipath_sim/install/multipath_sim/include/multipath_sim/msg/detail/multipath_offset__rosidl_typesupport_introspection_cpp.hpp
[0.191s] -- Up-to-date: /home/kap/ros2_ws/src/multipath_sim/install/multipath_sim/lib/libmultipath_sim__rosidl_typesupport_introspection_cpp.so
[0.191s] -- Up-to-date: /home/kap/ros2_ws/src/multipath_sim/install/multipath_sim/lib/libmultipath_sim__rosidl_typesupport_cpp.so
[0.191s] -- Up-to-date: /home/kap/ros2_ws/src/multipath_sim/install/multipath_sim/share/multipath_sim/environment/pythonpath.sh
[0.191s] -- Up-to-date: /home/kap/ros2_ws/src/multipath_sim/install/multipath_sim/share/multipath_sim/environment/pythonpath.dsv
[0.191s] -- Installing: /home/kap/ros2_ws/src/multipath_sim/install/multipath_sim/lib/python3.8/site-packages/multipath_sim/__init__.py
[0.211s] Compiling '/home/kap/ros2_ws/src/multipath_sim/install/multipath_sim/lib/python3.8/site-packages/multipath_sim/__init__.py'...
[0.214s] -- Up-to-date: /home/kap/ros2_ws/src/multipath_sim/install/multipath_sim/lib/python3.8/site-packages/multipath_sim/msg
[0.214s] -- Up-to-date: /home/kap/ros2_ws/src/multipath_sim/install/multipath_sim/lib/python3.8/site-packages/multipath_sim/msg/_multipath_offset_s.c
[0.214s] -- Up-to-date: /home/kap/ros2_ws/src/multipath_sim/install/multipath_sim/lib/python3.8/site-packages/multipath_sim/msg/__init__.py
[0.214s] -- Up-to-date: /home/kap/ros2_ws/src/multipath_sim/install/multipath_sim/lib/python3.8/site-packages/multipath_sim/msg/_multipath_offset.py
[0.214s] -- Up-to-date: /home/kap/ros2_ws/src/multipath_sim/install/multipath_sim/lib/python3.8/site-packages/multipath_sim/multipath_sim_s__rosidl_typesupport_fastrtps_c.cpython-38-x86_64-linux-gnu.so
[0.214s] -- Up-to-date: /home/kap/ros2_ws/src/multipath_sim/install/multipath_sim/lib/python3.8/site-packages/multipath_sim/multipath_sim_s__rosidl_typesupport_introspection_c.cpython-38-x86_64-linux-gnu.so
[0.215s] -- Up-to-date: /home/kap/ros2_ws/src/multipath_sim/install/multipath_sim/lib/python3.8/site-packages/multipath_sim/multipath_sim_s__rosidl_typesupport_c.cpython-38-x86_64-linux-gnu.so
[0.215s] -- Up-to-date: /home/kap/ros2_ws/src/multipath_sim/install/multipath_sim/lib/libmultipath_sim__python.so
[0.215s] -- Up-to-date: /home/kap/ros2_ws/src/multipath_sim/install/multipath_sim/share/multipath_sim/msg/MultipathOffset.idl
[0.215s] -- Up-to-date: /home/kap/ros2_ws/src/multipath_sim/install/multipath_sim/share/multipath_sim/msg/MultipathOffset.msg
[0.215s] -- Up-to-date: /home/kap/ros2_ws/src/multipath_sim/install/multipath_sim/lib/libMultipathSensorPlugin.so
[0.215s] -- Up-to-date: /home/kap/ros2_ws/src/multipath_sim/install/multipath_sim/lib/libSphereModelPlugin.so
[0.215s] -- Up-to-date: /home/kap/ros2_ws/src/multipath_sim/install/multipath_sim/include
[0.215s] -- Up-to-date: /home/kap/ros2_ws/src/multipath_sim/install/multipath_sim/include/multipath_sim
[0.215s] -- Up-to-date: /home/kap/ros2_ws/src/multipath_sim/install/multipath_sim/include/multipath_sim/sphere_model_plugin.hpp
[0.215s] -- Up-to-date: /home/kap/ros2_ws/src/multipath_sim/install/multipath_sim/include/multipath_sim/multipath_sensor.hpp
[0.215s] -- Up-to-date: /home/kap/ros2_ws/src/multipath_sim/install/multipath_sim/share/multipath_sim//worlds
[0.216s] -- Up-to-date: /home/kap/ros2_ws/src/multipath_sim/install/multipath_sim/share/multipath_sim//worlds/multipath.world
[0.216s] -- Up-to-date: /home/kap/ros2_ws/src/multipath_sim/install/multipath_sim/share/multipath_sim//worlds/hong_kong.world
[0.216s] -- Up-to-date: /home/kap/ros2_ws/src/multipath_sim/install/multipath_sim/share/multipath_sim//worlds/video_gz_hk.world
[0.216s] -- Up-to-date: /home/kap/ros2_ws/src/multipath_sim/install/multipath_sim/share/multipath_sim//worlds/test.world
[0.216s] -- Up-to-date: /home/kap/ros2_ws/src/multipath_sim/install/multipath_sim/share/multipath_sim//worlds/abu_dhabi_sim.world
[0.216s] -- Up-to-date: /home/kap/ros2_ws/src/multipath_sim/install/multipath_sim/share/multipath_sim//worlds/abu_dhabi.world
[0.216s] -- Up-to-date: /home/kap/ros2_ws/src/multipath_sim/install/multipath_sim/share/multipath_sim//models
[0.216s] -- Up-to-date: /home/kap/ros2_ws/src/multipath_sim/install/multipath_sim/share/multipath_sim//models/x500_red
[0.216s] -- Up-to-date: /home/kap/ros2_ws/src/multipath_sim/install/multipath_sim/share/multipath_sim//models/x500_red/meshes
[0.216s] -- Up-to-date: /home/kap/ros2_ws/src/multipath_sim/install/multipath_sim/share/multipath_sim//models/x500_red/meshes/CF.png
[0.216s] -- Up-to-date: /home/kap/ros2_ws/src/multipath_sim/install/multipath_sim/share/multipath_sim//models/x500_red/meshes/NXP-HGD-CF.dae
[0.216s] -- Up-to-date: /home/kap/ros2_ws/src/multipath_sim/install/multipath_sim/share/multipath_sim//models/x500_red/meshes/5010Bell.dae
[0.216s] -- Up-to-date: /home/kap/ros2_ws/src/multipath_sim/install/multipath_sim/share/multipath_sim//models/x500_red/meshes/5010Base.dae
[0.216s] -- Up-to-date: /home/kap/ros2_ws/src/multipath_sim/install/multipath_sim/share/multipath_sim//models/x500_red/meshes/1345_prop_ccw.stl
[0.216s] -- Up-to-date: /home/kap/ros2_ws/src/multipath_sim/install/multipath_sim/share/multipath_sim//models/x500_red/meshes/1345_prop_cw.stl
[0.216s] -- Up-to-date: /home/kap/ros2_ws/src/multipath_sim/install/multipath_sim/share/multipath_sim//models/x500_red/thumbnails
[0.216s] -- Up-to-date: /home/kap/ros2_ws/src/multipath_sim/install/multipath_sim/share/multipath_sim//models/x500_red/thumbnails/5.png
[0.216s] -- Up-to-date: /home/kap/ros2_ws/src/multipath_sim/install/multipath_sim/share/multipath_sim//models/x500_red/thumbnails/4.png
[0.216s] -- Up-to-date: /home/kap/ros2_ws/src/multipath_sim/install/multipath_sim/share/multipath_sim//models/x500_red/thumbnails/3.png
[0.216s] -- Up-to-date: /home/kap/ros2_ws/src/multipath_sim/install/multipath_sim/share/multipath_sim//models/x500_red/thumbnails/2.png
[0.216s] -- Up-to-date: /home/kap/ros2_ws/src/multipath_sim/install/multipath_sim/share/multipath_sim//models/x500_red/thumbnails/1.png
[0.216s] -- Up-to-date: /home/kap/ros2_ws/src/multipath_sim/install/multipath_sim/share/multipath_sim//models/x500_red/model.config
[0.217s] -- Up-to-date: /home/kap/ros2_ws/src/multipath_sim/install/multipath_sim/share/multipath_sim//models/x500_red/materials
[0.217s] -- Up-to-date: /home/kap/ros2_ws/src/multipath_sim/install/multipath_sim/share/multipath_sim//models/x500_red/materials/textures
[0.217s] -- Up-to-date: /home/kap/ros2_ws/src/multipath_sim/install/multipath_sim/share/multipath_sim//models/x500_red/materials/textures/CF.png
[0.217s] -- Up-to-date: /home/kap/ros2_ws/src/multipath_sim/install/multipath_sim/share/multipath_sim//models/x500_red/materials/textures/rd.png
[0.217s] -- Up-to-date: /home/kap/ros2_ws/src/multipath_sim/install/multipath_sim/share/multipath_sim//models/x500_red/materials/textures/nxp.png
[0.217s] -- Up-to-date: /home/kap/ros2_ws/src/multipath_sim/install/multipath_sim/share/multipath_sim//models/x500_red/model.sdf
[0.217s] -- Up-to-date: /home/kap/ros2_ws/src/multipath_sim/install/multipath_sim/share/multipath_sim//models/x500_no_collision
[0.217s] -- Up-to-date: /home/kap/ros2_ws/src/multipath_sim/install/multipath_sim/share/multipath_sim//models/x500_no_collision/meshes
[0.217s] -- Up-to-date: /home/kap/ros2_ws/src/multipath_sim/install/multipath_sim/share/multipath_sim//models/x500_no_collision/meshes/CF.png
[0.217s] -- Up-to-date: /home/kap/ros2_ws/src/multipath_sim/install/multipath_sim/share/multipath_sim//models/x500_no_collision/meshes/NXP-HGD-CF.dae
[0.217s] -- Up-to-date: /home/kap/ros2_ws/src/multipath_sim/install/multipath_sim/share/multipath_sim//models/x500_no_collision/meshes/5010Bell.dae
[0.217s] -- Up-to-date: /home/kap/ros2_ws/src/multipath_sim/install/multipath_sim/share/multipath_sim//models/x500_no_collision/meshes/5010Base.dae
[0.217s] -- Up-to-date: /home/kap/ros2_ws/src/multipath_sim/install/multipath_sim/share/multipath_sim//models/x500_no_collision/meshes/1345_prop_ccw.stl
[0.217s] -- Up-to-date: /home/kap/ros2_ws/src/multipath_sim/install/multipath_sim/share/multipath_sim//models/x500_no_collision/meshes/1345_prop_cw.stl
[0.217s] -- Up-to-date: /home/kap/ros2_ws/src/multipath_sim/install/multipath_sim/share/multipath_sim//models/x500_no_collision/thumbnails
[0.217s] -- Up-to-date: /home/kap/ros2_ws/src/multipath_sim/install/multipath_sim/share/multipath_sim//models/x500_no_collision/thumbnails/5.png
[0.217s] -- Up-to-date: /home/kap/ros2_ws/src/multipath_sim/install/multipath_sim/share/multipath_sim//models/x500_no_collision/thumbnails/4.png
[0.217s] -- Up-to-date: /home/kap/ros2_ws/src/multipath_sim/install/multipath_sim/share/multipath_sim//models/x500_no_collision/thumbnails/3.png
[0.217s] -- Up-to-date: /home/kap/ros2_ws/src/multipath_sim/install/multipath_sim/share/multipath_sim//models/x500_no_collision/thumbnails/2.png
[0.217s] -- Up-to-date: /home/kap/ros2_ws/src/multipath_sim/install/multipath_sim/share/multipath_sim//models/x500_no_collision/thumbnails/1.png
[0.217s] -- Up-to-date: /home/kap/ros2_ws/src/multipath_sim/install/multipath_sim/share/multipath_sim//models/x500_no_collision/model.config
[0.217s] -- Up-to-date: /home/kap/ros2_ws/src/multipath_sim/install/multipath_sim/share/multipath_sim//models/x500_no_collision/materials
[0.218s] -- Up-to-date: /home/kap/ros2_ws/src/multipath_sim/install/multipath_sim/share/multipath_sim//models/x500_no_collision/materials/textures
[0.218s] -- Up-to-date: /home/kap/ros2_ws/src/multipath_sim/install/multipath_sim/share/multipath_sim//models/x500_no_collision/materials/textures/CF.png
[0.218s] -- Up-to-date: /home/kap/ros2_ws/src/multipath_sim/install/multipath_sim/share/multipath_sim//models/x500_no_collision/materials/textures/rd.png
[0.218s] -- Up-to-date: /home/kap/ros2_ws/src/multipath_sim/install/multipath_sim/share/multipath_sim//models/x500_no_collision/materials/textures/nxp.png
[0.218s] -- Up-to-date: /home/kap/ros2_ws/src/multipath_sim/install/multipath_sim/share/multipath_sim//models/x500_no_collision/model.sdf
[0.218s] -- Up-to-date: /home/kap/ros2_ws/src/multipath_sim/install/multipath_sim/share/multipath_sim//models/building
[0.218s] -- Up-to-date: /home/kap/ros2_ws/src/multipath_sim/install/multipath_sim/share/multipath_sim//models/building/model.config
[0.218s] -- Up-to-date: /home/kap/ros2_ws/src/multipath_sim/install/multipath_sim/share/multipath_sim//models/building/model.sdf
[0.218s] -- Up-to-date: /home/kap/ros2_ws/src/multipath_sim/install/multipath_sim/share/multipath_sim//models/abu_dhabi
[0.218s] -- Up-to-date: /home/kap/ros2_ws/src/multipath_sim/install/multipath_sim/share/multipath_sim//models/abu_dhabi/model.config
[0.218s] -- Up-to-date: /home/kap/ros2_ws/src/multipath_sim/install/multipath_sim/share/multipath_sim//models/abu_dhabi/media
[0.218s] -- Up-to-date: /home/kap/ros2_ws/src/multipath_sim/install/multipath_sim/share/multipath_sim//models/abu_dhabi/media/baked_duion_bricks_classic_01_D_256.png_c5765d_pro_6908_256.png
[0.218s] -- Up-to-date: /home/kap/ros2_ws/src/multipath_sim/install/multipath_sim/share/multipath_sim//models/abu_dhabi/media/baked_duion_bricks_classic_02_D_256.png_7b422f_pro_2353_256.png
[0.218s] -- Up-to-date: /home/kap/ros2_ws/src/multipath_sim/install/multipath_sim/share/multipath_sim//models/abu_dhabi/media/baked_duion_plaster_sprinkled_01_D_256.png_a3865f_pro_2353_256.png
[0.218s] -- Up-to-date: /home/kap/ros2_ws/src/multipath_sim/install/multipath_sim/share/multipath_sim//models/abu_dhabi/media/baked_duion_bricks_classic_01_D_256.png_7b422f_pro_2157_256.png
[0.218s] -- Up-to-date: /home/kap/ros2_ws/src/multipath_sim/install/multipath_sim/share/multipath_sim//models/abu_dhabi/media/baked_duion_bricks_classic_01_D_256.png_c5765d_pro_2901_256.png
[0.218s] -- Up-to-date: /home/kap/ros2_ws/src/multipath_sim/install/multipath_sim/share/multipath_sim//models/abu_dhabi/media/baked_a6653f_roof_tiles.png
[0.218s] -- Up-to-date: /home/kap/ros2_ws/src/multipath_sim/install/multipath_sim/share/multipath_sim//models/abu_dhabi/media/baked_duion_bricks_classic_02_D_256.png_976c6b_pro_2353_256.png
[0.218s] -- Up-to-date: /home/kap/ros2_ws/src/multipath_sim/install/multipath_sim/share/multipath_sim//models/abu_dhabi/media/baked_duion_bricks_classic_01_D_256.png_976c6b_pro_2161_256.png
[0.218s] -- Up-to-date: /home/kap/ros2_ws/src/multipath_sim/install/multipath_sim/share/multipath_sim//models/abu_dhabi/media/baked_duion_bricks_classic_01_D_256.png_7b422f_pro_2901_256.png
[0.218s] -- Up-to-date: /home/kap/ros2_ws/src/multipath_sim/install/multipath_sim/share/multipath_sim//models/abu_dhabi/media/baked_duion_bricks_classic_02_D_256.png_976c6b_pro_2901_256.png
[0.218s] -- Up-to-date: /home/kap/ros2_ws/src/multipath_sim/install/multipath_sim/share/multipath_sim//models/abu_dhabi/media/baked_cc0textures_bricks11_col_256.jpg_976c6b_pro_2901_256.png
[0.219s] -- Up-to-date: /home/kap/ros2_ws/src/multipath_sim/install/multipath_sim/share/multipath_sim//models/abu_dhabi/media/baked_afafaf_concrete.png
[0.219s] -- Up-to-date: /home/kap/ros2_ws/src/multipath_sim/install/multipath_sim/share/multipath_sim//models/abu_dhabi/media/baked_976c6b_brick.png
[0.219s] -- Up-to-date: /home/kap/ros2_ws/src/multipath_sim/install/multipath_sim/share/multipath_sim//models/abu_dhabi/media/baked_duion_bricks_classic_02_D_256.png_c5765d_pro_2901_256.png
[0.219s] -- Up-to-date: /home/kap/ros2_ws/src/multipath_sim/install/multipath_sim/share/multipath_sim//models/abu_dhabi/media/overlay.png.002.png
[0.219s] -- Up-to-date: /home/kap/ros2_ws/src/multipath_sim/install/multipath_sim/share/multipath_sim//models/abu_dhabi/media/baked_duion_plaster_sprinkled_01_D_256.png_b8a594_pro_2161_256.png
[0.219s] -- Up-to-date: /home/kap/ros2_ws/src/multipath_sim/install/multipath_sim/share/multipath_sim//models/abu_dhabi/media/baked_duion_plaster_sprinkled_01_D_256.png_b8a594_pro_2353_256.png
[0.219s] -- Up-to-date: /home/kap/ros2_ws/src/multipath_sim/install/multipath_sim/share/multipath_sim//models/abu_dhabi/media/baked_cc0textures_bricks11_col_256.jpg_d9d8c4_pro_2161_256.png
[0.219s] -- Up-to-date: /home/kap/ros2_ws/src/multipath_sim/install/multipath_sim/share/multipath_sim//models/abu_dhabi/media/pine_seamless_done.png
[0.219s] -- Up-to-date: /home/kap/ros2_ws/src/multipath_sim/install/multipath_sim/share/multipath_sim//models/abu_dhabi/media/baked_cc0textures_bricks11_col_256.jpg_976c6b_pro_2157_256.png
[0.219s] -- Up-to-date: /home/kap/ros2_ws/src/multipath_sim/install/multipath_sim/share/multipath_sim//models/abu_dhabi/media/baked_c8c2b6_concrete.png
[0.219s] -- Up-to-date: /home/kap/ros2_ws/src/multipath_sim/install/multipath_sim/share/multipath_sim//models/abu_dhabi/media/baked_duion_bricks_classic_02_D_256.png_c5765d_pro_2353_256.png
[0.219s] -- Up-to-date: /home/kap/ros2_ws/src/multipath_sim/install/multipath_sim/share/multipath_sim//models/abu_dhabi/media/baked_cc0textures_bricks11_col_256.jpg_7b422f_pro_2353_256.png
[0.219s] -- Up-to-date: /home/kap/ros2_ws/src/multipath_sim/install/multipath_sim/share/multipath_sim//models/abu_dhabi/media/baked_5e2a31_metal.png
[0.219s] -- Up-to-date: /home/kap/ros2_ws/src/multipath_sim/install/multipath_sim/share/multipath_sim//models/abu_dhabi/media/baked_duion_plaster_sprinkled_01_D_256.png_a3865f_pro_2157_256.png
[0.219s] -- Up-to-date: /home/kap/ros2_ws/src/multipath_sim/install/multipath_sim/share/multipath_sim//models/abu_dhabi/media/baked_cc0textures_bricks11_col_256.jpg_c5765d_pro_2161_256.png
[0.219s] -- Up-to-date: /home/kap/ros2_ws/src/multipath_sim/install/multipath_sim/share/multipath_sim//models/abu_dhabi/media/baked_duion_plaster_stucco_01_D_256.png_b8a594_pro_2353_256.png
[0.219s] -- Up-to-date: /home/kap/ros2_ws/src/multipath_sim/install/multipath_sim/share/multipath_sim//models/abu_dhabi/media/baked_cfbc8e_plaster.png
[0.219s] -- Up-to-date: /home/kap/ros2_ws/src/multipath_sim/install/multipath_sim/share/multipath_sim//models/abu_dhabi/media/baked_duion_plaster_sprinkled_01_D_256.png_cfbc8e_pro_2901_256.png
[0.219s] -- Up-to-date: /home/kap/ros2_ws/src/multipath_sim/install/multipath_sim/share/multipath_sim//models/abu_dhabi/media/baked_cc0textures_bricks11_col_256.jpg_7b422f_pro_6908_256.png
[0.219s] -- Up-to-date: /home/kap/ros2_ws/src/multipath_sim/install/multipath_sim/share/multipath_sim//models/abu_dhabi/media/baked_duion_bricks_classic_01_D_256.png_c5765d_pro_2353_256.png
[0.219s] -- Up-to-date: /home/kap/ros2_ws/src/multipath_sim/install/multipath_sim/share/multipath_sim//models/abu_dhabi/media/baked_duion_bricks_classic_02_D_256.png_976c6b_pro_2161_256.png
[0.219s] -- Up-to-date: /home/kap/ros2_ws/src/multipath_sim/install/multipath_sim/share/multipath_sim//models/abu_dhabi/media/baked_duion_plaster_stucco_01_D_256.png_a3865f_pro_6908_256.png
[0.219s] -- Up-to-date: /home/kap/ros2_ws/src/multipath_sim/install/multipath_sim/share/multipath_sim//models/abu_dhabi/media/baked_c5765d_brick.png
[0.219s] -- Up-to-date: /home/kap/ros2_ws/src/multipath_sim/install/multipath_sim/share/multipath_sim//models/abu_dhabi/media/baked_duion_plaster_sprinkled_01_D_256.png_cfbc8e_pro_6908_256.png
[0.219s] -- Up-to-date: /home/kap/ros2_ws/src/multipath_sim/install/multipath_sim/share/multipath_sim//models/abu_dhabi/media/baked_duion_plaster_stucco_01_D_256.png_cfbc8e_pro_2901_256.png
[0.219s] -- Up-to-date: /home/kap/ros2_ws/src/multipath_sim/install/multipath_sim/share/multipath_sim//models/abu_dhabi/media/baked_duion_bricks_classic_02_D_256.png_7b422f_pro_2161_256.png
[0.219s] -- Up-to-date: /home/kap/ros2_ws/src/multipath_sim/install/multipath_sim/share/multipath_sim//models/abu_dhabi/media/baked_duion_plaster_stucco_01_D_256.png_a3865f_pro_2353_256.png
[0.219s] -- Up-to-date: /home/kap/ros2_ws/src/multipath_sim/install/multipath_sim/share/multipath_sim//models/abu_dhabi/media/baked_duion_bricks_classic_01_D_256.png_976c6b_pro_2353_256.png
[0.219s] -- Up-to-date: /home/kap/ros2_ws/src/multipath_sim/install/multipath_sim/share/multipath_sim//models/abu_dhabi/media/baked_duion_bricks_classic_01_D_256.png_c5765d_pro_2157_256.png
[0.219s] -- Up-to-date: /home/kap/ros2_ws/src/multipath_sim/install/multipath_sim/share/multipath_sim//models/abu_dhabi/media/baked_duion_plaster_sprinkled_01_D_256.png_b8a594_pro_2901_256.png
[0.219s] -- Up-to-date: /home/kap/ros2_ws/src/multipath_sim/install/multipath_sim/share/multipath_sim//models/abu_dhabi/media/baked_duion_plaster_sprinkled_01_D_256.png_a3865f_pro_6908_256.png
[0.220s] -- Up-to-date: /home/kap/ros2_ws/src/multipath_sim/install/multipath_sim/share/multipath_sim//models/abu_dhabi/media/buildings.dae
[0.220s] -- Up-to-date: /home/kap/ros2_ws/src/multipath_sim/install/multipath_sim/share/multipath_sim//models/abu_dhabi/media/baked_cc0textures_bricks11_col_256.jpg_976c6b_pro_2353_256.png
[0.220s] -- Up-to-date: /home/kap/ros2_ws/src/multipath_sim/install/multipath_sim/share/multipath_sim//models/abu_dhabi/media/baked_duion_bricks_classic_02_D_256.png_c5765d_pro_2157_256.png
[0.220s] -- Up-to-date: /home/kap/ros2_ws/src/multipath_sim/install/multipath_sim/share/multipath_sim//models/abu_dhabi/media/baked_c57a63_roof_tiles.png
[0.220s] -- Up-to-date: /home/kap/ros2_ws/src/multipath_sim/install/multipath_sim/share/multipath_sim//models/abu_dhabi/media/baked_duion_plaster_stucco_01_D_256.png_a3865f_pro_2901_256.png
[0.220s] -- Up-to-date: /home/kap/ros2_ws/src/multipath_sim/install/multipath_sim/share/multipath_sim//models/abu_dhabi/media/baked_494c57_metal.png
[0.220s] -- Up-to-date: /home/kap/ros2_ws/src/multipath_sim/install/multipath_sim/share/multipath_sim//models/abu_dhabi/media/baked_duion_bricks_classic_01_D_256.png_7b422f_pro_2353_256.png
[0.220s] -- Up-to-date: /home/kap/ros2_ws/src/multipath_sim/install/multipath_sim/share/multipath_sim//models/abu_dhabi/media/baked_duion_bricks_classic_02_D_256.png_7b422f_pro_2901_256.png
[0.220s] -- Up-to-date: /home/kap/ros2_ws/src/multipath_sim/install/multipath_sim/share/multipath_sim//models/abu_dhabi/media/baked_818b8f_metal.png
[0.220s] -- Up-to-date: /home/kap/ros2_ws/src/multipath_sim/install/multipath_sim/share/multipath_sim//models/abu_dhabi/media/baked_duion_bricks_classic_02_D_256.png_c5765d_pro_6908_256.png
[0.220s] -- Up-to-date: /home/kap/ros2_ws/src/multipath_sim/install/multipath_sim/share/multipath_sim//models/abu_dhabi/media/baked_duion_bricks_classic_01_D_256.png_7b422f_pro_6908_256.png
[0.220s] -- Up-to-date: /home/kap/ros2_ws/src/multipath_sim/install/multipath_sim/share/multipath_sim//models/abu_dhabi/media/baked_duion_plaster_sprinkled_01_D_256.png_cfbc8e_pro_2157_256.png
[0.220s] -- Up-to-date: /home/kap/ros2_ws/src/multipath_sim/install/multipath_sim/share/multipath_sim//models/abu_dhabi/media/baked_duion_plaster_sprinkled_01_D_256.png_a3865f_pro_2161_256.png
[0.220s] -- Up-to-date: /home/kap/ros2_ws/src/multipath_sim/install/multipath_sim/share/multipath_sim//models/abu_dhabi/media/baked_duion_bricks_classic_01_D_256.png_c5765d_pro_2161_256.png
[0.220s] -- Up-to-date: /home/kap/ros2_ws/src/multipath_sim/install/multipath_sim/share/multipath_sim//models/abu_dhabi/media/baked_duion_bricks_classic_02_D_256.png_c5765d_pro_2161_256.png
[0.220s] -- Up-to-date: /home/kap/ros2_ws/src/multipath_sim/install/multipath_sim/share/multipath_sim//models/abu_dhabi/media/baked_cc0textures_bricks11_col_256.jpg_c5765d_pro_6908_256.png
[0.220s] -- Up-to-date: /home/kap/ros2_ws/src/multipath_sim/install/multipath_sim/share/multipath_sim//models/abu_dhabi/media/baked_duion_plaster_sprinkled_01_D_256.png_cfbc8e_pro_2161_256.png
[0.220s] -- Up-to-date: /home/kap/ros2_ws/src/multipath_sim/install/multipath_sim/share/multipath_sim//models/abu_dhabi/media/baked_a3865f_plaster.png
[0.220s] -- Up-to-date: /home/kap/ros2_ws/src/multipath_sim/install/multipath_sim/share/multipath_sim//models/abu_dhabi/media/baked_duion_plaster_sprinkled_01_D_256.png_b8a594_pro_2157_256.png
[0.220s] -- Up-to-date: /home/kap/ros2_ws/src/multipath_sim/install/multipath_sim/share/multipath_sim//models/abu_dhabi/media/baked_cc0textures_bricks11_col_256.jpg_7b422f_pro_2157_256.png
[0.220s] -- Up-to-date: /home/kap/ros2_ws/src/multipath_sim/install/multipath_sim/share/multipath_sim//models/abu_dhabi/media/baked_duion_bricks_classic_01_D_256.png_7b422f_pro_2161_256.png
[0.220s] -- Up-to-date: /home/kap/ros2_ws/src/multipath_sim/install/multipath_sim/share/multipath_sim//models/abu_dhabi/media/baked_duion_plaster_sprinkled_01_D_256.png_cfbc8e_pro_2353_256.png
[0.220s] -- Up-to-date: /home/kap/ros2_ws/src/multipath_sim/install/multipath_sim/share/multipath_sim//models/abu_dhabi/media/baked_duion_plaster_sprinkled_01_D_256.png_a3865f_pro_2901_256.png
[0.220s] -- Up-to-date: /home/kap/ros2_ws/src/multipath_sim/install/multipath_sim/share/multipath_sim//models/abu_dhabi/media/baked_cc0textures_bricks11_col_256.jpg_c5765d_pro_2901_256.png
[0.220s] -- Up-to-date: /home/kap/ros2_ws/src/multipath_sim/install/multipath_sim/share/multipath_sim//models/abu_dhabi/media/baked_cc0textures_bricks11_col_256.jpg_976c6b_pro_6908_256.png
[0.220s] -- Up-to-date: /home/kap/ros2_ws/src/multipath_sim/install/multipath_sim/share/multipath_sim//models/abu_dhabi/media/baked_duion_plaster_stucco_01_D_256.png_b8a594_pro_2157_256.png
[0.220s] -- Up-to-date: /home/kap/ros2_ws/src/multipath_sim/install/multipath_sim/share/multipath_sim//models/abu_dhabi/media/baked_duion_bricks_classic_01_D_256.png_976c6b_pro_2901_256.png
[0.220s] -- Up-to-date: /home/kap/ros2_ws/src/multipath_sim/install/multipath_sim/share/multipath_sim//models/abu_dhabi/media/baked_duion_bricks_classic_02_D_256.png_7b422f_pro_2157_256.png
[0.220s] -- Up-to-date: /home/kap/ros2_ws/src/multipath_sim/install/multipath_sim/share/multipath_sim//models/abu_dhabi/media/baked_duion_bricks_classic_01_D_256.png_976c6b_pro_2157_256.png
[0.220s] -- Up-to-date: /home/kap/ros2_ws/src/multipath_sim/install/multipath_sim/share/multipath_sim//models/abu_dhabi/media/terrain.dae
[0.220s] -- Up-to-date: /home/kap/ros2_ws/src/multipath_sim/install/multipath_sim/share/multipath_sim//models/abu_dhabi/media/baked_duion_plaster_stucco_01_D_256.png_b8a594_pro_6908_256.png
[0.220s] -- Up-to-date: /home/kap/ros2_ws/src/multipath_sim/install/multipath_sim/share/multipath_sim//models/abu_dhabi/media/baked_duion_bricks_classic_02_D_256.png_976c6b_pro_2157_256.png
[0.220s] -- Up-to-date: /home/kap/ros2_ws/src/multipath_sim/install/multipath_sim/share/multipath_sim//models/abu_dhabi/media/baked_duion_plaster_stucco_01_D_256.png_cfbc8e_pro_2161_256.png
[0.220s] -- Up-to-date: /home/kap/ros2_ws/src/multipath_sim/install/multipath_sim/share/multipath_sim//models/abu_dhabi/media/baked_cc0textures_bricks11_col_256.jpg_c5765d_pro_2353_256.png
[0.221s] -- Up-to-date: /home/kap/ros2_ws/src/multipath_sim/install/multipath_sim/share/multipath_sim//models/abu_dhabi/media/baked_8a5c4d_roof_tiles.png
[0.221s] -- Up-to-date: /home/kap/ros2_ws/src/multipath_sim/install/multipath_sim/share/multipath_sim//models/abu_dhabi/media/baked_cc0textures_bricks11_col_256.jpg_976c6b_pro_2161_256.png
[0.221s] -- Up-to-date: /home/kap/ros2_ws/src/multipath_sim/install/multipath_sim/share/multipath_sim//models/abu_dhabi/media/baked_duion_plaster_stucco_01_D_256.png_b8a594_pro_2161_256.png
[0.221s] -- Up-to-date: /home/kap/ros2_ws/src/multipath_sim/install/multipath_sim/share/multipath_sim//models/abu_dhabi/media/baked_duion_bricks_classic_02_D_256.png_976c6b_pro_6908_256.png
[0.221s] -- Up-to-date: /home/kap/ros2_ws/src/multipath_sim/install/multipath_sim/share/multipath_sim//models/abu_dhabi/media/baked_duion_plaster_stucco_01_D_256.png_b8a594_pro_2901_256.png
[0.221s] -- Up-to-date: /home/kap/ros2_ws/src/multipath_sim/install/multipath_sim/share/multipath_sim//models/abu_dhabi/media/baked_cc0textures_bricks11_col_256.jpg_c5765d_pro_2157_256.png
[0.221s] -- Up-to-date: /home/kap/ros2_ws/src/multipath_sim/install/multipath_sim/share/multipath_sim//models/abu_dhabi/media/baked_7b422f_brick.png
[0.221s] -- Up-to-date: /home/kap/ros2_ws/src/multipath_sim/install/multipath_sim/share/multipath_sim//models/abu_dhabi/media/baked_b8a594_plaster.png
[0.221s] -- Up-to-date: /home/kap/ros2_ws/src/multipath_sim/install/multipath_sim/share/multipath_sim//models/abu_dhabi/media/baked_b2b2a6_concrete.png
[0.221s] -- Up-to-date: /home/kap/ros2_ws/src/multipath_sim/install/multipath_sim/share/multipath_sim//models/abu_dhabi/media/baked_duion_bricks_classic_01_D_256.png_976c6b_pro_6908_256.png
[0.221s] -- Up-to-date: /home/kap/ros2_ws/src/multipath_sim/install/multipath_sim/share/multipath_sim//models/abu_dhabi/media/baked_duion_plaster_stucco_01_D_256.png_a3865f_pro_2161_256.png
[0.221s] -- Up-to-date: /home/kap/ros2_ws/src/multipath_sim/install/multipath_sim/share/multipath_sim//models/abu_dhabi/media/baked_cc0textures_bricks11_col_256.jpg_d9d8c4_pro_2157_256.png
[0.221s] -- Up-to-date: /home/kap/ros2_ws/src/multipath_sim/install/multipath_sim/share/multipath_sim//models/abu_dhabi/media/baked_duion_plaster_sprinkled_01_D_256.png_b8a594_pro_6908_256.png
[0.221s] -- Up-to-date: /home/kap/ros2_ws/src/multipath_sim/install/multipath_sim/share/multipath_sim//models/abu_dhabi/media/baked_cc0textures_bricks11_col_256.jpg_7b422f_pro_2901_256.png
[0.221s] -- Up-to-date: /home/kap/ros2_ws/src/multipath_sim/install/multipath_sim/share/multipath_sim//models/abu_dhabi/media/baked_duion_plaster_stucco_01_D_256.png_cfbc8e_pro_6908_256.png
[0.221s] -- Up-to-date: /home/kap/ros2_ws/src/multipath_sim/install/multipath_sim/share/multipath_sim//models/abu_dhabi/media/baked_duion_bricks_classic_02_D_256.png_7b422f_pro_6908_256.png
[0.221s] -- Up-to-date: /home/kap/ros2_ws/src/multipath_sim/install/multipath_sim/share/multipath_sim//models/abu_dhabi/media/baked_duion_plaster_stucco_01_D_256.png_cfbc8e_pro_2353_256.png
[0.221s] -- Up-to-date: /home/kap/ros2_ws/src/multipath_sim/install/multipath_sim/share/multipath_sim//models/abu_dhabi/media/baked_duion_plaster_stucco_01_D_256.png_cfbc8e_pro_2157_256.png
[0.221s] -- Up-to-date: /home/kap/ros2_ws/src/multipath_sim/install/multipath_sim/share/multipath_sim//models/abu_dhabi/media/baked_duion_plaster_stucco_01_D_256.png_a3865f_pro_2157_256.png
[0.221s] -- Up-to-date: /home/kap/ros2_ws/src/multipath_sim/install/multipath_sim/share/multipath_sim//models/abu_dhabi/media/baked_cc0textures_bricks11_col_256.jpg_7b422f_pro_2161_256.png
[0.221s] -- Up-to-date: /home/kap/ros2_ws/src/multipath_sim/install/multipath_sim/share/multipath_sim//models/abu_dhabi/abu_dhabi.sdf
[0.221s] -- Up-to-date: /home/kap/ros2_ws/src/multipath_sim/install/multipath_sim/share/multipath_sim//models/x500_green
[0.221s] -- Up-to-date: /home/kap/ros2_ws/src/multipath_sim/install/multipath_sim/share/multipath_sim//models/x500_green/meshes
[0.221s] -- Up-to-date: /home/kap/ros2_ws/src/multipath_sim/install/multipath_sim/share/multipath_sim//models/x500_green/meshes/CF.png
[0.221s] -- Up-to-date: /home/kap/ros2_ws/src/multipath_sim/install/multipath_sim/share/multipath_sim//models/x500_green/meshes/NXP-HGD-CF.dae
[0.221s] -- Up-to-date: /home/kap/ros2_ws/src/multipath_sim/install/multipath_sim/share/multipath_sim//models/x500_green/meshes/5010Bell.dae
[0.221s] -- Up-to-date: /home/kap/ros2_ws/src/multipath_sim/install/multipath_sim/share/multipath_sim//models/x500_green/meshes/5010Base.dae
[0.221s] -- Up-to-date: /home/kap/ros2_ws/src/multipath_sim/install/multipath_sim/share/multipath_sim//models/x500_green/meshes/1345_prop_ccw.stl
[0.221s] -- Up-to-date: /home/kap/ros2_ws/src/multipath_sim/install/multipath_sim/share/multipath_sim//models/x500_green/meshes/1345_prop_cw.stl
[0.221s] -- Up-to-date: /home/kap/ros2_ws/src/multipath_sim/install/multipath_sim/share/multipath_sim//models/x500_green/thumbnails
[0.221s] -- Up-to-date: /home/kap/ros2_ws/src/multipath_sim/install/multipath_sim/share/multipath_sim//models/x500_green/thumbnails/5.png
[0.221s] -- Up-to-date: /home/kap/ros2_ws/src/multipath_sim/install/multipath_sim/share/multipath_sim//models/x500_green/thumbnails/4.png
[0.221s] -- Up-to-date: /home/kap/ros2_ws/src/multipath_sim/install/multipath_sim/share/multipath_sim//models/x500_green/thumbnails/3.png
[0.221s] -- Up-to-date: /home/kap/ros2_ws/src/multipath_sim/install/multipath_sim/share/multipath_sim//models/x500_green/thumbnails/2.png
[0.222s] -- Up-to-date: /home/kap/ros2_ws/src/multipath_sim/install/multipath_sim/share/multipath_sim//models/x500_green/thumbnails/1.png
[0.222s] -- Up-to-date: /home/kap/ros2_ws/src/multipath_sim/install/multipath_sim/share/multipath_sim//models/x500_green/model.config
[0.222s] -- Up-to-date: /home/kap/ros2_ws/src/multipath_sim/install/multipath_sim/share/multipath_sim//models/x500_green/materials
[0.222s] -- Up-to-date: /home/kap/ros2_ws/src/multipath_sim/install/multipath_sim/share/multipath_sim//models/x500_green/materials/textures
[0.222s] -- Up-to-date: /home/kap/ros2_ws/src/multipath_sim/install/multipath_sim/share/multipath_sim//models/x500_green/materials/textures/CF.png
[0.222s] -- Up-to-date: /home/kap/ros2_ws/src/multipath_sim/install/multipath_sim/share/multipath_sim//models/x500_green/materials/textures/rd.png
[0.222s] -- Up-to-date: /home/kap/ros2_ws/src/multipath_sim/install/multipath_sim/share/multipath_sim//models/x500_green/materials/textures/nxp.png
[0.222s] -- Up-to-date: /home/kap/ros2_ws/src/multipath_sim/install/multipath_sim/share/multipath_sim//models/x500_green/model.sdf
[0.222s] -- Up-to-date: /home/kap/ros2_ws/src/multipath_sim/install/multipath_sim/share/multipath_sim//models/iris_virtual_ray
[0.222s] -- Up-to-date: /home/kap/ros2_ws/src/multipath_sim/install/multipath_sim/share/multipath_sim//models/iris_virtual_ray/iris_virtual_ray.sdf
[0.222s] -- Up-to-date: /home/kap/ros2_ws/src/multipath_sim/install/multipath_sim/share/multipath_sim//models/iris_virtual_ray/meshes
[0.222s] -- Up-to-date: /home/kap/ros2_ws/src/multipath_sim/install/multipath_sim/share/multipath_sim//models/iris_virtual_ray/meshes/iris_prop_ccw.dae
[0.222s] -- Up-to-date: /home/kap/ros2_ws/src/multipath_sim/install/multipath_sim/share/multipath_sim//models/iris_virtual_ray/meshes/iris_prop_cw.dae
[0.222s] -- Up-to-date: /home/kap/ros2_ws/src/multipath_sim/install/multipath_sim/share/multipath_sim//models/iris_virtual_ray/meshes/iris.stl
[0.222s] -- Up-to-date: /home/kap/ros2_ws/src/multipath_sim/install/multipath_sim/share/multipath_sim//models/iris_virtual_ray/model.config
[0.222s] -- Up-to-date: /home/kap/ros2_ws/src/multipath_sim/install/multipath_sim/share/multipath_sim//models/x500_red_no_collision
[0.222s] -- Up-to-date: /home/kap/ros2_ws/src/multipath_sim/install/multipath_sim/share/multipath_sim//models/x500_red_no_collision/meshes
[0.222s] -- Up-to-date: /home/kap/ros2_ws/src/multipath_sim/install/multipath_sim/share/multipath_sim//models/x500_red_no_collision/meshes/CF.png
[0.222s] -- Up-to-date: /home/kap/ros2_ws/src/multipath_sim/install/multipath_sim/share/multipath_sim//models/x500_red_no_collision/meshes/NXP-HGD-CF.dae
[0.222s] -- Up-to-date: /home/kap/ros2_ws/src/multipath_sim/install/multipath_sim/share/multipath_sim//models/x500_red_no_collision/meshes/5010Bell.dae
[0.222s] -- Up-to-date: /home/kap/ros2_ws/src/multipath_sim/install/multipath_sim/share/multipath_sim//models/x500_red_no_collision/meshes/5010Base.dae
[0.222s] -- Up-to-date: /home/kap/ros2_ws/src/multipath_sim/install/multipath_sim/share/multipath_sim//models/x500_red_no_collision/meshes/1345_prop_ccw.stl
[0.222s] -- Up-to-date: /home/kap/ros2_ws/src/multipath_sim/install/multipath_sim/share/multipath_sim//models/x500_red_no_collision/meshes/1345_prop_cw.stl
[0.222s] -- Up-to-date: /home/kap/ros2_ws/src/multipath_sim/install/multipath_sim/share/multipath_sim//models/x500_red_no_collision/thumbnails
[0.222s] -- Up-to-date: /home/kap/ros2_ws/src/multipath_sim/install/multipath_sim/share/multipath_sim//models/x500_red_no_collision/thumbnails/5.png
[0.222s] -- Up-to-date: /home/kap/ros2_ws/src/multipath_sim/install/multipath_sim/share/multipath_sim//models/x500_red_no_collision/thumbnails/4.png
[0.222s] -- Up-to-date: /home/kap/ros2_ws/src/multipath_sim/install/multipath_sim/share/multipath_sim//models/x500_red_no_collision/thumbnails/3.png
[0.222s] -- Up-to-date: /home/kap/ros2_ws/src/multipath_sim/install/multipath_sim/share/multipath_sim//models/x500_red_no_collision/thumbnails/2.png
[0.222s] -- Up-to-date: /home/kap/ros2_ws/src/multipath_sim/install/multipath_sim/share/multipath_sim//models/x500_red_no_collision/thumbnails/1.png
[0.222s] -- Up-to-date: /home/kap/ros2_ws/src/multipath_sim/install/multipath_sim/share/multipath_sim//models/x500_red_no_collision/model.config
[0.222s] -- Up-to-date: /home/kap/ros2_ws/src/multipath_sim/install/multipath_sim/share/multipath_sim//models/x500_red_no_collision/materials
[0.222s] -- Up-to-date: /home/kap/ros2_ws/src/multipath_sim/install/multipath_sim/share/multipath_sim//models/x500_red_no_collision/materials/textures
[0.222s] -- Up-to-date: /home/kap/ros2_ws/src/multipath_sim/install/multipath_sim/share/multipath_sim//models/x500_red_no_collision/materials/textures/CF.png
[0.222s] -- Up-to-date: /home/kap/ros2_ws/src/multipath_sim/install/multipath_sim/share/multipath_sim//models/x500_red_no_collision/materials/textures/rd.png
[0.223s] -- Up-to-date: /home/kap/ros2_ws/src/multipath_sim/install/multipath_sim/share/multipath_sim//models/x500_red_no_collision/materials/textures/nxp.png
[0.223s] -- Up-to-date: /home/kap/ros2_ws/src/multipath_sim/install/multipath_sim/share/multipath_sim//models/x500_red_no_collision/model.sdf
[0.223s] -- Up-to-date: /home/kap/ros2_ws/src/multipath_sim/install/multipath_sim/share/multipath_sim//models/x500
[0.223s] -- Up-to-date: /home/kap/ros2_ws/src/multipath_sim/install/multipath_sim/share/multipath_sim//models/x500/meshes
[0.223s] -- Up-to-date: /home/kap/ros2_ws/src/multipath_sim/install/multipath_sim/share/multipath_sim//models/x500/meshes/CF.png
[0.223s] -- Up-to-date: /home/kap/ros2_ws/src/multipath_sim/install/multipath_sim/share/multipath_sim//models/x500/meshes/NXP-HGD-CF.dae
[0.223s] -- Up-to-date: /home/kap/ros2_ws/src/multipath_sim/install/multipath_sim/share/multipath_sim//models/x500/meshes/5010Bell.dae
[0.223s] -- Up-to-date: /home/kap/ros2_ws/src/multipath_sim/install/multipath_sim/share/multipath_sim//models/x500/meshes/5010Base.dae
[0.223s] -- Up-to-date: /home/kap/ros2_ws/src/multipath_sim/install/multipath_sim/share/multipath_sim//models/x500/meshes/1345_prop_ccw.stl
[0.223s] -- Up-to-date: /home/kap/ros2_ws/src/multipath_sim/install/multipath_sim/share/multipath_sim//models/x500/meshes/1345_prop_cw.stl
[0.223s] -- Up-to-date: /home/kap/ros2_ws/src/multipath_sim/install/multipath_sim/share/multipath_sim//models/x500/thumbnails
[0.223s] -- Up-to-date: /home/kap/ros2_ws/src/multipath_sim/install/multipath_sim/share/multipath_sim//models/x500/thumbnails/5.png
[0.223s] -- Up-to-date: /home/kap/ros2_ws/src/multipath_sim/install/multipath_sim/share/multipath_sim//models/x500/thumbnails/4.png
[0.223s] -- Up-to-date: /home/kap/ros2_ws/src/multipath_sim/install/multipath_sim/share/multipath_sim//models/x500/thumbnails/3.png
[0.223s] -- Up-to-date: /home/kap/ros2_ws/src/multipath_sim/install/multipath_sim/share/multipath_sim//models/x500/thumbnails/2.png
[0.223s] -- Up-to-date: /home/kap/ros2_ws/src/multipath_sim/install/multipath_sim/share/multipath_sim//models/x500/thumbnails/1.png
[0.223s] -- Up-to-date: /home/kap/ros2_ws/src/multipath_sim/install/multipath_sim/share/multipath_sim//models/x500/model.config
[0.223s] -- Up-to-date: /home/kap/ros2_ws/src/multipath_sim/install/multipath_sim/share/multipath_sim//models/x500/materials
[0.223s] -- Up-to-date: /home/kap/ros2_ws/src/multipath_sim/install/multipath_sim/share/multipath_sim//models/x500/materials/textures
[0.223s] -- Up-to-date: /home/kap/ros2_ws/src/multipath_sim/install/multipath_sim/share/multipath_sim//models/x500/materials/textures/CF.png
[0.223s] -- Up-to-date: /home/kap/ros2_ws/src/multipath_sim/install/multipath_sim/share/multipath_sim//models/x500/materials/textures/rd.png
[0.223s] -- Up-to-date: /home/kap/ros2_ws/src/multipath_sim/install/multipath_sim/share/multipath_sim//models/x500/materials/textures/nxp.png
[0.223s] -- Up-to-date: /home/kap/ros2_ws/src/multipath_sim/install/multipath_sim/share/multipath_sim//models/x500/model.sdf
[0.223s] -- Up-to-date: /home/kap/ros2_ws/src/multipath_sim/install/multipath_sim/share/multipath_sim//models/hong_kong
[0.223s] -- Up-to-date: /home/kap/ros2_ws/src/multipath_sim/install/multipath_sim/share/multipath_sim//models/hong_kong/model.config
[0.223s] -- Up-to-date: /home/kap/ros2_ws/src/multipath_sim/install/multipath_sim/share/multipath_sim//models/hong_kong/hong_kong.sdf
[0.223s] -- Up-to-date: /home/kap/ros2_ws/src/multipath_sim/install/multipath_sim/share/multipath_sim//models/hong_kong/media
[0.223s] -- Up-to-date: /home/kap/ros2_ws/src/multipath_sim/install/multipath_sim/share/multipath_sim//models/hong_kong/media/baked_cc0textures_bricks11_col_exp.jpg_976c6b_pro_2157_exp.png
[0.223s] -- Up-to-date: /home/kap/ros2_ws/src/multipath_sim/install/multipath_sim/share/multipath_sim//models/hong_kong/media/baked_duion_bricks_classic_01_D_exp.png_c5765d_pro_2161_exp.png
[0.223s] -- Up-to-date: /home/kap/ros2_ws/src/multipath_sim/install/multipath_sim/share/multipath_sim//models/hong_kong/media/baked_duion_bricks_classic_01_D_exp.png_976c6b_pro_2157_exp.png
[0.223s] -- Up-to-date: /home/kap/ros2_ws/src/multipath_sim/install/multipath_sim/share/multipath_sim//models/hong_kong/media/baked_duion_plaster_stucco_01_D_exp.png_b8a594_pro_6908_exp.png
[0.223s] -- Up-to-date: /home/kap/ros2_ws/src/multipath_sim/install/multipath_sim/share/multipath_sim//models/hong_kong/media/baked_duion_bricks_classic_01_D_exp.png_7b422f_pro_6908_exp.png
[0.223s] -- Up-to-date: /home/kap/ros2_ws/src/multipath_sim/install/multipath_sim/share/multipath_sim//models/hong_kong/media/baked_duion_bricks_classic_01_D_exp.png_c5765d_pro_2157_exp.png
[0.223s] -- Up-to-date: /home/kap/ros2_ws/src/multipath_sim/install/multipath_sim/share/multipath_sim//models/hong_kong/media/baked_a6653f_roof_tiles.png
[0.223s] -- Up-to-date: /home/kap/ros2_ws/src/multipath_sim/install/multipath_sim/share/multipath_sim//models/hong_kong/media/baked_duion_bricks_classic_02_D_exp.png_c5765d_pro_2901_exp.png
[0.224s] -- Up-to-date: /home/kap/ros2_ws/src/multipath_sim/install/multipath_sim/share/multipath_sim//models/hong_kong/media/baked_duion_plaster_stucco_01_D_exp.png_b8a594_pro_2901_exp.png
[0.224s] -- Up-to-date: /home/kap/ros2_ws/src/multipath_sim/install/multipath_sim/share/multipath_sim//models/hong_kong/media/baked_duion_plaster_sprinkled_01_D_exp.png_b8a594_pro_2157_exp.png
[0.224s] -- Up-to-date: /home/kap/ros2_ws/src/multipath_sim/install/multipath_sim/share/multipath_sim//models/hong_kong/media/baked_afafaf_concrete.png
[0.224s] -- Up-to-date: /home/kap/ros2_ws/src/multipath_sim/install/multipath_sim/share/multipath_sim//models/hong_kong/media/baked_976c6b_brick.png
[0.224s] -- Up-to-date: /home/kap/ros2_ws/src/multipath_sim/install/multipath_sim/share/multipath_sim//models/hong_kong/media/baked_cc0textures_bricks11_col_exp.jpg_c5765d_pro_2157_exp.png
[0.224s] -- Up-to-date: /home/kap/ros2_ws/src/multipath_sim/install/multipath_sim/share/multipath_sim//models/hong_kong/media/baked_cc0textures_bricks11_col_exp.jpg_7b422f_pro_2161_exp.png
[0.224s] -- Up-to-date: /home/kap/ros2_ws/src/multipath_sim/install/multipath_sim/share/multipath_sim//models/hong_kong/media/baked_cc0textures_bricks11_col_exp.jpg_976c6b_pro_2353_exp.png
[0.224s] -- Up-to-date: /home/kap/ros2_ws/src/multipath_sim/install/multipath_sim/share/multipath_sim//models/hong_kong/media/baked_cc0textures_bricks11_col_exp.jpg_976c6b_pro_2161_exp.png
[0.224s] -- Up-to-date: /home/kap/ros2_ws/src/multipath_sim/install/multipath_sim/share/multipath_sim//models/hong_kong/media/baked_duion_plaster_sprinkled_01_D_exp.png_a3865f_pro_2161_exp.png
[0.224s] -- Up-to-date: /home/kap/ros2_ws/src/multipath_sim/install/multipath_sim/share/multipath_sim//models/hong_kong/media/baked_duion_plaster_stucco_01_D_exp.png_cfbc8e_pro_2161_exp.png
[0.224s] -- Up-to-date: /home/kap/ros2_ws/src/multipath_sim/install/multipath_sim/share/multipath_sim//models/hong_kong/media/baked_cc0textures_bricks11_col_exp.jpg_7b422f_pro_6908_exp.png
[0.224s] -- Up-to-date: /home/kap/ros2_ws/src/multipath_sim/install/multipath_sim/share/multipath_sim//models/hong_kong/media/baked_c8c2b6_concrete.png
[0.224s] -- Up-to-date: /home/kap/ros2_ws/src/multipath_sim/install/multipath_sim/share/multipath_sim//models/hong_kong/media/baked_duion_bricks_classic_02_D_exp.png_7b422f_pro_2161_exp.png
[0.224s] -- Up-to-date: /home/kap/ros2_ws/src/multipath_sim/install/multipath_sim/share/multipath_sim//models/hong_kong/media/baked_duion_plaster_sprinkled_01_D_exp.png_a3865f_pro_2157_exp.png
[0.224s] -- Up-to-date: /home/kap/ros2_ws/src/multipath_sim/install/multipath_sim/share/multipath_sim//models/hong_kong/media/baked_5e2a31_metal.png
[0.224s] -- Up-to-date: /home/kap/ros2_ws/src/multipath_sim/install/multipath_sim/share/multipath_sim//models/hong_kong/media/baked_cc0textures_bricks11_col_exp.jpg_c5765d_pro_2161_exp.png
[0.224s] -- Up-to-date: /home/kap/ros2_ws/src/multipath_sim/install/multipath_sim/share/multipath_sim//models/hong_kong/media/baked_duion_plaster_sprinkled_01_D_exp.png_cfbc8e_pro_2901_exp.png
[0.224s] -- Up-to-date: /home/kap/ros2_ws/src/multipath_sim/install/multipath_sim/share/multipath_sim//models/hong_kong/media/baked_duion_plaster_sprinkled_01_D_exp.png_cfbc8e_pro_2161_exp.png
[0.224s] -- Up-to-date: /home/kap/ros2_ws/src/multipath_sim/install/multipath_sim/share/multipath_sim//models/hong_kong/media/baked_duion_plaster_stucco_01_D_exp.png_a3865f_pro_2161_exp.png
[0.224s] -- Up-to-date: /home/kap/ros2_ws/src/multipath_sim/install/multipath_sim/share/multipath_sim//models/hong_kong/media/baked_duion_plaster_sprinkled_01_D_exp.png_cfbc8e_pro_6908_exp.png
[0.224s] -- Up-to-date: /home/kap/ros2_ws/src/multipath_sim/install/multipath_sim/share/multipath_sim//models/hong_kong/media/baked_cfbc8e_plaster.png
[0.224s] -- Up-to-date: /home/kap/ros2_ws/src/multipath_sim/install/multipath_sim/share/multipath_sim//models/hong_kong/media/baked_cc0textures_bricks11_col_exp.jpg_7b422f_pro_2157_exp.png
[0.224s] -- Up-to-date: /home/kap/ros2_ws/src/multipath_sim/install/multipath_sim/share/multipath_sim//models/hong_kong/media/baked_c5765d_brick.png
[0.224s] -- Up-to-date: /home/kap/ros2_ws/src/multipath_sim/install/multipath_sim/share/multipath_sim//models/hong_kong/media/baked_duion_bricks_classic_01_D_exp.png_c5765d_pro_2901_exp.png
[0.224s] -- Up-to-date: /home/kap/ros2_ws/src/multipath_sim/install/multipath_sim/share/multipath_sim//models/hong_kong/media/baked_cc0textures_bricks11_col_exp.jpg_976c6b_pro_2901_exp.png
[0.224s] -- Up-to-date: /home/kap/ros2_ws/src/multipath_sim/install/multipath_sim/share/multipath_sim//models/hong_kong/media/baked_duion_bricks_classic_02_D_exp.png_c5765d_pro_2353_exp.png
[0.224s] -- Up-to-date: /home/kap/ros2_ws/src/multipath_sim/install/multipath_sim/share/multipath_sim//models/hong_kong/media/baked_duion_plaster_sprinkled_01_D_exp.png_cfbc8e_pro_2157_exp.png
[0.224s] -- Up-to-date: /home/kap/ros2_ws/src/multipath_sim/install/multipath_sim/share/multipath_sim//models/hong_kong/media/buildings.dae
[0.224s] -- Up-to-date: /home/kap/ros2_ws/src/multipath_sim/install/multipath_sim/share/multipath_sim//models/hong_kong/media/baked_duion_plaster_stucco_01_D_exp.png_cfbc8e_pro_2353_exp.png
[0.224s] -- Up-to-date: /home/kap/ros2_ws/src/multipath_sim/install/multipath_sim/share/multipath_sim//models/hong_kong/media/baked_duion_plaster_stucco_01_D_exp.png_a3865f_pro_2157_exp.png
[0.224s] -- Up-to-date: /home/kap/ros2_ws/src/multipath_sim/install/multipath_sim/share/multipath_sim//models/hong_kong/media/baked_c57a63_roof_tiles.png
[0.224s] -- Up-to-date: /home/kap/ros2_ws/src/multipath_sim/install/multipath_sim/share/multipath_sim//models/hong_kong/media/baked_duion_plaster_stucco_01_D_exp.png_b8a594_pro_2157_exp.png
[0.224s] -- Up-to-date: /home/kap/ros2_ws/src/multipath_sim/install/multipath_sim/share/multipath_sim//models/hong_kong/media/baked_494c57_metal.png
[0.225s] -- Up-to-date: /home/kap/ros2_ws/src/multipath_sim/install/multipath_sim/share/multipath_sim//models/hong_kong/media/baked_duion_bricks_classic_02_D_exp.png_c5765d_pro_2161_exp.png
[0.225s] -- Up-to-date: /home/kap/ros2_ws/src/multipath_sim/install/multipath_sim/share/multipath_sim//models/hong_kong/media/baked_duion_bricks_classic_01_D_exp.png_976c6b_pro_2353_exp.png
[0.225s] -- Up-to-date: /home/kap/ros2_ws/src/multipath_sim/install/multipath_sim/share/multipath_sim//models/hong_kong/media/baked_818b8f_metal.png
[0.225s] -- Up-to-date: /home/kap/ros2_ws/src/multipath_sim/install/multipath_sim/share/multipath_sim//models/hong_kong/media/baked_duion_bricks_classic_01_D_exp.png_976c6b_pro_2901_exp.png
[0.225s] -- Up-to-date: /home/kap/ros2_ws/src/multipath_sim/install/multipath_sim/share/multipath_sim//models/hong_kong/media/baked_cc0textures_bricks11_col_exp.jpg_c5765d_pro_2353_exp.png
[0.225s] -- Up-to-date: /home/kap/ros2_ws/src/multipath_sim/install/multipath_sim/share/multipath_sim//models/hong_kong/media/baked_duion_plaster_stucco_01_D_exp.png_cfbc8e_pro_2901_exp.png
[0.225s] -- Up-to-date: /home/kap/ros2_ws/src/multipath_sim/install/multipath_sim/share/multipath_sim//models/hong_kong/media/baked_duion_bricks_classic_02_D_exp.png_7b422f_pro_2157_exp.png
[0.225s] -- Up-to-date: /home/kap/ros2_ws/src/multipath_sim/install/multipath_sim/share/multipath_sim//models/hong_kong/media/baked_duion_bricks_classic_02_D_exp.png_976c6b_pro_2161_exp.png
[0.225s] -- Up-to-date: /home/kap/ros2_ws/src/multipath_sim/install/multipath_sim/share/multipath_sim//models/hong_kong/media/baked_cc0textures_bricks11_col_exp.jpg_7b422f_pro_2353_exp.png
[0.225s] -- Up-to-date: /home/kap/ros2_ws/src/multipath_sim/install/multipath_sim/share/multipath_sim//models/hong_kong/media/baked_cc0textures_bricks11_col_exp.jpg_c5765d_pro_2901_exp.png
[0.225s] -- Up-to-date: /home/kap/ros2_ws/src/multipath_sim/install/multipath_sim/share/multipath_sim//models/hong_kong/media/baked_a3865f_plaster.png
[0.225s] -- Up-to-date: /home/kap/ros2_ws/src/multipath_sim/install/multipath_sim/share/multipath_sim//models/hong_kong/media/baked_duion_bricks_classic_01_D_exp.png_7b422f_pro_2161_exp.png
[0.225s] -- Up-to-date: /home/kap/ros2_ws/src/multipath_sim/install/multipath_sim/share/multipath_sim//models/hong_kong/media/baked_duion_bricks_classic_01_D_exp.png_7b422f_pro_2353_exp.png
[0.225s] -- Up-to-date: /home/kap/ros2_ws/src/multipath_sim/install/multipath_sim/share/multipath_sim//models/hong_kong/media/baked_duion_bricks_classic_02_D_exp.png_7b422f_pro_6908_exp.png
[0.225s] -- Up-to-date: /home/kap/ros2_ws/src/multipath_sim/install/multipath_sim/share/multipath_sim//models/hong_kong/media/baked_duion_bricks_classic_02_D_exp.png_7b422f_pro_2901_exp.png
[0.225s] -- Up-to-date: /home/kap/ros2_ws/src/multipath_sim/install/multipath_sim/share/multipath_sim//models/hong_kong/media/baked_duion_plaster_sprinkled_01_D_exp.png_b8a594_pro_2901_exp.png
[0.225s] -- Up-to-date: /home/kap/ros2_ws/src/multipath_sim/install/multipath_sim/share/multipath_sim//models/hong_kong/media/baked_duion_plaster_stucco_01_D_exp.png_cfbc8e_pro_2157_exp.png
[0.225s] -- Up-to-date: /home/kap/ros2_ws/src/multipath_sim/install/multipath_sim/share/multipath_sim//models/hong_kong/media/baked_duion_plaster_stucco_01_D_exp.png_ff0000_pro_2353_exp.png
[0.225s] -- Up-to-date: /home/kap/ros2_ws/src/multipath_sim/install/multipath_sim/share/multipath_sim//models/hong_kong/media/baked_duion_plaster_stucco_01_D_exp.png_a3865f_pro_2901_exp.png
[0.225s] -- Up-to-date: /home/kap/ros2_ws/src/multipath_sim/install/multipath_sim/share/multipath_sim//models/hong_kong/media/baked_cc0textures_bricks11_col_exp.jpg_976c6b_pro_6908_exp.png
[0.225s] -- Up-to-date: /home/kap/ros2_ws/src/multipath_sim/install/multipath_sim/share/multipath_sim//models/hong_kong/media/baked_duion_bricks_classic_01_D_exp.png_c5765d_pro_2353_exp.png
[0.225s] -- Up-to-date: /home/kap/ros2_ws/src/multipath_sim/install/multipath_sim/share/multipath_sim//models/hong_kong/media/baked_duion_bricks_classic_01_D_exp.png_976c6b_pro_2161_exp.png
[0.225s] -- Up-to-date: /home/kap/ros2_ws/src/multipath_sim/install/multipath_sim/share/multipath_sim//models/hong_kong/media/baked_duion_plaster_sprinkled_01_D_exp.png_b8a594_pro_6908_exp.png
[0.225s] -- Up-to-date: /home/kap/ros2_ws/src/multipath_sim/install/multipath_sim/share/multipath_sim//models/hong_kong/media/baked_duion_plaster_stucco_01_D_exp.png_b8a594_pro_2353_exp.png
[0.225s] -- Up-to-date: /home/kap/ros2_ws/src/multipath_sim/install/multipath_sim/share/multipath_sim//models/hong_kong/media/terrain.dae
[0.225s] -- Up-to-date: /home/kap/ros2_ws/src/multipath_sim/install/multipath_sim/share/multipath_sim//models/hong_kong/media/overlay.png
[0.225s] -- Up-to-date: /home/kap/ros2_ws/src/multipath_sim/install/multipath_sim/share/multipath_sim//models/hong_kong/media/baked_duion_bricks_classic_02_D_exp.png_976c6b_pro_2353_exp.png
[0.225s] -- Up-to-date: /home/kap/ros2_ws/src/multipath_sim/install/multipath_sim/share/multipath_sim//models/hong_kong/media/baked_duion_plaster_stucco_01_D_exp.png_a3865f_pro_2353_exp.png
[0.225s] -- Up-to-date: /home/kap/ros2_ws/src/multipath_sim/install/multipath_sim/share/multipath_sim//models/hong_kong/media/baked_cc0textures_bricks11_col_exp.jpg_7b422f_pro_2901_exp.png
[0.225s] -- Up-to-date: /home/kap/ros2_ws/src/multipath_sim/install/multipath_sim/share/multipath_sim//models/hong_kong/media/baked_8a5c4d_roof_tiles.png
[0.226s] -- Up-to-date: /home/kap/ros2_ws/src/multipath_sim/install/multipath_sim/share/multipath_sim//models/hong_kong/media/baked_duion_plaster_sprinkled_01_D_exp.png_cfbc8e_pro_2353_exp.png
[0.226s] -- Up-to-date: /home/kap/ros2_ws/src/multipath_sim/install/multipath_sim/share/multipath_sim//models/hong_kong/media/baked_duion_bricks_classic_02_D_exp.png_c5765d_pro_6908_exp.png
[0.226s] -- Up-to-date: /home/kap/ros2_ws/src/multipath_sim/install/multipath_sim/share/multipath_sim//models/hong_kong/media/baked_duion_bricks_classic_02_D_exp.png_976c6b_pro_2901_exp.png
[0.226s] -- Up-to-date: /home/kap/ros2_ws/src/multipath_sim/install/multipath_sim/share/multipath_sim//models/hong_kong/media/baked_duion_plaster_sprinkled_01_D_exp.png_b8a594_pro_2161_exp.png
[0.226s] -- Up-to-date: /home/kap/ros2_ws/src/multipath_sim/install/multipath_sim/share/multipath_sim//models/hong_kong/media/baked_duion_bricks_classic_02_D_exp.png_7b422f_pro_2353_exp.png
[0.226s] -- Up-to-date: /home/kap/ros2_ws/src/multipath_sim/install/multipath_sim/share/multipath_sim//models/hong_kong/media/baked_7b422f_brick.png
[0.226s] -- Up-to-date: /home/kap/ros2_ws/src/multipath_sim/install/multipath_sim/share/multipath_sim//models/hong_kong/media/baked_duion_plaster_sprinkled_01_D_exp.png_a3865f_pro_2901_exp.png
[0.226s] -- Up-to-date: /home/kap/ros2_ws/src/multipath_sim/install/multipath_sim/share/multipath_sim//models/hong_kong/media/baked_duion_plaster_stucco_01_D_exp.png_cfbc8e_pro_6908_exp.png
[0.226s] -- Up-to-date: /home/kap/ros2_ws/src/multipath_sim/install/multipath_sim/share/multipath_sim//models/hong_kong/media/baked_duion_plaster_stucco_01_D_exp.png_d4af37_pro_2353_exp.png
[0.226s] -- Up-to-date: /home/kap/ros2_ws/src/multipath_sim/install/multipath_sim/share/multipath_sim//models/hong_kong/media/baked_b8a594_plaster.png
[0.226s] -- Up-to-date: /home/kap/ros2_ws/src/multipath_sim/install/multipath_sim/share/multipath_sim//models/hong_kong/media/baked_b2b2a6_concrete.png
[0.226s] -- Up-to-date: /home/kap/ros2_ws/src/multipath_sim/install/multipath_sim/share/multipath_sim//models/hong_kong/media/baked_duion_plaster_sprinkled_01_D_exp.png_b8a594_pro_2353_exp.png
[0.226s] -- Up-to-date: /home/kap/ros2_ws/src/multipath_sim/install/multipath_sim/share/multipath_sim//models/hong_kong/media/baked_duion_bricks_classic_01_D_exp.png_7b422f_pro_2901_exp.png
[0.226s] -- Up-to-date: /home/kap/ros2_ws/src/multipath_sim/install/multipath_sim/share/multipath_sim//models/hong_kong/media/baked_duion_bricks_classic_02_D_exp.png_976c6b_pro_2157_exp.png
[0.226s] -- Up-to-date: /home/kap/ros2_ws/src/multipath_sim/install/multipath_sim/share/multipath_sim//models/hong_kong/media/baked_duion_plaster_stucco_01_D_exp.png_b8a594_pro_2161_exp.png
[0.226s] -- Up-to-date: /home/kap/ros2_ws/src/multipath_sim/install/multipath_sim/share/multipath_sim//models/hong_kong/media/baked_duion_bricks_classic_01_D_exp.png_7b422f_pro_2157_exp.png
[0.226s] -- Up-to-date: /home/kap/ros2_ws/src/multipath_sim/install/multipath_sim/share/multipath_sim//models/hong_kong/media/baked_duion_plaster_sprinkled_01_D_exp.png_a3865f_pro_2353_exp.png
[0.226s] -- Up-to-date: /home/kap/ros2_ws/src/multipath_sim/install/multipath_sim/share/multipath_sim//models/hong_kong/media/overlay_old
[0.226s] -- Up-to-date: /home/kap/ros2_ws/src/multipath_sim/install/multipath_sim/share/multipath_sim//models/hong_kong/media/overlay_old/overlay.png
[0.226s] -- Up-to-date: /home/kap/ros2_ws/src/multipath_sim/install/multipath_sim/share/multipath_sim//models/hong_kong/media/baked_duion_bricks_classic_02_D_exp.png_c5765d_pro_2157_exp.png
[0.226s] -- Up-to-date: /home/kap/ros2_ws/src/multipath_sim/install/multipath_sim/share/multipath_sim//launch
[0.226s] -- Up-to-date: /home/kap/ros2_ws/src/multipath_sim/install/multipath_sim/share/multipath_sim//launch/test.launch.py
[0.226s] -- Up-to-date: /home/kap/ros2_ws/src/multipath_sim/install/multipath_sim/share/multipath_sim//launch/abu_dhabi_sim.launch
[0.226s] -- Up-to-date: /home/kap/ros2_ws/src/multipath_sim/install/multipath_sim/share/multipath_sim//launch/hong_kong.launch.py
[0.226s] -- Up-to-date: /home/kap/ros2_ws/src/multipath_sim/install/multipath_sim/share/multipath_sim//launch/bag.launch
[0.226s] -- Up-to-date: /home/kap/ros2_ws/src/multipath_sim/install/multipath_sim/share/multipath_sim//launch/multipath_live_test.launch
[0.226s] -- Up-to-date: /home/kap/ros2_ws/src/multipath_sim/install/multipath_sim/share/multipath_sim//launch/abu_dhabi.launch.py
[0.226s] -- Up-to-date: /home/kap/ros2_ws/src/multipath_sim/install/multipath_sim/share/multipath_sim//launch/hong_kong.launch
[0.226s] -- Up-to-date: /home/kap/ros2_ws/src/multipath_sim/install/multipath_sim/share/multipath_sim//config
[0.226s] -- Up-to-date: /home/kap/ros2_ws/src/multipath_sim/install/multipath_sim/share/multipath_sim//config/multipath_sim.rviz
[0.226s] -- Up-to-date: /home/kap/ros2_ws/src/multipath_sim/install/multipath_sim/share/multipath_sim//config/qualisys.rviz
[0.226s] -- Up-to-date: /home/kap/ros2_ws/src/multipath_sim/install/multipath_sim/share/multipath_sim//config/hk_sim.rviz
[0.226s] -- Up-to-date: /home/kap/ros2_ws/src/multipath_sim/install/multipath_sim/lib//data
[0.226s] -- Up-to-date: /home/kap/ros2_ws/src/multipath_sim/install/multipath_sim/lib//data/hk_nominal_traj.csv
[0.227s] -- Up-to-date: /home/kap/ros2_ws/src/multipath_sim/install/multipath_sim/lib//data/hk_attack_traj.csv
[0.227s] -- Up-to-date: /home/kap/ros2_ws/src/multipath_sim/install/multipath_sim/lib//data/hksc135c.21n
[0.227s] -- Up-to-date: /home/kap/ros2_ws/src/multipath_sim/install/multipath_sim/lib//data/map.png
[0.227s] -- Up-to-date: /home/kap/ros2_ws/src/multipath_sim/install/multipath_sim/lib//data/hk_data
[0.227s] -- Up-to-date: /home/kap/ros2_ws/src/multipath_sim/install/multipath_sim/lib//data/hk_data/20210517.light-urban.tste.xiaomi.mi8.nmea
[0.227s] -- Up-to-date: /home/kap/ros2_ws/src/multipath_sim/install/multipath_sim/lib//data/hk_data/20210517.light-urban.tste.ublox.m8t.GR.obs
[0.227s] -- Up-to-date: /home/kap/ros2_ws/src/multipath_sim/install/multipath_sim/lib//data/hk_data/20210517.light-urban.tste.google.pixel4.obs
[0.227s] -- Up-to-date: /home/kap/ros2_ws/src/multipath_sim/install/multipath_sim/lib//data/hk_data/20210517.light-urban.tste.novatel.flexpak6.obs
[0.227s] -- Up-to-date: /home/kap/ros2_ws/src/multipath_sim/install/multipath_sim/lib//data/hk_data/20210517.light-urban.tste.ublox.f9p.splitter.obs
[0.227s] -- Up-to-date: /home/kap/ros2_ws/src/multipath_sim/install/multipath_sim/lib//data/hk_data/20210517.light-urban.tste.huawei.p40pro.obs
[0.227s] -- Up-to-date: /home/kap/ros2_ws/src/multipath_sim/install/multipath_sim/lib//data/hk_data/20210517.light-urban.tste.ublox.m8t.GR.nmea
[0.227s] -- Up-to-date: /home/kap/ros2_ws/src/multipath_sim/install/multipath_sim/lib//data/hk_data/20210517.light-urban.tste.xiaomi.mi8.obs
[0.227s] -- Up-to-date: /home/kap/ros2_ws/src/multipath_sim/install/multipath_sim/lib//data/hk_data/20210517.light-urban.tste.ublox.m8t.GEJ.obs
[0.227s] -- Up-to-date: /home/kap/ros2_ws/src/multipath_sim/install/multipath_sim/lib//data/hk_data/20210517.light-urban.tste.ublox.m8t.GEJ.nmea
[0.227s] -- Up-to-date: /home/kap/ros2_ws/src/multipath_sim/install/multipath_sim/lib//data/hk_data/20210517.light-urban.tste.ublox.m8t.GC.nmea
[0.227s] -- Up-to-date: /home/kap/ros2_ws/src/multipath_sim/install/multipath_sim/lib//data/hk_data/20210517.light-urban.tste.samsung.note8.obs
[0.227s] -- Up-to-date: /home/kap/ros2_ws/src/multipath_sim/install/multipath_sim/lib//data/hk_data/20210517.light-urban.tste.ublox.f9p.obs
[0.227s] -- Up-to-date: /home/kap/ros2_ws/src/multipath_sim/install/multipath_sim/lib//data/hk_data/20210517.light-urban.tste.ublox.f9p.nmea
[0.227s] -- Up-to-date: /home/kap/ros2_ws/src/multipath_sim/install/multipath_sim/lib//data/hk_data/20210517.light-urban.tste.huawei.p40pro.nmea
[0.227s] -- Up-to-date: /home/kap/ros2_ws/src/multipath_sim/install/multipath_sim/lib//data/hk_data/20210517.light-urban.tste.samsung.note8.nmea
[0.227s] -- Up-to-date: /home/kap/ros2_ws/src/multipath_sim/install/multipath_sim/lib//data/hk_data/20210517.light-urban.tste.ublox.m8t.GC.obs
[0.227s] -- Up-to-date: /home/kap/ros2_ws/src/multipath_sim/install/multipath_sim/lib//data/hk_data/20210517.light-urban.tste.ublox.f9p.splitter.nmea
[0.227s] -- Up-to-date: /home/kap/ros2_ws/src/multipath_sim/install/multipath_sim/lib//data/hk_data/20210517.light-urban.tste.google.pixel4.nmea
[0.227s] -- Up-to-date: /home/kap/ros2_ws/src/multipath_sim/install/multipath_sim/lib//data/topic_list.txt
[0.227s] -- Up-to-date: /home/kap/ros2_ws/src/multipath_sim/install/multipath_sim/lib//data/hk_data_car_gps_log.json
[0.227s] -- Up-to-date: /home/kap/ros2_ws/src/multipath_sim/install/multipath_sim/lib//data/hk_data_affect_pos_heatmap.json
[0.227s] -- Up-to-date: /home/kap/ros2_ws/src/multipath_sim/install/multipath_sim/lib//data/hk_data_sv_mean.json
[0.227s] -- Up-to-date: /home/kap/ros2_ws/src/multipath_sim/install/multipath_sim/lib//data/pos_data_log.json
[0.227s] -- Up-to-date: /home/kap/ros2_ws/src/multipath_sim/install/multipath_sim/lib//data/car_ground_truth.json
[0.227s] -- Up-to-date: /home/kap/ros2_ws/src/multipath_sim/install/multipath_sim/lib//data/1_lightUrban_tsimShaTsuiEast_20210517.zip
[0.227s] -- Up-to-date: /home/kap/ros2_ws/src/multipath_sim/install/multipath_sim/lib//data/hk_data_affect_pos.json
[0.227s] -- Up-to-date: /home/kap/ros2_ws/src/multipath_sim/install/multipath_sim/lib//data/hk_data_heatmap.json
[0.227s] -- Up-to-date: /home/kap/ros2_ws/src/multipath_sim/install/multipath_sim/lib//data/hk_map_bounds.txt
[0.227s] -- Up-to-date: /home/kap/ros2_ws/src/multipath_sim/install/multipath_sim/lib/python3.8/site-packages/multipath_sim
[0.228s] -- Up-to-date: /home/kap/ros2_ws/src/multipath_sim/install/multipath_sim/lib/python3.8/site-packages/multipath_sim/coord.py
[0.228s] -- Up-to-date: /home/kap/ros2_ws/src/multipath_sim/install/multipath_sim/lib/python3.8/site-packages/multipath_sim/trialteration.py
[0.228s] -- Installing: /home/kap/ros2_ws/src/multipath_sim/install/multipath_sim/lib/python3.8/site-packages/multipath_sim/__init__.py
[0.228s] -- Up-to-date: /home/kap/ros2_ws/src/multipath_sim/install/multipath_sim/lib/python3.8/site-packages/multipath_sim/kalman_filter.py
[0.228s] -- Up-to-date: /home/kap/ros2_ws/src/multipath_sim/install/multipath_sim/lib/python3.8/site-packages/multipath_sim/sat_pos.py
[0.239s] Listing '/home/kap/ros2_ws/src/multipath_sim/install/multipath_sim/lib/python3.8/site-packages/multipath_sim'...
[0.239s] Compiling '/home/kap/ros2_ws/src/multipath_sim/install/multipath_sim/lib/python3.8/site-packages/multipath_sim/__init__.py'...
[0.239s] Listing '/home/kap/ros2_ws/src/multipath_sim/install/multipath_sim/lib/python3.8/site-packages/multipath_sim/msg'...
[0.242s] -- Up-to-date: /home/kap/ros2_ws/src/multipath_sim/install/multipath_sim/lib/multipath_sim/set_model_state.py
[0.242s] -- Up-to-date: /home/kap/ros2_ws/src/multipath_sim/install/multipath_sim/lib/multipath_sim/set_model_state_heatmap.py
[0.242s] -- Up-to-date: /home/kap/ros2_ws/src/multipath_sim/install/multipath_sim/lib/multipath_sim/stream_skycam.py
[0.242s] -- Up-to-date: /home/kap/ros2_ws/src/multipath_sim/install/multipath_sim/lib/multipath_sim/broadcast_pos.py
[0.242s] -- Up-to-date: /home/kap/ros2_ws/src/multipath_sim/install/multipath_sim/lib/multipath_sim/broadcast_pos_heatmap.py
[0.242s] -- Up-to-date: /home/kap/ros2_ws/src/multipath_sim/install/multipath_sim/share/ament_index/resource_index/package_run_dependencies/multipath_sim
[0.242s] -- Up-to-date: /home/kap/ros2_ws/src/multipath_sim/install/multipath_sim/share/ament_index/resource_index/parent_prefix_path/multipath_sim
[0.242s] -- Up-to-date: /home/kap/ros2_ws/src/multipath_sim/install/multipath_sim/share/multipath_sim/environment/ament_prefix_path.sh
[0.242s] -- Up-to-date: /home/kap/ros2_ws/src/multipath_sim/install/multipath_sim/share/multipath_sim/environment/ament_prefix_path.dsv
[0.242s] -- Up-to-date: /home/kap/ros2_ws/src/multipath_sim/install/multipath_sim/share/multipath_sim/environment/path.sh
[0.242s] -- Up-to-date: /home/kap/ros2_ws/src/multipath_sim/install/multipath_sim/share/multipath_sim/environment/path.dsv
[0.242s] -- Up-to-date: /home/kap/ros2_ws/src/multipath_sim/install/multipath_sim/share/multipath_sim/local_setup.bash
[0.242s] -- Up-to-date: /home/kap/ros2_ws/src/multipath_sim/install/multipath_sim/share/multipath_sim/local_setup.sh
[0.243s] -- Up-to-date: /home/kap/ros2_ws/src/multipath_sim/install/multipath_sim/share/multipath_sim/local_setup.zsh
[0.243s] -- Up-to-date: /home/kap/ros2_ws/src/multipath_sim/install/multipath_sim/share/multipath_sim/local_setup.dsv
[0.243s] -- Installing: /home/kap/ros2_ws/src/multipath_sim/install/multipath_sim/share/multipath_sim/package.dsv
[0.243s] -- Up-to-date: /home/kap/ros2_ws/src/multipath_sim/install/multipath_sim/share/ament_index/resource_index/packages/multipath_sim
[0.243s] -- Up-to-date: /home/kap/ros2_ws/src/multipath_sim/install/multipath_sim/share/multipath_sim/cmake/multipath_sim__rosidl_generator_cExport.cmake
[0.243s] -- Up-to-date: /home/kap/ros2_ws/src/multipath_sim/install/multipath_sim/share/multipath_sim/cmake/multipath_sim__rosidl_generator_cExport-noconfig.cmake
[0.243s] -- Up-to-date: /home/kap/ros2_ws/src/multipath_sim/install/multipath_sim/share/multipath_sim/cmake/multipath_sim__rosidl_typesupport_introspection_cExport.cmake
[0.243s] -- Up-to-date: /home/kap/ros2_ws/src/multipath_sim/install/multipath_sim/share/multipath_sim/cmake/multipath_sim__rosidl_typesupport_introspection_cExport-noconfig.cmake
[0.243s] -- Up-to-date: /home/kap/ros2_ws/src/multipath_sim/install/multipath_sim/share/multipath_sim/cmake/multipath_sim__rosidl_typesupport_cExport.cmake
[0.243s] -- Up-to-date: /home/kap/ros2_ws/src/multipath_sim/install/multipath_sim/share/multipath_sim/cmake/multipath_sim__rosidl_typesupport_cExport-noconfig.cmake
[0.243s] -- Up-to-date: /home/kap/ros2_ws/src/multipath_sim/install/multipath_sim/share/multipath_sim/cmake/multipath_sim__rosidl_generator_cppExport.cmake
[0.243s] -- Up-to-date: /home/kap/ros2_ws/src/multipath_sim/install/multipath_sim/share/multipath_sim/cmake/multipath_sim__rosidl_typesupport_introspection_cppExport.cmake
[0.243s] -- Up-to-date: /home/kap/ros2_ws/src/multipath_sim/install/multipath_sim/share/multipath_sim/cmake/multipath_sim__rosidl_typesupport_introspection_cppExport-noconfig.cmake
[0.243s] -- Up-to-date: /home/kap/ros2_ws/src/multipath_sim/install/multipath_sim/share/multipath_sim/cmake/multipath_sim__rosidl_typesupport_cppExport.cmake
[0.243s] -- Up-to-date: /home/kap/ros2_ws/src/multipath_sim/install/multipath_sim/share/multipath_sim/cmake/multipath_sim__rosidl_typesupport_cppExport-noconfig.cmake
[0.243s] -- Up-to-date: /home/kap/ros2_ws/src/multipath_sim/install/multipath_sim/share/multipath_sim/cmake/rosidl_cmake-extras.cmake
[0.243s] -- Up-to-date: /home/kap/ros2_ws/src/multipath_sim/install/multipath_sim/share/multipath_sim/cmake/ament_cmake_export_dependencies-extras.cmake
[0.243s] -- Up-to-date: /home/kap/ros2_ws/src/multipath_sim/install/multipath_sim/share/multipath_sim/cmake/ament_cmake_export_libraries-extras.cmake
[0.243s] -- Up-to-date: /home/kap/ros2_ws/src/multipath_sim/install/multipath_sim/share/multipath_sim/cmake/ament_cmake_export_targets-extras.cmake
[0.243s] -- Up-to-date: /home/kap/ros2_ws/src/multipath_sim/install/multipath_sim/share/multipath_sim/cmake/ament_cmake_export_include_directories-extras.cmake
[0.243s] -- Up-to-date: /home/kap/ros2_ws/src/multipath_sim/install/multipath_sim/share/multipath_sim/cmake/rosidl_cmake_export_typesupport_libraries-extras.cmake
[0.243s] -- Up-to-date: /home/kap/ros2_ws/src/multipath_sim/install/multipath_sim/share/multipath_sim/cmake/rosidl_cmake_export_typesupport_targets-extras.cmake
[0.243s] -- Up-to-date: /home/kap/ros2_ws/src/multipath_sim/install/multipath_sim/share/multipath_sim/cmake/multipath_simConfig.cmake
[0.243s] -- Up-to-date: /home/kap/ros2_ws/src/multipath_sim/install/multipath_sim/share/multipath_sim/cmake/multipath_simConfig-version.cmake
[0.243s] -- Up-to-date: /home/kap/ros2_ws/src/multipath_sim/install/multipath_sim/share/multipath_sim/package.xml
[0.246s] Invoked command in '/home/kap/ros2_ws/src/multipath_sim/build/multipath_sim' returned '0': CMAKE_PREFIX_PATH=${CMAKE_PREFIX_PATH}:/opt/ros/foxy /usr/bin/cmake --install /home/kap/ros2_ws/src/multipath_sim/build/multipath_sim
