[0.127s] DEBUG:colcon:Command line arguments: ['/usr/bin/colcon', 'build']
[0.127s] DEBUG:colcon:Parsed command line arguments: Namespace(allow_overriding=[], ament_cmake_args=None, base_paths=['.'], build_base='build', catkin_cmake_args=None, catkin_skip_building_tests=False, cmake_args=None, cmake_clean_cache=False, cmake_clean_first=False, cmake_force_configure=False, cmake_target=None, cmake_target_skip_unavailable=False, continue_on_error=False, event_handlers=None, executor='parallel', ignore_user_meta=False, install_base='install', log_base=None, log_level=None, main=<bound method BuildVerb.main of <colcon_core.verb.build.BuildVerb object at 0x7fafbc3c6a60>>, merge_install=False, metas=['./colcon.meta'], packages_above=None, packages_above_and_dependencies=None, packages_above_depth=None, packages_end=None, packages_ignore=None, packages_ignore_regex=None, packages_select=None, packages_select_build_failed=False, packages_select_by_dep=None, packages_select_regex=None, packages_select_test_failures=False, packages_skip=None, packages_skip_build_finished=False, packages_skip_by_dep=None, packages_skip_regex=None, packages_skip_test_passed=False, packages_skip_up_to=None, packages_start=None, packages_up_to=None, packages_up_to_regex=None, parallel_workers=20, paths=None, symlink_install=False, test_result_base=None, verb_extension=<colcon_core.verb.build.BuildVerb object at 0x7fafbc3c6a60>, verb_name='build', verb_parser=<colcon_defaults.argument_parser.defaults.DefaultArgumentsDecorator object at 0x7fafbc3d2040>)
[0.150s] Level 1:colcon.colcon_core.package_discovery:discover_packages(colcon_meta) check parameters
[0.150s] Level 1:colcon.colcon_core.package_discovery:discover_packages(recursive) check parameters
[0.150s] Level 1:colcon.colcon_core.package_discovery:discover_packages(ignore) check parameters
[0.150s] Level 1:colcon.colcon_core.package_discovery:discover_packages(path) check parameters
[0.150s] Level 1:colcon.colcon_core.package_discovery:discover_packages(colcon_meta) discover
[0.150s] Level 1:colcon.colcon_core.package_discovery:discover_packages(recursive) discover
[0.150s] INFO:colcon.colcon_core.package_discovery:Crawling recursively for packages in '/home/kap/ros2_ws/src/multipath_sim'
[0.150s] Level 1:colcon.colcon_core.package_identification:_identify(.) by extensions ['ignore', 'ignore_ament_install']
[0.150s] Level 1:colcon.colcon_core.package_identification:_identify(.) by extension 'ignore'
[0.150s] Level 1:colcon.colcon_core.package_identification:_identify(.) by extension 'ignore_ament_install'
[0.150s] Level 1:colcon.colcon_core.package_identification:_identify(.) by extensions ['colcon_pkg']
[0.150s] Level 1:colcon.colcon_core.package_identification:_identify(.) by extension 'colcon_pkg'
[0.150s] Level 1:colcon.colcon_core.package_identification:_identify(.) by extensions ['colcon_meta']
[0.150s] Level 1:colcon.colcon_core.package_identification:_identify(.) by extension 'colcon_meta'
[0.150s] Level 1:colcon.colcon_core.package_identification:_identify(.) by extensions ['ros']
[0.150s] Level 1:colcon.colcon_core.package_identification:_identify(.) by extension 'ros'
[0.165s] DEBUG:colcon.colcon_core.package_identification:Package '.' with type 'ros.ament_cmake' and name 'multipath_sim'
[0.165s] Level 1:colcon.colcon_core.package_discovery:discover_packages(recursive) using defaults
[0.165s] Level 1:colcon.colcon_core.package_discovery:discover_packages(ignore) discover
[0.165s] Level 1:colcon.colcon_core.package_discovery:discover_packages(ignore) using defaults
[0.165s] Level 1:colcon.colcon_core.package_discovery:discover_packages(path) discover
[0.165s] Level 1:colcon.colcon_core.package_discovery:discover_packages(path) using defaults
[0.180s] Level 1:colcon.colcon_core.package_discovery:discover_packages(prefix_path) check parameters
[0.180s] Level 1:colcon.colcon_core.package_discovery:discover_packages(prefix_path) discover
[0.183s] DEBUG:colcon.colcon_installed_package_information.package_discovery:Found 1 installed packages in /home/kap/ros2_ws/install
[0.184s] DEBUG:colcon.colcon_installed_package_information.package_discovery:Found 263 installed packages in /opt/ros/foxy
[0.185s] Level 1:colcon.colcon_core.package_discovery:discover_packages(prefix_path) using defaults
[0.235s] Level 5:colcon.colcon_core.verb:set package 'multipath_sim' build argument 'cmake_args' from command line to 'None'
[0.235s] Level 5:colcon.colcon_core.verb:set package 'multipath_sim' build argument 'cmake_target' from command line to 'None'
[0.235s] Level 5:colcon.colcon_core.verb:set package 'multipath_sim' build argument 'cmake_target_skip_unavailable' from command line to 'False'
[0.235s] Level 5:colcon.colcon_core.verb:set package 'multipath_sim' build argument 'cmake_clean_cache' from command line to 'False'
[0.235s] Level 5:colcon.colcon_core.verb:set package 'multipath_sim' build argument 'cmake_clean_first' from command line to 'False'
[0.235s] Level 5:colcon.colcon_core.verb:set package 'multipath_sim' build argument 'cmake_force_configure' from command line to 'False'
[0.235s] Level 5:colcon.colcon_core.verb:set package 'multipath_sim' build argument 'ament_cmake_args' from command line to 'None'
[0.235s] Level 5:colcon.colcon_core.verb:set package 'multipath_sim' build argument 'catkin_cmake_args' from command line to 'None'
[0.235s] Level 5:colcon.colcon_core.verb:set package 'multipath_sim' build argument 'catkin_skip_building_tests' from command line to 'False'
[0.235s] DEBUG:colcon.colcon_core.verb:Building package 'multipath_sim' with the following arguments: {'ament_cmake_args': None, 'build_base': '/home/kap/ros2_ws/src/multipath_sim/build/multipath_sim', 'catkin_cmake_args': None, 'catkin_skip_building_tests': False, 'cmake_args': None, 'cmake_clean_cache': False, 'cmake_clean_first': False, 'cmake_force_configure': False, 'cmake_target': None, 'cmake_target_skip_unavailable': False, 'install_base': '/home/kap/ros2_ws/src/multipath_sim/install/multipath_sim', 'merge_install': False, 'path': '/home/kap/ros2_ws/src/multipath_sim', 'symlink_install': False, 'test_result_base': None}
[0.236s] INFO:colcon.colcon_core.executor:Executing jobs using 'parallel' executor
[0.238s] DEBUG:colcon.colcon_parallel_executor.executor.parallel:run_until_complete
[0.238s] INFO:colcon.colcon_ros.task.ament_cmake.build:Building ROS package in '/home/kap/ros2_ws/src/multipath_sim' with build type 'ament_cmake'
[0.238s] INFO:colcon.colcon_cmake.task.cmake.build:Building CMake package in '/home/kap/ros2_ws/src/multipath_sim'
[0.242s] INFO:colcon.colcon_core.plugin_system:Skipping extension 'colcon_core.shell.bat': Not used on non-Windows systems
[0.243s] INFO:colcon.colcon_core.shell:Skip shell extension 'powershell' for command environment: Not usable outside of PowerShell
[0.243s] DEBUG:colcon.colcon_core.shell:Skip shell extension 'dsv' for command environment
[0.249s] DEBUG:colcon.colcon_core.event_handler.log_command:Invoking command in '/home/kap/ros2_ws/src/multipath_sim/build/multipath_sim': CMAKE_PREFIX_PATH=${CMAKE_PREFIX_PATH}:/opt/ros/foxy /usr/bin/cmake /home/kap/ros2_ws/src/multipath_sim -DCMAKE_INSTALL_PREFIX=/home/kap/ros2_ws/src/multipath_sim/install/multipath_sim
[2.868s] DEBUG:colcon.colcon_core.event_handler.log_command:Invoked command in '/home/kap/ros2_ws/src/multipath_sim/build/multipath_sim' returned '0': CMAKE_PREFIX_PATH=${CMAKE_PREFIX_PATH}:/opt/ros/foxy /usr/bin/cmake /home/kap/ros2_ws/src/multipath_sim -DCMAKE_INSTALL_PREFIX=/home/kap/ros2_ws/src/multipath_sim/install/multipath_sim
[2.871s] DEBUG:colcon.colcon_core.event_handler.log_command:Invoking command in '/home/kap/ros2_ws/src/multipath_sim/build/multipath_sim': CMAKE_PREFIX_PATH=${CMAKE_PREFIX_PATH}:/opt/ros/foxy /usr/bin/cmake --build /home/kap/ros2_ws/src/multipath_sim/build/multipath_sim -- -j20 -l20
[13.941s] DEBUG:colcon.colcon_core.event_handler.log_command:Invoked command in '/home/kap/ros2_ws/src/multipath_sim/build/multipath_sim' returned '0': CMAKE_PREFIX_PATH=${CMAKE_PREFIX_PATH}:/opt/ros/foxy /usr/bin/cmake --build /home/kap/ros2_ws/src/multipath_sim/build/multipath_sim -- -j20 -l20
[13.977s] DEBUG:colcon.colcon_core.event_handler.log_command:Invoking command in '/home/kap/ros2_ws/src/multipath_sim/build/multipath_sim': CMAKE_PREFIX_PATH=${CMAKE_PREFIX_PATH}:/opt/ros/foxy /usr/bin/cmake --install /home/kap/ros2_ws/src/multipath_sim/build/multipath_sim
[14.389s] Level 1:colcon.colcon_core.environment:create_environment_scripts_only(multipath_sim)
[14.389s] DEBUG:colcon.colcon_core.event_handler.log_command:Invoked command in '/home/kap/ros2_ws/src/multipath_sim/build/multipath_sim' returned '0': CMAKE_PREFIX_PATH=${CMAKE_PREFIX_PATH}:/opt/ros/foxy /usr/bin/cmake --install /home/kap/ros2_ws/src/multipath_sim/build/multipath_sim
[14.395s] Level 1:colcon.colcon_core.environment:checking '/home/kap/ros2_ws/src/multipath_sim/install/multipath_sim' for CMake module files
[14.396s] Level 1:colcon.colcon_core.environment:checking '/home/kap/ros2_ws/src/multipath_sim/install/multipath_sim' for CMake config files
[14.396s] Level 1:colcon.colcon_core.shell:create_environment_hook('multipath_sim', 'cmake_prefix_path')
[14.398s] INFO:colcon.colcon_core.shell:Creating environment hook '/home/kap/ros2_ws/src/multipath_sim/install/multipath_sim/share/multipath_sim/hook/cmake_prefix_path.ps1'
[14.399s] INFO:colcon.colcon_core.shell:Creating environment descriptor '/home/kap/ros2_ws/src/multipath_sim/install/multipath_sim/share/multipath_sim/hook/cmake_prefix_path.dsv'
[14.399s] INFO:colcon.colcon_core.shell:Creating environment hook '/home/kap/ros2_ws/src/multipath_sim/install/multipath_sim/share/multipath_sim/hook/cmake_prefix_path.sh'
[14.400s] Level 1:colcon.colcon_core.environment:checking '/home/kap/ros2_ws/src/multipath_sim/install/multipath_sim/lib'
[14.400s] Level 1:colcon.colcon_core.shell:create_environment_hook('multipath_sim', 'ld_library_path_lib')
[14.402s] INFO:colcon.colcon_core.shell:Creating environment hook '/home/kap/ros2_ws/src/multipath_sim/install/multipath_sim/share/multipath_sim/hook/ld_library_path_lib.ps1'
[14.402s] INFO:colcon.colcon_core.shell:Creating environment descriptor '/home/kap/ros2_ws/src/multipath_sim/install/multipath_sim/share/multipath_sim/hook/ld_library_path_lib.dsv'
[14.402s] INFO:colcon.colcon_core.shell:Creating environment hook '/home/kap/ros2_ws/src/multipath_sim/install/multipath_sim/share/multipath_sim/hook/ld_library_path_lib.sh'
[14.402s] Level 1:colcon.colcon_core.environment:checking '/home/kap/ros2_ws/src/multipath_sim/install/multipath_sim/bin'
[14.402s] Level 1:colcon.colcon_core.environment:checking '/home/kap/ros2_ws/src/multipath_sim/install/multipath_sim/lib/pkgconfig/multipath_sim.pc'
[14.403s] Level 1:colcon.colcon_core.environment:checking '/home/kap/ros2_ws/src/multipath_sim/install/multipath_sim/lib/python3.8/site-packages'
[14.403s] Level 1:colcon.colcon_core.shell:create_environment_hook('multipath_sim', 'pythonpath')
[14.404s] INFO:colcon.colcon_core.shell:Creating environment hook '/home/kap/ros2_ws/src/multipath_sim/install/multipath_sim/share/multipath_sim/hook/pythonpath.ps1'
[14.404s] INFO:colcon.colcon_core.shell:Creating environment descriptor '/home/kap/ros2_ws/src/multipath_sim/install/multipath_sim/share/multipath_sim/hook/pythonpath.dsv'
[14.405s] INFO:colcon.colcon_core.shell:Creating environment hook '/home/kap/ros2_ws/src/multipath_sim/install/multipath_sim/share/multipath_sim/hook/pythonpath.sh'
[14.405s] Level 1:colcon.colcon_core.environment:checking '/home/kap/ros2_ws/src/multipath_sim/install/multipath_sim/bin'
[14.406s] INFO:colcon.colcon_core.shell:Creating package script '/home/kap/ros2_ws/src/multipath_sim/install/multipath_sim/share/multipath_sim/package.ps1'
[14.407s] INFO:colcon.colcon_core.shell:Creating package descriptor '/home/kap/ros2_ws/src/multipath_sim/install/multipath_sim/share/multipath_sim/package.dsv'
[14.407s] INFO:colcon.colcon_core.shell:Creating package script '/home/kap/ros2_ws/src/multipath_sim/install/multipath_sim/share/multipath_sim/package.sh'
[14.407s] INFO:colcon.colcon_core.shell:Creating package script '/home/kap/ros2_ws/src/multipath_sim/install/multipath_sim/share/multipath_sim/package.bash'
[14.408s] INFO:colcon.colcon_core.shell:Creating package script '/home/kap/ros2_ws/src/multipath_sim/install/multipath_sim/share/multipath_sim/package.zsh'
[14.408s] Level 1:colcon.colcon_core.environment:create_file_with_runtime_dependencies(/home/kap/ros2_ws/src/multipath_sim/install/multipath_sim/share/colcon-core/packages/multipath_sim)
[14.439s] Level 1:colcon.colcon_core.environment:create_environment_scripts_only(multipath_sim)
[14.441s] Level 1:colcon.colcon_core.environment:checking '/home/kap/ros2_ws/src/multipath_sim/install/multipath_sim' for CMake module files
[14.441s] Level 1:colcon.colcon_core.environment:checking '/home/kap/ros2_ws/src/multipath_sim/install/multipath_sim' for CMake config files
[14.441s] Level 1:colcon.colcon_core.shell:create_environment_hook('multipath_sim', 'cmake_prefix_path')
[14.442s] INFO:colcon.colcon_core.shell:Creating environment hook '/home/kap/ros2_ws/src/multipath_sim/install/multipath_sim/share/multipath_sim/hook/cmake_prefix_path.ps1'
[14.442s] INFO:colcon.colcon_core.shell:Creating environment descriptor '/home/kap/ros2_ws/src/multipath_sim/install/multipath_sim/share/multipath_sim/hook/cmake_prefix_path.dsv'
[14.443s] INFO:colcon.colcon_core.shell:Creating environment hook '/home/kap/ros2_ws/src/multipath_sim/install/multipath_sim/share/multipath_sim/hook/cmake_prefix_path.sh'
[14.443s] Level 1:colcon.colcon_core.environment:checking '/home/kap/ros2_ws/src/multipath_sim/install/multipath_sim/lib'
[14.443s] Level 1:colcon.colcon_core.shell:create_environment_hook('multipath_sim', 'ld_library_path_lib')
[14.444s] INFO:colcon.colcon_core.shell:Creating environment hook '/home/kap/ros2_ws/src/multipath_sim/install/multipath_sim/share/multipath_sim/hook/ld_library_path_lib.ps1'
[14.444s] INFO:colcon.colcon_core.shell:Creating environment descriptor '/home/kap/ros2_ws/src/multipath_sim/install/multipath_sim/share/multipath_sim/hook/ld_library_path_lib.dsv'
[14.444s] INFO:colcon.colcon_core.shell:Creating environment hook '/home/kap/ros2_ws/src/multipath_sim/install/multipath_sim/share/multipath_sim/hook/ld_library_path_lib.sh'
[14.444s] Level 1:colcon.colcon_core.environment:checking '/home/kap/ros2_ws/src/multipath_sim/install/multipath_sim/bin'
[14.444s] Level 1:colcon.colcon_core.environment:checking '/home/kap/ros2_ws/src/multipath_sim/install/multipath_sim/lib/pkgconfig/multipath_sim.pc'
[14.444s] Level 1:colcon.colcon_core.environment:checking '/home/kap/ros2_ws/src/multipath_sim/install/multipath_sim/lib/python3.8/site-packages'
[14.444s] Level 1:colcon.colcon_core.shell:create_environment_hook('multipath_sim', 'pythonpath')
[14.445s] INFO:colcon.colcon_core.shell:Creating environment hook '/home/kap/ros2_ws/src/multipath_sim/install/multipath_sim/share/multipath_sim/hook/pythonpath.ps1'
[14.445s] INFO:colcon.colcon_core.shell:Creating environment descriptor '/home/kap/ros2_ws/src/multipath_sim/install/multipath_sim/share/multipath_sim/hook/pythonpath.dsv'
[14.445s] INFO:colcon.colcon_core.shell:Creating environment hook '/home/kap/ros2_ws/src/multipath_sim/install/multipath_sim/share/multipath_sim/hook/pythonpath.sh'
[14.446s] Level 1:colcon.colcon_core.environment:checking '/home/kap/ros2_ws/src/multipath_sim/install/multipath_sim/bin'
[14.447s] INFO:colcon.colcon_core.shell:Creating package script '/home/kap/ros2_ws/src/multipath_sim/install/multipath_sim/share/multipath_sim/package.ps1'
[14.448s] INFO:colcon.colcon_core.shell:Creating package descriptor '/home/kap/ros2_ws/src/multipath_sim/install/multipath_sim/share/multipath_sim/package.dsv'
[14.448s] INFO:colcon.colcon_core.shell:Creating package script '/home/kap/ros2_ws/src/multipath_sim/install/multipath_sim/share/multipath_sim/package.sh'
[14.448s] INFO:colcon.colcon_core.shell:Creating package script '/home/kap/ros2_ws/src/multipath_sim/install/multipath_sim/share/multipath_sim/package.bash'
[14.448s] INFO:colcon.colcon_core.shell:Creating package script '/home/kap/ros2_ws/src/multipath_sim/install/multipath_sim/share/multipath_sim/package.zsh'
[14.449s] Level 1:colcon.colcon_core.environment:create_file_with_runtime_dependencies(/home/kap/ros2_ws/src/multipath_sim/install/multipath_sim/share/colcon-core/packages/multipath_sim)
[14.449s] DEBUG:colcon.colcon_parallel_executor.executor.parallel:closing loop
[14.449s] DEBUG:colcon.colcon_parallel_executor.executor.parallel:loop closed
[14.449s] DEBUG:colcon.colcon_parallel_executor.executor.parallel:run_until_complete finished with '0'
[14.449s] DEBUG:colcon.colcon_core.event_reactor:joining thread
[14.456s] INFO:colcon.colcon_core.plugin_system:Skipping extension 'colcon_notification.desktop_notification.terminal_notifier': Not used on non-Darwin systems
[14.456s] INFO:colcon.colcon_core.plugin_system:Skipping extension 'colcon_notification.desktop_notification.win32': Not used on non-Windows systems
[14.456s] INFO:colcon.colcon_notification.desktop_notification:Sending desktop notification using 'notify2'
[14.471s] DEBUG:colcon.colcon_core.event_reactor:joined thread
[14.472s] INFO:colcon.colcon_core.shell:Creating prefix script '/home/kap/ros2_ws/src/multipath_sim/install/local_setup.ps1'
[14.473s] INFO:colcon.colcon_core.shell:Creating prefix util module '/home/kap/ros2_ws/src/multipath_sim/install/_local_setup_util_ps1.py'
[14.473s] INFO:colcon.colcon_core.shell:Creating prefix chain script '/home/kap/ros2_ws/src/multipath_sim/install/setup.ps1'
[14.474s] INFO:colcon.colcon_core.shell:Creating prefix script '/home/kap/ros2_ws/src/multipath_sim/install/local_setup.sh'
[14.475s] INFO:colcon.colcon_core.shell:Creating prefix util module '/home/kap/ros2_ws/src/multipath_sim/install/_local_setup_util_sh.py'
[14.475s] INFO:colcon.colcon_core.shell:Creating prefix chain script '/home/kap/ros2_ws/src/multipath_sim/install/setup.sh'
[14.476s] INFO:colcon.colcon_core.shell:Creating prefix script '/home/kap/ros2_ws/src/multipath_sim/install/local_setup.bash'
[14.476s] INFO:colcon.colcon_core.shell:Creating prefix chain script '/home/kap/ros2_ws/src/multipath_sim/install/setup.bash'
[14.477s] INFO:colcon.colcon_core.shell:Creating prefix script '/home/kap/ros2_ws/src/multipath_sim/install/local_setup.zsh'
[14.478s] INFO:colcon.colcon_core.shell:Creating prefix chain script '/home/kap/ros2_ws/src/multipath_sim/install/setup.zsh'
