-- The C compiler identification is GNU 9.4.0
-- The CXX compiler identification is GNU 9.4.0
-- Check for working C compiler: /usr/bin/cc
-- Check for working C compiler: /usr/bin/cc -- works
-- Detecting C compiler ABI info
-- Detecting C compiler ABI info - done
-- Detecting C compile features
-- Detecting C compile features - done
-- Check for working CXX compiler: /usr/bin/c++
-- Check for working CXX compiler: /usr/bin/c++ -- works
-- Detecting CXX compiler ABI info
-- Detecting CXX compiler ABI info - done
-- Detecting CXX compile features
-- Detecting CXX compile features - done
-- Found rosidl_default_generators: 1.0.1 (/opt/ros/foxy/share/rosidl_default_generators/cmake)
-- Found ament_cmake_core: 0.9.11 (/opt/ros/foxy/share/ament_cmake_core/cmake)
-- Found PythonInterp: /usr/bin/python3 (found suitable version "3.8.10", minimum required is "3") 
-- Using PYTHON_EXECUTABLE: /usr/bin/python3
-- Using all available rosidl_typesupport_c: rosidl_typesupport_fastrtps_c;rosidl_typesupport_introspection_c
-- Found rosidl_adapter: 1.3.0 (/opt/ros/foxy/share/rosidl_adapter/cmake)
-- Found OpenSSL: /usr/lib/x86_64-linux-gnu/libcrypto.so (found version "1.1.1f")  
-- Found FastRTPS: /opt/ros/foxy/include  
-- Using all available rosidl_typesupport_cpp: rosidl_typesupport_fastrtps_cpp;rosidl_typesupport_introspection_cpp
-- Found builtin_interfaces: 1.0.0 (/opt/ros/foxy/share/builtin_interfaces/cmake)
-- Found std_msgs: 2.0.5 (/opt/ros/foxy/share/std_msgs/cmake)
-- Found sensor_msgs: 2.0.5 (/opt/ros/foxy/share/sensor_msgs/cmake)
-- Found rclcpp: 2.4.2 (/opt/ros/foxy/share/rclcpp/cmake)
-- Found rmw_implementation_cmake: 1.0.3 (/opt/ros/foxy/share/rmw_implementation_cmake/cmake)
-- Using RMW implementation 'rmw_fastrtps_cpp' as default
-- Looking for pthread.h
-- Looking for pthread.h - found
-- Performing Test CMAKE_HAVE_LIBC_PTHREAD
-- Performing Test CMAKE_HAVE_LIBC_PTHREAD - Failed
-- Looking for pthread_create in pthreads
-- Looking for pthread_create in pthreads - not found
-- Looking for pthread_create in pthread
-- Looking for pthread_create in pthread - found
-- Found Threads: TRUE  
-- Found rclpy: 1.0.11 (/opt/ros/foxy/share/rclpy/cmake)
-- Found gazebo_ros: 3.5.3 (/opt/ros/foxy/share/gazebo_ros/cmake)
-- Found PkgConfig: /usr/bin/pkg-config (found version "0.29.1") 
-- Checking for module 'bullet>=2.82'
--   Found bullet, version 2.88
-- Found ccd: /usr/include (found suitable version "2.0", minimum required is "2.0") 
-- Found fcl: /usr/include (found suitable version "0.5.0", minimum required is "0.3.2") 
-- Found assimp: /usr/include (found version "5.0.0") 
-- Found DART: /usr/include (Required is at least version "6.6") found components: dart 
-- Found Boost: /usr/lib/x86_64-linux-gnu/cmake/Boost-1.71.0/BoostConfig.cmake (found suitable version "1.71.0", minimum required is "1.40.0") found components: thread system filesystem program_options regex iostreams date_time 
-- Found Protobuf: /usr/lib/x86_64-linux-gnu/libprotobuf.so;-lpthread (found version "3.6.1") 
-- Looking for ignition-math6 -- found version 6.13.0
-- Searching for dependencies of ignition-math6
-- Looking for OGRE...
-- OGRE_PREFIX_WATCH changed.
-- Checking for module 'OGRE'
--   Found OGRE, version 1.9.0
-- Found Ogre Ghadamon (1.9.0)
-- Found OGRE: optimized;/usr/lib/x86_64-linux-gnu/libOgreMain.so;debug;/usr/lib/x86_64-linux-gnu/libOgreMain.so
-- Looking for OGRE_Paging...
-- Found OGRE_Paging: optimized;/usr/lib/x86_64-linux-gnu/libOgrePaging.so;debug;/usr/lib/x86_64-linux-gnu/libOgrePaging.so
-- Looking for OGRE_Terrain...
-- Found OGRE_Terrain: optimized;/usr/lib/x86_64-linux-gnu/libOgreTerrain.so;debug;/usr/lib/x86_64-linux-gnu/libOgreTerrain.so
-- Looking for OGRE_Property...
-- Found OGRE_Property: optimized;/usr/lib/x86_64-linux-gnu/libOgreProperty.so;debug;/usr/lib/x86_64-linux-gnu/libOgreProperty.so
-- Looking for OGRE_RTShaderSystem...
-- Found OGRE_RTShaderSystem: optimized;/usr/lib/x86_64-linux-gnu/libOgreRTShaderSystem.so;debug;/usr/lib/x86_64-linux-gnu/libOgreRTShaderSystem.so
-- Looking for OGRE_Volume...
-- Found OGRE_Volume: optimized;/usr/lib/x86_64-linux-gnu/libOgreVolume.so;debug;/usr/lib/x86_64-linux-gnu/libOgreVolume.so
-- Looking for OGRE_Overlay...
-- Found OGRE_Overlay: optimized;/usr/lib/x86_64-linux-gnu/libOgreOverlay.so;debug;/usr/lib/x86_64-linux-gnu/libOgreOverlay.so
-- Looking for ignition-math6 -- found version 6.13.0
-- Looking for ignition-transport8 -- found version 8.3.0
-- Searching for dependencies of ignition-transport8
-- Found Protobuf: /usr/lib/x86_64-linux-gnu/libprotobuf.so;-lpthread (found suitable version "3.6.1", minimum required is "3") 
-- Config-file not installed for ZeroMQ -- checking for pkg-config
-- Checking for module 'libzmq >= 4'
--   Found libzmq , version 4.3.2
-- Found ZeroMQ: TRUE (Required is at least version "4") 
-- Checking for module 'uuid'
--   Found uuid, version 2.34.0
-- Found UUID: TRUE  
-- Looking for ignition-msgs5 -- found version 5.10.0
-- Searching for dependencies of ignition-msgs5
-- Looking for ignition-math6 -- found version 6.13.0
-- Checking for module 'tinyxml2'
--   Found tinyxml2, version 6.2.0
-- Looking for ignition-msgs5 -- found version 5.10.0
-- Looking for ignition-common3 -- found version 3.14.2
-- Searching for dependencies of ignition-common3
-- Looking for dlfcn.h - found
-- Looking for libdl - found
-- Found DL: TRUE  
-- Searching for <ignition-common3> component [graphics]
-- Looking for ignition-common3-graphics -- found version 3.14.2
-- Searching for dependencies of ignition-common3-graphics
-- Looking for ignition-math6 -- found version 6.13.0
-- Looking for ignition-fuel_tools4 -- found version 4.6.0
-- Searching for dependencies of ignition-fuel_tools4
-- Found CURL: /usr/lib/x86_64-linux-gnu/libcurl.so (found version "7.68.0")  
-- Checking for module 'jsoncpp'
--   Found jsoncpp, version 1.7.4
-- Found JSONCPP: TRUE  
-- Checking for module 'libzip'
--   Found libzip, version 1.5.1
-- Found ZIP: TRUE  
-- Looking for ignition-common3 -- found version 3.14.2
-- Looking for ignition-math6 -- found version 6.13.0
-- Looking for ignition-msgs5 -- found version 5.10.0
-- Gazebo version: 11.11
-- Found gazebo_plugins: 3.5.3 (/opt/ros/foxy/share/gazebo_plugins/cmake)
-- Found PythonInterp: /usr/bin/python3 (found version "3.8.10") 
-- Found ament_cmake_ros: 0.9.2 (/opt/ros/foxy/share/ament_cmake_ros/cmake)
-- Using all available rosidl_typesupport_c: rosidl_typesupport_fastrtps_c;rosidl_typesupport_introspection_c
-- Using all available rosidl_typesupport_cpp: rosidl_typesupport_fastrtps_cpp;rosidl_typesupport_introspection_cpp
-- Found PythonInterp: /usr/bin/python3 (found suitable version "3.8.10", minimum required is "3.5") 
-- Found python_cmake_module: 0.8.1 (/opt/ros/foxy/share/python_cmake_module/cmake)
-- Found PythonLibs: /usr/lib/x86_64-linux-gnu/libpython3.8.so (found suitable version "3.8.10", minimum required is "3.5") 
-- Using PYTHON_EXECUTABLE: /usr/bin/python3
-- Using PYTHON_INCLUDE_DIRS: /usr/include/python3.8
-- Using PYTHON_LIBRARIES: /usr/lib/x86_64-linux-gnu/libpython3.8.so
-- Found PythonExtra: .so  
-- Found ament_lint_auto: 0.9.7 (/opt/ros/foxy/share/ament_lint_auto/cmake)
-- Added test 'copyright' to check source files copyright and LICENSE
-- Added test 'cppcheck' to perform static code analysis on C / C++ code
-- Configured cppcheck include dirs: /home/kap/ros2_ws/src/multipath_sim/include;$<BUILD_INTERFACE:/home/kap/ros2_ws/src/multipath_sim/include>;$<BUILD_INTERFACE:/home/kap/ros2_ws/src/multipath_sim/build/multipath_sim/rosidl_generator_cpp>;$<BUILD_INTERFACE:/home/kap/ros2_ws/src/multipath_sim/build/multipath_sim/rosidl_generator_c>;/home/kap/ros2_ws/src/multipath_sim/build/multipath_sim/rosidl_generator_c;/home/kap/ros2_ws/src/multipath_sim/build/multipath_sim/rosidl_generator_cpp;/home/kap/ros2_ws/src/multipath_sim/build/multipath_sim/rosidl_typesupport_fastrtps_c;/home/kap/ros2_ws/src/multipath_sim/build/multipath_sim/rosidl_typesupport_fastrtps_cpp;$<BUILD_INTERFACE:/home/kap/ros2_ws/src/multipath_sim/build/multipath_sim/rosidl_typesupport_introspection_c>;$<BUILD_INTERFACE:/home/kap/ros2_ws/src/multipath_sim/build/multipath_sim/rosidl_typesupport_c>;/home/kap/ros2_ws/src/multipath_sim/build/multipath_sim/rosidl_generator_py
-- Configured cppcheck exclude dirs and/or files: 
-- Added test 'cpplint' to check C / C++ code against the Google style
-- Configured cpplint exclude dirs and/or files: 
-- Added test 'flake8' to check Python code syntax and style conventions
-- Added test 'lint_cmake' to check CMake code style
-- Added test 'pep257' to check Python code against some of the style conventions in PEP 257
-- Added test 'uncrustify' to check C / C++ code style
-- Configured uncrustify additional arguments: 
-- Added test 'xmllint' to check XML markup files
-- Configuring done
-- Generating done
-- Build files have been written to: /home/kap/ros2_ws/src/multipath_sim/build/multipath_sim
[35m[1mScanning dependencies of target multipath_sim__cpp[0m
[  2%] [34m[1mGenerating C code for ROS interfaces[0m
[  5%] [34m[1mGenerating C++ code for ROS interfaces[0m
[35m[1mScanning dependencies of target multipath_sim__rosidl_generator_c[0m
[  5%] Built target multipath_sim__cpp
[  8%] [32mBuilding C object CMakeFiles/multipath_sim__rosidl_generator_c.dir/rosidl_generator_c/multipath_sim/msg/detail/multipath_offset__functions.c.o[0m
[ 11%] [34m[1mGenerating C++ type support dispatch for ROS interfaces[0m
[ 17%] [34m[1mGenerating C++ type support for eProsima Fast-RTPS[0m
[ 17%] [34m[1mGenerating C++ introspection for ROS interfaces[0m
[ 20%] [32m[1mLinking C shared library libmultipath_sim__rosidl_generator_c.so[0m
[ 20%] Built target multipath_sim__rosidl_generator_c
[ 22%] [34m[1mGenerating C introspection for ROS interfaces[0m
[ 25%] [34m[1mGenerating C type support dispatch for ROS interfaces[0m
[35m[1mScanning dependencies of target multipath_sim__rosidl_typesupport_cpp[0m
[ 28%] [32mBuilding CXX object CMakeFiles/multipath_sim__rosidl_typesupport_cpp.dir/rosidl_typesupport_cpp/multipath_sim/msg/multipath_offset__type_support.cpp.o[0m
[35m[1mScanning dependencies of target multipath_sim__rosidl_typesupport_fastrtps_cpp[0m
[35m[1mScanning dependencies of target multipath_sim__rosidl_typesupport_introspection_cpp[0m
[ 31%] [32mBuilding CXX object CMakeFiles/multipath_sim__rosidl_typesupport_fastrtps_cpp.dir/rosidl_typesupport_fastrtps_cpp/multipath_sim/msg/detail/dds_fastrtps/multipath_offset__type_support.cpp.o[0m
[ 34%] [32mBuilding CXX object CMakeFiles/multipath_sim__rosidl_typesupport_introspection_cpp.dir/rosidl_typesupport_introspection_cpp/multipath_sim/msg/detail/multipath_offset__type_support.cpp.o[0m
[35m[1mScanning dependencies of target multipath_sim__rosidl_typesupport_c[0m
[ 37%] [32mBuilding CXX object CMakeFiles/multipath_sim__rosidl_typesupport_c.dir/rosidl_typesupport_c/multipath_sim/msg/multipath_offset__type_support.cpp.o[0m
[35m[1mScanning dependencies of target multipath_sim__rosidl_typesupport_introspection_c[0m
[ 40%] [32mBuilding C object CMakeFiles/multipath_sim__rosidl_typesupport_introspection_c.dir/rosidl_typesupport_introspection_c/multipath_sim/msg/detail/multipath_offset__type_support.c.o[0m
[ 42%] [32m[1mLinking CXX shared library libmultipath_sim__rosidl_typesupport_c.so[0m
[ 45%] [32m[1mLinking C shared library libmultipath_sim__rosidl_typesupport_introspection_c.so[0m
[ 45%] Built target multipath_sim__rosidl_typesupport_c
[ 45%] Built target multipath_sim__rosidl_typesupport_introspection_c
[ 48%] [32m[1mLinking CXX shared library libmultipath_sim__rosidl_typesupport_cpp.so[0m
[ 48%] Built target multipath_sim__rosidl_typesupport_cpp
[ 51%] [32m[1mLinking CXX shared library libmultipath_sim__rosidl_typesupport_introspection_cpp.so[0m
[ 51%] Built target multipath_sim__rosidl_typesupport_introspection_cpp
[ 54%] [32m[1mLinking CXX shared library libmultipath_sim__rosidl_typesupport_fastrtps_cpp.so[0m
[ 54%] Built target multipath_sim__rosidl_typesupport_fastrtps_cpp
[ 57%] [34m[1mGenerating C type support for eProsima Fast-RTPS[0m
[35m[1mScanning dependencies of target multipath_sim__rosidl_typesupport_fastrtps_c[0m
[ 60%] [32mBuilding CXX object CMakeFiles/multipath_sim__rosidl_typesupport_fastrtps_c.dir/rosidl_typesupport_fastrtps_c/multipath_sim/msg/detail/multipath_offset__type_support_c.cpp.o[0m
[ 62%] [32m[1mLinking CXX shared library libmultipath_sim__rosidl_typesupport_fastrtps_c.so[0m
[ 62%] Built target multipath_sim__rosidl_typesupport_fastrtps_c
[35m[1mScanning dependencies of target multipath_sim[0m
[ 62%] Built target multipath_sim
[35m[1mScanning dependencies of target multipath_sim__py[0m
[35m[1mScanning dependencies of target MultipathSensorPlugin[0m
[35m[1mScanning dependencies of target SphereModelPlugin[0m
[ 65%] [34m[1mGenerating Python code for ROS interfaces[0m
[ 68%] [32mBuilding CXX object CMakeFiles/SphereModelPlugin.dir/src/sphere_model_plugin.cpp.o[0m
[ 71%] [32mBuilding CXX object CMakeFiles/MultipathSensorPlugin.dir/src/multipath_sensor.cpp.o[0m
[ 71%] Built target multipath_sim__py
[35m[1mScanning dependencies of target multipath_sim__python[0m
[ 74%] [32mBuilding C object CMakeFiles/multipath_sim__python.dir/rosidl_generator_py/multipath_sim/msg/_multipath_offset_s.c.o[0m
[ 77%] [32m[1mLinking C shared library rosidl_generator_py/multipath_sim/libmultipath_sim__python.so[0m
[ 77%] Built target multipath_sim__python
[35m[1mScanning dependencies of target multipath_sim__rosidl_typesupport_introspection_c__pyext[0m
[35m[1mScanning dependencies of target multipath_sim__rosidl_typesupport_fastrtps_c__pyext[0m
[35m[1mScanning dependencies of target multipath_sim__rosidl_typesupport_c__pyext[0m
[ 80%] [32mBuilding C object CMakeFiles/multipath_sim__rosidl_typesupport_introspection_c__pyext.dir/rosidl_generator_py/multipath_sim/_multipath_sim_s.ep.rosidl_typesupport_introspection_c.c.o[0m
[ 82%] [32mBuilding C object CMakeFiles/multipath_sim__rosidl_typesupport_fastrtps_c__pyext.dir/rosidl_generator_py/multipath_sim/_multipath_sim_s.ep.rosidl_typesupport_fastrtps_c.c.o[0m
[ 85%] [32mBuilding C object CMakeFiles/multipath_sim__rosidl_typesupport_c__pyext.dir/rosidl_generator_py/multipath_sim/_multipath_sim_s.ep.rosidl_typesupport_c.c.o[0m
[ 88%] [32m[1mLinking C shared library rosidl_generator_py/multipath_sim/multipath_sim_s__rosidl_typesupport_introspection_c.cpython-38-x86_64-linux-gnu.so[0m
[ 91%] [32m[1mLinking C shared library rosidl_generator_py/multipath_sim/multipath_sim_s__rosidl_typesupport_c.cpython-38-x86_64-linux-gnu.so[0m
[ 94%] [32m[1mLinking CXX shared library rosidl_generator_py/multipath_sim/multipath_sim_s__rosidl_typesupport_fastrtps_c.cpython-38-x86_64-linux-gnu.so[0m
[ 94%] Built target multipath_sim__rosidl_typesupport_introspection_c__pyext
[ 94%] Built target multipath_sim__rosidl_typesupport_c__pyext
[ 94%] Built target multipath_sim__rosidl_typesupport_fastrtps_c__pyext
[ 97%] [32m[1mLinking CXX shared library libMultipathSensorPlugin.so[0m
[100%] [32m[1mLinking CXX shared library libSphereModelPlugin.so[0m
[100%] Built target MultipathSensorPlugin
[100%] Built target SphereModelPlugin
-- Install configuration: ""
-- Installing: /home/kap/ros2_ws/src/multipath_sim/install/multipath_sim/share/ament_index/resource_index/rosidl_interfaces/multipath_sim
-- Installing: /home/kap/ros2_ws/src/multipath_sim/install/multipath_sim/include/multipath_sim
-- Installing: /home/kap/ros2_ws/src/multipath_sim/install/multipath_sim/include/multipath_sim/msg
-- Installing: /home/kap/ros2_ws/src/multipath_sim/install/multipath_sim/include/multipath_sim/msg/rosidl_generator_c__visibility_control.h
-- Installing: /home/kap/ros2_ws/src/multipath_sim/install/multipath_sim/include/multipath_sim/msg/detail
-- Installing: /home/kap/ros2_ws/src/multipath_sim/install/multipath_sim/include/multipath_sim/msg/detail/multipath_offset__functions.h
-- Installing: /home/kap/ros2_ws/src/multipath_sim/install/multipath_sim/include/multipath_sim/msg/detail/multipath_offset__functions.c
-- Installing: /home/kap/ros2_ws/src/multipath_sim/install/multipath_sim/include/multipath_sim/msg/detail/multipath_offset__type_support.h
-- Installing: /home/kap/ros2_ws/src/multipath_sim/install/multipath_sim/include/multipath_sim/msg/detail/multipath_offset__struct.h
-- Installing: /home/kap/ros2_ws/src/multipath_sim/install/multipath_sim/include/multipath_sim/msg/multipath_offset.h
-- Installing: /home/kap/ros2_ws/src/multipath_sim/install/multipath_sim/share/multipath_sim/environment/library_path.sh
-- Installing: /home/kap/ros2_ws/src/multipath_sim/install/multipath_sim/share/multipath_sim/environment/library_path.dsv
-- Installing: /home/kap/ros2_ws/src/multipath_sim/install/multipath_sim/lib/libmultipath_sim__rosidl_generator_c.so
-- Set runtime path of "/home/kap/ros2_ws/src/multipath_sim/install/multipath_sim/lib/libmultipath_sim__rosidl_generator_c.so" to ""
-- Up-to-date: /home/kap/ros2_ws/src/multipath_sim/install/multipath_sim/include/multipath_sim
-- Up-to-date: /home/kap/ros2_ws/src/multipath_sim/install/multipath_sim/include/multipath_sim/msg
-- Installing: /home/kap/ros2_ws/src/multipath_sim/install/multipath_sim/include/multipath_sim/msg/rosidl_typesupport_fastrtps_c__visibility_control.h
-- Up-to-date: /home/kap/ros2_ws/src/multipath_sim/install/multipath_sim/include/multipath_sim/msg/detail
-- Installing: /home/kap/ros2_ws/src/multipath_sim/install/multipath_sim/include/multipath_sim/msg/detail/multipath_offset__rosidl_typesupport_fastrtps_c.h
-- Installing: /home/kap/ros2_ws/src/multipath_sim/install/multipath_sim/lib/libmultipath_sim__rosidl_typesupport_fastrtps_c.so
-- Set runtime path of "/home/kap/ros2_ws/src/multipath_sim/install/multipath_sim/lib/libmultipath_sim__rosidl_typesupport_fastrtps_c.so" to ""
-- Up-to-date: /home/kap/ros2_ws/src/multipath_sim/install/multipath_sim/include/multipath_sim
-- Up-to-date: /home/kap/ros2_ws/src/multipath_sim/install/multipath_sim/include/multipath_sim/msg
-- Installing: /home/kap/ros2_ws/src/multipath_sim/install/multipath_sim/include/multipath_sim/msg/rosidl_typesupport_fastrtps_cpp__visibility_control.h
-- Up-to-date: /home/kap/ros2_ws/src/multipath_sim/install/multipath_sim/include/multipath_sim/msg/detail
-- Installing: /home/kap/ros2_ws/src/multipath_sim/install/multipath_sim/include/multipath_sim/msg/detail/multipath_offset__rosidl_typesupport_fastrtps_cpp.hpp
-- Installing: /home/kap/ros2_ws/src/multipath_sim/install/multipath_sim/include/multipath_sim/msg/detail/dds_fastrtps
-- Installing: /home/kap/ros2_ws/src/multipath_sim/install/multipath_sim/lib/libmultipath_sim__rosidl_typesupport_fastrtps_cpp.so
-- Set runtime path of "/home/kap/ros2_ws/src/multipath_sim/install/multipath_sim/lib/libmultipath_sim__rosidl_typesupport_fastrtps_cpp.so" to ""
-- Up-to-date: /home/kap/ros2_ws/src/multipath_sim/install/multipath_sim/include/multipath_sim
-- Up-to-date: /home/kap/ros2_ws/src/multipath_sim/install/multipath_sim/include/multipath_sim/msg
-- Installing: /home/kap/ros2_ws/src/multipath_sim/install/multipath_sim/include/multipath_sim/msg/rosidl_typesupport_introspection_c__visibility_control.h
-- Up-to-date: /home/kap/ros2_ws/src/multipath_sim/install/multipath_sim/include/multipath_sim/msg/detail
-- Installing: /home/kap/ros2_ws/src/multipath_sim/install/multipath_sim/include/multipath_sim/msg/detail/multipath_offset__rosidl_typesupport_introspection_c.h
-- Installing: /home/kap/ros2_ws/src/multipath_sim/install/multipath_sim/include/multipath_sim/msg/detail/multipath_offset__type_support.c
-- Installing: /home/kap/ros2_ws/src/multipath_sim/install/multipath_sim/lib/libmultipath_sim__rosidl_typesupport_introspection_c.so
-- Set runtime path of "/home/kap/ros2_ws/src/multipath_sim/install/multipath_sim/lib/libmultipath_sim__rosidl_typesupport_introspection_c.so" to ""
-- Installing: /home/kap/ros2_ws/src/multipath_sim/install/multipath_sim/lib/libmultipath_sim__rosidl_typesupport_c.so
-- Set runtime path of "/home/kap/ros2_ws/src/multipath_sim/install/multipath_sim/lib/libmultipath_sim__rosidl_typesupport_c.so" to ""
-- Up-to-date: /home/kap/ros2_ws/src/multipath_sim/install/multipath_sim/include/multipath_sim
-- Up-to-date: /home/kap/ros2_ws/src/multipath_sim/install/multipath_sim/include/multipath_sim/msg
-- Installing: /home/kap/ros2_ws/src/multipath_sim/install/multipath_sim/include/multipath_sim/msg/multipath_offset.hpp
-- Up-to-date: /home/kap/ros2_ws/src/multipath_sim/install/multipath_sim/include/multipath_sim/msg/detail
-- Installing: /home/kap/ros2_ws/src/multipath_sim/install/multipath_sim/include/multipath_sim/msg/detail/multipath_offset__traits.hpp
-- Installing: /home/kap/ros2_ws/src/multipath_sim/install/multipath_sim/include/multipath_sim/msg/detail/multipath_offset__builder.hpp
-- Installing: /home/kap/ros2_ws/src/multipath_sim/install/multipath_sim/include/multipath_sim/msg/detail/multipath_offset__struct.hpp
-- Up-to-date: /home/kap/ros2_ws/src/multipath_sim/install/multipath_sim/include/multipath_sim
-- Up-to-date: /home/kap/ros2_ws/src/multipath_sim/install/multipath_sim/include/multipath_sim/msg
-- Up-to-date: /home/kap/ros2_ws/src/multipath_sim/install/multipath_sim/include/multipath_sim/msg/detail
-- Installing: /home/kap/ros2_ws/src/multipath_sim/install/multipath_sim/include/multipath_sim/msg/detail/multipath_offset__type_support.cpp
-- Installing: /home/kap/ros2_ws/src/multipath_sim/install/multipath_sim/include/multipath_sim/msg/detail/multipath_offset__rosidl_typesupport_introspection_cpp.hpp
-- Installing: /home/kap/ros2_ws/src/multipath_sim/install/multipath_sim/lib/libmultipath_sim__rosidl_typesupport_introspection_cpp.so
-- Set runtime path of "/home/kap/ros2_ws/src/multipath_sim/install/multipath_sim/lib/libmultipath_sim__rosidl_typesupport_introspection_cpp.so" to ""
-- Installing: /home/kap/ros2_ws/src/multipath_sim/install/multipath_sim/lib/libmultipath_sim__rosidl_typesupport_cpp.so
-- Set runtime path of "/home/kap/ros2_ws/src/multipath_sim/install/multipath_sim/lib/libmultipath_sim__rosidl_typesupport_cpp.so" to ""
-- Installing: /home/kap/ros2_ws/src/multipath_sim/install/multipath_sim/share/multipath_sim/environment/pythonpath.sh
-- Installing: /home/kap/ros2_ws/src/multipath_sim/install/multipath_sim/share/multipath_sim/environment/pythonpath.dsv
-- Installing: /home/kap/ros2_ws/src/multipath_sim/install/multipath_sim/lib/python3.8/site-packages/multipath_sim/__init__.py
Compiling '/home/kap/ros2_ws/src/multipath_sim/install/multipath_sim/lib/python3.8/site-packages/multipath_sim/__init__.py'...
-- Installing: /home/kap/ros2_ws/src/multipath_sim/install/multipath_sim/lib/python3.8/site-packages/multipath_sim/msg
-- Installing: /home/kap/ros2_ws/src/multipath_sim/install/multipath_sim/lib/python3.8/site-packages/multipath_sim/msg/_multipath_offset_s.c
-- Installing: /home/kap/ros2_ws/src/multipath_sim/install/multipath_sim/lib/python3.8/site-packages/multipath_sim/msg/__init__.py
-- Installing: /home/kap/ros2_ws/src/multipath_sim/install/multipath_sim/lib/python3.8/site-packages/multipath_sim/msg/_multipath_offset.py
-- Installing: /home/kap/ros2_ws/src/multipath_sim/install/multipath_sim/lib/python3.8/site-packages/multipath_sim/multipath_sim_s__rosidl_typesupport_fastrtps_c.cpython-38-x86_64-linux-gnu.so
-- Set runtime path of "/home/kap/ros2_ws/src/multipath_sim/install/multipath_sim/lib/python3.8/site-packages/multipath_sim/multipath_sim_s__rosidl_typesupport_fastrtps_c.cpython-38-x86_64-linux-gnu.so" to ""
-- Installing: /home/kap/ros2_ws/src/multipath_sim/install/multipath_sim/lib/python3.8/site-packages/multipath_sim/multipath_sim_s__rosidl_typesupport_introspection_c.cpython-38-x86_64-linux-gnu.so
-- Set runtime path of "/home/kap/ros2_ws/src/multipath_sim/install/multipath_sim/lib/python3.8/site-packages/multipath_sim/multipath_sim_s__rosidl_typesupport_introspection_c.cpython-38-x86_64-linux-gnu.so" to ""
-- Installing: /home/kap/ros2_ws/src/multipath_sim/install/multipath_sim/lib/python3.8/site-packages/multipath_sim/multipath_sim_s__rosidl_typesupport_c.cpython-38-x86_64-linux-gnu.so
-- Set runtime path of "/home/kap/ros2_ws/src/multipath_sim/install/multipath_sim/lib/python3.8/site-packages/multipath_sim/multipath_sim_s__rosidl_typesupport_c.cpython-38-x86_64-linux-gnu.so" to ""
-- Installing: /home/kap/ros2_ws/src/multipath_sim/install/multipath_sim/lib/libmultipath_sim__python.so
-- Set runtime path of "/home/kap/ros2_ws/src/multipath_sim/install/multipath_sim/lib/libmultipath_sim__python.so" to ""
-- Installing: /home/kap/ros2_ws/src/multipath_sim/install/multipath_sim/share/multipath_sim/msg/MultipathOffset.idl
-- Installing: /home/kap/ros2_ws/src/multipath_sim/install/multipath_sim/share/multipath_sim/msg/MultipathOffset.msg
-- Installing: /home/kap/ros2_ws/src/multipath_sim/install/multipath_sim/lib/libMultipathSensorPlugin.so
-- Set runtime path of "/home/kap/ros2_ws/src/multipath_sim/install/multipath_sim/lib/libMultipathSensorPlugin.so" to ""
-- Installing: /home/kap/ros2_ws/src/multipath_sim/install/multipath_sim/lib/libSphereModelPlugin.so
-- Set runtime path of "/home/kap/ros2_ws/src/multipath_sim/install/multipath_sim/lib/libSphereModelPlugin.so" to ""
-- Up-to-date: /home/kap/ros2_ws/src/multipath_sim/install/multipath_sim/include
-- Up-to-date: /home/kap/ros2_ws/src/multipath_sim/install/multipath_sim/include/multipath_sim
-- Installing: /home/kap/ros2_ws/src/multipath_sim/install/multipath_sim/include/multipath_sim/sphere_model_plugin.hpp
-- Installing: /home/kap/ros2_ws/src/multipath_sim/install/multipath_sim/include/multipath_sim/multipath_sensor.hpp
-- Installing: /home/kap/ros2_ws/src/multipath_sim/install/multipath_sim/share/multipath_sim//worlds
-- Installing: /home/kap/ros2_ws/src/multipath_sim/install/multipath_sim/share/multipath_sim//worlds/multipath.world
-- Installing: /home/kap/ros2_ws/src/multipath_sim/install/multipath_sim/share/multipath_sim//worlds/hong_kong.world
-- Installing: /home/kap/ros2_ws/src/multipath_sim/install/multipath_sim/share/multipath_sim//worlds/video_gz_hk.world
-- Installing: /home/kap/ros2_ws/src/multipath_sim/install/multipath_sim/share/multipath_sim//worlds/test.world
-- Installing: /home/kap/ros2_ws/src/multipath_sim/install/multipath_sim/share/multipath_sim//worlds/abu_dhabi_sim.world
-- Installing: /home/kap/ros2_ws/src/multipath_sim/install/multipath_sim/share/multipath_sim//worlds/abu_dhabi.world
-- Installing: /home/kap/ros2_ws/src/multipath_sim/install/multipath_sim/share/multipath_sim//models
-- Installing: /home/kap/ros2_ws/src/multipath_sim/install/multipath_sim/share/multipath_sim//models/x500_red
-- Installing: /home/kap/ros2_ws/src/multipath_sim/install/multipath_sim/share/multipath_sim//models/x500_red/meshes
-- Installing: /home/kap/ros2_ws/src/multipath_sim/install/multipath_sim/share/multipath_sim//models/x500_red/meshes/CF.png
-- Installing: /home/kap/ros2_ws/src/multipath_sim/install/multipath_sim/share/multipath_sim//models/x500_red/meshes/NXP-HGD-CF.dae
-- Installing: /home/kap/ros2_ws/src/multipath_sim/install/multipath_sim/share/multipath_sim//models/x500_red/meshes/5010Bell.dae
-- Installing: /home/kap/ros2_ws/src/multipath_sim/install/multipath_sim/share/multipath_sim//models/x500_red/meshes/5010Base.dae
-- Installing: /home/kap/ros2_ws/src/multipath_sim/install/multipath_sim/share/multipath_sim//models/x500_red/meshes/1345_prop_ccw.stl
-- Installing: /home/kap/ros2_ws/src/multipath_sim/install/multipath_sim/share/multipath_sim//models/x500_red/meshes/1345_prop_cw.stl
-- Installing: /home/kap/ros2_ws/src/multipath_sim/install/multipath_sim/share/multipath_sim//models/x500_red/thumbnails
-- Installing: /home/kap/ros2_ws/src/multipath_sim/install/multipath_sim/share/multipath_sim//models/x500_red/thumbnails/5.png
-- Installing: /home/kap/ros2_ws/src/multipath_sim/install/multipath_sim/share/multipath_sim//models/x500_red/thumbnails/4.png
-- Installing: /home/kap/ros2_ws/src/multipath_sim/install/multipath_sim/share/multipath_sim//models/x500_red/thumbnails/3.png
-- Installing: /home/kap/ros2_ws/src/multipath_sim/install/multipath_sim/share/multipath_sim//models/x500_red/thumbnails/2.png
-- Installing: /home/kap/ros2_ws/src/multipath_sim/install/multipath_sim/share/multipath_sim//models/x500_red/thumbnails/1.png
-- Installing: /home/kap/ros2_ws/src/multipath_sim/install/multipath_sim/share/multipath_sim//models/x500_red/model.config
-- Installing: /home/kap/ros2_ws/src/multipath_sim/install/multipath_sim/share/multipath_sim//models/x500_red/materials
-- Installing: /home/kap/ros2_ws/src/multipath_sim/install/multipath_sim/share/multipath_sim//models/x500_red/materials/textures
-- Installing: /home/kap/ros2_ws/src/multipath_sim/install/multipath_sim/share/multipath_sim//models/x500_red/materials/textures/CF.png
-- Installing: /home/kap/ros2_ws/src/multipath_sim/install/multipath_sim/share/multipath_sim//models/x500_red/materials/textures/rd.png
-- Installing: /home/kap/ros2_ws/src/multipath_sim/install/multipath_sim/share/multipath_sim//models/x500_red/materials/textures/nxp.png
-- Installing: /home/kap/ros2_ws/src/multipath_sim/install/multipath_sim/share/multipath_sim//models/x500_red/model.sdf
-- Installing: /home/kap/ros2_ws/src/multipath_sim/install/multipath_sim/share/multipath_sim//models/x500_no_collision
-- Installing: /home/kap/ros2_ws/src/multipath_sim/install/multipath_sim/share/multipath_sim//models/x500_no_collision/meshes
-- Installing: /home/kap/ros2_ws/src/multipath_sim/install/multipath_sim/share/multipath_sim//models/x500_no_collision/meshes/CF.png
-- Installing: /home/kap/ros2_ws/src/multipath_sim/install/multipath_sim/share/multipath_sim//models/x500_no_collision/meshes/NXP-HGD-CF.dae
-- Installing: /home/kap/ros2_ws/src/multipath_sim/install/multipath_sim/share/multipath_sim//models/x500_no_collision/meshes/5010Bell.dae
-- Installing: /home/kap/ros2_ws/src/multipath_sim/install/multipath_sim/share/multipath_sim//models/x500_no_collision/meshes/5010Base.dae
-- Installing: /home/kap/ros2_ws/src/multipath_sim/install/multipath_sim/share/multipath_sim//models/x500_no_collision/meshes/1345_prop_ccw.stl
-- Installing: /home/kap/ros2_ws/src/multipath_sim/install/multipath_sim/share/multipath_sim//models/x500_no_collision/meshes/1345_prop_cw.stl
-- Installing: /home/kap/ros2_ws/src/multipath_sim/install/multipath_sim/share/multipath_sim//models/x500_no_collision/thumbnails
-- Installing: /home/kap/ros2_ws/src/multipath_sim/install/multipath_sim/share/multipath_sim//models/x500_no_collision/thumbnails/5.png
-- Installing: /home/kap/ros2_ws/src/multipath_sim/install/multipath_sim/share/multipath_sim//models/x500_no_collision/thumbnails/4.png
-- Installing: /home/kap/ros2_ws/src/multipath_sim/install/multipath_sim/share/multipath_sim//models/x500_no_collision/thumbnails/3.png
-- Installing: /home/kap/ros2_ws/src/multipath_sim/install/multipath_sim/share/multipath_sim//models/x500_no_collision/thumbnails/2.png
-- Installing: /home/kap/ros2_ws/src/multipath_sim/install/multipath_sim/share/multipath_sim//models/x500_no_collision/thumbnails/1.png
-- Installing: /home/kap/ros2_ws/src/multipath_sim/install/multipath_sim/share/multipath_sim//models/x500_no_collision/model.config
-- Installing: /home/kap/ros2_ws/src/multipath_sim/install/multipath_sim/share/multipath_sim//models/x500_no_collision/materials
-- Installing: /home/kap/ros2_ws/src/multipath_sim/install/multipath_sim/share/multipath_sim//models/x500_no_collision/materials/textures
-- Installing: /home/kap/ros2_ws/src/multipath_sim/install/multipath_sim/share/multipath_sim//models/x500_no_collision/materials/textures/CF.png
-- Installing: /home/kap/ros2_ws/src/multipath_sim/install/multipath_sim/share/multipath_sim//models/x500_no_collision/materials/textures/rd.png
-- Installing: /home/kap/ros2_ws/src/multipath_sim/install/multipath_sim/share/multipath_sim//models/x500_no_collision/materials/textures/nxp.png
-- Installing: /home/kap/ros2_ws/src/multipath_sim/install/multipath_sim/share/multipath_sim//models/x500_no_collision/model.sdf
-- Installing: /home/kap/ros2_ws/src/multipath_sim/install/multipath_sim/share/multipath_sim//models/building
-- Installing: /home/kap/ros2_ws/src/multipath_sim/install/multipath_sim/share/multipath_sim//models/building/model.config
-- Installing: /home/kap/ros2_ws/src/multipath_sim/install/multipath_sim/share/multipath_sim//models/building/model.sdf
-- Installing: /home/kap/ros2_ws/src/multipath_sim/install/multipath_sim/share/multipath_sim//models/abu_dhabi
-- Installing: /home/kap/ros2_ws/src/multipath_sim/install/multipath_sim/share/multipath_sim//models/abu_dhabi/model.config
-- Installing: /home/kap/ros2_ws/src/multipath_sim/install/multipath_sim/share/multipath_sim//models/abu_dhabi/media
-- Installing: /home/kap/ros2_ws/src/multipath_sim/install/multipath_sim/share/multipath_sim//models/abu_dhabi/media/baked_duion_bricks_classic_01_D_256.png_c5765d_pro_6908_256.png
-- Installing: /home/kap/ros2_ws/src/multipath_sim/install/multipath_sim/share/multipath_sim//models/abu_dhabi/media/baked_duion_bricks_classic_02_D_256.png_7b422f_pro_2353_256.png
-- Installing: /home/kap/ros2_ws/src/multipath_sim/install/multipath_sim/share/multipath_sim//models/abu_dhabi/media/baked_duion_plaster_sprinkled_01_D_256.png_a3865f_pro_2353_256.png
-- Installing: /home/kap/ros2_ws/src/multipath_sim/install/multipath_sim/share/multipath_sim//models/abu_dhabi/media/baked_duion_bricks_classic_01_D_256.png_7b422f_pro_2157_256.png
-- Installing: /home/kap/ros2_ws/src/multipath_sim/install/multipath_sim/share/multipath_sim//models/abu_dhabi/media/baked_duion_bricks_classic_01_D_256.png_c5765d_pro_2901_256.png
-- Installing: /home/kap/ros2_ws/src/multipath_sim/install/multipath_sim/share/multipath_sim//models/abu_dhabi/media/baked_a6653f_roof_tiles.png
-- Installing: /home/kap/ros2_ws/src/multipath_sim/install/multipath_sim/share/multipath_sim//models/abu_dhabi/media/baked_duion_bricks_classic_02_D_256.png_976c6b_pro_2353_256.png
-- Installing: /home/kap/ros2_ws/src/multipath_sim/install/multipath_sim/share/multipath_sim//models/abu_dhabi/media/baked_duion_bricks_classic_01_D_256.png_976c6b_pro_2161_256.png
-- Installing: /home/kap/ros2_ws/src/multipath_sim/install/multipath_sim/share/multipath_sim//models/abu_dhabi/media/baked_duion_bricks_classic_01_D_256.png_7b422f_pro_2901_256.png
-- Installing: /home/kap/ros2_ws/src/multipath_sim/install/multipath_sim/share/multipath_sim//models/abu_dhabi/media/baked_duion_bricks_classic_02_D_256.png_976c6b_pro_2901_256.png
-- Installing: /home/kap/ros2_ws/src/multipath_sim/install/multipath_sim/share/multipath_sim//models/abu_dhabi/media/baked_cc0textures_bricks11_col_256.jpg_976c6b_pro_2901_256.png
-- Installing: /home/kap/ros2_ws/src/multipath_sim/install/multipath_sim/share/multipath_sim//models/abu_dhabi/media/baked_afafaf_concrete.png
-- Installing: /home/kap/ros2_ws/src/multipath_sim/install/multipath_sim/share/multipath_sim//models/abu_dhabi/media/baked_976c6b_brick.png
-- Installing: /home/kap/ros2_ws/src/multipath_sim/install/multipath_sim/share/multipath_sim//models/abu_dhabi/media/baked_duion_bricks_classic_02_D_256.png_c5765d_pro_2901_256.png
-- Installing: /home/kap/ros2_ws/src/multipath_sim/install/multipath_sim/share/multipath_sim//models/abu_dhabi/media/overlay.png.002.png
-- Installing: /home/kap/ros2_ws/src/multipath_sim/install/multipath_sim/share/multipath_sim//models/abu_dhabi/media/baked_duion_plaster_sprinkled_01_D_256.png_b8a594_pro_2161_256.png
-- Installing: /home/kap/ros2_ws/src/multipath_sim/install/multipath_sim/share/multipath_sim//models/abu_dhabi/media/baked_duion_plaster_sprinkled_01_D_256.png_b8a594_pro_2353_256.png
-- Installing: /home/kap/ros2_ws/src/multipath_sim/install/multipath_sim/share/multipath_sim//models/abu_dhabi/media/baked_cc0textures_bricks11_col_256.jpg_d9d8c4_pro_2161_256.png
-- Installing: /home/kap/ros2_ws/src/multipath_sim/install/multipath_sim/share/multipath_sim//models/abu_dhabi/media/pine_seamless_done.png
-- Installing: /home/kap/ros2_ws/src/multipath_sim/install/multipath_sim/share/multipath_sim//models/abu_dhabi/media/baked_cc0textures_bricks11_col_256.jpg_976c6b_pro_2157_256.png
-- Installing: /home/kap/ros2_ws/src/multipath_sim/install/multipath_sim/share/multipath_sim//models/abu_dhabi/media/baked_c8c2b6_concrete.png
-- Installing: /home/kap/ros2_ws/src/multipath_sim/install/multipath_sim/share/multipath_sim//models/abu_dhabi/media/baked_duion_bricks_classic_02_D_256.png_c5765d_pro_2353_256.png
-- Installing: /home/kap/ros2_ws/src/multipath_sim/install/multipath_sim/share/multipath_sim//models/abu_dhabi/media/baked_cc0textures_bricks11_col_256.jpg_7b422f_pro_2353_256.png
-- Installing: /home/kap/ros2_ws/src/multipath_sim/install/multipath_sim/share/multipath_sim//models/abu_dhabi/media/baked_5e2a31_metal.png
-- Installing: /home/kap/ros2_ws/src/multipath_sim/install/multipath_sim/share/multipath_sim//models/abu_dhabi/media/baked_duion_plaster_sprinkled_01_D_256.png_a3865f_pro_2157_256.png
-- Installing: /home/kap/ros2_ws/src/multipath_sim/install/multipath_sim/share/multipath_sim//models/abu_dhabi/media/baked_cc0textures_bricks11_col_256.jpg_c5765d_pro_2161_256.png
-- Installing: /home/kap/ros2_ws/src/multipath_sim/install/multipath_sim/share/multipath_sim//models/abu_dhabi/media/baked_duion_plaster_stucco_01_D_256.png_b8a594_pro_2353_256.png
-- Installing: /home/kap/ros2_ws/src/multipath_sim/install/multipath_sim/share/multipath_sim//models/abu_dhabi/media/baked_cfbc8e_plaster.png
-- Installing: /home/kap/ros2_ws/src/multipath_sim/install/multipath_sim/share/multipath_sim//models/abu_dhabi/media/baked_duion_plaster_sprinkled_01_D_256.png_cfbc8e_pro_2901_256.png
-- Installing: /home/kap/ros2_ws/src/multipath_sim/install/multipath_sim/share/multipath_sim//models/abu_dhabi/media/baked_cc0textures_bricks11_col_256.jpg_7b422f_pro_6908_256.png
-- Installing: /home/kap/ros2_ws/src/multipath_sim/install/multipath_sim/share/multipath_sim//models/abu_dhabi/media/baked_duion_bricks_classic_01_D_256.png_c5765d_pro_2353_256.png
-- Installing: /home/kap/ros2_ws/src/multipath_sim/install/multipath_sim/share/multipath_sim//models/abu_dhabi/media/baked_duion_bricks_classic_02_D_256.png_976c6b_pro_2161_256.png
-- Installing: /home/kap/ros2_ws/src/multipath_sim/install/multipath_sim/share/multipath_sim//models/abu_dhabi/media/baked_duion_plaster_stucco_01_D_256.png_a3865f_pro_6908_256.png
-- Installing: /home/kap/ros2_ws/src/multipath_sim/install/multipath_sim/share/multipath_sim//models/abu_dhabi/media/baked_c5765d_brick.png
-- Installing: /home/kap/ros2_ws/src/multipath_sim/install/multipath_sim/share/multipath_sim//models/abu_dhabi/media/baked_duion_plaster_sprinkled_01_D_256.png_cfbc8e_pro_6908_256.png
-- Installing: /home/kap/ros2_ws/src/multipath_sim/install/multipath_sim/share/multipath_sim//models/abu_dhabi/media/baked_duion_plaster_stucco_01_D_256.png_cfbc8e_pro_2901_256.png
-- Installing: /home/kap/ros2_ws/src/multipath_sim/install/multipath_sim/share/multipath_sim//models/abu_dhabi/media/baked_duion_bricks_classic_02_D_256.png_7b422f_pro_2161_256.png
-- Installing: /home/kap/ros2_ws/src/multipath_sim/install/multipath_sim/share/multipath_sim//models/abu_dhabi/media/baked_duion_plaster_stucco_01_D_256.png_a3865f_pro_2353_256.png
-- Installing: /home/kap/ros2_ws/src/multipath_sim/install/multipath_sim/share/multipath_sim//models/abu_dhabi/media/baked_duion_bricks_classic_01_D_256.png_976c6b_pro_2353_256.png
-- Installing: /home/kap/ros2_ws/src/multipath_sim/install/multipath_sim/share/multipath_sim//models/abu_dhabi/media/baked_duion_bricks_classic_01_D_256.png_c5765d_pro_2157_256.png
-- Installing: /home/kap/ros2_ws/src/multipath_sim/install/multipath_sim/share/multipath_sim//models/abu_dhabi/media/baked_duion_plaster_sprinkled_01_D_256.png_b8a594_pro_2901_256.png
-- Installing: /home/kap/ros2_ws/src/multipath_sim/install/multipath_sim/share/multipath_sim//models/abu_dhabi/media/baked_duion_plaster_sprinkled_01_D_256.png_a3865f_pro_6908_256.png
-- Installing: /home/kap/ros2_ws/src/multipath_sim/install/multipath_sim/share/multipath_sim//models/abu_dhabi/media/buildings.dae
-- Installing: /home/kap/ros2_ws/src/multipath_sim/install/multipath_sim/share/multipath_sim//models/abu_dhabi/media/baked_cc0textures_bricks11_col_256.jpg_976c6b_pro_2353_256.png
-- Installing: /home/kap/ros2_ws/src/multipath_sim/install/multipath_sim/share/multipath_sim//models/abu_dhabi/media/baked_duion_bricks_classic_02_D_256.png_c5765d_pro_2157_256.png
-- Installing: /home/kap/ros2_ws/src/multipath_sim/install/multipath_sim/share/multipath_sim//models/abu_dhabi/media/baked_c57a63_roof_tiles.png
-- Installing: /home/kap/ros2_ws/src/multipath_sim/install/multipath_sim/share/multipath_sim//models/abu_dhabi/media/baked_duion_plaster_stucco_01_D_256.png_a3865f_pro_2901_256.png
-- Installing: /home/kap/ros2_ws/src/multipath_sim/install/multipath_sim/share/multipath_sim//models/abu_dhabi/media/baked_494c57_metal.png
-- Installing: /home/kap/ros2_ws/src/multipath_sim/install/multipath_sim/share/multipath_sim//models/abu_dhabi/media/baked_duion_bricks_classic_01_D_256.png_7b422f_pro_2353_256.png
-- Installing: /home/kap/ros2_ws/src/multipath_sim/install/multipath_sim/share/multipath_sim//models/abu_dhabi/media/baked_duion_bricks_classic_02_D_256.png_7b422f_pro_2901_256.png
-- Installing: /home/kap/ros2_ws/src/multipath_sim/install/multipath_sim/share/multipath_sim//models/abu_dhabi/media/baked_818b8f_metal.png
-- Installing: /home/kap/ros2_ws/src/multipath_sim/install/multipath_sim/share/multipath_sim//models/abu_dhabi/media/baked_duion_bricks_classic_02_D_256.png_c5765d_pro_6908_256.png
-- Installing: /home/kap/ros2_ws/src/multipath_sim/install/multipath_sim/share/multipath_sim//models/abu_dhabi/media/baked_duion_bricks_classic_01_D_256.png_7b422f_pro_6908_256.png
-- Installing: /home/kap/ros2_ws/src/multipath_sim/install/multipath_sim/share/multipath_sim//models/abu_dhabi/media/baked_duion_plaster_sprinkled_01_D_256.png_cfbc8e_pro_2157_256.png
-- Installing: /home/kap/ros2_ws/src/multipath_sim/install/multipath_sim/share/multipath_sim//models/abu_dhabi/media/baked_duion_plaster_sprinkled_01_D_256.png_a3865f_pro_2161_256.png
-- Installing: /home/kap/ros2_ws/src/multipath_sim/install/multipath_sim/share/multipath_sim//models/abu_dhabi/media/baked_duion_bricks_classic_01_D_256.png_c5765d_pro_2161_256.png
-- Installing: /home/kap/ros2_ws/src/multipath_sim/install/multipath_sim/share/multipath_sim//models/abu_dhabi/media/baked_duion_bricks_classic_02_D_256.png_c5765d_pro_2161_256.png
-- Installing: /home/kap/ros2_ws/src/multipath_sim/install/multipath_sim/share/multipath_sim//models/abu_dhabi/media/baked_cc0textures_bricks11_col_256.jpg_c5765d_pro_6908_256.png
-- Installing: /home/kap/ros2_ws/src/multipath_sim/install/multipath_sim/share/multipath_sim//models/abu_dhabi/media/baked_duion_plaster_sprinkled_01_D_256.png_cfbc8e_pro_2161_256.png
-- Installing: /home/kap/ros2_ws/src/multipath_sim/install/multipath_sim/share/multipath_sim//models/abu_dhabi/media/baked_a3865f_plaster.png
-- Installing: /home/kap/ros2_ws/src/multipath_sim/install/multipath_sim/share/multipath_sim//models/abu_dhabi/media/baked_duion_plaster_sprinkled_01_D_256.png_b8a594_pro_2157_256.png
-- Installing: /home/kap/ros2_ws/src/multipath_sim/install/multipath_sim/share/multipath_sim//models/abu_dhabi/media/baked_cc0textures_bricks11_col_256.jpg_7b422f_pro_2157_256.png
-- Installing: /home/kap/ros2_ws/src/multipath_sim/install/multipath_sim/share/multipath_sim//models/abu_dhabi/media/baked_duion_bricks_classic_01_D_256.png_7b422f_pro_2161_256.png
-- Installing: /home/kap/ros2_ws/src/multipath_sim/install/multipath_sim/share/multipath_sim//models/abu_dhabi/media/baked_duion_plaster_sprinkled_01_D_256.png_cfbc8e_pro_2353_256.png
-- Installing: /home/kap/ros2_ws/src/multipath_sim/install/multipath_sim/share/multipath_sim//models/abu_dhabi/media/baked_duion_plaster_sprinkled_01_D_256.png_a3865f_pro_2901_256.png
-- Installing: /home/kap/ros2_ws/src/multipath_sim/install/multipath_sim/share/multipath_sim//models/abu_dhabi/media/baked_cc0textures_bricks11_col_256.jpg_c5765d_pro_2901_256.png
-- Installing: /home/kap/ros2_ws/src/multipath_sim/install/multipath_sim/share/multipath_sim//models/abu_dhabi/media/baked_cc0textures_bricks11_col_256.jpg_976c6b_pro_6908_256.png
-- Installing: /home/kap/ros2_ws/src/multipath_sim/install/multipath_sim/share/multipath_sim//models/abu_dhabi/media/baked_duion_plaster_stucco_01_D_256.png_b8a594_pro_2157_256.png
-- Installing: /home/kap/ros2_ws/src/multipath_sim/install/multipath_sim/share/multipath_sim//models/abu_dhabi/media/baked_duion_bricks_classic_01_D_256.png_976c6b_pro_2901_256.png
-- Installing: /home/kap/ros2_ws/src/multipath_sim/install/multipath_sim/share/multipath_sim//models/abu_dhabi/media/baked_duion_bricks_classic_02_D_256.png_7b422f_pro_2157_256.png
-- Installing: /home/kap/ros2_ws/src/multipath_sim/install/multipath_sim/share/multipath_sim//models/abu_dhabi/media/baked_duion_bricks_classic_01_D_256.png_976c6b_pro_2157_256.png
-- Installing: /home/kap/ros2_ws/src/multipath_sim/install/multipath_sim/share/multipath_sim//models/abu_dhabi/media/terrain.dae
-- Installing: /home/kap/ros2_ws/src/multipath_sim/install/multipath_sim/share/multipath_sim//models/abu_dhabi/media/baked_duion_plaster_stucco_01_D_256.png_b8a594_pro_6908_256.png
-- Installing: /home/kap/ros2_ws/src/multipath_sim/install/multipath_sim/share/multipath_sim//models/abu_dhabi/media/baked_duion_bricks_classic_02_D_256.png_976c6b_pro_2157_256.png
-- Installing: /home/kap/ros2_ws/src/multipath_sim/install/multipath_sim/share/multipath_sim//models/abu_dhabi/media/baked_duion_plaster_stucco_01_D_256.png_cfbc8e_pro_2161_256.png
-- Installing: /home/kap/ros2_ws/src/multipath_sim/install/multipath_sim/share/multipath_sim//models/abu_dhabi/media/baked_cc0textures_bricks11_col_256.jpg_c5765d_pro_2353_256.png
-- Installing: /home/kap/ros2_ws/src/multipath_sim/install/multipath_sim/share/multipath_sim//models/abu_dhabi/media/baked_8a5c4d_roof_tiles.png
-- Installing: /home/kap/ros2_ws/src/multipath_sim/install/multipath_sim/share/multipath_sim//models/abu_dhabi/media/baked_cc0textures_bricks11_col_256.jpg_976c6b_pro_2161_256.png
-- Installing: /home/kap/ros2_ws/src/multipath_sim/install/multipath_sim/share/multipath_sim//models/abu_dhabi/media/baked_duion_plaster_stucco_01_D_256.png_b8a594_pro_2161_256.png
-- Installing: /home/kap/ros2_ws/src/multipath_sim/install/multipath_sim/share/multipath_sim//models/abu_dhabi/media/baked_duion_bricks_classic_02_D_256.png_976c6b_pro_6908_256.png
-- Installing: /home/kap/ros2_ws/src/multipath_sim/install/multipath_sim/share/multipath_sim//models/abu_dhabi/media/baked_duion_plaster_stucco_01_D_256.png_b8a594_pro_2901_256.png
-- Installing: /home/kap/ros2_ws/src/multipath_sim/install/multipath_sim/share/multipath_sim//models/abu_dhabi/media/baked_cc0textures_bricks11_col_256.jpg_c5765d_pro_2157_256.png
-- Installing: /home/kap/ros2_ws/src/multipath_sim/install/multipath_sim/share/multipath_sim//models/abu_dhabi/media/baked_7b422f_brick.png
-- Installing: /home/kap/ros2_ws/src/multipath_sim/install/multipath_sim/share/multipath_sim//models/abu_dhabi/media/baked_b8a594_plaster.png
-- Installing: /home/kap/ros2_ws/src/multipath_sim/install/multipath_sim/share/multipath_sim//models/abu_dhabi/media/baked_b2b2a6_concrete.png
-- Installing: /home/kap/ros2_ws/src/multipath_sim/install/multipath_sim/share/multipath_sim//models/abu_dhabi/media/baked_duion_bricks_classic_01_D_256.png_976c6b_pro_6908_256.png
-- Installing: /home/kap/ros2_ws/src/multipath_sim/install/multipath_sim/share/multipath_sim//models/abu_dhabi/media/baked_duion_plaster_stucco_01_D_256.png_a3865f_pro_2161_256.png
-- Installing: /home/kap/ros2_ws/src/multipath_sim/install/multipath_sim/share/multipath_sim//models/abu_dhabi/media/baked_cc0textures_bricks11_col_256.jpg_d9d8c4_pro_2157_256.png
-- Installing: /home/kap/ros2_ws/src/multipath_sim/install/multipath_sim/share/multipath_sim//models/abu_dhabi/media/baked_duion_plaster_sprinkled_01_D_256.png_b8a594_pro_6908_256.png
-- Installing: /home/kap/ros2_ws/src/multipath_sim/install/multipath_sim/share/multipath_sim//models/abu_dhabi/media/baked_cc0textures_bricks11_col_256.jpg_7b422f_pro_2901_256.png
-- Installing: /home/kap/ros2_ws/src/multipath_sim/install/multipath_sim/share/multipath_sim//models/abu_dhabi/media/baked_duion_plaster_stucco_01_D_256.png_cfbc8e_pro_6908_256.png
-- Installing: /home/kap/ros2_ws/src/multipath_sim/install/multipath_sim/share/multipath_sim//models/abu_dhabi/media/baked_duion_bricks_classic_02_D_256.png_7b422f_pro_6908_256.png
-- Installing: /home/kap/ros2_ws/src/multipath_sim/install/multipath_sim/share/multipath_sim//models/abu_dhabi/media/baked_duion_plaster_stucco_01_D_256.png_cfbc8e_pro_2353_256.png
-- Installing: /home/kap/ros2_ws/src/multipath_sim/install/multipath_sim/share/multipath_sim//models/abu_dhabi/media/baked_duion_plaster_stucco_01_D_256.png_cfbc8e_pro_2157_256.png
-- Installing: /home/kap/ros2_ws/src/multipath_sim/install/multipath_sim/share/multipath_sim//models/abu_dhabi/media/baked_duion_plaster_stucco_01_D_256.png_a3865f_pro_2157_256.png
-- Installing: /home/kap/ros2_ws/src/multipath_sim/install/multipath_sim/share/multipath_sim//models/abu_dhabi/media/baked_cc0textures_bricks11_col_256.jpg_7b422f_pro_2161_256.png
-- Installing: /home/kap/ros2_ws/src/multipath_sim/install/multipath_sim/share/multipath_sim//models/abu_dhabi/abu_dhabi.sdf
-- Installing: /home/kap/ros2_ws/src/multipath_sim/install/multipath_sim/share/multipath_sim//models/x500_green
-- Installing: /home/kap/ros2_ws/src/multipath_sim/install/multipath_sim/share/multipath_sim//models/x500_green/meshes
-- Installing: /home/kap/ros2_ws/src/multipath_sim/install/multipath_sim/share/multipath_sim//models/x500_green/meshes/CF.png
-- Installing: /home/kap/ros2_ws/src/multipath_sim/install/multipath_sim/share/multipath_sim//models/x500_green/meshes/NXP-HGD-CF.dae
-- Installing: /home/kap/ros2_ws/src/multipath_sim/install/multipath_sim/share/multipath_sim//models/x500_green/meshes/5010Bell.dae
-- Installing: /home/kap/ros2_ws/src/multipath_sim/install/multipath_sim/share/multipath_sim//models/x500_green/meshes/5010Base.dae
-- Installing: /home/kap/ros2_ws/src/multipath_sim/install/multipath_sim/share/multipath_sim//models/x500_green/meshes/1345_prop_ccw.stl
-- Installing: /home/kap/ros2_ws/src/multipath_sim/install/multipath_sim/share/multipath_sim//models/x500_green/meshes/1345_prop_cw.stl
-- Installing: /home/kap/ros2_ws/src/multipath_sim/install/multipath_sim/share/multipath_sim//models/x500_green/thumbnails
-- Installing: /home/kap/ros2_ws/src/multipath_sim/install/multipath_sim/share/multipath_sim//models/x500_green/thumbnails/5.png
-- Installing: /home/kap/ros2_ws/src/multipath_sim/install/multipath_sim/share/multipath_sim//models/x500_green/thumbnails/4.png
-- Installing: /home/kap/ros2_ws/src/multipath_sim/install/multipath_sim/share/multipath_sim//models/x500_green/thumbnails/3.png
-- Installing: /home/kap/ros2_ws/src/multipath_sim/install/multipath_sim/share/multipath_sim//models/x500_green/thumbnails/2.png
-- Installing: /home/kap/ros2_ws/src/multipath_sim/install/multipath_sim/share/multipath_sim//models/x500_green/thumbnails/1.png
-- Installing: /home/kap/ros2_ws/src/multipath_sim/install/multipath_sim/share/multipath_sim//models/x500_green/model.config
-- Installing: /home/kap/ros2_ws/src/multipath_sim/install/multipath_sim/share/multipath_sim//models/x500_green/materials
-- Installing: /home/kap/ros2_ws/src/multipath_sim/install/multipath_sim/share/multipath_sim//models/x500_green/materials/textures
-- Installing: /home/kap/ros2_ws/src/multipath_sim/install/multipath_sim/share/multipath_sim//models/x500_green/materials/textures/CF.png
-- Installing: /home/kap/ros2_ws/src/multipath_sim/install/multipath_sim/share/multipath_sim//models/x500_green/materials/textures/rd.png
-- Installing: /home/kap/ros2_ws/src/multipath_sim/install/multipath_sim/share/multipath_sim//models/x500_green/materials/textures/nxp.png
-- Installing: /home/kap/ros2_ws/src/multipath_sim/install/multipath_sim/share/multipath_sim//models/x500_green/model.sdf
-- Installing: /home/kap/ros2_ws/src/multipath_sim/install/multipath_sim/share/multipath_sim//models/iris_virtual_ray
-- Installing: /home/kap/ros2_ws/src/multipath_sim/install/multipath_sim/share/multipath_sim//models/iris_virtual_ray/iris_virtual_ray.sdf
-- Installing: /home/kap/ros2_ws/src/multipath_sim/install/multipath_sim/share/multipath_sim//models/iris_virtual_ray/meshes
-- Installing: /home/kap/ros2_ws/src/multipath_sim/install/multipath_sim/share/multipath_sim//models/iris_virtual_ray/meshes/iris_prop_ccw.dae
-- Installing: /home/kap/ros2_ws/src/multipath_sim/install/multipath_sim/share/multipath_sim//models/iris_virtual_ray/meshes/iris_prop_cw.dae
-- Installing: /home/kap/ros2_ws/src/multipath_sim/install/multipath_sim/share/multipath_sim//models/iris_virtual_ray/meshes/iris.stl
-- Installing: /home/kap/ros2_ws/src/multipath_sim/install/multipath_sim/share/multipath_sim//models/iris_virtual_ray/model.config
-- Installing: /home/kap/ros2_ws/src/multipath_sim/install/multipath_sim/share/multipath_sim//models/x500_red_no_collision
-- Installing: /home/kap/ros2_ws/src/multipath_sim/install/multipath_sim/share/multipath_sim//models/x500_red_no_collision/meshes
-- Installing: /home/kap/ros2_ws/src/multipath_sim/install/multipath_sim/share/multipath_sim//models/x500_red_no_collision/meshes/CF.png
-- Installing: /home/kap/ros2_ws/src/multipath_sim/install/multipath_sim/share/multipath_sim//models/x500_red_no_collision/meshes/NXP-HGD-CF.dae
-- Installing: /home/kap/ros2_ws/src/multipath_sim/install/multipath_sim/share/multipath_sim//models/x500_red_no_collision/meshes/5010Bell.dae
-- Installing: /home/kap/ros2_ws/src/multipath_sim/install/multipath_sim/share/multipath_sim//models/x500_red_no_collision/meshes/5010Base.dae
-- Installing: /home/kap/ros2_ws/src/multipath_sim/install/multipath_sim/share/multipath_sim//models/x500_red_no_collision/meshes/1345_prop_ccw.stl
-- Installing: /home/kap/ros2_ws/src/multipath_sim/install/multipath_sim/share/multipath_sim//models/x500_red_no_collision/meshes/1345_prop_cw.stl
-- Installing: /home/kap/ros2_ws/src/multipath_sim/install/multipath_sim/share/multipath_sim//models/x500_red_no_collision/thumbnails
-- Installing: /home/kap/ros2_ws/src/multipath_sim/install/multipath_sim/share/multipath_sim//models/x500_red_no_collision/thumbnails/5.png
-- Installing: /home/kap/ros2_ws/src/multipath_sim/install/multipath_sim/share/multipath_sim//models/x500_red_no_collision/thumbnails/4.png
-- Installing: /home/kap/ros2_ws/src/multipath_sim/install/multipath_sim/share/multipath_sim//models/x500_red_no_collision/thumbnails/3.png
-- Installing: /home/kap/ros2_ws/src/multipath_sim/install/multipath_sim/share/multipath_sim//models/x500_red_no_collision/thumbnails/2.png
-- Installing: /home/kap/ros2_ws/src/multipath_sim/install/multipath_sim/share/multipath_sim//models/x500_red_no_collision/thumbnails/1.png
-- Installing: /home/kap/ros2_ws/src/multipath_sim/install/multipath_sim/share/multipath_sim//models/x500_red_no_collision/model.config
-- Installing: /home/kap/ros2_ws/src/multipath_sim/install/multipath_sim/share/multipath_sim//models/x500_red_no_collision/materials
-- Installing: /home/kap/ros2_ws/src/multipath_sim/install/multipath_sim/share/multipath_sim//models/x500_red_no_collision/materials/textures
-- Installing: /home/kap/ros2_ws/src/multipath_sim/install/multipath_sim/share/multipath_sim//models/x500_red_no_collision/materials/textures/CF.png
-- Installing: /home/kap/ros2_ws/src/multipath_sim/install/multipath_sim/share/multipath_sim//models/x500_red_no_collision/materials/textures/rd.png
-- Installing: /home/kap/ros2_ws/src/multipath_sim/install/multipath_sim/share/multipath_sim//models/x500_red_no_collision/materials/textures/nxp.png
-- Installing: /home/kap/ros2_ws/src/multipath_sim/install/multipath_sim/share/multipath_sim//models/x500_red_no_collision/model.sdf
-- Installing: /home/kap/ros2_ws/src/multipath_sim/install/multipath_sim/share/multipath_sim//models/x500
-- Installing: /home/kap/ros2_ws/src/multipath_sim/install/multipath_sim/share/multipath_sim//models/x500/meshes
-- Installing: /home/kap/ros2_ws/src/multipath_sim/install/multipath_sim/share/multipath_sim//models/x500/meshes/CF.png
-- Installing: /home/kap/ros2_ws/src/multipath_sim/install/multipath_sim/share/multipath_sim//models/x500/meshes/NXP-HGD-CF.dae
-- Installing: /home/kap/ros2_ws/src/multipath_sim/install/multipath_sim/share/multipath_sim//models/x500/meshes/5010Bell.dae
-- Installing: /home/kap/ros2_ws/src/multipath_sim/install/multipath_sim/share/multipath_sim//models/x500/meshes/5010Base.dae
-- Installing: /home/kap/ros2_ws/src/multipath_sim/install/multipath_sim/share/multipath_sim//models/x500/meshes/1345_prop_ccw.stl
-- Installing: /home/kap/ros2_ws/src/multipath_sim/install/multipath_sim/share/multipath_sim//models/x500/meshes/1345_prop_cw.stl
-- Installing: /home/kap/ros2_ws/src/multipath_sim/install/multipath_sim/share/multipath_sim//models/x500/thumbnails
-- Installing: /home/kap/ros2_ws/src/multipath_sim/install/multipath_sim/share/multipath_sim//models/x500/thumbnails/5.png
-- Installing: /home/kap/ros2_ws/src/multipath_sim/install/multipath_sim/share/multipath_sim//models/x500/thumbnails/4.png
-- Installing: /home/kap/ros2_ws/src/multipath_sim/install/multipath_sim/share/multipath_sim//models/x500/thumbnails/3.png
-- Installing: /home/kap/ros2_ws/src/multipath_sim/install/multipath_sim/share/multipath_sim//models/x500/thumbnails/2.png
-- Installing: /home/kap/ros2_ws/src/multipath_sim/install/multipath_sim/share/multipath_sim//models/x500/thumbnails/1.png
-- Installing: /home/kap/ros2_ws/src/multipath_sim/install/multipath_sim/share/multipath_sim//models/x500/model.config
-- Installing: /home/kap/ros2_ws/src/multipath_sim/install/multipath_sim/share/multipath_sim//models/x500/materials
-- Installing: /home/kap/ros2_ws/src/multipath_sim/install/multipath_sim/share/multipath_sim//models/x500/materials/textures
-- Installing: /home/kap/ros2_ws/src/multipath_sim/install/multipath_sim/share/multipath_sim//models/x500/materials/textures/CF.png
-- Installing: /home/kap/ros2_ws/src/multipath_sim/install/multipath_sim/share/multipath_sim//models/x500/materials/textures/rd.png
-- Installing: /home/kap/ros2_ws/src/multipath_sim/install/multipath_sim/share/multipath_sim//models/x500/materials/textures/nxp.png
-- Installing: /home/kap/ros2_ws/src/multipath_sim/install/multipath_sim/share/multipath_sim//models/x500/model.sdf
-- Installing: /home/kap/ros2_ws/src/multipath_sim/install/multipath_sim/share/multipath_sim//models/hong_kong
-- Installing: /home/kap/ros2_ws/src/multipath_sim/install/multipath_sim/share/multipath_sim//models/hong_kong/model.config
-- Installing: /home/kap/ros2_ws/src/multipath_sim/install/multipath_sim/share/multipath_sim//models/hong_kong/hong_kong.sdf
-- Installing: /home/kap/ros2_ws/src/multipath_sim/install/multipath_sim/share/multipath_sim//models/hong_kong/media
-- Installing: /home/kap/ros2_ws/src/multipath_sim/install/multipath_sim/share/multipath_sim//models/hong_kong/media/baked_cc0textures_bricks11_col_exp.jpg_976c6b_pro_2157_exp.png
-- Installing: /home/kap/ros2_ws/src/multipath_sim/install/multipath_sim/share/multipath_sim//models/hong_kong/media/baked_duion_bricks_classic_01_D_exp.png_c5765d_pro_2161_exp.png
-- Installing: /home/kap/ros2_ws/src/multipath_sim/install/multipath_sim/share/multipath_sim//models/hong_kong/media/baked_duion_bricks_classic_01_D_exp.png_976c6b_pro_2157_exp.png
-- Installing: /home/kap/ros2_ws/src/multipath_sim/install/multipath_sim/share/multipath_sim//models/hong_kong/media/baked_duion_plaster_stucco_01_D_exp.png_b8a594_pro_6908_exp.png
-- Installing: /home/kap/ros2_ws/src/multipath_sim/install/multipath_sim/share/multipath_sim//models/hong_kong/media/baked_duion_bricks_classic_01_D_exp.png_7b422f_pro_6908_exp.png
-- Installing: /home/kap/ros2_ws/src/multipath_sim/install/multipath_sim/share/multipath_sim//models/hong_kong/media/baked_duion_bricks_classic_01_D_exp.png_c5765d_pro_2157_exp.png
-- Installing: /home/kap/ros2_ws/src/multipath_sim/install/multipath_sim/share/multipath_sim//models/hong_kong/media/baked_a6653f_roof_tiles.png
-- Installing: /home/kap/ros2_ws/src/multipath_sim/install/multipath_sim/share/multipath_sim//models/hong_kong/media/baked_duion_bricks_classic_02_D_exp.png_c5765d_pro_2901_exp.png
-- Installing: /home/kap/ros2_ws/src/multipath_sim/install/multipath_sim/share/multipath_sim//models/hong_kong/media/baked_duion_plaster_stucco_01_D_exp.png_b8a594_pro_2901_exp.png
-- Installing: /home/kap/ros2_ws/src/multipath_sim/install/multipath_sim/share/multipath_sim//models/hong_kong/media/baked_duion_plaster_sprinkled_01_D_exp.png_b8a594_pro_2157_exp.png
-- Installing: /home/kap/ros2_ws/src/multipath_sim/install/multipath_sim/share/multipath_sim//models/hong_kong/media/baked_afafaf_concrete.png
-- Installing: /home/kap/ros2_ws/src/multipath_sim/install/multipath_sim/share/multipath_sim//models/hong_kong/media/baked_976c6b_brick.png
-- Installing: /home/kap/ros2_ws/src/multipath_sim/install/multipath_sim/share/multipath_sim//models/hong_kong/media/baked_cc0textures_bricks11_col_exp.jpg_c5765d_pro_2157_exp.png
-- Installing: /home/kap/ros2_ws/src/multipath_sim/install/multipath_sim/share/multipath_sim//models/hong_kong/media/baked_cc0textures_bricks11_col_exp.jpg_7b422f_pro_2161_exp.png
-- Installing: /home/kap/ros2_ws/src/multipath_sim/install/multipath_sim/share/multipath_sim//models/hong_kong/media/baked_cc0textures_bricks11_col_exp.jpg_976c6b_pro_2353_exp.png
-- Installing: /home/kap/ros2_ws/src/multipath_sim/install/multipath_sim/share/multipath_sim//models/hong_kong/media/baked_cc0textures_bricks11_col_exp.jpg_976c6b_pro_2161_exp.png
-- Installing: /home/kap/ros2_ws/src/multipath_sim/install/multipath_sim/share/multipath_sim//models/hong_kong/media/baked_duion_plaster_sprinkled_01_D_exp.png_a3865f_pro_2161_exp.png
-- Installing: /home/kap/ros2_ws/src/multipath_sim/install/multipath_sim/share/multipath_sim//models/hong_kong/media/baked_duion_plaster_stucco_01_D_exp.png_cfbc8e_pro_2161_exp.png
-- Installing: /home/kap/ros2_ws/src/multipath_sim/install/multipath_sim/share/multipath_sim//models/hong_kong/media/baked_cc0textures_bricks11_col_exp.jpg_7b422f_pro_6908_exp.png
-- Installing: /home/kap/ros2_ws/src/multipath_sim/install/multipath_sim/share/multipath_sim//models/hong_kong/media/baked_c8c2b6_concrete.png
-- Installing: /home/kap/ros2_ws/src/multipath_sim/install/multipath_sim/share/multipath_sim//models/hong_kong/media/baked_duion_bricks_classic_02_D_exp.png_7b422f_pro_2161_exp.png
-- Installing: /home/kap/ros2_ws/src/multipath_sim/install/multipath_sim/share/multipath_sim//models/hong_kong/media/baked_duion_plaster_sprinkled_01_D_exp.png_a3865f_pro_2157_exp.png
-- Installing: /home/kap/ros2_ws/src/multipath_sim/install/multipath_sim/share/multipath_sim//models/hong_kong/media/baked_5e2a31_metal.png
-- Installing: /home/kap/ros2_ws/src/multipath_sim/install/multipath_sim/share/multipath_sim//models/hong_kong/media/baked_cc0textures_bricks11_col_exp.jpg_c5765d_pro_2161_exp.png
-- Installing: /home/kap/ros2_ws/src/multipath_sim/install/multipath_sim/share/multipath_sim//models/hong_kong/media/baked_duion_plaster_sprinkled_01_D_exp.png_cfbc8e_pro_2901_exp.png
-- Installing: /home/kap/ros2_ws/src/multipath_sim/install/multipath_sim/share/multipath_sim//models/hong_kong/media/baked_duion_plaster_sprinkled_01_D_exp.png_cfbc8e_pro_2161_exp.png
-- Installing: /home/kap/ros2_ws/src/multipath_sim/install/multipath_sim/share/multipath_sim//models/hong_kong/media/baked_duion_plaster_stucco_01_D_exp.png_a3865f_pro_2161_exp.png
-- Installing: /home/kap/ros2_ws/src/multipath_sim/install/multipath_sim/share/multipath_sim//models/hong_kong/media/baked_duion_plaster_sprinkled_01_D_exp.png_cfbc8e_pro_6908_exp.png
-- Installing: /home/kap/ros2_ws/src/multipath_sim/install/multipath_sim/share/multipath_sim//models/hong_kong/media/baked_cfbc8e_plaster.png
-- Installing: /home/kap/ros2_ws/src/multipath_sim/install/multipath_sim/share/multipath_sim//models/hong_kong/media/baked_cc0textures_bricks11_col_exp.jpg_7b422f_pro_2157_exp.png
-- Installing: /home/kap/ros2_ws/src/multipath_sim/install/multipath_sim/share/multipath_sim//models/hong_kong/media/baked_c5765d_brick.png
-- Installing: /home/kap/ros2_ws/src/multipath_sim/install/multipath_sim/share/multipath_sim//models/hong_kong/media/baked_duion_bricks_classic_01_D_exp.png_c5765d_pro_2901_exp.png
-- Installing: /home/kap/ros2_ws/src/multipath_sim/install/multipath_sim/share/multipath_sim//models/hong_kong/media/baked_cc0textures_bricks11_col_exp.jpg_976c6b_pro_2901_exp.png
-- Installing: /home/kap/ros2_ws/src/multipath_sim/install/multipath_sim/share/multipath_sim//models/hong_kong/media/baked_duion_bricks_classic_02_D_exp.png_c5765d_pro_2353_exp.png
-- Installing: /home/kap/ros2_ws/src/multipath_sim/install/multipath_sim/share/multipath_sim//models/hong_kong/media/baked_duion_plaster_sprinkled_01_D_exp.png_cfbc8e_pro_2157_exp.png
-- Installing: /home/kap/ros2_ws/src/multipath_sim/install/multipath_sim/share/multipath_sim//models/hong_kong/media/buildings.dae
-- Installing: /home/kap/ros2_ws/src/multipath_sim/install/multipath_sim/share/multipath_sim//models/hong_kong/media/baked_duion_plaster_stucco_01_D_exp.png_cfbc8e_pro_2353_exp.png
-- Installing: /home/kap/ros2_ws/src/multipath_sim/install/multipath_sim/share/multipath_sim//models/hong_kong/media/baked_duion_plaster_stucco_01_D_exp.png_a3865f_pro_2157_exp.png
-- Installing: /home/kap/ros2_ws/src/multipath_sim/install/multipath_sim/share/multipath_sim//models/hong_kong/media/baked_c57a63_roof_tiles.png
-- Installing: /home/kap/ros2_ws/src/multipath_sim/install/multipath_sim/share/multipath_sim//models/hong_kong/media/baked_duion_plaster_stucco_01_D_exp.png_b8a594_pro_2157_exp.png
-- Installing: /home/kap/ros2_ws/src/multipath_sim/install/multipath_sim/share/multipath_sim//models/hong_kong/media/baked_494c57_metal.png
-- Installing: /home/kap/ros2_ws/src/multipath_sim/install/multipath_sim/share/multipath_sim//models/hong_kong/media/baked_duion_bricks_classic_02_D_exp.png_c5765d_pro_2161_exp.png
-- Installing: /home/kap/ros2_ws/src/multipath_sim/install/multipath_sim/share/multipath_sim//models/hong_kong/media/baked_duion_bricks_classic_01_D_exp.png_976c6b_pro_2353_exp.png
-- Installing: /home/kap/ros2_ws/src/multipath_sim/install/multipath_sim/share/multipath_sim//models/hong_kong/media/baked_818b8f_metal.png
-- Installing: /home/kap/ros2_ws/src/multipath_sim/install/multipath_sim/share/multipath_sim//models/hong_kong/media/baked_duion_bricks_classic_01_D_exp.png_976c6b_pro_2901_exp.png
-- Installing: /home/kap/ros2_ws/src/multipath_sim/install/multipath_sim/share/multipath_sim//models/hong_kong/media/baked_cc0textures_bricks11_col_exp.jpg_c5765d_pro_2353_exp.png
-- Installing: /home/kap/ros2_ws/src/multipath_sim/install/multipath_sim/share/multipath_sim//models/hong_kong/media/baked_duion_plaster_stucco_01_D_exp.png_cfbc8e_pro_2901_exp.png
-- Installing: /home/kap/ros2_ws/src/multipath_sim/install/multipath_sim/share/multipath_sim//models/hong_kong/media/baked_duion_bricks_classic_02_D_exp.png_7b422f_pro_2157_exp.png
-- Installing: /home/kap/ros2_ws/src/multipath_sim/install/multipath_sim/share/multipath_sim//models/hong_kong/media/baked_duion_bricks_classic_02_D_exp.png_976c6b_pro_2161_exp.png
-- Installing: /home/kap/ros2_ws/src/multipath_sim/install/multipath_sim/share/multipath_sim//models/hong_kong/media/baked_cc0textures_bricks11_col_exp.jpg_7b422f_pro_2353_exp.png
-- Installing: /home/kap/ros2_ws/src/multipath_sim/install/multipath_sim/share/multipath_sim//models/hong_kong/media/baked_cc0textures_bricks11_col_exp.jpg_c5765d_pro_2901_exp.png
-- Installing: /home/kap/ros2_ws/src/multipath_sim/install/multipath_sim/share/multipath_sim//models/hong_kong/media/baked_a3865f_plaster.png
-- Installing: /home/kap/ros2_ws/src/multipath_sim/install/multipath_sim/share/multipath_sim//models/hong_kong/media/baked_duion_bricks_classic_01_D_exp.png_7b422f_pro_2161_exp.png
-- Installing: /home/kap/ros2_ws/src/multipath_sim/install/multipath_sim/share/multipath_sim//models/hong_kong/media/baked_duion_bricks_classic_01_D_exp.png_7b422f_pro_2353_exp.png
-- Installing: /home/kap/ros2_ws/src/multipath_sim/install/multipath_sim/share/multipath_sim//models/hong_kong/media/baked_duion_bricks_classic_02_D_exp.png_7b422f_pro_6908_exp.png
-- Installing: /home/kap/ros2_ws/src/multipath_sim/install/multipath_sim/share/multipath_sim//models/hong_kong/media/baked_duion_bricks_classic_02_D_exp.png_7b422f_pro_2901_exp.png
-- Installing: /home/kap/ros2_ws/src/multipath_sim/install/multipath_sim/share/multipath_sim//models/hong_kong/media/baked_duion_plaster_sprinkled_01_D_exp.png_b8a594_pro_2901_exp.png
-- Installing: /home/kap/ros2_ws/src/multipath_sim/install/multipath_sim/share/multipath_sim//models/hong_kong/media/baked_duion_plaster_stucco_01_D_exp.png_cfbc8e_pro_2157_exp.png
-- Installing: /home/kap/ros2_ws/src/multipath_sim/install/multipath_sim/share/multipath_sim//models/hong_kong/media/baked_duion_plaster_stucco_01_D_exp.png_ff0000_pro_2353_exp.png
-- Installing: /home/kap/ros2_ws/src/multipath_sim/install/multipath_sim/share/multipath_sim//models/hong_kong/media/baked_duion_plaster_stucco_01_D_exp.png_a3865f_pro_2901_exp.png
-- Installing: /home/kap/ros2_ws/src/multipath_sim/install/multipath_sim/share/multipath_sim//models/hong_kong/media/baked_cc0textures_bricks11_col_exp.jpg_976c6b_pro_6908_exp.png
-- Installing: /home/kap/ros2_ws/src/multipath_sim/install/multipath_sim/share/multipath_sim//models/hong_kong/media/baked_duion_bricks_classic_01_D_exp.png_c5765d_pro_2353_exp.png
-- Installing: /home/kap/ros2_ws/src/multipath_sim/install/multipath_sim/share/multipath_sim//models/hong_kong/media/baked_duion_bricks_classic_01_D_exp.png_976c6b_pro_2161_exp.png
-- Installing: /home/kap/ros2_ws/src/multipath_sim/install/multipath_sim/share/multipath_sim//models/hong_kong/media/baked_duion_plaster_sprinkled_01_D_exp.png_b8a594_pro_6908_exp.png
-- Installing: /home/kap/ros2_ws/src/multipath_sim/install/multipath_sim/share/multipath_sim//models/hong_kong/media/baked_duion_plaster_stucco_01_D_exp.png_b8a594_pro_2353_exp.png
-- Installing: /home/kap/ros2_ws/src/multipath_sim/install/multipath_sim/share/multipath_sim//models/hong_kong/media/terrain.dae
-- Installing: /home/kap/ros2_ws/src/multipath_sim/install/multipath_sim/share/multipath_sim//models/hong_kong/media/overlay.png
-- Installing: /home/kap/ros2_ws/src/multipath_sim/install/multipath_sim/share/multipath_sim//models/hong_kong/media/baked_duion_bricks_classic_02_D_exp.png_976c6b_pro_2353_exp.png
-- Installing: /home/kap/ros2_ws/src/multipath_sim/install/multipath_sim/share/multipath_sim//models/hong_kong/media/baked_duion_plaster_stucco_01_D_exp.png_a3865f_pro_2353_exp.png
-- Installing: /home/kap/ros2_ws/src/multipath_sim/install/multipath_sim/share/multipath_sim//models/hong_kong/media/baked_cc0textures_bricks11_col_exp.jpg_7b422f_pro_2901_exp.png
-- Installing: /home/kap/ros2_ws/src/multipath_sim/install/multipath_sim/share/multipath_sim//models/hong_kong/media/baked_8a5c4d_roof_tiles.png
-- Installing: /home/kap/ros2_ws/src/multipath_sim/install/multipath_sim/share/multipath_sim//models/hong_kong/media/baked_duion_plaster_sprinkled_01_D_exp.png_cfbc8e_pro_2353_exp.png
-- Installing: /home/kap/ros2_ws/src/multipath_sim/install/multipath_sim/share/multipath_sim//models/hong_kong/media/baked_duion_bricks_classic_02_D_exp.png_c5765d_pro_6908_exp.png
-- Installing: /home/kap/ros2_ws/src/multipath_sim/install/multipath_sim/share/multipath_sim//models/hong_kong/media/baked_duion_bricks_classic_02_D_exp.png_976c6b_pro_2901_exp.png
-- Installing: /home/kap/ros2_ws/src/multipath_sim/install/multipath_sim/share/multipath_sim//models/hong_kong/media/baked_duion_plaster_sprinkled_01_D_exp.png_b8a594_pro_2161_exp.png
-- Installing: /home/kap/ros2_ws/src/multipath_sim/install/multipath_sim/share/multipath_sim//models/hong_kong/media/baked_duion_bricks_classic_02_D_exp.png_7b422f_pro_2353_exp.png
-- Installing: /home/kap/ros2_ws/src/multipath_sim/install/multipath_sim/share/multipath_sim//models/hong_kong/media/baked_7b422f_brick.png
-- Installing: /home/kap/ros2_ws/src/multipath_sim/install/multipath_sim/share/multipath_sim//models/hong_kong/media/baked_duion_plaster_sprinkled_01_D_exp.png_a3865f_pro_2901_exp.png
-- Installing: /home/kap/ros2_ws/src/multipath_sim/install/multipath_sim/share/multipath_sim//models/hong_kong/media/baked_duion_plaster_stucco_01_D_exp.png_cfbc8e_pro_6908_exp.png
-- Installing: /home/kap/ros2_ws/src/multipath_sim/install/multipath_sim/share/multipath_sim//models/hong_kong/media/baked_duion_plaster_stucco_01_D_exp.png_d4af37_pro_2353_exp.png
-- Installing: /home/kap/ros2_ws/src/multipath_sim/install/multipath_sim/share/multipath_sim//models/hong_kong/media/baked_b8a594_plaster.png
-- Installing: /home/kap/ros2_ws/src/multipath_sim/install/multipath_sim/share/multipath_sim//models/hong_kong/media/baked_b2b2a6_concrete.png
-- Installing: /home/kap/ros2_ws/src/multipath_sim/install/multipath_sim/share/multipath_sim//models/hong_kong/media/baked_duion_plaster_sprinkled_01_D_exp.png_b8a594_pro_2353_exp.png
-- Installing: /home/kap/ros2_ws/src/multipath_sim/install/multipath_sim/share/multipath_sim//models/hong_kong/media/baked_duion_bricks_classic_01_D_exp.png_7b422f_pro_2901_exp.png
-- Installing: /home/kap/ros2_ws/src/multipath_sim/install/multipath_sim/share/multipath_sim//models/hong_kong/media/baked_duion_bricks_classic_02_D_exp.png_976c6b_pro_2157_exp.png
-- Installing: /home/kap/ros2_ws/src/multipath_sim/install/multipath_sim/share/multipath_sim//models/hong_kong/media/baked_duion_plaster_stucco_01_D_exp.png_b8a594_pro_2161_exp.png
-- Installing: /home/kap/ros2_ws/src/multipath_sim/install/multipath_sim/share/multipath_sim//models/hong_kong/media/baked_duion_bricks_classic_01_D_exp.png_7b422f_pro_2157_exp.png
-- Installing: /home/kap/ros2_ws/src/multipath_sim/install/multipath_sim/share/multipath_sim//models/hong_kong/media/baked_duion_plaster_sprinkled_01_D_exp.png_a3865f_pro_2353_exp.png
-- Installing: /home/kap/ros2_ws/src/multipath_sim/install/multipath_sim/share/multipath_sim//models/hong_kong/media/overlay_old
-- Installing: /home/kap/ros2_ws/src/multipath_sim/install/multipath_sim/share/multipath_sim//models/hong_kong/media/overlay_old/overlay.png
-- Installing: /home/kap/ros2_ws/src/multipath_sim/install/multipath_sim/share/multipath_sim//models/hong_kong/media/baked_duion_bricks_classic_02_D_exp.png_c5765d_pro_2157_exp.png
-- Installing: /home/kap/ros2_ws/src/multipath_sim/install/multipath_sim/share/multipath_sim//launch
-- Installing: /home/kap/ros2_ws/src/multipath_sim/install/multipath_sim/share/multipath_sim//launch/test.launch.py
-- Installing: /home/kap/ros2_ws/src/multipath_sim/install/multipath_sim/share/multipath_sim//launch/abu_dhabi_sim.launch
-- Installing: /home/kap/ros2_ws/src/multipath_sim/install/multipath_sim/share/multipath_sim//launch/hong_kong.launch.py
-- Installing: /home/kap/ros2_ws/src/multipath_sim/install/multipath_sim/share/multipath_sim//launch/bag.launch
-- Installing: /home/kap/ros2_ws/src/multipath_sim/install/multipath_sim/share/multipath_sim//launch/multipath_live_test.launch
-- Installing: /home/kap/ros2_ws/src/multipath_sim/install/multipath_sim/share/multipath_sim//launch/abu_dhabi.launch.py
-- Installing: /home/kap/ros2_ws/src/multipath_sim/install/multipath_sim/share/multipath_sim//launch/hong_kong.launch
-- Installing: /home/kap/ros2_ws/src/multipath_sim/install/multipath_sim/share/multipath_sim//config
-- Installing: /home/kap/ros2_ws/src/multipath_sim/install/multipath_sim/share/multipath_sim//config/multipath_sim.rviz
-- Installing: /home/kap/ros2_ws/src/multipath_sim/install/multipath_sim/share/multipath_sim//config/qualisys.rviz
-- Installing: /home/kap/ros2_ws/src/multipath_sim/install/multipath_sim/share/multipath_sim//config/hk_sim.rviz
-- Installing: /home/kap/ros2_ws/src/multipath_sim/install/multipath_sim/lib//data
-- Installing: /home/kap/ros2_ws/src/multipath_sim/install/multipath_sim/lib//data/hk_nominal_traj.csv
-- Installing: /home/kap/ros2_ws/src/multipath_sim/install/multipath_sim/lib//data/hk_attack_traj.csv
-- Installing: /home/kap/ros2_ws/src/multipath_sim/install/multipath_sim/lib//data/hksc135c.21n
-- Installing: /home/kap/ros2_ws/src/multipath_sim/install/multipath_sim/lib//data/map.png
-- Installing: /home/kap/ros2_ws/src/multipath_sim/install/multipath_sim/lib//data/hk_data
-- Installing: /home/kap/ros2_ws/src/multipath_sim/install/multipath_sim/lib//data/hk_data/20210517.light-urban.tste.xiaomi.mi8.nmea
-- Installing: /home/kap/ros2_ws/src/multipath_sim/install/multipath_sim/lib//data/hk_data/20210517.light-urban.tste.ublox.m8t.GR.obs
-- Installing: /home/kap/ros2_ws/src/multipath_sim/install/multipath_sim/lib//data/hk_data/20210517.light-urban.tste.google.pixel4.obs
-- Installing: /home/kap/ros2_ws/src/multipath_sim/install/multipath_sim/lib//data/hk_data/20210517.light-urban.tste.novatel.flexpak6.obs
-- Installing: /home/kap/ros2_ws/src/multipath_sim/install/multipath_sim/lib//data/hk_data/20210517.light-urban.tste.ublox.f9p.splitter.obs
-- Installing: /home/kap/ros2_ws/src/multipath_sim/install/multipath_sim/lib//data/hk_data/20210517.light-urban.tste.huawei.p40pro.obs
-- Installing: /home/kap/ros2_ws/src/multipath_sim/install/multipath_sim/lib//data/hk_data/20210517.light-urban.tste.ublox.m8t.GR.nmea
-- Installing: /home/kap/ros2_ws/src/multipath_sim/install/multipath_sim/lib//data/hk_data/20210517.light-urban.tste.xiaomi.mi8.obs
-- Installing: /home/kap/ros2_ws/src/multipath_sim/install/multipath_sim/lib//data/hk_data/20210517.light-urban.tste.ublox.m8t.GEJ.obs
-- Installing: /home/kap/ros2_ws/src/multipath_sim/install/multipath_sim/lib//data/hk_data/20210517.light-urban.tste.ublox.m8t.GEJ.nmea
-- Installing: /home/kap/ros2_ws/src/multipath_sim/install/multipath_sim/lib//data/hk_data/20210517.light-urban.tste.ublox.m8t.GC.nmea
-- Installing: /home/kap/ros2_ws/src/multipath_sim/install/multipath_sim/lib//data/hk_data/20210517.light-urban.tste.samsung.note8.obs
-- Installing: /home/kap/ros2_ws/src/multipath_sim/install/multipath_sim/lib//data/hk_data/20210517.light-urban.tste.ublox.f9p.obs
-- Installing: /home/kap/ros2_ws/src/multipath_sim/install/multipath_sim/lib//data/hk_data/20210517.light-urban.tste.ublox.f9p.nmea
-- Installing: /home/kap/ros2_ws/src/multipath_sim/install/multipath_sim/lib//data/hk_data/20210517.light-urban.tste.huawei.p40pro.nmea
-- Installing: /home/kap/ros2_ws/src/multipath_sim/install/multipath_sim/lib//data/hk_data/20210517.light-urban.tste.samsung.note8.nmea
-- Installing: /home/kap/ros2_ws/src/multipath_sim/install/multipath_sim/lib//data/hk_data/20210517.light-urban.tste.ublox.m8t.GC.obs
-- Installing: /home/kap/ros2_ws/src/multipath_sim/install/multipath_sim/lib//data/hk_data/20210517.light-urban.tste.ublox.f9p.splitter.nmea
-- Installing: /home/kap/ros2_ws/src/multipath_sim/install/multipath_sim/lib//data/hk_data/20210517.light-urban.tste.google.pixel4.nmea
-- Installing: /home/kap/ros2_ws/src/multipath_sim/install/multipath_sim/lib//data/topic_list.txt
-- Installing: /home/kap/ros2_ws/src/multipath_sim/install/multipath_sim/lib//data/hk_data_car_gps_log.json
-- Installing: /home/kap/ros2_ws/src/multipath_sim/install/multipath_sim/lib//data/hk_data_affect_pos_heatmap.json
-- Installing: /home/kap/ros2_ws/src/multipath_sim/install/multipath_sim/lib//data/hk_data_sv_mean.json
-- Installing: /home/kap/ros2_ws/src/multipath_sim/install/multipath_sim/lib//data/pos_data_log.json
-- Installing: /home/kap/ros2_ws/src/multipath_sim/install/multipath_sim/lib//data/car_ground_truth.json
-- Installing: /home/kap/ros2_ws/src/multipath_sim/install/multipath_sim/lib//data/1_lightUrban_tsimShaTsuiEast_20210517.zip
-- Installing: /home/kap/ros2_ws/src/multipath_sim/install/multipath_sim/lib//data/hk_data_affect_pos.json
-- Installing: /home/kap/ros2_ws/src/multipath_sim/install/multipath_sim/lib//data/hk_data_heatmap.json
-- Installing: /home/kap/ros2_ws/src/multipath_sim/install/multipath_sim/lib//data/hk_map_bounds.txt
-- Up-to-date: /home/kap/ros2_ws/src/multipath_sim/install/multipath_sim/lib/python3.8/site-packages/multipath_sim
-- Installing: /home/kap/ros2_ws/src/multipath_sim/install/multipath_sim/lib/python3.8/site-packages/multipath_sim/coord.py
-- Installing: /home/kap/ros2_ws/src/multipath_sim/install/multipath_sim/lib/python3.8/site-packages/multipath_sim/trialteration.py
-- Installing: /home/kap/ros2_ws/src/multipath_sim/install/multipath_sim/lib/python3.8/site-packages/multipath_sim/__init__.py
-- Installing: /home/kap/ros2_ws/src/multipath_sim/install/multipath_sim/lib/python3.8/site-packages/multipath_sim/kalman_filter.py
-- Installing: /home/kap/ros2_ws/src/multipath_sim/install/multipath_sim/lib/python3.8/site-packages/multipath_sim/sat_pos.py
Listing '/home/kap/ros2_ws/src/multipath_sim/install/multipath_sim/lib/python3.8/site-packages/multipath_sim'...
Compiling '/home/kap/ros2_ws/src/multipath_sim/install/multipath_sim/lib/python3.8/site-packages/multipath_sim/__init__.py'...
Compiling '/home/kap/ros2_ws/src/multipath_sim/install/multipath_sim/lib/python3.8/site-packages/multipath_sim/coord.py'...
Compiling '/home/kap/ros2_ws/src/multipath_sim/install/multipath_sim/lib/python3.8/site-packages/multipath_sim/kalman_filter.py'...
Listing '/home/kap/ros2_ws/src/multipath_sim/install/multipath_sim/lib/python3.8/site-packages/multipath_sim/msg'...
Compiling '/home/kap/ros2_ws/src/multipath_sim/install/multipath_sim/lib/python3.8/site-packages/multipath_sim/msg/__init__.py'...
Compiling '/home/kap/ros2_ws/src/multipath_sim/install/multipath_sim/lib/python3.8/site-packages/multipath_sim/msg/_multipath_offset.py'...
Compiling '/home/kap/ros2_ws/src/multipath_sim/install/multipath_sim/lib/python3.8/site-packages/multipath_sim/sat_pos.py'...
Compiling '/home/kap/ros2_ws/src/multipath_sim/install/multipath_sim/lib/python3.8/site-packages/multipath_sim/trialteration.py'...
-- Installing: /home/kap/ros2_ws/src/multipath_sim/install/multipath_sim/lib/multipath_sim/set_model_state.py
-- Installing: /home/kap/ros2_ws/src/multipath_sim/install/multipath_sim/lib/multipath_sim/set_model_state_heatmap.py
-- Installing: /home/kap/ros2_ws/src/multipath_sim/install/multipath_sim/lib/multipath_sim/stream_skycam.py
-- Installing: /home/kap/ros2_ws/src/multipath_sim/install/multipath_sim/lib/multipath_sim/broadcast_pos.py
-- Installing: /home/kap/ros2_ws/src/multipath_sim/install/multipath_sim/lib/multipath_sim/broadcast_pos_heatmap.py
-- Installing: /home/kap/ros2_ws/src/multipath_sim/install/multipath_sim/share/ament_index/resource_index/package_run_dependencies/multipath_sim
-- Installing: /home/kap/ros2_ws/src/multipath_sim/install/multipath_sim/share/ament_index/resource_index/parent_prefix_path/multipath_sim
-- Installing: /home/kap/ros2_ws/src/multipath_sim/install/multipath_sim/share/multipath_sim/environment/ament_prefix_path.sh
-- Installing: /home/kap/ros2_ws/src/multipath_sim/install/multipath_sim/share/multipath_sim/environment/ament_prefix_path.dsv
-- Installing: /home/kap/ros2_ws/src/multipath_sim/install/multipath_sim/share/multipath_sim/environment/path.sh
-- Installing: /home/kap/ros2_ws/src/multipath_sim/install/multipath_sim/share/multipath_sim/environment/path.dsv
-- Installing: /home/kap/ros2_ws/src/multipath_sim/install/multipath_sim/share/multipath_sim/local_setup.bash
-- Installing: /home/kap/ros2_ws/src/multipath_sim/install/multipath_sim/share/multipath_sim/local_setup.sh
-- Installing: /home/kap/ros2_ws/src/multipath_sim/install/multipath_sim/share/multipath_sim/local_setup.zsh
-- Installing: /home/kap/ros2_ws/src/multipath_sim/install/multipath_sim/share/multipath_sim/local_setup.dsv
-- Installing: /home/kap/ros2_ws/src/multipath_sim/install/multipath_sim/share/multipath_sim/package.dsv
-- Installing: /home/kap/ros2_ws/src/multipath_sim/install/multipath_sim/share/ament_index/resource_index/packages/multipath_sim
-- Installing: /home/kap/ros2_ws/src/multipath_sim/install/multipath_sim/share/multipath_sim/cmake/multipath_sim__rosidl_generator_cExport.cmake
-- Installing: /home/kap/ros2_ws/src/multipath_sim/install/multipath_sim/share/multipath_sim/cmake/multipath_sim__rosidl_generator_cExport-noconfig.cmake
-- Installing: /home/kap/ros2_ws/src/multipath_sim/install/multipath_sim/share/multipath_sim/cmake/multipath_sim__rosidl_typesupport_introspection_cExport.cmake
-- Installing: /home/kap/ros2_ws/src/multipath_sim/install/multipath_sim/share/multipath_sim/cmake/multipath_sim__rosidl_typesupport_introspection_cExport-noconfig.cmake
-- Installing: /home/kap/ros2_ws/src/multipath_sim/install/multipath_sim/share/multipath_sim/cmake/multipath_sim__rosidl_typesupport_cExport.cmake
-- Installing: /home/kap/ros2_ws/src/multipath_sim/install/multipath_sim/share/multipath_sim/cmake/multipath_sim__rosidl_typesupport_cExport-noconfig.cmake
-- Installing: /home/kap/ros2_ws/src/multipath_sim/install/multipath_sim/share/multipath_sim/cmake/multipath_sim__rosidl_generator_cppExport.cmake
-- Installing: /home/kap/ros2_ws/src/multipath_sim/install/multipath_sim/share/multipath_sim/cmake/multipath_sim__rosidl_typesupport_introspection_cppExport.cmake
-- Installing: /home/kap/ros2_ws/src/multipath_sim/install/multipath_sim/share/multipath_sim/cmake/multipath_sim__rosidl_typesupport_introspection_cppExport-noconfig.cmake
-- Installing: /home/kap/ros2_ws/src/multipath_sim/install/multipath_sim/share/multipath_sim/cmake/multipath_sim__rosidl_typesupport_cppExport.cmake
-- Installing: /home/kap/ros2_ws/src/multipath_sim/install/multipath_sim/share/multipath_sim/cmake/multipath_sim__rosidl_typesupport_cppExport-noconfig.cmake
-- Installing: /home/kap/ros2_ws/src/multipath_sim/install/multipath_sim/share/multipath_sim/cmake/rosidl_cmake-extras.cmake
-- Installing: /home/kap/ros2_ws/src/multipath_sim/install/multipath_sim/share/multipath_sim/cmake/ament_cmake_export_dependencies-extras.cmake
-- Installing: /home/kap/ros2_ws/src/multipath_sim/install/multipath_sim/share/multipath_sim/cmake/ament_cmake_export_libraries-extras.cmake
-- Installing: /home/kap/ros2_ws/src/multipath_sim/install/multipath_sim/share/multipath_sim/cmake/ament_cmake_export_targets-extras.cmake
-- Installing: /home/kap/ros2_ws/src/multipath_sim/install/multipath_sim/share/multipath_sim/cmake/ament_cmake_export_include_directories-extras.cmake
-- Installing: /home/kap/ros2_ws/src/multipath_sim/install/multipath_sim/share/multipath_sim/cmake/rosidl_cmake_export_typesupport_libraries-extras.cmake
-- Installing: /home/kap/ros2_ws/src/multipath_sim/install/multipath_sim/share/multipath_sim/cmake/rosidl_cmake_export_typesupport_targets-extras.cmake
-- Installing: /home/kap/ros2_ws/src/multipath_sim/install/multipath_sim/share/multipath_sim/cmake/multipath_simConfig.cmake
-- Installing: /home/kap/ros2_ws/src/multipath_sim/install/multipath_sim/share/multipath_sim/cmake/multipath_simConfig-version.cmake
-- Installing: /home/kap/ros2_ws/src/multipath_sim/install/multipath_sim/share/multipath_sim/package.xml
