[0.010s] Invoking command in '/home/kap/ros2_ws/src/multipath_sim/build/multipath_sim': CMAKE_PREFIX_PATH=${CMAKE_PREFIX_PATH}:/opt/ros/foxy /usr/bin/cmake /home/kap/ros2_ws/src/multipath_sim -DCMAKE_INSTALL_PREFIX=/home/kap/ros2_ws/src/multipath_sim/install/multipath_sim
[0.093s] -- The C compiler identification is GNU 9.4.0
[0.153s] -- The CXX compiler identification is GNU 9.4.0
[0.156s] -- Check for working C compiler: /usr/bin/cc
[0.204s] -- Check for working C compiler: /usr/bin/cc -- works
[0.206s] -- Detecting C compiler ABI info
[0.258s] -- Detecting C compiler ABI info - done
[0.265s] -- Detecting C compile features
[0.265s] -- Detecting C compile features - done
[0.267s] -- Check for working CXX compiler: /usr/bin/c++
[0.317s] -- Check for working CXX compiler: /usr/bin/c++ -- works
[0.318s] -- Detecting CXX compiler ABI info
[0.369s] -- Detecting CXX compiler ABI info - done
[0.377s] -- Detecting CXX compile features
[0.377s] -- Detecting CXX compile features - done
[0.378s] -- Found rosidl_default_generators: 1.0.1 (/opt/ros/foxy/share/rosidl_default_generators/cmake)
[0.379s] -- Found ament_cmake_core: 0.9.11 (/opt/ros/foxy/share/ament_cmake_core/cmake)
[0.394s] -- Found PythonInterp: /usr/bin/python3 (found suitable version "3.8.10", minimum required is "3") 
[0.394s] -- Using PYTHON_EXECUTABLE: /usr/bin/python3
[0.508s] -- Using all available rosidl_typesupport_c: rosidl_typesupport_fastrtps_c;rosidl_typesupport_introspection_c
[0.523s] -- Found rosidl_adapter: 1.3.0 (/opt/ros/foxy/share/rosidl_adapter/cmake)
[0.606s] -- Found OpenSSL: /usr/lib/x86_64-linux-gnu/libcrypto.so (found version "1.1.1f")  
[0.627s] -- Found FastRTPS: /opt/ros/foxy/include  
[0.680s] -- Using all available rosidl_typesupport_cpp: rosidl_typesupport_fastrtps_cpp;rosidl_typesupport_introspection_cpp
[0.697s] -- Found builtin_interfaces: 1.0.0 (/opt/ros/foxy/share/builtin_interfaces/cmake)
[0.705s] -- Found std_msgs: 2.0.5 (/opt/ros/foxy/share/std_msgs/cmake)
[0.717s] -- Found sensor_msgs: 2.0.5 (/opt/ros/foxy/share/sensor_msgs/cmake)
[0.811s] -- Found rclcpp: 2.4.2 (/opt/ros/foxy/share/rclcpp/cmake)
[0.840s] -- Found rmw_implementation_cmake: 1.0.3 (/opt/ros/foxy/share/rmw_implementation_cmake/cmake)
[0.841s] -- Using RMW implementation 'rmw_fastrtps_cpp' as default
[0.842s] -- Looking for pthread.h
[0.890s] -- Looking for pthread.h - found
[0.890s] -- Performing Test CMAKE_HAVE_LIBC_PTHREAD
[0.938s] -- Performing Test CMAKE_HAVE_LIBC_PTHREAD - Failed
[0.938s] -- Looking for pthread_create in pthreads
[0.977s] -- Looking for pthread_create in pthreads - not found
[0.977s] -- Looking for pthread_create in pthread
[1.024s] -- Looking for pthread_create in pthread - found
[1.025s] -- Found Threads: TRUE  
[1.120s] -- Found rclpy: 1.0.11 (/opt/ros/foxy/share/rclpy/cmake)
[1.122s] -- Found gazebo_ros: 3.5.3 (/opt/ros/foxy/share/gazebo_ros/cmake)
[1.129s] -- Found PkgConfig: /usr/bin/pkg-config (found version "0.29.1") 
[1.130s] -- Checking for module 'bullet>=2.82'
[1.140s] --   Found bullet, version 2.88
[1.217s] -- Found ccd: /usr/include (found suitable version "2.0", minimum required is "2.0") 
[1.253s] -- Found fcl: /usr/include (found suitable version "0.5.0", minimum required is "0.3.2") 
[1.288s] -- Found assimp: /usr/include (found version "5.0.0") 
[1.306s] -- Found DART: /usr/include (Required is at least version "6.6") found components: dart 
[1.327s] -- Found Boost: /usr/lib/x86_64-linux-gnu/cmake/Boost-1.71.0/BoostConfig.cmake (found suitable version "1.71.0", minimum required is "1.40.0") found components: thread system filesystem program_options regex iostreams date_time 
[1.339s] -- Found Protobuf: /usr/lib/x86_64-linux-gnu/libprotobuf.so;-lpthread (found version "3.6.1") 
[1.342s] -- Looking for ignition-math6 -- found version 6.13.0
[1.346s] -- Searching for dependencies of ignition-math6
[1.348s] -- Looking for OGRE...
[1.348s] -- OGRE_PREFIX_WATCH changed.
[1.352s] -- Checking for module 'OGRE'
[1.363s] --   Found OGRE, version 1.9.0
[1.390s] -- Found Ogre Ghadamon (1.9.0)
[1.398s] -- Found OGRE: optimized;/usr/lib/x86_64-linux-gnu/libOgreMain.so;debug;/usr/lib/x86_64-linux-gnu/libOgreMain.so
[1.410s] -- Looking for OGRE_Paging...
[1.417s] -- Found OGRE_Paging: optimized;/usr/lib/x86_64-linux-gnu/libOgrePaging.so;debug;/usr/lib/x86_64-linux-gnu/libOgrePaging.so
[1.417s] -- Looking for OGRE_Terrain...
[1.423s] -- Found OGRE_Terrain: optimized;/usr/lib/x86_64-linux-gnu/libOgreTerrain.so;debug;/usr/lib/x86_64-linux-gnu/libOgreTerrain.so
[1.423s] -- Looking for OGRE_Property...
[1.429s] -- Found OGRE_Property: optimized;/usr/lib/x86_64-linux-gnu/libOgreProperty.so;debug;/usr/lib/x86_64-linux-gnu/libOgreProperty.so
[1.429s] -- Looking for OGRE_RTShaderSystem...
[1.435s] -- Found OGRE_RTShaderSystem: optimized;/usr/lib/x86_64-linux-gnu/libOgreRTShaderSystem.so;debug;/usr/lib/x86_64-linux-gnu/libOgreRTShaderSystem.so
[1.435s] -- Looking for OGRE_Volume...
[1.439s] -- Found OGRE_Volume: optimized;/usr/lib/x86_64-linux-gnu/libOgreVolume.so;debug;/usr/lib/x86_64-linux-gnu/libOgreVolume.so
[1.439s] -- Looking for OGRE_Overlay...
[1.443s] -- Found OGRE_Overlay: optimized;/usr/lib/x86_64-linux-gnu/libOgreOverlay.so;debug;/usr/lib/x86_64-linux-gnu/libOgreOverlay.so
[1.521s] -- Looking for ignition-math6 -- found version 6.13.0
[1.522s] -- Looking for ignition-transport8 -- found version 8.3.0
[1.522s] -- Searching for dependencies of ignition-transport8
[1.534s] -- Found Protobuf: /usr/lib/x86_64-linux-gnu/libprotobuf.so;-lpthread (found suitable version "3.6.1", minimum required is "3") 
[1.541s] -- Config-file not installed for ZeroMQ -- checking for pkg-config
[1.544s] -- Checking for module 'libzmq >= 4'
[1.554s] --   Found libzmq , version 4.3.2
[1.578s] -- Found ZeroMQ: TRUE (Required is at least version "4") 
[1.582s] -- Checking for module 'uuid'
[1.592s] --   Found uuid, version 2.34.0
[1.616s] -- Found UUID: TRUE  
[1.626s] -- Looking for ignition-msgs5 -- found version 5.10.0
[1.627s] -- Searching for dependencies of ignition-msgs5
[1.650s] -- Looking for ignition-math6 -- found version 6.13.0
[1.653s] -- Checking for module 'tinyxml2'
[1.663s] --   Found tinyxml2, version 6.2.0
[1.689s] -- Looking for ignition-msgs5 -- found version 5.10.0
[1.691s] -- Looking for ignition-common3 -- found version 3.14.2
[1.691s] -- Searching for dependencies of ignition-common3
[1.691s] -- Looking for dlfcn.h - found
[1.692s] -- Looking for libdl - found
[1.693s] -- Found DL: TRUE  
[1.700s] -- Searching for <ignition-common3> component [graphics]
[1.701s] -- Looking for ignition-common3-graphics -- found version 3.14.2
[1.701s] -- Searching for dependencies of ignition-common3-graphics
[1.701s] -- Looking for ignition-math6 -- found version 6.13.0
[1.703s] -- Looking for ignition-fuel_tools4 -- found version 4.6.0
[1.703s] -- Searching for dependencies of ignition-fuel_tools4
[1.753s] -- Found CURL: /usr/lib/x86_64-linux-gnu/libcurl.so (found version "7.68.0")  
[1.759s] -- Checking for module 'jsoncpp'
[1.769s] --   Found jsoncpp, version 1.7.4
[1.792s] -- Found JSONCPP: TRUE  
[1.796s] -- Checking for module 'libzip'
[1.804s] --   Found libzip, version 1.5.1
[1.826s] -- Found ZIP: TRUE  
[1.826s] -- Looking for ignition-common3 -- found version 3.14.2
[1.827s] -- Looking for ignition-math6 -- found version 6.13.0
[1.827s] -- Looking for ignition-msgs5 -- found version 5.10.0
[1.828s] -- Gazebo version: 11.11
[1.832s] -- Found gazebo_plugins: 3.5.3 (/opt/ros/foxy/share/gazebo_plugins/cmake)
[2.031s] -- Found PythonInterp: /usr/bin/python3 (found version "3.8.10") 
[2.128s] -- Found ament_cmake_ros: 0.9.2 (/opt/ros/foxy/share/ament_cmake_ros/cmake)
[2.244s] -- Using all available rosidl_typesupport_c: rosidl_typesupport_fastrtps_c;rosidl_typesupport_introspection_c
[2.282s] -- Using all available rosidl_typesupport_cpp: rosidl_typesupport_fastrtps_cpp;rosidl_typesupport_introspection_cpp
[2.300s] -- Found PythonInterp: /usr/bin/python3 (found suitable version "3.8.10", minimum required is "3.5") 
[2.300s] -- Found python_cmake_module: 0.8.1 (/opt/ros/foxy/share/python_cmake_module/cmake)
[2.319s] -- Found PythonLibs: /usr/lib/x86_64-linux-gnu/libpython3.8.so (found suitable version "3.8.10", minimum required is "3.5") 
[2.319s] -- Using PYTHON_EXECUTABLE: /usr/bin/python3
[2.319s] -- Using PYTHON_INCLUDE_DIRS: /usr/include/python3.8
[2.319s] -- Using PYTHON_LIBRARIES: /usr/lib/x86_64-linux-gnu/libpython3.8.so
[2.337s] -- Found PythonExtra: .so  
[2.379s] -- Found ament_lint_auto: 0.9.7 (/opt/ros/foxy/share/ament_lint_auto/cmake)
[2.409s] -- Added test 'copyright' to check source files copyright and LICENSE
[2.425s] -- Added test 'cppcheck' to perform static code analysis on C / C++ code
[2.429s] -- Configured cppcheck include dirs: /home/kap/ros2_ws/src/multipath_sim/include;$<BUILD_INTERFACE:/home/kap/ros2_ws/src/multipath_sim/include>;$<BUILD_INTERFACE:/home/kap/ros2_ws/src/multipath_sim/build/multipath_sim/rosidl_generator_cpp>;$<BUILD_INTERFACE:/home/kap/ros2_ws/src/multipath_sim/build/multipath_sim/rosidl_generator_c>;/home/kap/ros2_ws/src/multipath_sim/build/multipath_sim/rosidl_generator_c;/home/kap/ros2_ws/src/multipath_sim/build/multipath_sim/rosidl_generator_cpp;/home/kap/ros2_ws/src/multipath_sim/build/multipath_sim/rosidl_typesupport_fastrtps_c;/home/kap/ros2_ws/src/multipath_sim/build/multipath_sim/rosidl_typesupport_fastrtps_cpp;$<BUILD_INTERFACE:/home/kap/ros2_ws/src/multipath_sim/build/multipath_sim/rosidl_typesupport_introspection_c>;$<BUILD_INTERFACE:/home/kap/ros2_ws/src/multipath_sim/build/multipath_sim/rosidl_typesupport_c>;/home/kap/ros2_ws/src/multipath_sim/build/multipath_sim/rosidl_generator_py
[2.429s] -- Configured cppcheck exclude dirs and/or files: 
[2.444s] -- Added test 'cpplint' to check C / C++ code against the Google style
[2.445s] -- Configured cpplint exclude dirs and/or files: 
[2.447s] -- Added test 'flake8' to check Python code syntax and style conventions
[2.451s] -- Added test 'lint_cmake' to check CMake code style
[2.453s] -- Added test 'pep257' to check Python code against some of the style conventions in PEP 257
[2.469s] -- Added test 'uncrustify' to check C / C++ code style
[2.469s] -- Configured uncrustify additional arguments: 
[2.471s] -- Added test 'xmllint' to check XML markup files
[2.474s] -- Configuring done
[2.619s] -- Generating done
[2.621s] -- Build files have been written to: /home/kap/ros2_ws/src/multipath_sim/build/multipath_sim
[2.630s] Invoked command in '/home/kap/ros2_ws/src/multipath_sim/build/multipath_sim' returned '0': CMAKE_PREFIX_PATH=${CMAKE_PREFIX_PATH}:/opt/ros/foxy /usr/bin/cmake /home/kap/ros2_ws/src/multipath_sim -DCMAKE_INSTALL_PREFIX=/home/kap/ros2_ws/src/multipath_sim/install/multipath_sim
[2.632s] Invoking command in '/home/kap/ros2_ws/src/multipath_sim/build/multipath_sim': CMAKE_PREFIX_PATH=${CMAKE_PREFIX_PATH}:/opt/ros/foxy /usr/bin/cmake --build /home/kap/ros2_ws/src/multipath_sim/build/multipath_sim -- -j20 -l20
[2.661s] [35m[1mScanning dependencies of target multipath_sim__cpp[0m
[2.661s] [  2%] [34m[1mGenerating C code for ROS interfaces[0m
[2.667s] [  5%] [34m[1mGenerating C++ code for ROS interfaces[0m
[2.807s] [35m[1mScanning dependencies of target multipath_sim__rosidl_generator_c[0m
[2.810s] [  5%] Built target multipath_sim__cpp
[2.816s] [  8%] [32mBuilding C object CMakeFiles/multipath_sim__rosidl_generator_c.dir/rosidl_generator_c/multipath_sim/msg/detail/multipath_offset__functions.c.o[0m
[2.817s] [ 11%] [34m[1mGenerating C++ type support dispatch for ROS interfaces[0m
[2.817s] [ 17%] [34m[1mGenerating C++ type support for eProsima Fast-RTPS[0m
[2.817s] [ 17%] [34m[1mGenerating C++ introspection for ROS interfaces[0m
[2.849s] [ 20%] [32m[1mLinking C shared library libmultipath_sim__rosidl_generator_c.so[0m
[2.873s] [ 20%] Built target multipath_sim__rosidl_generator_c
[2.879s] [ 22%] [34m[1mGenerating C introspection for ROS interfaces[0m
[2.879s] [ 25%] [34m[1mGenerating C type support dispatch for ROS interfaces[0m
[2.934s] [35m[1mScanning dependencies of target multipath_sim__rosidl_typesupport_cpp[0m
[2.943s] [ 28%] [32mBuilding CXX object CMakeFiles/multipath_sim__rosidl_typesupport_cpp.dir/rosidl_typesupport_cpp/multipath_sim/msg/multipath_offset__type_support.cpp.o[0m
[2.948s] [35m[1mScanning dependencies of target multipath_sim__rosidl_typesupport_fastrtps_cpp[0m
[2.952s] [35m[1mScanning dependencies of target multipath_sim__rosidl_typesupport_introspection_cpp[0m
[2.959s] [ 31%] [32mBuilding CXX object CMakeFiles/multipath_sim__rosidl_typesupport_fastrtps_cpp.dir/rosidl_typesupport_fastrtps_cpp/multipath_sim/msg/detail/dds_fastrtps/multipath_offset__type_support.cpp.o[0m
[2.960s] [ 34%] [32mBuilding CXX object CMakeFiles/multipath_sim__rosidl_typesupport_introspection_cpp.dir/rosidl_typesupport_introspection_cpp/multipath_sim/msg/detail/multipath_offset__type_support.cpp.o[0m
[2.997s] [35m[1mScanning dependencies of target multipath_sim__rosidl_typesupport_c[0m
[3.005s] [ 37%] [32mBuilding CXX object CMakeFiles/multipath_sim__rosidl_typesupport_c.dir/rosidl_typesupport_c/multipath_sim/msg/multipath_offset__type_support.cpp.o[0m
[3.009s] [35m[1mScanning dependencies of target multipath_sim__rosidl_typesupport_introspection_c[0m
[3.017s] [ 40%] [32mBuilding C object CMakeFiles/multipath_sim__rosidl_typesupport_introspection_c.dir/rosidl_typesupport_introspection_c/multipath_sim/msg/detail/multipath_offset__type_support.c.o[0m
[3.025s] [ 42%] [32m[1mLinking CXX shared library libmultipath_sim__rosidl_typesupport_c.so[0m
[3.040s] [ 45%] [32m[1mLinking C shared library libmultipath_sim__rosidl_typesupport_introspection_c.so[0m
[3.051s] [ 45%] Built target multipath_sim__rosidl_typesupport_c
[3.059s] [ 45%] Built target multipath_sim__rosidl_typesupport_introspection_c
[3.096s] [ 48%] [32m[1mLinking CXX shared library libmultipath_sim__rosidl_typesupport_cpp.so[0m
[3.122s] [ 48%] Built target multipath_sim__rosidl_typesupport_cpp
[3.184s] [ 51%] [32m[1mLinking CXX shared library libmultipath_sim__rosidl_typesupport_introspection_cpp.so[0m
[3.230s] [ 51%] Built target multipath_sim__rosidl_typesupport_introspection_cpp
[3.232s] [ 54%] [32m[1mLinking CXX shared library libmultipath_sim__rosidl_typesupport_fastrtps_cpp.so[0m
[3.295s] [ 54%] Built target multipath_sim__rosidl_typesupport_fastrtps_cpp
[3.302s] [ 57%] [34m[1mGenerating C type support for eProsima Fast-RTPS[0m
[3.443s] [35m[1mScanning dependencies of target multipath_sim__rosidl_typesupport_fastrtps_c[0m
[3.453s] [ 60%] [32mBuilding CXX object CMakeFiles/multipath_sim__rosidl_typesupport_fastrtps_c.dir/rosidl_typesupport_fastrtps_c/multipath_sim/msg/detail/multipath_offset__type_support_c.cpp.o[0m
[3.661s] [ 62%] [32m[1mLinking CXX shared library libmultipath_sim__rosidl_typesupport_fastrtps_c.so[0m
[3.716s] [ 62%] Built target multipath_sim__rosidl_typesupport_fastrtps_c
[3.722s] [35m[1mScanning dependencies of target multipath_sim[0m
[3.729s] [ 62%] Built target multipath_sim
[3.735s] [35m[1mScanning dependencies of target multipath_sim__py[0m
[3.737s] [35m[1mScanning dependencies of target MultipathSensorPlugin[0m
[3.739s] [35m[1mScanning dependencies of target SphereModelPlugin[0m
[3.742s] [ 65%] [34m[1mGenerating Python code for ROS interfaces[0m
[3.818s] [ 68%] [32mBuilding CXX object CMakeFiles/SphereModelPlugin.dir/src/sphere_model_plugin.cpp.o[0m
[3.822s] [ 71%] [32mBuilding CXX object CMakeFiles/MultipathSensorPlugin.dir/src/multipath_sensor.cpp.o[0m
[3.961s] [ 71%] Built target multipath_sim__py
[3.968s] [35m[1mScanning dependencies of target multipath_sim__python[0m
[3.990s] [ 74%] [32mBuilding C object CMakeFiles/multipath_sim__python.dir/rosidl_generator_py/multipath_sim/msg/_multipath_offset_s.c.o[0m
[4.054s] [ 77%] [32m[1mLinking C shared library rosidl_generator_py/multipath_sim/libmultipath_sim__python.so[0m
[4.083s] [ 77%] Built target multipath_sim__python
[4.089s] [35m[1mScanning dependencies of target multipath_sim__rosidl_typesupport_introspection_c__pyext[0m
[4.089s] [35m[1mScanning dependencies of target multipath_sim__rosidl_typesupport_fastrtps_c__pyext[0m
[4.093s] [35m[1mScanning dependencies of target multipath_sim__rosidl_typesupport_c__pyext[0m
[4.101s] [ 80%] [32mBuilding C object CMakeFiles/multipath_sim__rosidl_typesupport_introspection_c__pyext.dir/rosidl_generator_py/multipath_sim/_multipath_sim_s.ep.rosidl_typesupport_introspection_c.c.o[0m
[4.104s] [ 82%] [32mBuilding C object CMakeFiles/multipath_sim__rosidl_typesupport_fastrtps_c__pyext.dir/rosidl_generator_py/multipath_sim/_multipath_sim_s.ep.rosidl_typesupport_fastrtps_c.c.o[0m
[4.108s] [ 85%] [32mBuilding C object CMakeFiles/multipath_sim__rosidl_typesupport_c__pyext.dir/rosidl_generator_py/multipath_sim/_multipath_sim_s.ep.rosidl_typesupport_c.c.o[0m
[4.154s] [ 88%] [32m[1mLinking C shared library rosidl_generator_py/multipath_sim/multipath_sim_s__rosidl_typesupport_introspection_c.cpython-38-x86_64-linux-gnu.so[0m
[4.167s] [ 91%] [32m[1mLinking C shared library rosidl_generator_py/multipath_sim/multipath_sim_s__rosidl_typesupport_c.cpython-38-x86_64-linux-gnu.so[0m
[4.173s] [ 94%] [32m[1mLinking CXX shared library rosidl_generator_py/multipath_sim/multipath_sim_s__rosidl_typesupport_fastrtps_c.cpython-38-x86_64-linux-gnu.so[0m
[4.180s] [ 94%] Built target multipath_sim__rosidl_typesupport_introspection_c__pyext
[4.191s] [ 94%] Built target multipath_sim__rosidl_typesupport_c__pyext
[4.214s] [ 94%] Built target multipath_sim__rosidl_typesupport_fastrtps_c__pyext
[11.787s] [ 97%] [32m[1mLinking CXX shared library libMultipathSensorPlugin.so[0m
[12.894s] [100%] [32m[1mLinking CXX shared library libSphereModelPlugin.so[0m
[13.027s] [100%] Built target MultipathSensorPlugin
[13.691s] [100%] Built target SphereModelPlugin
[13.702s] Invoked command in '/home/kap/ros2_ws/src/multipath_sim/build/multipath_sim' returned '0': CMAKE_PREFIX_PATH=${CMAKE_PREFIX_PATH}:/opt/ros/foxy /usr/bin/cmake --build /home/kap/ros2_ws/src/multipath_sim/build/multipath_sim -- -j20 -l20
[13.739s] Invoking command in '/home/kap/ros2_ws/src/multipath_sim/build/multipath_sim': CMAKE_PREFIX_PATH=${CMAKE_PREFIX_PATH}:/opt/ros/foxy /usr/bin/cmake --install /home/kap/ros2_ws/src/multipath_sim/build/multipath_sim
[13.744s] -- Install configuration: ""
[13.744s] -- Installing: /home/kap/ros2_ws/src/multipath_sim/install/multipath_sim/share/ament_index/resource_index/rosidl_interfaces/multipath_sim
[13.744s] -- Installing: /home/kap/ros2_ws/src/multipath_sim/install/multipath_sim/include/multipath_sim
[13.744s] -- Installing: /home/kap/ros2_ws/src/multipath_sim/install/multipath_sim/include/multipath_sim/msg
[13.745s] -- Installing: /home/kap/ros2_ws/src/multipath_sim/install/multipath_sim/include/multipath_sim/msg/rosidl_generator_c__visibility_control.h
[13.745s] -- Installing: /home/kap/ros2_ws/src/multipath_sim/install/multipath_sim/include/multipath_sim/msg/detail
[13.745s] -- Installing: /home/kap/ros2_ws/src/multipath_sim/install/multipath_sim/include/multipath_sim/msg/detail/multipath_offset__functions.h
[13.745s] -- Installing: /home/kap/ros2_ws/src/multipath_sim/install/multipath_sim/include/multipath_sim/msg/detail/multipath_offset__functions.c
[13.745s] -- Installing: /home/kap/ros2_ws/src/multipath_sim/install/multipath_sim/include/multipath_sim/msg/detail/multipath_offset__type_support.h
[13.745s] -- Installing: /home/kap/ros2_ws/src/multipath_sim/install/multipath_sim/include/multipath_sim/msg/detail/multipath_offset__struct.h
[13.745s] -- Installing: /home/kap/ros2_ws/src/multipath_sim/install/multipath_sim/include/multipath_sim/msg/multipath_offset.h
[13.745s] -- Installing: /home/kap/ros2_ws/src/multipath_sim/install/multipath_sim/share/multipath_sim/environment/library_path.sh
[13.745s] -- Installing: /home/kap/ros2_ws/src/multipath_sim/install/multipath_sim/share/multipath_sim/environment/library_path.dsv
[13.745s] -- Installing: /home/kap/ros2_ws/src/multipath_sim/install/multipath_sim/lib/libmultipath_sim__rosidl_generator_c.so
[13.745s] -- Set runtime path of "/home/kap/ros2_ws/src/multipath_sim/install/multipath_sim/lib/libmultipath_sim__rosidl_generator_c.so" to ""
[13.745s] -- Up-to-date: /home/kap/ros2_ws/src/multipath_sim/install/multipath_sim/include/multipath_sim
[13.745s] -- Up-to-date: /home/kap/ros2_ws/src/multipath_sim/install/multipath_sim/include/multipath_sim/msg
[13.745s] -- Installing: /home/kap/ros2_ws/src/multipath_sim/install/multipath_sim/include/multipath_sim/msg/rosidl_typesupport_fastrtps_c__visibility_control.h
[13.745s] -- Up-to-date: /home/kap/ros2_ws/src/multipath_sim/install/multipath_sim/include/multipath_sim/msg/detail
[13.745s] -- Installing: /home/kap/ros2_ws/src/multipath_sim/install/multipath_sim/include/multipath_sim/msg/detail/multipath_offset__rosidl_typesupport_fastrtps_c.h
[13.745s] -- Installing: /home/kap/ros2_ws/src/multipath_sim/install/multipath_sim/lib/libmultipath_sim__rosidl_typesupport_fastrtps_c.so
[13.745s] -- Set runtime path of "/home/kap/ros2_ws/src/multipath_sim/install/multipath_sim/lib/libmultipath_sim__rosidl_typesupport_fastrtps_c.so" to ""
[13.745s] -- Up-to-date: /home/kap/ros2_ws/src/multipath_sim/install/multipath_sim/include/multipath_sim
[13.745s] -- Up-to-date: /home/kap/ros2_ws/src/multipath_sim/install/multipath_sim/include/multipath_sim/msg
[13.745s] -- Installing: /home/kap/ros2_ws/src/multipath_sim/install/multipath_sim/include/multipath_sim/msg/rosidl_typesupport_fastrtps_cpp__visibility_control.h
[13.745s] -- Up-to-date: /home/kap/ros2_ws/src/multipath_sim/install/multipath_sim/include/multipath_sim/msg/detail
[13.745s] -- Installing: /home/kap/ros2_ws/src/multipath_sim/install/multipath_sim/include/multipath_sim/msg/detail/multipath_offset__rosidl_typesupport_fastrtps_cpp.hpp
[13.745s] -- Installing: /home/kap/ros2_ws/src/multipath_sim/install/multipath_sim/include/multipath_sim/msg/detail/dds_fastrtps
[13.745s] -- Installing: /home/kap/ros2_ws/src/multipath_sim/install/multipath_sim/lib/libmultipath_sim__rosidl_typesupport_fastrtps_cpp.so
[13.746s] -- Set runtime path of "/home/kap/ros2_ws/src/multipath_sim/install/multipath_sim/lib/libmultipath_sim__rosidl_typesupport_fastrtps_cpp.so" to ""
[13.746s] -- Up-to-date: /home/kap/ros2_ws/src/multipath_sim/install/multipath_sim/include/multipath_sim
[13.746s] -- Up-to-date: /home/kap/ros2_ws/src/multipath_sim/install/multipath_sim/include/multipath_sim/msg
[13.746s] -- Installing: /home/kap/ros2_ws/src/multipath_sim/install/multipath_sim/include/multipath_sim/msg/rosidl_typesupport_introspection_c__visibility_control.h
[13.746s] -- Up-to-date: /home/kap/ros2_ws/src/multipath_sim/install/multipath_sim/include/multipath_sim/msg/detail
[13.746s] -- Installing: /home/kap/ros2_ws/src/multipath_sim/install/multipath_sim/include/multipath_sim/msg/detail/multipath_offset__rosidl_typesupport_introspection_c.h
[13.746s] -- Installing: /home/kap/ros2_ws/src/multipath_sim/install/multipath_sim/include/multipath_sim/msg/detail/multipath_offset__type_support.c
[13.746s] -- Installing: /home/kap/ros2_ws/src/multipath_sim/install/multipath_sim/lib/libmultipath_sim__rosidl_typesupport_introspection_c.so
[13.746s] -- Set runtime path of "/home/kap/ros2_ws/src/multipath_sim/install/multipath_sim/lib/libmultipath_sim__rosidl_typesupport_introspection_c.so" to ""
[13.746s] -- Installing: /home/kap/ros2_ws/src/multipath_sim/install/multipath_sim/lib/libmultipath_sim__rosidl_typesupport_c.so
[13.746s] -- Set runtime path of "/home/kap/ros2_ws/src/multipath_sim/install/multipath_sim/lib/libmultipath_sim__rosidl_typesupport_c.so" to ""
[13.746s] -- Up-to-date: /home/kap/ros2_ws/src/multipath_sim/install/multipath_sim/include/multipath_sim
[13.746s] -- Up-to-date: /home/kap/ros2_ws/src/multipath_sim/install/multipath_sim/include/multipath_sim/msg
[13.747s] -- Installing: /home/kap/ros2_ws/src/multipath_sim/install/multipath_sim/include/multipath_sim/msg/multipath_offset.hpp
[13.747s] -- Up-to-date: /home/kap/ros2_ws/src/multipath_sim/install/multipath_sim/include/multipath_sim/msg/detail
[13.747s] -- Installing: /home/kap/ros2_ws/src/multipath_sim/install/multipath_sim/include/multipath_sim/msg/detail/multipath_offset__traits.hpp
[13.747s] -- Installing: /home/kap/ros2_ws/src/multipath_sim/install/multipath_sim/include/multipath_sim/msg/detail/multipath_offset__builder.hpp
[13.747s] -- Installing: /home/kap/ros2_ws/src/multipath_sim/install/multipath_sim/include/multipath_sim/msg/detail/multipath_offset__struct.hpp
[13.747s] -- Up-to-date: /home/kap/ros2_ws/src/multipath_sim/install/multipath_sim/include/multipath_sim
[13.747s] -- Up-to-date: /home/kap/ros2_ws/src/multipath_sim/install/multipath_sim/include/multipath_sim/msg
[13.747s] -- Up-to-date: /home/kap/ros2_ws/src/multipath_sim/install/multipath_sim/include/multipath_sim/msg/detail
[13.747s] -- Installing: /home/kap/ros2_ws/src/multipath_sim/install/multipath_sim/include/multipath_sim/msg/detail/multipath_offset__type_support.cpp
[13.747s] -- Installing: /home/kap/ros2_ws/src/multipath_sim/install/multipath_sim/include/multipath_sim/msg/detail/multipath_offset__rosidl_typesupport_introspection_cpp.hpp
[13.747s] -- Installing: /home/kap/ros2_ws/src/multipath_sim/install/multipath_sim/lib/libmultipath_sim__rosidl_typesupport_introspection_cpp.so
[13.747s] -- Set runtime path of "/home/kap/ros2_ws/src/multipath_sim/install/multipath_sim/lib/libmultipath_sim__rosidl_typesupport_introspection_cpp.so" to ""
[13.747s] -- Installing: /home/kap/ros2_ws/src/multipath_sim/install/multipath_sim/lib/libmultipath_sim__rosidl_typesupport_cpp.so
[13.747s] -- Set runtime path of "/home/kap/ros2_ws/src/multipath_sim/install/multipath_sim/lib/libmultipath_sim__rosidl_typesupport_cpp.so" to ""
[13.747s] -- Installing: /home/kap/ros2_ws/src/multipath_sim/install/multipath_sim/share/multipath_sim/environment/pythonpath.sh
[13.747s] -- Installing: /home/kap/ros2_ws/src/multipath_sim/install/multipath_sim/share/multipath_sim/environment/pythonpath.dsv
[13.747s] -- Installing: /home/kap/ros2_ws/src/multipath_sim/install/multipath_sim/lib/python3.8/site-packages/multipath_sim/__init__.py
[13.769s] Compiling '/home/kap/ros2_ws/src/multipath_sim/install/multipath_sim/lib/python3.8/site-packages/multipath_sim/__init__.py'...
[13.772s] -- Installing: /home/kap/ros2_ws/src/multipath_sim/install/multipath_sim/lib/python3.8/site-packages/multipath_sim/msg
[13.772s] -- Installing: /home/kap/ros2_ws/src/multipath_sim/install/multipath_sim/lib/python3.8/site-packages/multipath_sim/msg/_multipath_offset_s.c
[13.772s] -- Installing: /home/kap/ros2_ws/src/multipath_sim/install/multipath_sim/lib/python3.8/site-packages/multipath_sim/msg/__init__.py
[13.772s] -- Installing: /home/kap/ros2_ws/src/multipath_sim/install/multipath_sim/lib/python3.8/site-packages/multipath_sim/msg/_multipath_offset.py
[13.772s] -- Installing: /home/kap/ros2_ws/src/multipath_sim/install/multipath_sim/lib/python3.8/site-packages/multipath_sim/multipath_sim_s__rosidl_typesupport_fastrtps_c.cpython-38-x86_64-linux-gnu.so
[13.772s] -- Set runtime path of "/home/kap/ros2_ws/src/multipath_sim/install/multipath_sim/lib/python3.8/site-packages/multipath_sim/multipath_sim_s__rosidl_typesupport_fastrtps_c.cpython-38-x86_64-linux-gnu.so" to ""
[13.772s] -- Installing: /home/kap/ros2_ws/src/multipath_sim/install/multipath_sim/lib/python3.8/site-packages/multipath_sim/multipath_sim_s__rosidl_typesupport_introspection_c.cpython-38-x86_64-linux-gnu.so
[13.773s] -- Set runtime path of "/home/kap/ros2_ws/src/multipath_sim/install/multipath_sim/lib/python3.8/site-packages/multipath_sim/multipath_sim_s__rosidl_typesupport_introspection_c.cpython-38-x86_64-linux-gnu.so" to ""
[13.773s] -- Installing: /home/kap/ros2_ws/src/multipath_sim/install/multipath_sim/lib/python3.8/site-packages/multipath_sim/multipath_sim_s__rosidl_typesupport_c.cpython-38-x86_64-linux-gnu.so
[13.773s] -- Set runtime path of "/home/kap/ros2_ws/src/multipath_sim/install/multipath_sim/lib/python3.8/site-packages/multipath_sim/multipath_sim_s__rosidl_typesupport_c.cpython-38-x86_64-linux-gnu.so" to ""
[13.773s] -- Installing: /home/kap/ros2_ws/src/multipath_sim/install/multipath_sim/lib/libmultipath_sim__python.so
[13.773s] -- Set runtime path of "/home/kap/ros2_ws/src/multipath_sim/install/multipath_sim/lib/libmultipath_sim__python.so" to ""
[13.773s] -- Installing: /home/kap/ros2_ws/src/multipath_sim/install/multipath_sim/share/multipath_sim/msg/MultipathOffset.idl
[13.773s] -- Installing: /home/kap/ros2_ws/src/multipath_sim/install/multipath_sim/share/multipath_sim/msg/MultipathOffset.msg
[13.773s] -- Installing: /home/kap/ros2_ws/src/multipath_sim/install/multipath_sim/lib/libMultipathSensorPlugin.so
[13.776s] -- Set runtime path of "/home/kap/ros2_ws/src/multipath_sim/install/multipath_sim/lib/libMultipathSensorPlugin.so" to ""
[13.776s] -- Installing: /home/kap/ros2_ws/src/multipath_sim/install/multipath_sim/lib/libSphereModelPlugin.so
[13.779s] -- Set runtime path of "/home/kap/ros2_ws/src/multipath_sim/install/multipath_sim/lib/libSphereModelPlugin.so" to ""
[13.779s] -- Up-to-date: /home/kap/ros2_ws/src/multipath_sim/install/multipath_sim/include
[13.779s] -- Up-to-date: /home/kap/ros2_ws/src/multipath_sim/install/multipath_sim/include/multipath_sim
[13.779s] -- Installing: /home/kap/ros2_ws/src/multipath_sim/install/multipath_sim/include/multipath_sim/sphere_model_plugin.hpp
[13.779s] -- Installing: /home/kap/ros2_ws/src/multipath_sim/install/multipath_sim/include/multipath_sim/multipath_sensor.hpp
[13.779s] -- Installing: /home/kap/ros2_ws/src/multipath_sim/install/multipath_sim/share/multipath_sim//worlds
[13.779s] -- Installing: /home/kap/ros2_ws/src/multipath_sim/install/multipath_sim/share/multipath_sim//worlds/multipath.world
[13.780s] -- Installing: /home/kap/ros2_ws/src/multipath_sim/install/multipath_sim/share/multipath_sim//worlds/hong_kong.world
[13.780s] -- Installing: /home/kap/ros2_ws/src/multipath_sim/install/multipath_sim/share/multipath_sim//worlds/video_gz_hk.world
[13.780s] -- Installing: /home/kap/ros2_ws/src/multipath_sim/install/multipath_sim/share/multipath_sim//worlds/test.world
[13.780s] -- Installing: /home/kap/ros2_ws/src/multipath_sim/install/multipath_sim/share/multipath_sim//worlds/abu_dhabi_sim.world
[13.781s] -- Installing: /home/kap/ros2_ws/src/multipath_sim/install/multipath_sim/share/multipath_sim//worlds/abu_dhabi.world
[13.781s] -- Installing: /home/kap/ros2_ws/src/multipath_sim/install/multipath_sim/share/multipath_sim//models
[13.781s] -- Installing: /home/kap/ros2_ws/src/multipath_sim/install/multipath_sim/share/multipath_sim//models/x500_red
[13.781s] -- Installing: /home/kap/ros2_ws/src/multipath_sim/install/multipath_sim/share/multipath_sim//models/x500_red/meshes
[13.781s] -- Installing: /home/kap/ros2_ws/src/multipath_sim/install/multipath_sim/share/multipath_sim//models/x500_red/meshes/CF.png
[13.783s] -- Installing: /home/kap/ros2_ws/src/multipath_sim/install/multipath_sim/share/multipath_sim//models/x500_red/meshes/NXP-HGD-CF.dae
[13.799s] -- Installing: /home/kap/ros2_ws/src/multipath_sim/install/multipath_sim/share/multipath_sim//models/x500_red/meshes/5010Bell.dae
[13.800s] -- Installing: /home/kap/ros2_ws/src/multipath_sim/install/multipath_sim/share/multipath_sim//models/x500_red/meshes/5010Base.dae
[13.801s] -- Installing: /home/kap/ros2_ws/src/multipath_sim/install/multipath_sim/share/multipath_sim//models/x500_red/meshes/1345_prop_ccw.stl
[13.802s] -- Installing: /home/kap/ros2_ws/src/multipath_sim/install/multipath_sim/share/multipath_sim//models/x500_red/meshes/1345_prop_cw.stl
[13.803s] -- Installing: /home/kap/ros2_ws/src/multipath_sim/install/multipath_sim/share/multipath_sim//models/x500_red/thumbnails
[13.803s] -- Installing: /home/kap/ros2_ws/src/multipath_sim/install/multipath_sim/share/multipath_sim//models/x500_red/thumbnails/5.png
[13.803s] -- Installing: /home/kap/ros2_ws/src/multipath_sim/install/multipath_sim/share/multipath_sim//models/x500_red/thumbnails/4.png
[13.804s] -- Installing: /home/kap/ros2_ws/src/multipath_sim/install/multipath_sim/share/multipath_sim//models/x500_red/thumbnails/3.png
[13.804s] -- Installing: /home/kap/ros2_ws/src/multipath_sim/install/multipath_sim/share/multipath_sim//models/x500_red/thumbnails/2.png
[13.805s] -- Installing: /home/kap/ros2_ws/src/multipath_sim/install/multipath_sim/share/multipath_sim//models/x500_red/thumbnails/1.png
[13.805s] -- Installing: /home/kap/ros2_ws/src/multipath_sim/install/multipath_sim/share/multipath_sim//models/x500_red/model.config
[13.805s] -- Installing: /home/kap/ros2_ws/src/multipath_sim/install/multipath_sim/share/multipath_sim//models/x500_red/materials
[13.805s] -- Installing: /home/kap/ros2_ws/src/multipath_sim/install/multipath_sim/share/multipath_sim//models/x500_red/materials/textures
[13.805s] -- Installing: /home/kap/ros2_ws/src/multipath_sim/install/multipath_sim/share/multipath_sim//models/x500_red/materials/textures/CF.png
[13.807s] -- Installing: /home/kap/ros2_ws/src/multipath_sim/install/multipath_sim/share/multipath_sim//models/x500_red/materials/textures/rd.png
[13.807s] -- Installing: /home/kap/ros2_ws/src/multipath_sim/install/multipath_sim/share/multipath_sim//models/x500_red/materials/textures/nxp.png
[13.807s] -- Installing: /home/kap/ros2_ws/src/multipath_sim/install/multipath_sim/share/multipath_sim//models/x500_red/model.sdf
[13.808s] -- Installing: /home/kap/ros2_ws/src/multipath_sim/install/multipath_sim/share/multipath_sim//models/x500_no_collision
[13.808s] -- Installing: /home/kap/ros2_ws/src/multipath_sim/install/multipath_sim/share/multipath_sim//models/x500_no_collision/meshes
[13.808s] -- Installing: /home/kap/ros2_ws/src/multipath_sim/install/multipath_sim/share/multipath_sim//models/x500_no_collision/meshes/CF.png
[13.809s] -- Installing: /home/kap/ros2_ws/src/multipath_sim/install/multipath_sim/share/multipath_sim//models/x500_no_collision/meshes/NXP-HGD-CF.dae
[13.824s] -- Installing: /home/kap/ros2_ws/src/multipath_sim/install/multipath_sim/share/multipath_sim//models/x500_no_collision/meshes/5010Bell.dae
[13.825s] -- Installing: /home/kap/ros2_ws/src/multipath_sim/install/multipath_sim/share/multipath_sim//models/x500_no_collision/meshes/5010Base.dae
[13.826s] -- Installing: /home/kap/ros2_ws/src/multipath_sim/install/multipath_sim/share/multipath_sim//models/x500_no_collision/meshes/1345_prop_ccw.stl
[13.827s] -- Installing: /home/kap/ros2_ws/src/multipath_sim/install/multipath_sim/share/multipath_sim//models/x500_no_collision/meshes/1345_prop_cw.stl
[13.828s] -- Installing: /home/kap/ros2_ws/src/multipath_sim/install/multipath_sim/share/multipath_sim//models/x500_no_collision/thumbnails
[13.828s] -- Installing: /home/kap/ros2_ws/src/multipath_sim/install/multipath_sim/share/multipath_sim//models/x500_no_collision/thumbnails/5.png
[13.828s] -- Installing: /home/kap/ros2_ws/src/multipath_sim/install/multipath_sim/share/multipath_sim//models/x500_no_collision/thumbnails/4.png
[13.829s] -- Installing: /home/kap/ros2_ws/src/multipath_sim/install/multipath_sim/share/multipath_sim//models/x500_no_collision/thumbnails/3.png
[13.829s] -- Installing: /home/kap/ros2_ws/src/multipath_sim/install/multipath_sim/share/multipath_sim//models/x500_no_collision/thumbnails/2.png
[13.829s] -- Installing: /home/kap/ros2_ws/src/multipath_sim/install/multipath_sim/share/multipath_sim//models/x500_no_collision/thumbnails/1.png
[13.829s] -- Installing: /home/kap/ros2_ws/src/multipath_sim/install/multipath_sim/share/multipath_sim//models/x500_no_collision/model.config
[13.830s] -- Installing: /home/kap/ros2_ws/src/multipath_sim/install/multipath_sim/share/multipath_sim//models/x500_no_collision/materials
[13.830s] -- Installing: /home/kap/ros2_ws/src/multipath_sim/install/multipath_sim/share/multipath_sim//models/x500_no_collision/materials/textures
[13.830s] -- Installing: /home/kap/ros2_ws/src/multipath_sim/install/multipath_sim/share/multipath_sim//models/x500_no_collision/materials/textures/CF.png
[13.832s] -- Installing: /home/kap/ros2_ws/src/multipath_sim/install/multipath_sim/share/multipath_sim//models/x500_no_collision/materials/textures/rd.png
[13.832s] -- Installing: /home/kap/ros2_ws/src/multipath_sim/install/multipath_sim/share/multipath_sim//models/x500_no_collision/materials/textures/nxp.png
[13.832s] -- Installing: /home/kap/ros2_ws/src/multipath_sim/install/multipath_sim/share/multipath_sim//models/x500_no_collision/model.sdf
[13.832s] -- Installing: /home/kap/ros2_ws/src/multipath_sim/install/multipath_sim/share/multipath_sim//models/building
[13.832s] -- Installing: /home/kap/ros2_ws/src/multipath_sim/install/multipath_sim/share/multipath_sim//models/building/model.config
[13.833s] -- Installing: /home/kap/ros2_ws/src/multipath_sim/install/multipath_sim/share/multipath_sim//models/building/model.sdf
[13.833s] -- Installing: /home/kap/ros2_ws/src/multipath_sim/install/multipath_sim/share/multipath_sim//models/abu_dhabi
[13.833s] -- Installing: /home/kap/ros2_ws/src/multipath_sim/install/multipath_sim/share/multipath_sim//models/abu_dhabi/model.config
[13.833s] -- Installing: /home/kap/ros2_ws/src/multipath_sim/install/multipath_sim/share/multipath_sim//models/abu_dhabi/media
[13.833s] -- Installing: /home/kap/ros2_ws/src/multipath_sim/install/multipath_sim/share/multipath_sim//models/abu_dhabi/media/baked_duion_bricks_classic_01_D_256.png_c5765d_pro_6908_256.png
[13.834s] -- Installing: /home/kap/ros2_ws/src/multipath_sim/install/multipath_sim/share/multipath_sim//models/abu_dhabi/media/baked_duion_bricks_classic_02_D_256.png_7b422f_pro_2353_256.png
[13.834s] -- Installing: /home/kap/ros2_ws/src/multipath_sim/install/multipath_sim/share/multipath_sim//models/abu_dhabi/media/baked_duion_plaster_sprinkled_01_D_256.png_a3865f_pro_2353_256.png
[13.834s] -- Installing: /home/kap/ros2_ws/src/multipath_sim/install/multipath_sim/share/multipath_sim//models/abu_dhabi/media/baked_duion_bricks_classic_01_D_256.png_7b422f_pro_2157_256.png
[13.835s] -- Installing: /home/kap/ros2_ws/src/multipath_sim/install/multipath_sim/share/multipath_sim//models/abu_dhabi/media/baked_duion_bricks_classic_01_D_256.png_c5765d_pro_2901_256.png
[13.835s] -- Installing: /home/kap/ros2_ws/src/multipath_sim/install/multipath_sim/share/multipath_sim//models/abu_dhabi/media/baked_a6653f_roof_tiles.png
[13.835s] -- Installing: /home/kap/ros2_ws/src/multipath_sim/install/multipath_sim/share/multipath_sim//models/abu_dhabi/media/baked_duion_bricks_classic_02_D_256.png_976c6b_pro_2353_256.png
[13.836s] -- Installing: /home/kap/ros2_ws/src/multipath_sim/install/multipath_sim/share/multipath_sim//models/abu_dhabi/media/baked_duion_bricks_classic_01_D_256.png_976c6b_pro_2161_256.png
[13.837s] -- Installing: /home/kap/ros2_ws/src/multipath_sim/install/multipath_sim/share/multipath_sim//models/abu_dhabi/media/baked_duion_bricks_classic_01_D_256.png_7b422f_pro_2901_256.png
[13.837s] -- Installing: /home/kap/ros2_ws/src/multipath_sim/install/multipath_sim/share/multipath_sim//models/abu_dhabi/media/baked_duion_bricks_classic_02_D_256.png_976c6b_pro_2901_256.png
[13.837s] -- Installing: /home/kap/ros2_ws/src/multipath_sim/install/multipath_sim/share/multipath_sim//models/abu_dhabi/media/baked_cc0textures_bricks11_col_256.jpg_976c6b_pro_2901_256.png
[13.838s] -- Installing: /home/kap/ros2_ws/src/multipath_sim/install/multipath_sim/share/multipath_sim//models/abu_dhabi/media/baked_afafaf_concrete.png
[13.838s] -- Installing: /home/kap/ros2_ws/src/multipath_sim/install/multipath_sim/share/multipath_sim//models/abu_dhabi/media/baked_976c6b_brick.png
[13.838s] -- Installing: /home/kap/ros2_ws/src/multipath_sim/install/multipath_sim/share/multipath_sim//models/abu_dhabi/media/baked_duion_bricks_classic_02_D_256.png_c5765d_pro_2901_256.png
[13.839s] -- Installing: /home/kap/ros2_ws/src/multipath_sim/install/multipath_sim/share/multipath_sim//models/abu_dhabi/media/overlay.png.002.png
[13.899s] -- Installing: /home/kap/ros2_ws/src/multipath_sim/install/multipath_sim/share/multipath_sim//models/abu_dhabi/media/baked_duion_plaster_sprinkled_01_D_256.png_b8a594_pro_2161_256.png
[13.899s] -- Installing: /home/kap/ros2_ws/src/multipath_sim/install/multipath_sim/share/multipath_sim//models/abu_dhabi/media/baked_duion_plaster_sprinkled_01_D_256.png_b8a594_pro_2353_256.png
[13.899s] -- Installing: /home/kap/ros2_ws/src/multipath_sim/install/multipath_sim/share/multipath_sim//models/abu_dhabi/media/baked_cc0textures_bricks11_col_256.jpg_d9d8c4_pro_2161_256.png
[13.900s] -- Installing: /home/kap/ros2_ws/src/multipath_sim/install/multipath_sim/share/multipath_sim//models/abu_dhabi/media/pine_seamless_done.png
[13.901s] -- Installing: /home/kap/ros2_ws/src/multipath_sim/install/multipath_sim/share/multipath_sim//models/abu_dhabi/media/baked_cc0textures_bricks11_col_256.jpg_976c6b_pro_2157_256.png
[13.901s] -- Installing: /home/kap/ros2_ws/src/multipath_sim/install/multipath_sim/share/multipath_sim//models/abu_dhabi/media/baked_c8c2b6_concrete.png
[13.901s] -- Installing: /home/kap/ros2_ws/src/multipath_sim/install/multipath_sim/share/multipath_sim//models/abu_dhabi/media/baked_duion_bricks_classic_02_D_256.png_c5765d_pro_2353_256.png
[13.902s] -- Installing: /home/kap/ros2_ws/src/multipath_sim/install/multipath_sim/share/multipath_sim//models/abu_dhabi/media/baked_cc0textures_bricks11_col_256.jpg_7b422f_pro_2353_256.png
[13.902s] -- Installing: /home/kap/ros2_ws/src/multipath_sim/install/multipath_sim/share/multipath_sim//models/abu_dhabi/media/baked_5e2a31_metal.png
[13.903s] -- Installing: /home/kap/ros2_ws/src/multipath_sim/install/multipath_sim/share/multipath_sim//models/abu_dhabi/media/baked_duion_plaster_sprinkled_01_D_256.png_a3865f_pro_2157_256.png
[13.903s] -- Installing: /home/kap/ros2_ws/src/multipath_sim/install/multipath_sim/share/multipath_sim//models/abu_dhabi/media/baked_cc0textures_bricks11_col_256.jpg_c5765d_pro_2161_256.png
[13.904s] -- Installing: /home/kap/ros2_ws/src/multipath_sim/install/multipath_sim/share/multipath_sim//models/abu_dhabi/media/baked_duion_plaster_stucco_01_D_256.png_b8a594_pro_2353_256.png
[13.904s] -- Installing: /home/kap/ros2_ws/src/multipath_sim/install/multipath_sim/share/multipath_sim//models/abu_dhabi/media/baked_cfbc8e_plaster.png
[13.904s] -- Installing: /home/kap/ros2_ws/src/multipath_sim/install/multipath_sim/share/multipath_sim//models/abu_dhabi/media/baked_duion_plaster_sprinkled_01_D_256.png_cfbc8e_pro_2901_256.png
[13.904s] -- Installing: /home/kap/ros2_ws/src/multipath_sim/install/multipath_sim/share/multipath_sim//models/abu_dhabi/media/baked_cc0textures_bricks11_col_256.jpg_7b422f_pro_6908_256.png
[13.905s] -- Installing: /home/kap/ros2_ws/src/multipath_sim/install/multipath_sim/share/multipath_sim//models/abu_dhabi/media/baked_duion_bricks_classic_01_D_256.png_c5765d_pro_2353_256.png
[13.905s] -- Installing: /home/kap/ros2_ws/src/multipath_sim/install/multipath_sim/share/multipath_sim//models/abu_dhabi/media/baked_duion_bricks_classic_02_D_256.png_976c6b_pro_2161_256.png
[13.906s] -- Installing: /home/kap/ros2_ws/src/multipath_sim/install/multipath_sim/share/multipath_sim//models/abu_dhabi/media/baked_duion_plaster_stucco_01_D_256.png_a3865f_pro_6908_256.png
[13.906s] -- Installing: /home/kap/ros2_ws/src/multipath_sim/install/multipath_sim/share/multipath_sim//models/abu_dhabi/media/baked_c5765d_brick.png
[13.906s] -- Installing: /home/kap/ros2_ws/src/multipath_sim/install/multipath_sim/share/multipath_sim//models/abu_dhabi/media/baked_duion_plaster_sprinkled_01_D_256.png_cfbc8e_pro_6908_256.png
[13.907s] -- Installing: /home/kap/ros2_ws/src/multipath_sim/install/multipath_sim/share/multipath_sim//models/abu_dhabi/media/baked_duion_plaster_stucco_01_D_256.png_cfbc8e_pro_2901_256.png
[13.907s] -- Installing: /home/kap/ros2_ws/src/multipath_sim/install/multipath_sim/share/multipath_sim//models/abu_dhabi/media/baked_duion_bricks_classic_02_D_256.png_7b422f_pro_2161_256.png
[13.907s] -- Installing: /home/kap/ros2_ws/src/multipath_sim/install/multipath_sim/share/multipath_sim//models/abu_dhabi/media/baked_duion_plaster_stucco_01_D_256.png_a3865f_pro_2353_256.png
[13.907s] -- Installing: /home/kap/ros2_ws/src/multipath_sim/install/multipath_sim/share/multipath_sim//models/abu_dhabi/media/baked_duion_bricks_classic_01_D_256.png_976c6b_pro_2353_256.png
[13.908s] -- Installing: /home/kap/ros2_ws/src/multipath_sim/install/multipath_sim/share/multipath_sim//models/abu_dhabi/media/baked_duion_bricks_classic_01_D_256.png_c5765d_pro_2157_256.png
[13.908s] -- Installing: /home/kap/ros2_ws/src/multipath_sim/install/multipath_sim/share/multipath_sim//models/abu_dhabi/media/baked_duion_plaster_sprinkled_01_D_256.png_b8a594_pro_2901_256.png
[13.908s] -- Installing: /home/kap/ros2_ws/src/multipath_sim/install/multipath_sim/share/multipath_sim//models/abu_dhabi/media/baked_duion_plaster_sprinkled_01_D_256.png_a3865f_pro_6908_256.png
[13.909s] -- Installing: /home/kap/ros2_ws/src/multipath_sim/install/multipath_sim/share/multipath_sim//models/abu_dhabi/media/buildings.dae
[13.911s] -- Installing: /home/kap/ros2_ws/src/multipath_sim/install/multipath_sim/share/multipath_sim//models/abu_dhabi/media/baked_cc0textures_bricks11_col_256.jpg_976c6b_pro_2353_256.png
[13.911s] -- Installing: /home/kap/ros2_ws/src/multipath_sim/install/multipath_sim/share/multipath_sim//models/abu_dhabi/media/baked_duion_bricks_classic_02_D_256.png_c5765d_pro_2157_256.png
[13.912s] -- Installing: /home/kap/ros2_ws/src/multipath_sim/install/multipath_sim/share/multipath_sim//models/abu_dhabi/media/baked_c57a63_roof_tiles.png
[13.912s] -- Installing: /home/kap/ros2_ws/src/multipath_sim/install/multipath_sim/share/multipath_sim//models/abu_dhabi/media/baked_duion_plaster_stucco_01_D_256.png_a3865f_pro_2901_256.png
[13.912s] -- Installing: /home/kap/ros2_ws/src/multipath_sim/install/multipath_sim/share/multipath_sim//models/abu_dhabi/media/baked_494c57_metal.png
[13.913s] -- Installing: /home/kap/ros2_ws/src/multipath_sim/install/multipath_sim/share/multipath_sim//models/abu_dhabi/media/baked_duion_bricks_classic_01_D_256.png_7b422f_pro_2353_256.png
[13.913s] -- Installing: /home/kap/ros2_ws/src/multipath_sim/install/multipath_sim/share/multipath_sim//models/abu_dhabi/media/baked_duion_bricks_classic_02_D_256.png_7b422f_pro_2901_256.png
[13.913s] -- Installing: /home/kap/ros2_ws/src/multipath_sim/install/multipath_sim/share/multipath_sim//models/abu_dhabi/media/baked_818b8f_metal.png
[13.914s] -- Installing: /home/kap/ros2_ws/src/multipath_sim/install/multipath_sim/share/multipath_sim//models/abu_dhabi/media/baked_duion_bricks_classic_02_D_256.png_c5765d_pro_6908_256.png
[13.914s] -- Installing: /home/kap/ros2_ws/src/multipath_sim/install/multipath_sim/share/multipath_sim//models/abu_dhabi/media/baked_duion_bricks_classic_01_D_256.png_7b422f_pro_6908_256.png
[13.914s] -- Installing: /home/kap/ros2_ws/src/multipath_sim/install/multipath_sim/share/multipath_sim//models/abu_dhabi/media/baked_duion_plaster_sprinkled_01_D_256.png_cfbc8e_pro_2157_256.png
[13.915s] -- Installing: /home/kap/ros2_ws/src/multipath_sim/install/multipath_sim/share/multipath_sim//models/abu_dhabi/media/baked_duion_plaster_sprinkled_01_D_256.png_a3865f_pro_2161_256.png
[13.915s] -- Installing: /home/kap/ros2_ws/src/multipath_sim/install/multipath_sim/share/multipath_sim//models/abu_dhabi/media/baked_duion_bricks_classic_01_D_256.png_c5765d_pro_2161_256.png
[13.915s] -- Installing: /home/kap/ros2_ws/src/multipath_sim/install/multipath_sim/share/multipath_sim//models/abu_dhabi/media/baked_duion_bricks_classic_02_D_256.png_c5765d_pro_2161_256.png
[13.916s] -- Installing: /home/kap/ros2_ws/src/multipath_sim/install/multipath_sim/share/multipath_sim//models/abu_dhabi/media/baked_cc0textures_bricks11_col_256.jpg_c5765d_pro_6908_256.png
[13.916s] -- Installing: /home/kap/ros2_ws/src/multipath_sim/install/multipath_sim/share/multipath_sim//models/abu_dhabi/media/baked_duion_plaster_sprinkled_01_D_256.png_cfbc8e_pro_2161_256.png
[13.917s] -- Installing: /home/kap/ros2_ws/src/multipath_sim/install/multipath_sim/share/multipath_sim//models/abu_dhabi/media/baked_a3865f_plaster.png
[13.917s] -- Installing: /home/kap/ros2_ws/src/multipath_sim/install/multipath_sim/share/multipath_sim//models/abu_dhabi/media/baked_duion_plaster_sprinkled_01_D_256.png_b8a594_pro_2157_256.png
[13.917s] -- Installing: /home/kap/ros2_ws/src/multipath_sim/install/multipath_sim/share/multipath_sim//models/abu_dhabi/media/baked_cc0textures_bricks11_col_256.jpg_7b422f_pro_2157_256.png
[13.917s] -- Installing: /home/kap/ros2_ws/src/multipath_sim/install/multipath_sim/share/multipath_sim//models/abu_dhabi/media/baked_duion_bricks_classic_01_D_256.png_7b422f_pro_2161_256.png
[13.918s] -- Installing: /home/kap/ros2_ws/src/multipath_sim/install/multipath_sim/share/multipath_sim//models/abu_dhabi/media/baked_duion_plaster_sprinkled_01_D_256.png_cfbc8e_pro_2353_256.png
[13.918s] -- Installing: /home/kap/ros2_ws/src/multipath_sim/install/multipath_sim/share/multipath_sim//models/abu_dhabi/media/baked_duion_plaster_sprinkled_01_D_256.png_a3865f_pro_2901_256.png
[13.918s] -- Installing: /home/kap/ros2_ws/src/multipath_sim/install/multipath_sim/share/multipath_sim//models/abu_dhabi/media/baked_cc0textures_bricks11_col_256.jpg_c5765d_pro_2901_256.png
[13.919s] -- Installing: /home/kap/ros2_ws/src/multipath_sim/install/multipath_sim/share/multipath_sim//models/abu_dhabi/media/baked_cc0textures_bricks11_col_256.jpg_976c6b_pro_6908_256.png
[13.919s] -- Installing: /home/kap/ros2_ws/src/multipath_sim/install/multipath_sim/share/multipath_sim//models/abu_dhabi/media/baked_duion_plaster_stucco_01_D_256.png_b8a594_pro_2157_256.png
[13.919s] -- Installing: /home/kap/ros2_ws/src/multipath_sim/install/multipath_sim/share/multipath_sim//models/abu_dhabi/media/baked_duion_bricks_classic_01_D_256.png_976c6b_pro_2901_256.png
[13.919s] -- Installing: /home/kap/ros2_ws/src/multipath_sim/install/multipath_sim/share/multipath_sim//models/abu_dhabi/media/baked_duion_bricks_classic_02_D_256.png_7b422f_pro_2157_256.png
[13.920s] -- Installing: /home/kap/ros2_ws/src/multipath_sim/install/multipath_sim/share/multipath_sim//models/abu_dhabi/media/baked_duion_bricks_classic_01_D_256.png_976c6b_pro_2157_256.png
[13.920s] -- Installing: /home/kap/ros2_ws/src/multipath_sim/install/multipath_sim/share/multipath_sim//models/abu_dhabi/media/terrain.dae
[13.922s] -- Installing: /home/kap/ros2_ws/src/multipath_sim/install/multipath_sim/share/multipath_sim//models/abu_dhabi/media/baked_duion_plaster_stucco_01_D_256.png_b8a594_pro_6908_256.png
[13.923s] -- Installing: /home/kap/ros2_ws/src/multipath_sim/install/multipath_sim/share/multipath_sim//models/abu_dhabi/media/baked_duion_bricks_classic_02_D_256.png_976c6b_pro_2157_256.png
[13.923s] -- Installing: /home/kap/ros2_ws/src/multipath_sim/install/multipath_sim/share/multipath_sim//models/abu_dhabi/media/baked_duion_plaster_stucco_01_D_256.png_cfbc8e_pro_2161_256.png
[13.923s] -- Installing: /home/kap/ros2_ws/src/multipath_sim/install/multipath_sim/share/multipath_sim//models/abu_dhabi/media/baked_cc0textures_bricks11_col_256.jpg_c5765d_pro_2353_256.png
[13.924s] -- Installing: /home/kap/ros2_ws/src/multipath_sim/install/multipath_sim/share/multipath_sim//models/abu_dhabi/media/baked_8a5c4d_roof_tiles.png
[13.924s] -- Installing: /home/kap/ros2_ws/src/multipath_sim/install/multipath_sim/share/multipath_sim//models/abu_dhabi/media/baked_cc0textures_bricks11_col_256.jpg_976c6b_pro_2161_256.png
[13.924s] -- Installing: /home/kap/ros2_ws/src/multipath_sim/install/multipath_sim/share/multipath_sim//models/abu_dhabi/media/baked_duion_plaster_stucco_01_D_256.png_b8a594_pro_2161_256.png
[13.924s] -- Installing: /home/kap/ros2_ws/src/multipath_sim/install/multipath_sim/share/multipath_sim//models/abu_dhabi/media/baked_duion_bricks_classic_02_D_256.png_976c6b_pro_6908_256.png
[13.925s] -- Installing: /home/kap/ros2_ws/src/multipath_sim/install/multipath_sim/share/multipath_sim//models/abu_dhabi/media/baked_duion_plaster_stucco_01_D_256.png_b8a594_pro_2901_256.png
[13.925s] -- Installing: /home/kap/ros2_ws/src/multipath_sim/install/multipath_sim/share/multipath_sim//models/abu_dhabi/media/baked_cc0textures_bricks11_col_256.jpg_c5765d_pro_2157_256.png
[13.925s] -- Installing: /home/kap/ros2_ws/src/multipath_sim/install/multipath_sim/share/multipath_sim//models/abu_dhabi/media/baked_7b422f_brick.png
[13.926s] -- Installing: /home/kap/ros2_ws/src/multipath_sim/install/multipath_sim/share/multipath_sim//models/abu_dhabi/media/baked_b8a594_plaster.png
[13.926s] -- Installing: /home/kap/ros2_ws/src/multipath_sim/install/multipath_sim/share/multipath_sim//models/abu_dhabi/media/baked_b2b2a6_concrete.png
[13.926s] -- Installing: /home/kap/ros2_ws/src/multipath_sim/install/multipath_sim/share/multipath_sim//models/abu_dhabi/media/baked_duion_bricks_classic_01_D_256.png_976c6b_pro_6908_256.png
[13.927s] -- Installing: /home/kap/ros2_ws/src/multipath_sim/install/multipath_sim/share/multipath_sim//models/abu_dhabi/media/baked_duion_plaster_stucco_01_D_256.png_a3865f_pro_2161_256.png
[13.927s] -- Installing: /home/kap/ros2_ws/src/multipath_sim/install/multipath_sim/share/multipath_sim//models/abu_dhabi/media/baked_cc0textures_bricks11_col_256.jpg_d9d8c4_pro_2157_256.png
[13.927s] -- Installing: /home/kap/ros2_ws/src/multipath_sim/install/multipath_sim/share/multipath_sim//models/abu_dhabi/media/baked_duion_plaster_sprinkled_01_D_256.png_b8a594_pro_6908_256.png
[13.928s] -- Installing: /home/kap/ros2_ws/src/multipath_sim/install/multipath_sim/share/multipath_sim//models/abu_dhabi/media/baked_cc0textures_bricks11_col_256.jpg_7b422f_pro_2901_256.png
[13.928s] -- Installing: /home/kap/ros2_ws/src/multipath_sim/install/multipath_sim/share/multipath_sim//models/abu_dhabi/media/baked_duion_plaster_stucco_01_D_256.png_cfbc8e_pro_6908_256.png
[13.928s] -- Installing: /home/kap/ros2_ws/src/multipath_sim/install/multipath_sim/share/multipath_sim//models/abu_dhabi/media/baked_duion_bricks_classic_02_D_256.png_7b422f_pro_6908_256.png
[13.929s] -- Installing: /home/kap/ros2_ws/src/multipath_sim/install/multipath_sim/share/multipath_sim//models/abu_dhabi/media/baked_duion_plaster_stucco_01_D_256.png_cfbc8e_pro_2353_256.png
[13.929s] -- Installing: /home/kap/ros2_ws/src/multipath_sim/install/multipath_sim/share/multipath_sim//models/abu_dhabi/media/baked_duion_plaster_stucco_01_D_256.png_cfbc8e_pro_2157_256.png
[13.929s] -- Installing: /home/kap/ros2_ws/src/multipath_sim/install/multipath_sim/share/multipath_sim//models/abu_dhabi/media/baked_duion_plaster_stucco_01_D_256.png_a3865f_pro_2157_256.png
[13.930s] -- Installing: /home/kap/ros2_ws/src/multipath_sim/install/multipath_sim/share/multipath_sim//models/abu_dhabi/media/baked_cc0textures_bricks11_col_256.jpg_7b422f_pro_2161_256.png
[13.930s] -- Installing: /home/kap/ros2_ws/src/multipath_sim/install/multipath_sim/share/multipath_sim//models/abu_dhabi/abu_dhabi.sdf
[13.930s] -- Installing: /home/kap/ros2_ws/src/multipath_sim/install/multipath_sim/share/multipath_sim//models/x500_green
[13.930s] -- Installing: /home/kap/ros2_ws/src/multipath_sim/install/multipath_sim/share/multipath_sim//models/x500_green/meshes
[13.930s] -- Installing: /home/kap/ros2_ws/src/multipath_sim/install/multipath_sim/share/multipath_sim//models/x500_green/meshes/CF.png
[13.932s] -- Installing: /home/kap/ros2_ws/src/multipath_sim/install/multipath_sim/share/multipath_sim//models/x500_green/meshes/NXP-HGD-CF.dae
[13.949s] -- Installing: /home/kap/ros2_ws/src/multipath_sim/install/multipath_sim/share/multipath_sim//models/x500_green/meshes/5010Bell.dae
[13.949s] -- Installing: /home/kap/ros2_ws/src/multipath_sim/install/multipath_sim/share/multipath_sim//models/x500_green/meshes/5010Base.dae
[13.950s] -- Installing: /home/kap/ros2_ws/src/multipath_sim/install/multipath_sim/share/multipath_sim//models/x500_green/meshes/1345_prop_ccw.stl
[13.951s] -- Installing: /home/kap/ros2_ws/src/multipath_sim/install/multipath_sim/share/multipath_sim//models/x500_green/meshes/1345_prop_cw.stl
[13.952s] -- Installing: /home/kap/ros2_ws/src/multipath_sim/install/multipath_sim/share/multipath_sim//models/x500_green/thumbnails
[13.952s] -- Installing: /home/kap/ros2_ws/src/multipath_sim/install/multipath_sim/share/multipath_sim//models/x500_green/thumbnails/5.png
[13.952s] -- Installing: /home/kap/ros2_ws/src/multipath_sim/install/multipath_sim/share/multipath_sim//models/x500_green/thumbnails/4.png
[13.952s] -- Installing: /home/kap/ros2_ws/src/multipath_sim/install/multipath_sim/share/multipath_sim//models/x500_green/thumbnails/3.png
[13.952s] -- Installing: /home/kap/ros2_ws/src/multipath_sim/install/multipath_sim/share/multipath_sim//models/x500_green/thumbnails/2.png
[13.952s] -- Installing: /home/kap/ros2_ws/src/multipath_sim/install/multipath_sim/share/multipath_sim//models/x500_green/thumbnails/1.png
[13.953s] -- Installing: /home/kap/ros2_ws/src/multipath_sim/install/multipath_sim/share/multipath_sim//models/x500_green/model.config
[13.953s] -- Installing: /home/kap/ros2_ws/src/multipath_sim/install/multipath_sim/share/multipath_sim//models/x500_green/materials
[13.953s] -- Installing: /home/kap/ros2_ws/src/multipath_sim/install/multipath_sim/share/multipath_sim//models/x500_green/materials/textures
[13.953s] -- Installing: /home/kap/ros2_ws/src/multipath_sim/install/multipath_sim/share/multipath_sim//models/x500_green/materials/textures/CF.png
[13.955s] -- Installing: /home/kap/ros2_ws/src/multipath_sim/install/multipath_sim/share/multipath_sim//models/x500_green/materials/textures/rd.png
[13.955s] -- Installing: /home/kap/ros2_ws/src/multipath_sim/install/multipath_sim/share/multipath_sim//models/x500_green/materials/textures/nxp.png
[13.955s] -- Installing: /home/kap/ros2_ws/src/multipath_sim/install/multipath_sim/share/multipath_sim//models/x500_green/model.sdf
[13.956s] -- Installing: /home/kap/ros2_ws/src/multipath_sim/install/multipath_sim/share/multipath_sim//models/iris_virtual_ray
[13.956s] -- Installing: /home/kap/ros2_ws/src/multipath_sim/install/multipath_sim/share/multipath_sim//models/iris_virtual_ray/iris_virtual_ray.sdf
[13.956s] -- Installing: /home/kap/ros2_ws/src/multipath_sim/install/multipath_sim/share/multipath_sim//models/iris_virtual_ray/meshes
[13.956s] -- Installing: /home/kap/ros2_ws/src/multipath_sim/install/multipath_sim/share/multipath_sim//models/iris_virtual_ray/meshes/iris_prop_ccw.dae
[13.957s] -- Installing: /home/kap/ros2_ws/src/multipath_sim/install/multipath_sim/share/multipath_sim//models/iris_virtual_ray/meshes/iris_prop_cw.dae
[13.957s] -- Installing: /home/kap/ros2_ws/src/multipath_sim/install/multipath_sim/share/multipath_sim//models/iris_virtual_ray/meshes/iris.stl
[13.960s] -- Installing: /home/kap/ros2_ws/src/multipath_sim/install/multipath_sim/share/multipath_sim//models/iris_virtual_ray/model.config
[13.960s] -- Installing: /home/kap/ros2_ws/src/multipath_sim/install/multipath_sim/share/multipath_sim//models/x500_red_no_collision
[13.960s] -- Installing: /home/kap/ros2_ws/src/multipath_sim/install/multipath_sim/share/multipath_sim//models/x500_red_no_collision/meshes
[13.960s] -- Installing: /home/kap/ros2_ws/src/multipath_sim/install/multipath_sim/share/multipath_sim//models/x500_red_no_collision/meshes/CF.png
[13.962s] -- Installing: /home/kap/ros2_ws/src/multipath_sim/install/multipath_sim/share/multipath_sim//models/x500_red_no_collision/meshes/NXP-HGD-CF.dae
[13.978s] -- Installing: /home/kap/ros2_ws/src/multipath_sim/install/multipath_sim/share/multipath_sim//models/x500_red_no_collision/meshes/5010Bell.dae
[13.978s] -- Installing: /home/kap/ros2_ws/src/multipath_sim/install/multipath_sim/share/multipath_sim//models/x500_red_no_collision/meshes/5010Base.dae
[13.979s] -- Installing: /home/kap/ros2_ws/src/multipath_sim/install/multipath_sim/share/multipath_sim//models/x500_red_no_collision/meshes/1345_prop_ccw.stl
[13.980s] -- Installing: /home/kap/ros2_ws/src/multipath_sim/install/multipath_sim/share/multipath_sim//models/x500_red_no_collision/meshes/1345_prop_cw.stl
[13.980s] -- Installing: /home/kap/ros2_ws/src/multipath_sim/install/multipath_sim/share/multipath_sim//models/x500_red_no_collision/thumbnails
[13.980s] -- Installing: /home/kap/ros2_ws/src/multipath_sim/install/multipath_sim/share/multipath_sim//models/x500_red_no_collision/thumbnails/5.png
[13.980s] -- Installing: /home/kap/ros2_ws/src/multipath_sim/install/multipath_sim/share/multipath_sim//models/x500_red_no_collision/thumbnails/4.png
[13.981s] -- Installing: /home/kap/ros2_ws/src/multipath_sim/install/multipath_sim/share/multipath_sim//models/x500_red_no_collision/thumbnails/3.png
[13.981s] -- Installing: /home/kap/ros2_ws/src/multipath_sim/install/multipath_sim/share/multipath_sim//models/x500_red_no_collision/thumbnails/2.png
[13.981s] -- Installing: /home/kap/ros2_ws/src/multipath_sim/install/multipath_sim/share/multipath_sim//models/x500_red_no_collision/thumbnails/1.png
[13.982s] -- Installing: /home/kap/ros2_ws/src/multipath_sim/install/multipath_sim/share/multipath_sim//models/x500_red_no_collision/model.config
[13.982s] -- Installing: /home/kap/ros2_ws/src/multipath_sim/install/multipath_sim/share/multipath_sim//models/x500_red_no_collision/materials
[13.982s] -- Installing: /home/kap/ros2_ws/src/multipath_sim/install/multipath_sim/share/multipath_sim//models/x500_red_no_collision/materials/textures
[13.982s] -- Installing: /home/kap/ros2_ws/src/multipath_sim/install/multipath_sim/share/multipath_sim//models/x500_red_no_collision/materials/textures/CF.png
[13.984s] -- Installing: /home/kap/ros2_ws/src/multipath_sim/install/multipath_sim/share/multipath_sim//models/x500_red_no_collision/materials/textures/rd.png
[13.984s] -- Installing: /home/kap/ros2_ws/src/multipath_sim/install/multipath_sim/share/multipath_sim//models/x500_red_no_collision/materials/textures/nxp.png
[13.984s] -- Installing: /home/kap/ros2_ws/src/multipath_sim/install/multipath_sim/share/multipath_sim//models/x500_red_no_collision/model.sdf
[13.984s] -- Installing: /home/kap/ros2_ws/src/multipath_sim/install/multipath_sim/share/multipath_sim//models/x500
[13.984s] -- Installing: /home/kap/ros2_ws/src/multipath_sim/install/multipath_sim/share/multipath_sim//models/x500/meshes
[13.984s] -- Installing: /home/kap/ros2_ws/src/multipath_sim/install/multipath_sim/share/multipath_sim//models/x500/meshes/CF.png
[13.986s] -- Installing: /home/kap/ros2_ws/src/multipath_sim/install/multipath_sim/share/multipath_sim//models/x500/meshes/NXP-HGD-CF.dae
[14.004s] -- Installing: /home/kap/ros2_ws/src/multipath_sim/install/multipath_sim/share/multipath_sim//models/x500/meshes/5010Bell.dae
[14.005s] -- Installing: /home/kap/ros2_ws/src/multipath_sim/install/multipath_sim/share/multipath_sim//models/x500/meshes/5010Base.dae
[14.006s] -- Installing: /home/kap/ros2_ws/src/multipath_sim/install/multipath_sim/share/multipath_sim//models/x500/meshes/1345_prop_ccw.stl
[14.007s] -- Installing: /home/kap/ros2_ws/src/multipath_sim/install/multipath_sim/share/multipath_sim//models/x500/meshes/1345_prop_cw.stl
[14.008s] -- Installing: /home/kap/ros2_ws/src/multipath_sim/install/multipath_sim/share/multipath_sim//models/x500/thumbnails
[14.008s] -- Installing: /home/kap/ros2_ws/src/multipath_sim/install/multipath_sim/share/multipath_sim//models/x500/thumbnails/5.png
[14.008s] -- Installing: /home/kap/ros2_ws/src/multipath_sim/install/multipath_sim/share/multipath_sim//models/x500/thumbnails/4.png
[14.009s] -- Installing: /home/kap/ros2_ws/src/multipath_sim/install/multipath_sim/share/multipath_sim//models/x500/thumbnails/3.png
[14.009s] -- Installing: /home/kap/ros2_ws/src/multipath_sim/install/multipath_sim/share/multipath_sim//models/x500/thumbnails/2.png
[14.010s] -- Installing: /home/kap/ros2_ws/src/multipath_sim/install/multipath_sim/share/multipath_sim//models/x500/thumbnails/1.png
[14.010s] -- Installing: /home/kap/ros2_ws/src/multipath_sim/install/multipath_sim/share/multipath_sim//models/x500/model.config
[14.011s] -- Installing: /home/kap/ros2_ws/src/multipath_sim/install/multipath_sim/share/multipath_sim//models/x500/materials
[14.011s] -- Installing: /home/kap/ros2_ws/src/multipath_sim/install/multipath_sim/share/multipath_sim//models/x500/materials/textures
[14.011s] -- Installing: /home/kap/ros2_ws/src/multipath_sim/install/multipath_sim/share/multipath_sim//models/x500/materials/textures/CF.png
[14.013s] -- Installing: /home/kap/ros2_ws/src/multipath_sim/install/multipath_sim/share/multipath_sim//models/x500/materials/textures/rd.png
[14.013s] -- Installing: /home/kap/ros2_ws/src/multipath_sim/install/multipath_sim/share/multipath_sim//models/x500/materials/textures/nxp.png
[14.014s] -- Installing: /home/kap/ros2_ws/src/multipath_sim/install/multipath_sim/share/multipath_sim//models/x500/model.sdf
[14.014s] -- Installing: /home/kap/ros2_ws/src/multipath_sim/install/multipath_sim/share/multipath_sim//models/hong_kong
[14.014s] -- Installing: /home/kap/ros2_ws/src/multipath_sim/install/multipath_sim/share/multipath_sim//models/hong_kong/model.config
[14.014s] -- Installing: /home/kap/ros2_ws/src/multipath_sim/install/multipath_sim/share/multipath_sim//models/hong_kong/hong_kong.sdf
[14.014s] -- Installing: /home/kap/ros2_ws/src/multipath_sim/install/multipath_sim/share/multipath_sim//models/hong_kong/media
[14.015s] -- Installing: /home/kap/ros2_ws/src/multipath_sim/install/multipath_sim/share/multipath_sim//models/hong_kong/media/baked_cc0textures_bricks11_col_exp.jpg_976c6b_pro_2157_exp.png
[14.015s] -- Installing: /home/kap/ros2_ws/src/multipath_sim/install/multipath_sim/share/multipath_sim//models/hong_kong/media/baked_duion_bricks_classic_01_D_exp.png_c5765d_pro_2161_exp.png
[14.015s] -- Installing: /home/kap/ros2_ws/src/multipath_sim/install/multipath_sim/share/multipath_sim//models/hong_kong/media/baked_duion_bricks_classic_01_D_exp.png_976c6b_pro_2157_exp.png
[14.015s] -- Installing: /home/kap/ros2_ws/src/multipath_sim/install/multipath_sim/share/multipath_sim//models/hong_kong/media/baked_duion_plaster_stucco_01_D_exp.png_b8a594_pro_6908_exp.png
[14.016s] -- Installing: /home/kap/ros2_ws/src/multipath_sim/install/multipath_sim/share/multipath_sim//models/hong_kong/media/baked_duion_bricks_classic_01_D_exp.png_7b422f_pro_6908_exp.png
[14.016s] -- Installing: /home/kap/ros2_ws/src/multipath_sim/install/multipath_sim/share/multipath_sim//models/hong_kong/media/baked_duion_bricks_classic_01_D_exp.png_c5765d_pro_2157_exp.png
[14.017s] -- Installing: /home/kap/ros2_ws/src/multipath_sim/install/multipath_sim/share/multipath_sim//models/hong_kong/media/baked_a6653f_roof_tiles.png
[14.017s] -- Installing: /home/kap/ros2_ws/src/multipath_sim/install/multipath_sim/share/multipath_sim//models/hong_kong/media/baked_duion_bricks_classic_02_D_exp.png_c5765d_pro_2901_exp.png
[14.018s] -- Installing: /home/kap/ros2_ws/src/multipath_sim/install/multipath_sim/share/multipath_sim//models/hong_kong/media/baked_duion_plaster_stucco_01_D_exp.png_b8a594_pro_2901_exp.png
[14.018s] -- Installing: /home/kap/ros2_ws/src/multipath_sim/install/multipath_sim/share/multipath_sim//models/hong_kong/media/baked_duion_plaster_sprinkled_01_D_exp.png_b8a594_pro_2157_exp.png
[14.018s] -- Installing: /home/kap/ros2_ws/src/multipath_sim/install/multipath_sim/share/multipath_sim//models/hong_kong/media/baked_afafaf_concrete.png
[14.019s] -- Installing: /home/kap/ros2_ws/src/multipath_sim/install/multipath_sim/share/multipath_sim//models/hong_kong/media/baked_976c6b_brick.png
[14.019s] -- Installing: /home/kap/ros2_ws/src/multipath_sim/install/multipath_sim/share/multipath_sim//models/hong_kong/media/baked_cc0textures_bricks11_col_exp.jpg_c5765d_pro_2157_exp.png
[14.019s] -- Installing: /home/kap/ros2_ws/src/multipath_sim/install/multipath_sim/share/multipath_sim//models/hong_kong/media/baked_cc0textures_bricks11_col_exp.jpg_7b422f_pro_2161_exp.png
[14.020s] -- Installing: /home/kap/ros2_ws/src/multipath_sim/install/multipath_sim/share/multipath_sim//models/hong_kong/media/baked_cc0textures_bricks11_col_exp.jpg_976c6b_pro_2353_exp.png
[14.020s] -- Installing: /home/kap/ros2_ws/src/multipath_sim/install/multipath_sim/share/multipath_sim//models/hong_kong/media/baked_cc0textures_bricks11_col_exp.jpg_976c6b_pro_2161_exp.png
[14.021s] -- Installing: /home/kap/ros2_ws/src/multipath_sim/install/multipath_sim/share/multipath_sim//models/hong_kong/media/baked_duion_plaster_sprinkled_01_D_exp.png_a3865f_pro_2161_exp.png
[14.021s] -- Installing: /home/kap/ros2_ws/src/multipath_sim/install/multipath_sim/share/multipath_sim//models/hong_kong/media/baked_duion_plaster_stucco_01_D_exp.png_cfbc8e_pro_2161_exp.png
[14.022s] -- Installing: /home/kap/ros2_ws/src/multipath_sim/install/multipath_sim/share/multipath_sim//models/hong_kong/media/baked_cc0textures_bricks11_col_exp.jpg_7b422f_pro_6908_exp.png
[14.022s] -- Installing: /home/kap/ros2_ws/src/multipath_sim/install/multipath_sim/share/multipath_sim//models/hong_kong/media/baked_c8c2b6_concrete.png
[14.022s] -- Installing: /home/kap/ros2_ws/src/multipath_sim/install/multipath_sim/share/multipath_sim//models/hong_kong/media/baked_duion_bricks_classic_02_D_exp.png_7b422f_pro_2161_exp.png
[14.023s] -- Installing: /home/kap/ros2_ws/src/multipath_sim/install/multipath_sim/share/multipath_sim//models/hong_kong/media/baked_duion_plaster_sprinkled_01_D_exp.png_a3865f_pro_2157_exp.png
[14.023s] -- Installing: /home/kap/ros2_ws/src/multipath_sim/install/multipath_sim/share/multipath_sim//models/hong_kong/media/baked_5e2a31_metal.png
[14.024s] -- Installing: /home/kap/ros2_ws/src/multipath_sim/install/multipath_sim/share/multipath_sim//models/hong_kong/media/baked_cc0textures_bricks11_col_exp.jpg_c5765d_pro_2161_exp.png
[14.024s] -- Installing: /home/kap/ros2_ws/src/multipath_sim/install/multipath_sim/share/multipath_sim//models/hong_kong/media/baked_duion_plaster_sprinkled_01_D_exp.png_cfbc8e_pro_2901_exp.png
[14.024s] -- Installing: /home/kap/ros2_ws/src/multipath_sim/install/multipath_sim/share/multipath_sim//models/hong_kong/media/baked_duion_plaster_sprinkled_01_D_exp.png_cfbc8e_pro_2161_exp.png
[14.025s] -- Installing: /home/kap/ros2_ws/src/multipath_sim/install/multipath_sim/share/multipath_sim//models/hong_kong/media/baked_duion_plaster_stucco_01_D_exp.png_a3865f_pro_2161_exp.png
[14.025s] -- Installing: /home/kap/ros2_ws/src/multipath_sim/install/multipath_sim/share/multipath_sim//models/hong_kong/media/baked_duion_plaster_sprinkled_01_D_exp.png_cfbc8e_pro_6908_exp.png
[14.025s] -- Installing: /home/kap/ros2_ws/src/multipath_sim/install/multipath_sim/share/multipath_sim//models/hong_kong/media/baked_cfbc8e_plaster.png
[14.026s] -- Installing: /home/kap/ros2_ws/src/multipath_sim/install/multipath_sim/share/multipath_sim//models/hong_kong/media/baked_cc0textures_bricks11_col_exp.jpg_7b422f_pro_2157_exp.png
[14.026s] -- Installing: /home/kap/ros2_ws/src/multipath_sim/install/multipath_sim/share/multipath_sim//models/hong_kong/media/baked_c5765d_brick.png
[14.027s] -- Installing: /home/kap/ros2_ws/src/multipath_sim/install/multipath_sim/share/multipath_sim//models/hong_kong/media/baked_duion_bricks_classic_01_D_exp.png_c5765d_pro_2901_exp.png
[14.027s] -- Installing: /home/kap/ros2_ws/src/multipath_sim/install/multipath_sim/share/multipath_sim//models/hong_kong/media/baked_cc0textures_bricks11_col_exp.jpg_976c6b_pro_2901_exp.png
[14.028s] -- Installing: /home/kap/ros2_ws/src/multipath_sim/install/multipath_sim/share/multipath_sim//models/hong_kong/media/baked_duion_bricks_classic_02_D_exp.png_c5765d_pro_2353_exp.png
[14.028s] -- Installing: /home/kap/ros2_ws/src/multipath_sim/install/multipath_sim/share/multipath_sim//models/hong_kong/media/baked_duion_plaster_sprinkled_01_D_exp.png_cfbc8e_pro_2157_exp.png
[14.028s] -- Installing: /home/kap/ros2_ws/src/multipath_sim/install/multipath_sim/share/multipath_sim//models/hong_kong/media/buildings.dae
[14.032s] -- Installing: /home/kap/ros2_ws/src/multipath_sim/install/multipath_sim/share/multipath_sim//models/hong_kong/media/baked_duion_plaster_stucco_01_D_exp.png_cfbc8e_pro_2353_exp.png
[14.032s] -- Installing: /home/kap/ros2_ws/src/multipath_sim/install/multipath_sim/share/multipath_sim//models/hong_kong/media/baked_duion_plaster_stucco_01_D_exp.png_a3865f_pro_2157_exp.png
[14.032s] -- Installing: /home/kap/ros2_ws/src/multipath_sim/install/multipath_sim/share/multipath_sim//models/hong_kong/media/baked_c57a63_roof_tiles.png
[14.033s] -- Installing: /home/kap/ros2_ws/src/multipath_sim/install/multipath_sim/share/multipath_sim//models/hong_kong/media/baked_duion_plaster_stucco_01_D_exp.png_b8a594_pro_2157_exp.png
[14.033s] -- Installing: /home/kap/ros2_ws/src/multipath_sim/install/multipath_sim/share/multipath_sim//models/hong_kong/media/baked_494c57_metal.png
[14.033s] -- Installing: /home/kap/ros2_ws/src/multipath_sim/install/multipath_sim/share/multipath_sim//models/hong_kong/media/baked_duion_bricks_classic_02_D_exp.png_c5765d_pro_2161_exp.png
[14.034s] -- Installing: /home/kap/ros2_ws/src/multipath_sim/install/multipath_sim/share/multipath_sim//models/hong_kong/media/baked_duion_bricks_classic_01_D_exp.png_976c6b_pro_2353_exp.png
[14.034s] -- Installing: /home/kap/ros2_ws/src/multipath_sim/install/multipath_sim/share/multipath_sim//models/hong_kong/media/baked_818b8f_metal.png
[14.034s] -- Installing: /home/kap/ros2_ws/src/multipath_sim/install/multipath_sim/share/multipath_sim//models/hong_kong/media/baked_duion_bricks_classic_01_D_exp.png_976c6b_pro_2901_exp.png
[14.035s] -- Installing: /home/kap/ros2_ws/src/multipath_sim/install/multipath_sim/share/multipath_sim//models/hong_kong/media/baked_cc0textures_bricks11_col_exp.jpg_c5765d_pro_2353_exp.png
[14.035s] -- Installing: /home/kap/ros2_ws/src/multipath_sim/install/multipath_sim/share/multipath_sim//models/hong_kong/media/baked_duion_plaster_stucco_01_D_exp.png_cfbc8e_pro_2901_exp.png
[14.035s] -- Installing: /home/kap/ros2_ws/src/multipath_sim/install/multipath_sim/share/multipath_sim//models/hong_kong/media/baked_duion_bricks_classic_02_D_exp.png_7b422f_pro_2157_exp.png
[14.036s] -- Installing: /home/kap/ros2_ws/src/multipath_sim/install/multipath_sim/share/multipath_sim//models/hong_kong/media/baked_duion_bricks_classic_02_D_exp.png_976c6b_pro_2161_exp.png
[14.036s] -- Installing: /home/kap/ros2_ws/src/multipath_sim/install/multipath_sim/share/multipath_sim//models/hong_kong/media/baked_cc0textures_bricks11_col_exp.jpg_7b422f_pro_2353_exp.png
[14.036s] -- Installing: /home/kap/ros2_ws/src/multipath_sim/install/multipath_sim/share/multipath_sim//models/hong_kong/media/baked_cc0textures_bricks11_col_exp.jpg_c5765d_pro_2901_exp.png
[14.037s] -- Installing: /home/kap/ros2_ws/src/multipath_sim/install/multipath_sim/share/multipath_sim//models/hong_kong/media/baked_a3865f_plaster.png
[14.037s] -- Installing: /home/kap/ros2_ws/src/multipath_sim/install/multipath_sim/share/multipath_sim//models/hong_kong/media/baked_duion_bricks_classic_01_D_exp.png_7b422f_pro_2161_exp.png
[14.037s] -- Installing: /home/kap/ros2_ws/src/multipath_sim/install/multipath_sim/share/multipath_sim//models/hong_kong/media/baked_duion_bricks_classic_01_D_exp.png_7b422f_pro_2353_exp.png
[14.038s] -- Installing: /home/kap/ros2_ws/src/multipath_sim/install/multipath_sim/share/multipath_sim//models/hong_kong/media/baked_duion_bricks_classic_02_D_exp.png_7b422f_pro_6908_exp.png
[14.038s] -- Installing: /home/kap/ros2_ws/src/multipath_sim/install/multipath_sim/share/multipath_sim//models/hong_kong/media/baked_duion_bricks_classic_02_D_exp.png_7b422f_pro_2901_exp.png
[14.038s] -- Installing: /home/kap/ros2_ws/src/multipath_sim/install/multipath_sim/share/multipath_sim//models/hong_kong/media/baked_duion_plaster_sprinkled_01_D_exp.png_b8a594_pro_2901_exp.png
[14.039s] -- Installing: /home/kap/ros2_ws/src/multipath_sim/install/multipath_sim/share/multipath_sim//models/hong_kong/media/baked_duion_plaster_stucco_01_D_exp.png_cfbc8e_pro_2157_exp.png
[14.039s] -- Installing: /home/kap/ros2_ws/src/multipath_sim/install/multipath_sim/share/multipath_sim//models/hong_kong/media/baked_duion_plaster_stucco_01_D_exp.png_ff0000_pro_2353_exp.png
[14.039s] -- Installing: /home/kap/ros2_ws/src/multipath_sim/install/multipath_sim/share/multipath_sim//models/hong_kong/media/baked_duion_plaster_stucco_01_D_exp.png_a3865f_pro_2901_exp.png
[14.040s] -- Installing: /home/kap/ros2_ws/src/multipath_sim/install/multipath_sim/share/multipath_sim//models/hong_kong/media/baked_cc0textures_bricks11_col_exp.jpg_976c6b_pro_6908_exp.png
[14.040s] -- Installing: /home/kap/ros2_ws/src/multipath_sim/install/multipath_sim/share/multipath_sim//models/hong_kong/media/baked_duion_bricks_classic_01_D_exp.png_c5765d_pro_2353_exp.png
[14.040s] -- Installing: /home/kap/ros2_ws/src/multipath_sim/install/multipath_sim/share/multipath_sim//models/hong_kong/media/baked_duion_bricks_classic_01_D_exp.png_976c6b_pro_2161_exp.png
[14.041s] -- Installing: /home/kap/ros2_ws/src/multipath_sim/install/multipath_sim/share/multipath_sim//models/hong_kong/media/baked_duion_plaster_sprinkled_01_D_exp.png_b8a594_pro_6908_exp.png
[14.041s] -- Installing: /home/kap/ros2_ws/src/multipath_sim/install/multipath_sim/share/multipath_sim//models/hong_kong/media/baked_duion_plaster_stucco_01_D_exp.png_b8a594_pro_2353_exp.png
[14.042s] -- Installing: /home/kap/ros2_ws/src/multipath_sim/install/multipath_sim/share/multipath_sim//models/hong_kong/media/terrain.dae
[14.044s] -- Installing: /home/kap/ros2_ws/src/multipath_sim/install/multipath_sim/share/multipath_sim//models/hong_kong/media/overlay.png
[14.051s] -- Installing: /home/kap/ros2_ws/src/multipath_sim/install/multipath_sim/share/multipath_sim//models/hong_kong/media/baked_duion_bricks_classic_02_D_exp.png_976c6b_pro_2353_exp.png
[14.051s] -- Installing: /home/kap/ros2_ws/src/multipath_sim/install/multipath_sim/share/multipath_sim//models/hong_kong/media/baked_duion_plaster_stucco_01_D_exp.png_a3865f_pro_2353_exp.png
[14.051s] -- Installing: /home/kap/ros2_ws/src/multipath_sim/install/multipath_sim/share/multipath_sim//models/hong_kong/media/baked_cc0textures_bricks11_col_exp.jpg_7b422f_pro_2901_exp.png
[14.052s] -- Installing: /home/kap/ros2_ws/src/multipath_sim/install/multipath_sim/share/multipath_sim//models/hong_kong/media/baked_8a5c4d_roof_tiles.png
[14.052s] -- Installing: /home/kap/ros2_ws/src/multipath_sim/install/multipath_sim/share/multipath_sim//models/hong_kong/media/baked_duion_plaster_sprinkled_01_D_exp.png_cfbc8e_pro_2353_exp.png
[14.052s] -- Installing: /home/kap/ros2_ws/src/multipath_sim/install/multipath_sim/share/multipath_sim//models/hong_kong/media/baked_duion_bricks_classic_02_D_exp.png_c5765d_pro_6908_exp.png
[14.053s] -- Installing: /home/kap/ros2_ws/src/multipath_sim/install/multipath_sim/share/multipath_sim//models/hong_kong/media/baked_duion_bricks_classic_02_D_exp.png_976c6b_pro_2901_exp.png
[14.053s] -- Installing: /home/kap/ros2_ws/src/multipath_sim/install/multipath_sim/share/multipath_sim//models/hong_kong/media/baked_duion_plaster_sprinkled_01_D_exp.png_b8a594_pro_2161_exp.png
[14.053s] -- Installing: /home/kap/ros2_ws/src/multipath_sim/install/multipath_sim/share/multipath_sim//models/hong_kong/media/baked_duion_bricks_classic_02_D_exp.png_7b422f_pro_2353_exp.png
[14.054s] -- Installing: /home/kap/ros2_ws/src/multipath_sim/install/multipath_sim/share/multipath_sim//models/hong_kong/media/baked_7b422f_brick.png
[14.054s] -- Installing: /home/kap/ros2_ws/src/multipath_sim/install/multipath_sim/share/multipath_sim//models/hong_kong/media/baked_duion_plaster_sprinkled_01_D_exp.png_a3865f_pro_2901_exp.png
[14.054s] -- Installing: /home/kap/ros2_ws/src/multipath_sim/install/multipath_sim/share/multipath_sim//models/hong_kong/media/baked_duion_plaster_stucco_01_D_exp.png_cfbc8e_pro_6908_exp.png
[14.055s] -- Installing: /home/kap/ros2_ws/src/multipath_sim/install/multipath_sim/share/multipath_sim//models/hong_kong/media/baked_duion_plaster_stucco_01_D_exp.png_d4af37_pro_2353_exp.png
[14.055s] -- Installing: /home/kap/ros2_ws/src/multipath_sim/install/multipath_sim/share/multipath_sim//models/hong_kong/media/baked_b8a594_plaster.png
[14.055s] -- Installing: /home/kap/ros2_ws/src/multipath_sim/install/multipath_sim/share/multipath_sim//models/hong_kong/media/baked_b2b2a6_concrete.png
[14.056s] -- Installing: /home/kap/ros2_ws/src/multipath_sim/install/multipath_sim/share/multipath_sim//models/hong_kong/media/baked_duion_plaster_sprinkled_01_D_exp.png_b8a594_pro_2353_exp.png
[14.056s] -- Installing: /home/kap/ros2_ws/src/multipath_sim/install/multipath_sim/share/multipath_sim//models/hong_kong/media/baked_duion_bricks_classic_01_D_exp.png_7b422f_pro_2901_exp.png
[14.056s] -- Installing: /home/kap/ros2_ws/src/multipath_sim/install/multipath_sim/share/multipath_sim//models/hong_kong/media/baked_duion_bricks_classic_02_D_exp.png_976c6b_pro_2157_exp.png
[14.056s] -- Installing: /home/kap/ros2_ws/src/multipath_sim/install/multipath_sim/share/multipath_sim//models/hong_kong/media/baked_duion_plaster_stucco_01_D_exp.png_b8a594_pro_2161_exp.png
[14.057s] -- Installing: /home/kap/ros2_ws/src/multipath_sim/install/multipath_sim/share/multipath_sim//models/hong_kong/media/baked_duion_bricks_classic_01_D_exp.png_7b422f_pro_2157_exp.png
[14.057s] -- Installing: /home/kap/ros2_ws/src/multipath_sim/install/multipath_sim/share/multipath_sim//models/hong_kong/media/baked_duion_plaster_sprinkled_01_D_exp.png_a3865f_pro_2353_exp.png
[14.057s] -- Installing: /home/kap/ros2_ws/src/multipath_sim/install/multipath_sim/share/multipath_sim//models/hong_kong/media/overlay_old
[14.057s] -- Installing: /home/kap/ros2_ws/src/multipath_sim/install/multipath_sim/share/multipath_sim//models/hong_kong/media/overlay_old/overlay.png
[14.063s] -- Installing: /home/kap/ros2_ws/src/multipath_sim/install/multipath_sim/share/multipath_sim//models/hong_kong/media/baked_duion_bricks_classic_02_D_exp.png_c5765d_pro_2157_exp.png
[14.064s] -- Installing: /home/kap/ros2_ws/src/multipath_sim/install/multipath_sim/share/multipath_sim//launch
[14.064s] -- Installing: /home/kap/ros2_ws/src/multipath_sim/install/multipath_sim/share/multipath_sim//launch/test.launch.py
[14.064s] -- Installing: /home/kap/ros2_ws/src/multipath_sim/install/multipath_sim/share/multipath_sim//launch/abu_dhabi_sim.launch
[14.064s] -- Installing: /home/kap/ros2_ws/src/multipath_sim/install/multipath_sim/share/multipath_sim//launch/hong_kong.launch.py
[14.064s] -- Installing: /home/kap/ros2_ws/src/multipath_sim/install/multipath_sim/share/multipath_sim//launch/bag.launch
[14.064s] -- Installing: /home/kap/ros2_ws/src/multipath_sim/install/multipath_sim/share/multipath_sim//launch/multipath_live_test.launch
[14.064s] -- Installing: /home/kap/ros2_ws/src/multipath_sim/install/multipath_sim/share/multipath_sim//launch/abu_dhabi.launch.py
[14.064s] -- Installing: /home/kap/ros2_ws/src/multipath_sim/install/multipath_sim/share/multipath_sim//launch/hong_kong.launch
[14.064s] -- Installing: /home/kap/ros2_ws/src/multipath_sim/install/multipath_sim/share/multipath_sim//config
[14.064s] -- Installing: /home/kap/ros2_ws/src/multipath_sim/install/multipath_sim/share/multipath_sim//config/multipath_sim.rviz
[14.064s] -- Installing: /home/kap/ros2_ws/src/multipath_sim/install/multipath_sim/share/multipath_sim//config/qualisys.rviz
[14.065s] -- Installing: /home/kap/ros2_ws/src/multipath_sim/install/multipath_sim/share/multipath_sim//config/hk_sim.rviz
[14.065s] -- Installing: /home/kap/ros2_ws/src/multipath_sim/install/multipath_sim/lib//data
[14.065s] -- Installing: /home/kap/ros2_ws/src/multipath_sim/install/multipath_sim/lib//data/hk_nominal_traj.csv
[14.065s] -- Installing: /home/kap/ros2_ws/src/multipath_sim/install/multipath_sim/lib//data/hk_attack_traj.csv
[14.066s] -- Installing: /home/kap/ros2_ws/src/multipath_sim/install/multipath_sim/lib//data/hksc135c.21n
[14.066s] -- Installing: /home/kap/ros2_ws/src/multipath_sim/install/multipath_sim/lib//data/map.png
[14.067s] -- Installing: /home/kap/ros2_ws/src/multipath_sim/install/multipath_sim/lib//data/hk_data
[14.067s] -- Installing: /home/kap/ros2_ws/src/multipath_sim/install/multipath_sim/lib//data/hk_data/20210517.light-urban.tste.xiaomi.mi8.nmea
[14.068s] -- Installing: /home/kap/ros2_ws/src/multipath_sim/install/multipath_sim/lib//data/hk_data/20210517.light-urban.tste.ublox.m8t.GR.obs
[14.069s] -- Installing: /home/kap/ros2_ws/src/multipath_sim/install/multipath_sim/lib//data/hk_data/20210517.light-urban.tste.google.pixel4.obs
[14.070s] -- Installing: /home/kap/ros2_ws/src/multipath_sim/install/multipath_sim/lib//data/hk_data/20210517.light-urban.tste.novatel.flexpak6.obs
[14.071s] -- Installing: /home/kap/ros2_ws/src/multipath_sim/install/multipath_sim/lib//data/hk_data/20210517.light-urban.tste.ublox.f9p.splitter.obs
[14.074s] -- Installing: /home/kap/ros2_ws/src/multipath_sim/install/multipath_sim/lib//data/hk_data/20210517.light-urban.tste.huawei.p40pro.obs
[14.075s] -- Installing: /home/kap/ros2_ws/src/multipath_sim/install/multipath_sim/lib//data/hk_data/20210517.light-urban.tste.ublox.m8t.GR.nmea
[14.076s] -- Installing: /home/kap/ros2_ws/src/multipath_sim/install/multipath_sim/lib//data/hk_data/20210517.light-urban.tste.xiaomi.mi8.obs
[14.077s] -- Installing: /home/kap/ros2_ws/src/multipath_sim/install/multipath_sim/lib//data/hk_data/20210517.light-urban.tste.ublox.m8t.GEJ.obs
[14.078s] -- Installing: /home/kap/ros2_ws/src/multipath_sim/install/multipath_sim/lib//data/hk_data/20210517.light-urban.tste.ublox.m8t.GEJ.nmea
[14.079s] -- Installing: /home/kap/ros2_ws/src/multipath_sim/install/multipath_sim/lib//data/hk_data/20210517.light-urban.tste.ublox.m8t.GC.nmea
[14.080s] -- Installing: /home/kap/ros2_ws/src/multipath_sim/install/multipath_sim/lib//data/hk_data/20210517.light-urban.tste.samsung.note8.obs
[14.082s] -- Installing: /home/kap/ros2_ws/src/multipath_sim/install/multipath_sim/lib//data/hk_data/20210517.light-urban.tste.ublox.f9p.obs
[14.084s] -- Installing: /home/kap/ros2_ws/src/multipath_sim/install/multipath_sim/lib//data/hk_data/20210517.light-urban.tste.ublox.f9p.nmea
[14.086s] -- Installing: /home/kap/ros2_ws/src/multipath_sim/install/multipath_sim/lib//data/hk_data/20210517.light-urban.tste.huawei.p40pro.nmea
[14.088s] -- Installing: /home/kap/ros2_ws/src/multipath_sim/install/multipath_sim/lib//data/hk_data/20210517.light-urban.tste.samsung.note8.nmea
[14.090s] -- Installing: /home/kap/ros2_ws/src/multipath_sim/install/multipath_sim/lib//data/hk_data/20210517.light-urban.tste.ublox.m8t.GC.obs
[14.091s] -- Installing: /home/kap/ros2_ws/src/multipath_sim/install/multipath_sim/lib//data/hk_data/20210517.light-urban.tste.ublox.f9p.splitter.nmea
[14.092s] -- Installing: /home/kap/ros2_ws/src/multipath_sim/install/multipath_sim/lib//data/hk_data/20210517.light-urban.tste.google.pixel4.nmea
[14.094s] -- Installing: /home/kap/ros2_ws/src/multipath_sim/install/multipath_sim/lib//data/topic_list.txt
[14.094s] -- Installing: /home/kap/ros2_ws/src/multipath_sim/install/multipath_sim/lib//data/hk_data_car_gps_log.json
[14.094s] -- Installing: /home/kap/ros2_ws/src/multipath_sim/install/multipath_sim/lib//data/hk_data_affect_pos_heatmap.json
[14.096s] -- Installing: /home/kap/ros2_ws/src/multipath_sim/install/multipath_sim/lib//data/hk_data_sv_mean.json
[14.096s] -- Installing: /home/kap/ros2_ws/src/multipath_sim/install/multipath_sim/lib//data/pos_data_log.json
[14.096s] -- Installing: /home/kap/ros2_ws/src/multipath_sim/install/multipath_sim/lib//data/car_ground_truth.json
[14.096s] -- Installing: /home/kap/ros2_ws/src/multipath_sim/install/multipath_sim/lib//data/1_lightUrban_tsimShaTsuiEast_20210517.zip
[14.114s] -- Installing: /home/kap/ros2_ws/src/multipath_sim/install/multipath_sim/lib//data/hk_data_affect_pos.json
[14.114s] -- Installing: /home/kap/ros2_ws/src/multipath_sim/install/multipath_sim/lib//data/hk_data_heatmap.json
[14.116s] -- Installing: /home/kap/ros2_ws/src/multipath_sim/install/multipath_sim/lib//data/hk_map_bounds.txt
[14.117s] -- Up-to-date: /home/kap/ros2_ws/src/multipath_sim/install/multipath_sim/lib/python3.8/site-packages/multipath_sim
[14.117s] -- Installing: /home/kap/ros2_ws/src/multipath_sim/install/multipath_sim/lib/python3.8/site-packages/multipath_sim/coord.py
[14.117s] -- Installing: /home/kap/ros2_ws/src/multipath_sim/install/multipath_sim/lib/python3.8/site-packages/multipath_sim/trialteration.py
[14.117s] -- Installing: /home/kap/ros2_ws/src/multipath_sim/install/multipath_sim/lib/python3.8/site-packages/multipath_sim/__init__.py
[14.117s] -- Installing: /home/kap/ros2_ws/src/multipath_sim/install/multipath_sim/lib/python3.8/site-packages/multipath_sim/kalman_filter.py
[14.117s] -- Installing: /home/kap/ros2_ws/src/multipath_sim/install/multipath_sim/lib/python3.8/site-packages/multipath_sim/sat_pos.py
[14.142s] Listing '/home/kap/ros2_ws/src/multipath_sim/install/multipath_sim/lib/python3.8/site-packages/multipath_sim'...
[14.142s] Compiling '/home/kap/ros2_ws/src/multipath_sim/install/multipath_sim/lib/python3.8/site-packages/multipath_sim/__init__.py'...
[14.142s] Compiling '/home/kap/ros2_ws/src/multipath_sim/install/multipath_sim/lib/python3.8/site-packages/multipath_sim/coord.py'...
[14.142s] Compiling '/home/kap/ros2_ws/src/multipath_sim/install/multipath_sim/lib/python3.8/site-packages/multipath_sim/kalman_filter.py'...
[14.143s] Listing '/home/kap/ros2_ws/src/multipath_sim/install/multipath_sim/lib/python3.8/site-packages/multipath_sim/msg'...
[14.143s] Compiling '/home/kap/ros2_ws/src/multipath_sim/install/multipath_sim/lib/python3.8/site-packages/multipath_sim/msg/__init__.py'...
[14.143s] Compiling '/home/kap/ros2_ws/src/multipath_sim/install/multipath_sim/lib/python3.8/site-packages/multipath_sim/msg/_multipath_offset.py'...
[14.143s] Compiling '/home/kap/ros2_ws/src/multipath_sim/install/multipath_sim/lib/python3.8/site-packages/multipath_sim/sat_pos.py'...
[14.143s] Compiling '/home/kap/ros2_ws/src/multipath_sim/install/multipath_sim/lib/python3.8/site-packages/multipath_sim/trialteration.py'...
[14.145s] -- Installing: /home/kap/ros2_ws/src/multipath_sim/install/multipath_sim/lib/multipath_sim/set_model_state.py
[14.145s] -- Installing: /home/kap/ros2_ws/src/multipath_sim/install/multipath_sim/lib/multipath_sim/set_model_state_heatmap.py
[14.145s] -- Installing: /home/kap/ros2_ws/src/multipath_sim/install/multipath_sim/lib/multipath_sim/stream_skycam.py
[14.145s] -- Installing: /home/kap/ros2_ws/src/multipath_sim/install/multipath_sim/lib/multipath_sim/broadcast_pos.py
[14.145s] -- Installing: /home/kap/ros2_ws/src/multipath_sim/install/multipath_sim/lib/multipath_sim/broadcast_pos_heatmap.py
[14.146s] -- Installing: /home/kap/ros2_ws/src/multipath_sim/install/multipath_sim/share/ament_index/resource_index/package_run_dependencies/multipath_sim
[14.146s] -- Installing: /home/kap/ros2_ws/src/multipath_sim/install/multipath_sim/share/ament_index/resource_index/parent_prefix_path/multipath_sim
[14.146s] -- Installing: /home/kap/ros2_ws/src/multipath_sim/install/multipath_sim/share/multipath_sim/environment/ament_prefix_path.sh
[14.146s] -- Installing: /home/kap/ros2_ws/src/multipath_sim/install/multipath_sim/share/multipath_sim/environment/ament_prefix_path.dsv
[14.146s] -- Installing: /home/kap/ros2_ws/src/multipath_sim/install/multipath_sim/share/multipath_sim/environment/path.sh
[14.146s] -- Installing: /home/kap/ros2_ws/src/multipath_sim/install/multipath_sim/share/multipath_sim/environment/path.dsv
[14.146s] -- Installing: /home/kap/ros2_ws/src/multipath_sim/install/multipath_sim/share/multipath_sim/local_setup.bash
[14.146s] -- Installing: /home/kap/ros2_ws/src/multipath_sim/install/multipath_sim/share/multipath_sim/local_setup.sh
[14.146s] -- Installing: /home/kap/ros2_ws/src/multipath_sim/install/multipath_sim/share/multipath_sim/local_setup.zsh
[14.146s] -- Installing: /home/kap/ros2_ws/src/multipath_sim/install/multipath_sim/share/multipath_sim/local_setup.dsv
[14.146s] -- Installing: /home/kap/ros2_ws/src/multipath_sim/install/multipath_sim/share/multipath_sim/package.dsv
[14.146s] -- Installing: /home/kap/ros2_ws/src/multipath_sim/install/multipath_sim/share/ament_index/resource_index/packages/multipath_sim
[14.146s] -- Installing: /home/kap/ros2_ws/src/multipath_sim/install/multipath_sim/share/multipath_sim/cmake/multipath_sim__rosidl_generator_cExport.cmake
[14.147s] -- Installing: /home/kap/ros2_ws/src/multipath_sim/install/multipath_sim/share/multipath_sim/cmake/multipath_sim__rosidl_generator_cExport-noconfig.cmake
[14.147s] -- Installing: /home/kap/ros2_ws/src/multipath_sim/install/multipath_sim/share/multipath_sim/cmake/multipath_sim__rosidl_typesupport_introspection_cExport.cmake
[14.147s] -- Installing: /home/kap/ros2_ws/src/multipath_sim/install/multipath_sim/share/multipath_sim/cmake/multipath_sim__rosidl_typesupport_introspection_cExport-noconfig.cmake
[14.147s] -- Installing: /home/kap/ros2_ws/src/multipath_sim/install/multipath_sim/share/multipath_sim/cmake/multipath_sim__rosidl_typesupport_cExport.cmake
[14.147s] -- Installing: /home/kap/ros2_ws/src/multipath_sim/install/multipath_sim/share/multipath_sim/cmake/multipath_sim__rosidl_typesupport_cExport-noconfig.cmake
[14.147s] -- Installing: /home/kap/ros2_ws/src/multipath_sim/install/multipath_sim/share/multipath_sim/cmake/multipath_sim__rosidl_generator_cppExport.cmake
[14.147s] -- Installing: /home/kap/ros2_ws/src/multipath_sim/install/multipath_sim/share/multipath_sim/cmake/multipath_sim__rosidl_typesupport_introspection_cppExport.cmake
[14.147s] -- Installing: /home/kap/ros2_ws/src/multipath_sim/install/multipath_sim/share/multipath_sim/cmake/multipath_sim__rosidl_typesupport_introspection_cppExport-noconfig.cmake
[14.147s] -- Installing: /home/kap/ros2_ws/src/multipath_sim/install/multipath_sim/share/multipath_sim/cmake/multipath_sim__rosidl_typesupport_cppExport.cmake
[14.148s] -- Installing: /home/kap/ros2_ws/src/multipath_sim/install/multipath_sim/share/multipath_sim/cmake/multipath_sim__rosidl_typesupport_cppExport-noconfig.cmake
[14.148s] -- Installing: /home/kap/ros2_ws/src/multipath_sim/install/multipath_sim/share/multipath_sim/cmake/rosidl_cmake-extras.cmake
[14.148s] -- Installing: /home/kap/ros2_ws/src/multipath_sim/install/multipath_sim/share/multipath_sim/cmake/ament_cmake_export_dependencies-extras.cmake
[14.148s] -- Installing: /home/kap/ros2_ws/src/multipath_sim/install/multipath_sim/share/multipath_sim/cmake/ament_cmake_export_libraries-extras.cmake
[14.148s] -- Installing: /home/kap/ros2_ws/src/multipath_sim/install/multipath_sim/share/multipath_sim/cmake/ament_cmake_export_targets-extras.cmake
[14.148s] -- Installing: /home/kap/ros2_ws/src/multipath_sim/install/multipath_sim/share/multipath_sim/cmake/ament_cmake_export_include_directories-extras.cmake
[14.148s] -- Installing: /home/kap/ros2_ws/src/multipath_sim/install/multipath_sim/share/multipath_sim/cmake/rosidl_cmake_export_typesupport_libraries-extras.cmake
[14.148s] -- Installing: /home/kap/ros2_ws/src/multipath_sim/install/multipath_sim/share/multipath_sim/cmake/rosidl_cmake_export_typesupport_targets-extras.cmake
[14.148s] -- Installing: /home/kap/ros2_ws/src/multipath_sim/install/multipath_sim/share/multipath_sim/cmake/multipath_simConfig.cmake
[14.148s] -- Installing: /home/kap/ros2_ws/src/multipath_sim/install/multipath_sim/share/multipath_sim/cmake/multipath_simConfig-version.cmake
[14.148s] -- Installing: /home/kap/ros2_ws/src/multipath_sim/install/multipath_sim/share/multipath_sim/package.xml
[14.150s] Invoked command in '/home/kap/ros2_ws/src/multipath_sim/build/multipath_sim' returned '0': CMAKE_PREFIX_PATH=${CMAKE_PREFIX_PATH}:/opt/ros/foxy /usr/bin/cmake --install /home/kap/ros2_ws/src/multipath_sim/build/multipath_sim
