[  2%] Built target multipath_sim__cpp
[ 11%] Built target multipath_sim__rosidl_generator_c
[ 25%] Built target multipath_sim__rosidl_typesupport_cpp
[ 28%] Built target multipath_sim__rosidl_typesupport_introspection_cpp
[ 37%] Built target multipath_sim__rosidl_typesupport_introspection_c
[ 45%] Built target multipath_sim__rosidl_typesupport_c
[ 54%] Built target multipath_sim__rosidl_typesupport_fastrtps_cpp
[ 62%] Built target multipath_sim__rosidl_typesupport_fastrtps_c
[ 62%] Built target multipath_sim
[ 65%] Built target multipath_sim__py
[ 71%] Built target SphereModelPlugin
[ 77%] Built target MultipathSensorPlugin
[ 82%] Built target multipath_sim__python
[ 91%] Built target multipath_sim__rosidl_typesupport_fastrtps_c__pyext
[ 94%] Built target multipath_sim__rosidl_typesupport_introspection_c__pyext
[100%] Built target multipath_sim__rosidl_typesupport_c__pyext
-- Install configuration: ""
-- Up-to-date: /home/kap/ros2_ws/src/multipath_sim/install/multipath_sim/share/ament_index/resource_index/rosidl_interfaces/multipath_sim
-- Up-to-date: /home/kap/ros2_ws/src/multipath_sim/install/multipath_sim/include/multipath_sim
-- Up-to-date: /home/kap/ros2_ws/src/multipath_sim/install/multipath_sim/include/multipath_sim/msg
-- Up-to-date: /home/kap/ros2_ws/src/multipath_sim/install/multipath_sim/include/multipath_sim/msg/rosidl_generator_c__visibility_control.h
-- Up-to-date: /home/kap/ros2_ws/src/multipath_sim/install/multipath_sim/include/multipath_sim/msg/detail
-- Up-to-date: /home/kap/ros2_ws/src/multipath_sim/install/multipath_sim/include/multipath_sim/msg/detail/multipath_offset__functions.h
-- Up-to-date: /home/kap/ros2_ws/src/multipath_sim/install/multipath_sim/include/multipath_sim/msg/detail/multipath_offset__functions.c
-- Up-to-date: /home/kap/ros2_ws/src/multipath_sim/install/multipath_sim/include/multipath_sim/msg/detail/multipath_offset__type_support.h
-- Up-to-date: /home/kap/ros2_ws/src/multipath_sim/install/multipath_sim/include/multipath_sim/msg/detail/multipath_offset__struct.h
-- Up-to-date: /home/kap/ros2_ws/src/multipath_sim/install/multipath_sim/include/multipath_sim/msg/multipath_offset.h
-- Up-to-date: /home/kap/ros2_ws/src/multipath_sim/install/multipath_sim/share/multipath_sim/environment/library_path.sh
-- Up-to-date: /home/kap/ros2_ws/src/multipath_sim/install/multipath_sim/share/multipath_sim/environment/library_path.dsv
-- Up-to-date: /home/kap/ros2_ws/src/multipath_sim/install/multipath_sim/lib/libmultipath_sim__rosidl_generator_c.so
-- Up-to-date: /home/kap/ros2_ws/src/multipath_sim/install/multipath_sim/include/multipath_sim
-- Up-to-date: /home/kap/ros2_ws/src/multipath_sim/install/multipath_sim/include/multipath_sim/msg
-- Up-to-date: /home/kap/ros2_ws/src/multipath_sim/install/multipath_sim/include/multipath_sim/msg/rosidl_typesupport_fastrtps_c__visibility_control.h
-- Up-to-date: /home/kap/ros2_ws/src/multipath_sim/install/multipath_sim/include/multipath_sim/msg/detail
-- Up-to-date: /home/kap/ros2_ws/src/multipath_sim/install/multipath_sim/include/multipath_sim/msg/detail/multipath_offset__rosidl_typesupport_fastrtps_c.h
-- Up-to-date: /home/kap/ros2_ws/src/multipath_sim/install/multipath_sim/lib/libmultipath_sim__rosidl_typesupport_fastrtps_c.so
-- Up-to-date: /home/kap/ros2_ws/src/multipath_sim/install/multipath_sim/include/multipath_sim
-- Up-to-date: /home/kap/ros2_ws/src/multipath_sim/install/multipath_sim/include/multipath_sim/msg
-- Up-to-date: /home/kap/ros2_ws/src/multipath_sim/install/multipath_sim/include/multipath_sim/msg/rosidl_typesupport_fastrtps_cpp__visibility_control.h
-- Up-to-date: /home/kap/ros2_ws/src/multipath_sim/install/multipath_sim/include/multipath_sim/msg/detail
-- Up-to-date: /home/kap/ros2_ws/src/multipath_sim/install/multipath_sim/include/multipath_sim/msg/detail/multipath_offset__rosidl_typesupport_fastrtps_cpp.hpp
-- Up-to-date: /home/kap/ros2_ws/src/multipath_sim/install/multipath_sim/include/multipath_sim/msg/detail/dds_fastrtps
-- Up-to-date: /home/kap/ros2_ws/src/multipath_sim/install/multipath_sim/lib/libmultipath_sim__rosidl_typesupport_fastrtps_cpp.so
-- Up-to-date: /home/kap/ros2_ws/src/multipath_sim/install/multipath_sim/include/multipath_sim
-- Up-to-date: /home/kap/ros2_ws/src/multipath_sim/install/multipath_sim/include/multipath_sim/msg
-- Up-to-date: /home/kap/ros2_ws/src/multipath_sim/install/multipath_sim/include/multipath_sim/msg/rosidl_typesupport_introspection_c__visibility_control.h
-- Up-to-date: /home/kap/ros2_ws/src/multipath_sim/install/multipath_sim/include/multipath_sim/msg/detail
-- Up-to-date: /home/kap/ros2_ws/src/multipath_sim/install/multipath_sim/include/multipath_sim/msg/detail/multipath_offset__rosidl_typesupport_introspection_c.h
-- Up-to-date: /home/kap/ros2_ws/src/multipath_sim/install/multipath_sim/include/multipath_sim/msg/detail/multipath_offset__type_support.c
-- Up-to-date: /home/kap/ros2_ws/src/multipath_sim/install/multipath_sim/lib/libmultipath_sim__rosidl_typesupport_introspection_c.so
-- Up-to-date: /home/kap/ros2_ws/src/multipath_sim/install/multipath_sim/lib/libmultipath_sim__rosidl_typesupport_c.so
-- Up-to-date: /home/kap/ros2_ws/src/multipath_sim/install/multipath_sim/include/multipath_sim
-- Up-to-date: /home/kap/ros2_ws/src/multipath_sim/install/multipath_sim/include/multipath_sim/msg
-- Up-to-date: /home/kap/ros2_ws/src/multipath_sim/install/multipath_sim/include/multipath_sim/msg/multipath_offset.hpp
-- Up-to-date: /home/kap/ros2_ws/src/multipath_sim/install/multipath_sim/include/multipath_sim/msg/detail
-- Up-to-date: /home/kap/ros2_ws/src/multipath_sim/install/multipath_sim/include/multipath_sim/msg/detail/multipath_offset__traits.hpp
-- Up-to-date: /home/kap/ros2_ws/src/multipath_sim/install/multipath_sim/include/multipath_sim/msg/detail/multipath_offset__builder.hpp
-- Up-to-date: /home/kap/ros2_ws/src/multipath_sim/install/multipath_sim/include/multipath_sim/msg/detail/multipath_offset__struct.hpp
-- Up-to-date: /home/kap/ros2_ws/src/multipath_sim/install/multipath_sim/include/multipath_sim
-- Up-to-date: /home/kap/ros2_ws/src/multipath_sim/install/multipath_sim/include/multipath_sim/msg
-- Up-to-date: /home/kap/ros2_ws/src/multipath_sim/install/multipath_sim/include/multipath_sim/msg/detail
-- Up-to-date: /home/kap/ros2_ws/src/multipath_sim/install/multipath_sim/include/multipath_sim/msg/detail/multipath_offset__type_support.cpp
-- Up-to-date: /home/kap/ros2_ws/src/multipath_sim/install/multipath_sim/include/multipath_sim/msg/detail/multipath_offset__rosidl_typesupport_introspection_cpp.hpp
-- Up-to-date: /home/kap/ros2_ws/src/multipath_sim/install/multipath_sim/lib/libmultipath_sim__rosidl_typesupport_introspection_cpp.so
-- Up-to-date: /home/kap/ros2_ws/src/multipath_sim/install/multipath_sim/lib/libmultipath_sim__rosidl_typesupport_cpp.so
-- Up-to-date: /home/kap/ros2_ws/src/multipath_sim/install/multipath_sim/share/multipath_sim/environment/pythonpath.sh
-- Up-to-date: /home/kap/ros2_ws/src/multipath_sim/install/multipath_sim/share/multipath_sim/environment/pythonpath.dsv
-- Installing: /home/kap/ros2_ws/src/multipath_sim/install/multipath_sim/lib/python3.8/site-packages/multipath_sim/__init__.py
Compiling '/home/kap/ros2_ws/src/multipath_sim/install/multipath_sim/lib/python3.8/site-packages/multipath_sim/__init__.py'...
-- Up-to-date: /home/kap/ros2_ws/src/multipath_sim/install/multipath_sim/lib/python3.8/site-packages/multipath_sim/msg
-- Up-to-date: /home/kap/ros2_ws/src/multipath_sim/install/multipath_sim/lib/python3.8/site-packages/multipath_sim/msg/_multipath_offset_s.c
-- Up-to-date: /home/kap/ros2_ws/src/multipath_sim/install/multipath_sim/lib/python3.8/site-packages/multipath_sim/msg/__init__.py
-- Up-to-date: /home/kap/ros2_ws/src/multipath_sim/install/multipath_sim/lib/python3.8/site-packages/multipath_sim/msg/_multipath_offset.py
-- Up-to-date: /home/kap/ros2_ws/src/multipath_sim/install/multipath_sim/lib/python3.8/site-packages/multipath_sim/multipath_sim_s__rosidl_typesupport_fastrtps_c.cpython-38-x86_64-linux-gnu.so
-- Up-to-date: /home/kap/ros2_ws/src/multipath_sim/install/multipath_sim/lib/python3.8/site-packages/multipath_sim/multipath_sim_s__rosidl_typesupport_introspection_c.cpython-38-x86_64-linux-gnu.so
-- Up-to-date: /home/kap/ros2_ws/src/multipath_sim/install/multipath_sim/lib/python3.8/site-packages/multipath_sim/multipath_sim_s__rosidl_typesupport_c.cpython-38-x86_64-linux-gnu.so
-- Up-to-date: /home/kap/ros2_ws/src/multipath_sim/install/multipath_sim/lib/libmultipath_sim__python.so
-- Up-to-date: /home/kap/ros2_ws/src/multipath_sim/install/multipath_sim/share/multipath_sim/msg/MultipathOffset.idl
-- Up-to-date: /home/kap/ros2_ws/src/multipath_sim/install/multipath_sim/share/multipath_sim/msg/MultipathOffset.msg
-- Up-to-date: /home/kap/ros2_ws/src/multipath_sim/install/multipath_sim/lib/libMultipathSensorPlugin.so
-- Up-to-date: /home/kap/ros2_ws/src/multipath_sim/install/multipath_sim/lib/libSphereModelPlugin.so
-- Up-to-date: /home/kap/ros2_ws/src/multipath_sim/install/multipath_sim/include
-- Up-to-date: /home/kap/ros2_ws/src/multipath_sim/install/multipath_sim/include/multipath_sim
-- Up-to-date: /home/kap/ros2_ws/src/multipath_sim/install/multipath_sim/include/multipath_sim/sphere_model_plugin.hpp
-- Up-to-date: /home/kap/ros2_ws/src/multipath_sim/install/multipath_sim/include/multipath_sim/multipath_sensor.hpp
-- Up-to-date: /home/kap/ros2_ws/src/multipath_sim/install/multipath_sim/share/multipath_sim//worlds
-- Up-to-date: /home/kap/ros2_ws/src/multipath_sim/install/multipath_sim/share/multipath_sim//worlds/multipath.world
-- Up-to-date: /home/kap/ros2_ws/src/multipath_sim/install/multipath_sim/share/multipath_sim//worlds/hong_kong.world
-- Up-to-date: /home/kap/ros2_ws/src/multipath_sim/install/multipath_sim/share/multipath_sim//worlds/video_gz_hk.world
-- Up-to-date: /home/kap/ros2_ws/src/multipath_sim/install/multipath_sim/share/multipath_sim//worlds/test.world
-- Up-to-date: /home/kap/ros2_ws/src/multipath_sim/install/multipath_sim/share/multipath_sim//worlds/abu_dhabi_sim.world
-- Up-to-date: /home/kap/ros2_ws/src/multipath_sim/install/multipath_sim/share/multipath_sim//worlds/abu_dhabi.world
-- Up-to-date: /home/kap/ros2_ws/src/multipath_sim/install/multipath_sim/share/multipath_sim//models
-- Up-to-date: /home/kap/ros2_ws/src/multipath_sim/install/multipath_sim/share/multipath_sim//models/x500_red
-- Up-to-date: /home/kap/ros2_ws/src/multipath_sim/install/multipath_sim/share/multipath_sim//models/x500_red/meshes
-- Up-to-date: /home/kap/ros2_ws/src/multipath_sim/install/multipath_sim/share/multipath_sim//models/x500_red/meshes/CF.png
-- Up-to-date: /home/kap/ros2_ws/src/multipath_sim/install/multipath_sim/share/multipath_sim//models/x500_red/meshes/NXP-HGD-CF.dae
-- Up-to-date: /home/kap/ros2_ws/src/multipath_sim/install/multipath_sim/share/multipath_sim//models/x500_red/meshes/5010Bell.dae
-- Up-to-date: /home/kap/ros2_ws/src/multipath_sim/install/multipath_sim/share/multipath_sim//models/x500_red/meshes/5010Base.dae
-- Up-to-date: /home/kap/ros2_ws/src/multipath_sim/install/multipath_sim/share/multipath_sim//models/x500_red/meshes/1345_prop_ccw.stl
-- Up-to-date: /home/kap/ros2_ws/src/multipath_sim/install/multipath_sim/share/multipath_sim//models/x500_red/meshes/1345_prop_cw.stl
-- Up-to-date: /home/kap/ros2_ws/src/multipath_sim/install/multipath_sim/share/multipath_sim//models/x500_red/thumbnails
-- Up-to-date: /home/kap/ros2_ws/src/multipath_sim/install/multipath_sim/share/multipath_sim//models/x500_red/thumbnails/5.png
-- Up-to-date: /home/kap/ros2_ws/src/multipath_sim/install/multipath_sim/share/multipath_sim//models/x500_red/thumbnails/4.png
-- Up-to-date: /home/kap/ros2_ws/src/multipath_sim/install/multipath_sim/share/multipath_sim//models/x500_red/thumbnails/3.png
-- Up-to-date: /home/kap/ros2_ws/src/multipath_sim/install/multipath_sim/share/multipath_sim//models/x500_red/thumbnails/2.png
-- Up-to-date: /home/kap/ros2_ws/src/multipath_sim/install/multipath_sim/share/multipath_sim//models/x500_red/thumbnails/1.png
-- Up-to-date: /home/kap/ros2_ws/src/multipath_sim/install/multipath_sim/share/multipath_sim//models/x500_red/model.config
-- Up-to-date: /home/kap/ros2_ws/src/multipath_sim/install/multipath_sim/share/multipath_sim//models/x500_red/materials
-- Up-to-date: /home/kap/ros2_ws/src/multipath_sim/install/multipath_sim/share/multipath_sim//models/x500_red/materials/textures
-- Up-to-date: /home/kap/ros2_ws/src/multipath_sim/install/multipath_sim/share/multipath_sim//models/x500_red/materials/textures/CF.png
-- Up-to-date: /home/kap/ros2_ws/src/multipath_sim/install/multipath_sim/share/multipath_sim//models/x500_red/materials/textures/rd.png
-- Up-to-date: /home/kap/ros2_ws/src/multipath_sim/install/multipath_sim/share/multipath_sim//models/x500_red/materials/textures/nxp.png
-- Up-to-date: /home/kap/ros2_ws/src/multipath_sim/install/multipath_sim/share/multipath_sim//models/x500_red/model.sdf
-- Up-to-date: /home/kap/ros2_ws/src/multipath_sim/install/multipath_sim/share/multipath_sim//models/x500_no_collision
-- Up-to-date: /home/kap/ros2_ws/src/multipath_sim/install/multipath_sim/share/multipath_sim//models/x500_no_collision/meshes
-- Up-to-date: /home/kap/ros2_ws/src/multipath_sim/install/multipath_sim/share/multipath_sim//models/x500_no_collision/meshes/CF.png
-- Up-to-date: /home/kap/ros2_ws/src/multipath_sim/install/multipath_sim/share/multipath_sim//models/x500_no_collision/meshes/NXP-HGD-CF.dae
-- Up-to-date: /home/kap/ros2_ws/src/multipath_sim/install/multipath_sim/share/multipath_sim//models/x500_no_collision/meshes/5010Bell.dae
-- Up-to-date: /home/kap/ros2_ws/src/multipath_sim/install/multipath_sim/share/multipath_sim//models/x500_no_collision/meshes/5010Base.dae
-- Up-to-date: /home/kap/ros2_ws/src/multipath_sim/install/multipath_sim/share/multipath_sim//models/x500_no_collision/meshes/1345_prop_ccw.stl
-- Up-to-date: /home/kap/ros2_ws/src/multipath_sim/install/multipath_sim/share/multipath_sim//models/x500_no_collision/meshes/1345_prop_cw.stl
-- Up-to-date: /home/kap/ros2_ws/src/multipath_sim/install/multipath_sim/share/multipath_sim//models/x500_no_collision/thumbnails
-- Up-to-date: /home/kap/ros2_ws/src/multipath_sim/install/multipath_sim/share/multipath_sim//models/x500_no_collision/thumbnails/5.png
-- Up-to-date: /home/kap/ros2_ws/src/multipath_sim/install/multipath_sim/share/multipath_sim//models/x500_no_collision/thumbnails/4.png
-- Up-to-date: /home/kap/ros2_ws/src/multipath_sim/install/multipath_sim/share/multipath_sim//models/x500_no_collision/thumbnails/3.png
-- Up-to-date: /home/kap/ros2_ws/src/multipath_sim/install/multipath_sim/share/multipath_sim//models/x500_no_collision/thumbnails/2.png
-- Up-to-date: /home/kap/ros2_ws/src/multipath_sim/install/multipath_sim/share/multipath_sim//models/x500_no_collision/thumbnails/1.png
-- Up-to-date: /home/kap/ros2_ws/src/multipath_sim/install/multipath_sim/share/multipath_sim//models/x500_no_collision/model.config
-- Up-to-date: /home/kap/ros2_ws/src/multipath_sim/install/multipath_sim/share/multipath_sim//models/x500_no_collision/materials
-- Up-to-date: /home/kap/ros2_ws/src/multipath_sim/install/multipath_sim/share/multipath_sim//models/x500_no_collision/materials/textures
-- Up-to-date: /home/kap/ros2_ws/src/multipath_sim/install/multipath_sim/share/multipath_sim//models/x500_no_collision/materials/textures/CF.png
-- Up-to-date: /home/kap/ros2_ws/src/multipath_sim/install/multipath_sim/share/multipath_sim//models/x500_no_collision/materials/textures/rd.png
-- Up-to-date: /home/kap/ros2_ws/src/multipath_sim/install/multipath_sim/share/multipath_sim//models/x500_no_collision/materials/textures/nxp.png
-- Up-to-date: /home/kap/ros2_ws/src/multipath_sim/install/multipath_sim/share/multipath_sim//models/x500_no_collision/model.sdf
-- Up-to-date: /home/kap/ros2_ws/src/multipath_sim/install/multipath_sim/share/multipath_sim//models/building
-- Up-to-date: /home/kap/ros2_ws/src/multipath_sim/install/multipath_sim/share/multipath_sim//models/building/model.config
-- Up-to-date: /home/kap/ros2_ws/src/multipath_sim/install/multipath_sim/share/multipath_sim//models/building/model.sdf
-- Up-to-date: /home/kap/ros2_ws/src/multipath_sim/install/multipath_sim/share/multipath_sim//models/abu_dhabi
-- Up-to-date: /home/kap/ros2_ws/src/multipath_sim/install/multipath_sim/share/multipath_sim//models/abu_dhabi/model.config
-- Up-to-date: /home/kap/ros2_ws/src/multipath_sim/install/multipath_sim/share/multipath_sim//models/abu_dhabi/media
-- Up-to-date: /home/kap/ros2_ws/src/multipath_sim/install/multipath_sim/share/multipath_sim//models/abu_dhabi/media/baked_duion_bricks_classic_01_D_256.png_c5765d_pro_6908_256.png
-- Up-to-date: /home/kap/ros2_ws/src/multipath_sim/install/multipath_sim/share/multipath_sim//models/abu_dhabi/media/baked_duion_bricks_classic_02_D_256.png_7b422f_pro_2353_256.png
-- Up-to-date: /home/kap/ros2_ws/src/multipath_sim/install/multipath_sim/share/multipath_sim//models/abu_dhabi/media/baked_duion_plaster_sprinkled_01_D_256.png_a3865f_pro_2353_256.png
-- Up-to-date: /home/kap/ros2_ws/src/multipath_sim/install/multipath_sim/share/multipath_sim//models/abu_dhabi/media/baked_duion_bricks_classic_01_D_256.png_7b422f_pro_2157_256.png
-- Up-to-date: /home/kap/ros2_ws/src/multipath_sim/install/multipath_sim/share/multipath_sim//models/abu_dhabi/media/baked_duion_bricks_classic_01_D_256.png_c5765d_pro_2901_256.png
-- Up-to-date: /home/kap/ros2_ws/src/multipath_sim/install/multipath_sim/share/multipath_sim//models/abu_dhabi/media/baked_a6653f_roof_tiles.png
-- Up-to-date: /home/kap/ros2_ws/src/multipath_sim/install/multipath_sim/share/multipath_sim//models/abu_dhabi/media/baked_duion_bricks_classic_02_D_256.png_976c6b_pro_2353_256.png
-- Up-to-date: /home/kap/ros2_ws/src/multipath_sim/install/multipath_sim/share/multipath_sim//models/abu_dhabi/media/baked_duion_bricks_classic_01_D_256.png_976c6b_pro_2161_256.png
-- Up-to-date: /home/kap/ros2_ws/src/multipath_sim/install/multipath_sim/share/multipath_sim//models/abu_dhabi/media/baked_duion_bricks_classic_01_D_256.png_7b422f_pro_2901_256.png
-- Up-to-date: /home/kap/ros2_ws/src/multipath_sim/install/multipath_sim/share/multipath_sim//models/abu_dhabi/media/baked_duion_bricks_classic_02_D_256.png_976c6b_pro_2901_256.png
-- Up-to-date: /home/kap/ros2_ws/src/multipath_sim/install/multipath_sim/share/multipath_sim//models/abu_dhabi/media/baked_cc0textures_bricks11_col_256.jpg_976c6b_pro_2901_256.png
-- Up-to-date: /home/kap/ros2_ws/src/multipath_sim/install/multipath_sim/share/multipath_sim//models/abu_dhabi/media/baked_afafaf_concrete.png
-- Up-to-date: /home/kap/ros2_ws/src/multipath_sim/install/multipath_sim/share/multipath_sim//models/abu_dhabi/media/baked_976c6b_brick.png
-- Up-to-date: /home/kap/ros2_ws/src/multipath_sim/install/multipath_sim/share/multipath_sim//models/abu_dhabi/media/baked_duion_bricks_classic_02_D_256.png_c5765d_pro_2901_256.png
-- Up-to-date: /home/kap/ros2_ws/src/multipath_sim/install/multipath_sim/share/multipath_sim//models/abu_dhabi/media/overlay.png.002.png
-- Up-to-date: /home/kap/ros2_ws/src/multipath_sim/install/multipath_sim/share/multipath_sim//models/abu_dhabi/media/baked_duion_plaster_sprinkled_01_D_256.png_b8a594_pro_2161_256.png
-- Up-to-date: /home/kap/ros2_ws/src/multipath_sim/install/multipath_sim/share/multipath_sim//models/abu_dhabi/media/baked_duion_plaster_sprinkled_01_D_256.png_b8a594_pro_2353_256.png
-- Up-to-date: /home/kap/ros2_ws/src/multipath_sim/install/multipath_sim/share/multipath_sim//models/abu_dhabi/media/baked_cc0textures_bricks11_col_256.jpg_d9d8c4_pro_2161_256.png
-- Up-to-date: /home/kap/ros2_ws/src/multipath_sim/install/multipath_sim/share/multipath_sim//models/abu_dhabi/media/pine_seamless_done.png
-- Up-to-date: /home/kap/ros2_ws/src/multipath_sim/install/multipath_sim/share/multipath_sim//models/abu_dhabi/media/baked_cc0textures_bricks11_col_256.jpg_976c6b_pro_2157_256.png
-- Up-to-date: /home/kap/ros2_ws/src/multipath_sim/install/multipath_sim/share/multipath_sim//models/abu_dhabi/media/baked_c8c2b6_concrete.png
-- Up-to-date: /home/kap/ros2_ws/src/multipath_sim/install/multipath_sim/share/multipath_sim//models/abu_dhabi/media/baked_duion_bricks_classic_02_D_256.png_c5765d_pro_2353_256.png
-- Up-to-date: /home/kap/ros2_ws/src/multipath_sim/install/multipath_sim/share/multipath_sim//models/abu_dhabi/media/baked_cc0textures_bricks11_col_256.jpg_7b422f_pro_2353_256.png
-- Up-to-date: /home/kap/ros2_ws/src/multipath_sim/install/multipath_sim/share/multipath_sim//models/abu_dhabi/media/baked_5e2a31_metal.png
-- Up-to-date: /home/kap/ros2_ws/src/multipath_sim/install/multipath_sim/share/multipath_sim//models/abu_dhabi/media/baked_duion_plaster_sprinkled_01_D_256.png_a3865f_pro_2157_256.png
-- Up-to-date: /home/kap/ros2_ws/src/multipath_sim/install/multipath_sim/share/multipath_sim//models/abu_dhabi/media/baked_cc0textures_bricks11_col_256.jpg_c5765d_pro_2161_256.png
-- Up-to-date: /home/kap/ros2_ws/src/multipath_sim/install/multipath_sim/share/multipath_sim//models/abu_dhabi/media/baked_duion_plaster_stucco_01_D_256.png_b8a594_pro_2353_256.png
-- Up-to-date: /home/kap/ros2_ws/src/multipath_sim/install/multipath_sim/share/multipath_sim//models/abu_dhabi/media/baked_cfbc8e_plaster.png
-- Up-to-date: /home/kap/ros2_ws/src/multipath_sim/install/multipath_sim/share/multipath_sim//models/abu_dhabi/media/baked_duion_plaster_sprinkled_01_D_256.png_cfbc8e_pro_2901_256.png
-- Up-to-date: /home/kap/ros2_ws/src/multipath_sim/install/multipath_sim/share/multipath_sim//models/abu_dhabi/media/baked_cc0textures_bricks11_col_256.jpg_7b422f_pro_6908_256.png
-- Up-to-date: /home/kap/ros2_ws/src/multipath_sim/install/multipath_sim/share/multipath_sim//models/abu_dhabi/media/baked_duion_bricks_classic_01_D_256.png_c5765d_pro_2353_256.png
-- Up-to-date: /home/kap/ros2_ws/src/multipath_sim/install/multipath_sim/share/multipath_sim//models/abu_dhabi/media/baked_duion_bricks_classic_02_D_256.png_976c6b_pro_2161_256.png
-- Up-to-date: /home/kap/ros2_ws/src/multipath_sim/install/multipath_sim/share/multipath_sim//models/abu_dhabi/media/baked_duion_plaster_stucco_01_D_256.png_a3865f_pro_6908_256.png
-- Up-to-date: /home/kap/ros2_ws/src/multipath_sim/install/multipath_sim/share/multipath_sim//models/abu_dhabi/media/baked_c5765d_brick.png
-- Up-to-date: /home/kap/ros2_ws/src/multipath_sim/install/multipath_sim/share/multipath_sim//models/abu_dhabi/media/baked_duion_plaster_sprinkled_01_D_256.png_cfbc8e_pro_6908_256.png
-- Up-to-date: /home/kap/ros2_ws/src/multipath_sim/install/multipath_sim/share/multipath_sim//models/abu_dhabi/media/baked_duion_plaster_stucco_01_D_256.png_cfbc8e_pro_2901_256.png
-- Up-to-date: /home/kap/ros2_ws/src/multipath_sim/install/multipath_sim/share/multipath_sim//models/abu_dhabi/media/baked_duion_bricks_classic_02_D_256.png_7b422f_pro_2161_256.png
-- Up-to-date: /home/kap/ros2_ws/src/multipath_sim/install/multipath_sim/share/multipath_sim//models/abu_dhabi/media/baked_duion_plaster_stucco_01_D_256.png_a3865f_pro_2353_256.png
-- Up-to-date: /home/kap/ros2_ws/src/multipath_sim/install/multipath_sim/share/multipath_sim//models/abu_dhabi/media/baked_duion_bricks_classic_01_D_256.png_976c6b_pro_2353_256.png
-- Up-to-date: /home/kap/ros2_ws/src/multipath_sim/install/multipath_sim/share/multipath_sim//models/abu_dhabi/media/baked_duion_bricks_classic_01_D_256.png_c5765d_pro_2157_256.png
-- Up-to-date: /home/kap/ros2_ws/src/multipath_sim/install/multipath_sim/share/multipath_sim//models/abu_dhabi/media/baked_duion_plaster_sprinkled_01_D_256.png_b8a594_pro_2901_256.png
-- Up-to-date: /home/kap/ros2_ws/src/multipath_sim/install/multipath_sim/share/multipath_sim//models/abu_dhabi/media/baked_duion_plaster_sprinkled_01_D_256.png_a3865f_pro_6908_256.png
-- Up-to-date: /home/kap/ros2_ws/src/multipath_sim/install/multipath_sim/share/multipath_sim//models/abu_dhabi/media/buildings.dae
-- Up-to-date: /home/kap/ros2_ws/src/multipath_sim/install/multipath_sim/share/multipath_sim//models/abu_dhabi/media/baked_cc0textures_bricks11_col_256.jpg_976c6b_pro_2353_256.png
-- Up-to-date: /home/kap/ros2_ws/src/multipath_sim/install/multipath_sim/share/multipath_sim//models/abu_dhabi/media/baked_duion_bricks_classic_02_D_256.png_c5765d_pro_2157_256.png
-- Up-to-date: /home/kap/ros2_ws/src/multipath_sim/install/multipath_sim/share/multipath_sim//models/abu_dhabi/media/baked_c57a63_roof_tiles.png
-- Up-to-date: /home/kap/ros2_ws/src/multipath_sim/install/multipath_sim/share/multipath_sim//models/abu_dhabi/media/baked_duion_plaster_stucco_01_D_256.png_a3865f_pro_2901_256.png
-- Up-to-date: /home/kap/ros2_ws/src/multipath_sim/install/multipath_sim/share/multipath_sim//models/abu_dhabi/media/baked_494c57_metal.png
-- Up-to-date: /home/kap/ros2_ws/src/multipath_sim/install/multipath_sim/share/multipath_sim//models/abu_dhabi/media/baked_duion_bricks_classic_01_D_256.png_7b422f_pro_2353_256.png
-- Up-to-date: /home/kap/ros2_ws/src/multipath_sim/install/multipath_sim/share/multipath_sim//models/abu_dhabi/media/baked_duion_bricks_classic_02_D_256.png_7b422f_pro_2901_256.png
-- Up-to-date: /home/kap/ros2_ws/src/multipath_sim/install/multipath_sim/share/multipath_sim//models/abu_dhabi/media/baked_818b8f_metal.png
-- Up-to-date: /home/kap/ros2_ws/src/multipath_sim/install/multipath_sim/share/multipath_sim//models/abu_dhabi/media/baked_duion_bricks_classic_02_D_256.png_c5765d_pro_6908_256.png
-- Up-to-date: /home/kap/ros2_ws/src/multipath_sim/install/multipath_sim/share/multipath_sim//models/abu_dhabi/media/baked_duion_bricks_classic_01_D_256.png_7b422f_pro_6908_256.png
-- Up-to-date: /home/kap/ros2_ws/src/multipath_sim/install/multipath_sim/share/multipath_sim//models/abu_dhabi/media/baked_duion_plaster_sprinkled_01_D_256.png_cfbc8e_pro_2157_256.png
-- Up-to-date: /home/kap/ros2_ws/src/multipath_sim/install/multipath_sim/share/multipath_sim//models/abu_dhabi/media/baked_duion_plaster_sprinkled_01_D_256.png_a3865f_pro_2161_256.png
-- Up-to-date: /home/kap/ros2_ws/src/multipath_sim/install/multipath_sim/share/multipath_sim//models/abu_dhabi/media/baked_duion_bricks_classic_01_D_256.png_c5765d_pro_2161_256.png
-- Up-to-date: /home/kap/ros2_ws/src/multipath_sim/install/multipath_sim/share/multipath_sim//models/abu_dhabi/media/baked_duion_bricks_classic_02_D_256.png_c5765d_pro_2161_256.png
-- Up-to-date: /home/kap/ros2_ws/src/multipath_sim/install/multipath_sim/share/multipath_sim//models/abu_dhabi/media/baked_cc0textures_bricks11_col_256.jpg_c5765d_pro_6908_256.png
-- Up-to-date: /home/kap/ros2_ws/src/multipath_sim/install/multipath_sim/share/multipath_sim//models/abu_dhabi/media/baked_duion_plaster_sprinkled_01_D_256.png_cfbc8e_pro_2161_256.png
-- Up-to-date: /home/kap/ros2_ws/src/multipath_sim/install/multipath_sim/share/multipath_sim//models/abu_dhabi/media/baked_a3865f_plaster.png
-- Up-to-date: /home/kap/ros2_ws/src/multipath_sim/install/multipath_sim/share/multipath_sim//models/abu_dhabi/media/baked_duion_plaster_sprinkled_01_D_256.png_b8a594_pro_2157_256.png
-- Up-to-date: /home/kap/ros2_ws/src/multipath_sim/install/multipath_sim/share/multipath_sim//models/abu_dhabi/media/baked_cc0textures_bricks11_col_256.jpg_7b422f_pro_2157_256.png
-- Up-to-date: /home/kap/ros2_ws/src/multipath_sim/install/multipath_sim/share/multipath_sim//models/abu_dhabi/media/baked_duion_bricks_classic_01_D_256.png_7b422f_pro_2161_256.png
-- Up-to-date: /home/kap/ros2_ws/src/multipath_sim/install/multipath_sim/share/multipath_sim//models/abu_dhabi/media/baked_duion_plaster_sprinkled_01_D_256.png_cfbc8e_pro_2353_256.png
-- Up-to-date: /home/kap/ros2_ws/src/multipath_sim/install/multipath_sim/share/multipath_sim//models/abu_dhabi/media/baked_duion_plaster_sprinkled_01_D_256.png_a3865f_pro_2901_256.png
-- Up-to-date: /home/kap/ros2_ws/src/multipath_sim/install/multipath_sim/share/multipath_sim//models/abu_dhabi/media/baked_cc0textures_bricks11_col_256.jpg_c5765d_pro_2901_256.png
-- Up-to-date: /home/kap/ros2_ws/src/multipath_sim/install/multipath_sim/share/multipath_sim//models/abu_dhabi/media/baked_cc0textures_bricks11_col_256.jpg_976c6b_pro_6908_256.png
-- Up-to-date: /home/kap/ros2_ws/src/multipath_sim/install/multipath_sim/share/multipath_sim//models/abu_dhabi/media/baked_duion_plaster_stucco_01_D_256.png_b8a594_pro_2157_256.png
-- Up-to-date: /home/kap/ros2_ws/src/multipath_sim/install/multipath_sim/share/multipath_sim//models/abu_dhabi/media/baked_duion_bricks_classic_01_D_256.png_976c6b_pro_2901_256.png
-- Up-to-date: /home/kap/ros2_ws/src/multipath_sim/install/multipath_sim/share/multipath_sim//models/abu_dhabi/media/baked_duion_bricks_classic_02_D_256.png_7b422f_pro_2157_256.png
-- Up-to-date: /home/kap/ros2_ws/src/multipath_sim/install/multipath_sim/share/multipath_sim//models/abu_dhabi/media/baked_duion_bricks_classic_01_D_256.png_976c6b_pro_2157_256.png
-- Up-to-date: /home/kap/ros2_ws/src/multipath_sim/install/multipath_sim/share/multipath_sim//models/abu_dhabi/media/terrain.dae
-- Up-to-date: /home/kap/ros2_ws/src/multipath_sim/install/multipath_sim/share/multipath_sim//models/abu_dhabi/media/baked_duion_plaster_stucco_01_D_256.png_b8a594_pro_6908_256.png
-- Up-to-date: /home/kap/ros2_ws/src/multipath_sim/install/multipath_sim/share/multipath_sim//models/abu_dhabi/media/baked_duion_bricks_classic_02_D_256.png_976c6b_pro_2157_256.png
-- Up-to-date: /home/kap/ros2_ws/src/multipath_sim/install/multipath_sim/share/multipath_sim//models/abu_dhabi/media/baked_duion_plaster_stucco_01_D_256.png_cfbc8e_pro_2161_256.png
-- Up-to-date: /home/kap/ros2_ws/src/multipath_sim/install/multipath_sim/share/multipath_sim//models/abu_dhabi/media/baked_cc0textures_bricks11_col_256.jpg_c5765d_pro_2353_256.png
-- Up-to-date: /home/kap/ros2_ws/src/multipath_sim/install/multipath_sim/share/multipath_sim//models/abu_dhabi/media/baked_8a5c4d_roof_tiles.png
-- Up-to-date: /home/kap/ros2_ws/src/multipath_sim/install/multipath_sim/share/multipath_sim//models/abu_dhabi/media/baked_cc0textures_bricks11_col_256.jpg_976c6b_pro_2161_256.png
-- Up-to-date: /home/kap/ros2_ws/src/multipath_sim/install/multipath_sim/share/multipath_sim//models/abu_dhabi/media/baked_duion_plaster_stucco_01_D_256.png_b8a594_pro_2161_256.png
-- Up-to-date: /home/kap/ros2_ws/src/multipath_sim/install/multipath_sim/share/multipath_sim//models/abu_dhabi/media/baked_duion_bricks_classic_02_D_256.png_976c6b_pro_6908_256.png
-- Up-to-date: /home/kap/ros2_ws/src/multipath_sim/install/multipath_sim/share/multipath_sim//models/abu_dhabi/media/baked_duion_plaster_stucco_01_D_256.png_b8a594_pro_2901_256.png
-- Up-to-date: /home/kap/ros2_ws/src/multipath_sim/install/multipath_sim/share/multipath_sim//models/abu_dhabi/media/baked_cc0textures_bricks11_col_256.jpg_c5765d_pro_2157_256.png
-- Up-to-date: /home/kap/ros2_ws/src/multipath_sim/install/multipath_sim/share/multipath_sim//models/abu_dhabi/media/baked_7b422f_brick.png
-- Up-to-date: /home/kap/ros2_ws/src/multipath_sim/install/multipath_sim/share/multipath_sim//models/abu_dhabi/media/baked_b8a594_plaster.png
-- Up-to-date: /home/kap/ros2_ws/src/multipath_sim/install/multipath_sim/share/multipath_sim//models/abu_dhabi/media/baked_b2b2a6_concrete.png
-- Up-to-date: /home/kap/ros2_ws/src/multipath_sim/install/multipath_sim/share/multipath_sim//models/abu_dhabi/media/baked_duion_bricks_classic_01_D_256.png_976c6b_pro_6908_256.png
-- Up-to-date: /home/kap/ros2_ws/src/multipath_sim/install/multipath_sim/share/multipath_sim//models/abu_dhabi/media/baked_duion_plaster_stucco_01_D_256.png_a3865f_pro_2161_256.png
-- Up-to-date: /home/kap/ros2_ws/src/multipath_sim/install/multipath_sim/share/multipath_sim//models/abu_dhabi/media/baked_cc0textures_bricks11_col_256.jpg_d9d8c4_pro_2157_256.png
-- Up-to-date: /home/kap/ros2_ws/src/multipath_sim/install/multipath_sim/share/multipath_sim//models/abu_dhabi/media/baked_duion_plaster_sprinkled_01_D_256.png_b8a594_pro_6908_256.png
-- Up-to-date: /home/kap/ros2_ws/src/multipath_sim/install/multipath_sim/share/multipath_sim//models/abu_dhabi/media/baked_cc0textures_bricks11_col_256.jpg_7b422f_pro_2901_256.png
-- Up-to-date: /home/kap/ros2_ws/src/multipath_sim/install/multipath_sim/share/multipath_sim//models/abu_dhabi/media/baked_duion_plaster_stucco_01_D_256.png_cfbc8e_pro_6908_256.png
-- Up-to-date: /home/kap/ros2_ws/src/multipath_sim/install/multipath_sim/share/multipath_sim//models/abu_dhabi/media/baked_duion_bricks_classic_02_D_256.png_7b422f_pro_6908_256.png
-- Up-to-date: /home/kap/ros2_ws/src/multipath_sim/install/multipath_sim/share/multipath_sim//models/abu_dhabi/media/baked_duion_plaster_stucco_01_D_256.png_cfbc8e_pro_2353_256.png
-- Up-to-date: /home/kap/ros2_ws/src/multipath_sim/install/multipath_sim/share/multipath_sim//models/abu_dhabi/media/baked_duion_plaster_stucco_01_D_256.png_cfbc8e_pro_2157_256.png
-- Up-to-date: /home/kap/ros2_ws/src/multipath_sim/install/multipath_sim/share/multipath_sim//models/abu_dhabi/media/baked_duion_plaster_stucco_01_D_256.png_a3865f_pro_2157_256.png
-- Up-to-date: /home/kap/ros2_ws/src/multipath_sim/install/multipath_sim/share/multipath_sim//models/abu_dhabi/media/baked_cc0textures_bricks11_col_256.jpg_7b422f_pro_2161_256.png
-- Up-to-date: /home/kap/ros2_ws/src/multipath_sim/install/multipath_sim/share/multipath_sim//models/abu_dhabi/abu_dhabi.sdf
-- Up-to-date: /home/kap/ros2_ws/src/multipath_sim/install/multipath_sim/share/multipath_sim//models/x500_green
-- Up-to-date: /home/kap/ros2_ws/src/multipath_sim/install/multipath_sim/share/multipath_sim//models/x500_green/meshes
-- Up-to-date: /home/kap/ros2_ws/src/multipath_sim/install/multipath_sim/share/multipath_sim//models/x500_green/meshes/CF.png
-- Up-to-date: /home/kap/ros2_ws/src/multipath_sim/install/multipath_sim/share/multipath_sim//models/x500_green/meshes/NXP-HGD-CF.dae
-- Up-to-date: /home/kap/ros2_ws/src/multipath_sim/install/multipath_sim/share/multipath_sim//models/x500_green/meshes/5010Bell.dae
-- Up-to-date: /home/kap/ros2_ws/src/multipath_sim/install/multipath_sim/share/multipath_sim//models/x500_green/meshes/5010Base.dae
-- Up-to-date: /home/kap/ros2_ws/src/multipath_sim/install/multipath_sim/share/multipath_sim//models/x500_green/meshes/1345_prop_ccw.stl
-- Up-to-date: /home/kap/ros2_ws/src/multipath_sim/install/multipath_sim/share/multipath_sim//models/x500_green/meshes/1345_prop_cw.stl
-- Up-to-date: /home/kap/ros2_ws/src/multipath_sim/install/multipath_sim/share/multipath_sim//models/x500_green/thumbnails
-- Up-to-date: /home/kap/ros2_ws/src/multipath_sim/install/multipath_sim/share/multipath_sim//models/x500_green/thumbnails/5.png
-- Up-to-date: /home/kap/ros2_ws/src/multipath_sim/install/multipath_sim/share/multipath_sim//models/x500_green/thumbnails/4.png
-- Up-to-date: /home/kap/ros2_ws/src/multipath_sim/install/multipath_sim/share/multipath_sim//models/x500_green/thumbnails/3.png
-- Up-to-date: /home/kap/ros2_ws/src/multipath_sim/install/multipath_sim/share/multipath_sim//models/x500_green/thumbnails/2.png
-- Up-to-date: /home/kap/ros2_ws/src/multipath_sim/install/multipath_sim/share/multipath_sim//models/x500_green/thumbnails/1.png
-- Up-to-date: /home/kap/ros2_ws/src/multipath_sim/install/multipath_sim/share/multipath_sim//models/x500_green/model.config
-- Up-to-date: /home/kap/ros2_ws/src/multipath_sim/install/multipath_sim/share/multipath_sim//models/x500_green/materials
-- Up-to-date: /home/kap/ros2_ws/src/multipath_sim/install/multipath_sim/share/multipath_sim//models/x500_green/materials/textures
-- Up-to-date: /home/kap/ros2_ws/src/multipath_sim/install/multipath_sim/share/multipath_sim//models/x500_green/materials/textures/CF.png
-- Up-to-date: /home/kap/ros2_ws/src/multipath_sim/install/multipath_sim/share/multipath_sim//models/x500_green/materials/textures/rd.png
-- Up-to-date: /home/kap/ros2_ws/src/multipath_sim/install/multipath_sim/share/multipath_sim//models/x500_green/materials/textures/nxp.png
-- Up-to-date: /home/kap/ros2_ws/src/multipath_sim/install/multipath_sim/share/multipath_sim//models/x500_green/model.sdf
-- Up-to-date: /home/kap/ros2_ws/src/multipath_sim/install/multipath_sim/share/multipath_sim//models/iris_virtual_ray
-- Up-to-date: /home/kap/ros2_ws/src/multipath_sim/install/multipath_sim/share/multipath_sim//models/iris_virtual_ray/iris_virtual_ray.sdf
-- Up-to-date: /home/kap/ros2_ws/src/multipath_sim/install/multipath_sim/share/multipath_sim//models/iris_virtual_ray/meshes
-- Up-to-date: /home/kap/ros2_ws/src/multipath_sim/install/multipath_sim/share/multipath_sim//models/iris_virtual_ray/meshes/iris_prop_ccw.dae
-- Up-to-date: /home/kap/ros2_ws/src/multipath_sim/install/multipath_sim/share/multipath_sim//models/iris_virtual_ray/meshes/iris_prop_cw.dae
-- Up-to-date: /home/kap/ros2_ws/src/multipath_sim/install/multipath_sim/share/multipath_sim//models/iris_virtual_ray/meshes/iris.stl
-- Up-to-date: /home/kap/ros2_ws/src/multipath_sim/install/multipath_sim/share/multipath_sim//models/iris_virtual_ray/model.config
-- Up-to-date: /home/kap/ros2_ws/src/multipath_sim/install/multipath_sim/share/multipath_sim//models/x500_red_no_collision
-- Up-to-date: /home/kap/ros2_ws/src/multipath_sim/install/multipath_sim/share/multipath_sim//models/x500_red_no_collision/meshes
-- Up-to-date: /home/kap/ros2_ws/src/multipath_sim/install/multipath_sim/share/multipath_sim//models/x500_red_no_collision/meshes/CF.png
-- Up-to-date: /home/kap/ros2_ws/src/multipath_sim/install/multipath_sim/share/multipath_sim//models/x500_red_no_collision/meshes/NXP-HGD-CF.dae
-- Up-to-date: /home/kap/ros2_ws/src/multipath_sim/install/multipath_sim/share/multipath_sim//models/x500_red_no_collision/meshes/5010Bell.dae
-- Up-to-date: /home/kap/ros2_ws/src/multipath_sim/install/multipath_sim/share/multipath_sim//models/x500_red_no_collision/meshes/5010Base.dae
-- Up-to-date: /home/kap/ros2_ws/src/multipath_sim/install/multipath_sim/share/multipath_sim//models/x500_red_no_collision/meshes/1345_prop_ccw.stl
-- Up-to-date: /home/kap/ros2_ws/src/multipath_sim/install/multipath_sim/share/multipath_sim//models/x500_red_no_collision/meshes/1345_prop_cw.stl
-- Up-to-date: /home/kap/ros2_ws/src/multipath_sim/install/multipath_sim/share/multipath_sim//models/x500_red_no_collision/thumbnails
-- Up-to-date: /home/kap/ros2_ws/src/multipath_sim/install/multipath_sim/share/multipath_sim//models/x500_red_no_collision/thumbnails/5.png
-- Up-to-date: /home/kap/ros2_ws/src/multipath_sim/install/multipath_sim/share/multipath_sim//models/x500_red_no_collision/thumbnails/4.png
-- Up-to-date: /home/kap/ros2_ws/src/multipath_sim/install/multipath_sim/share/multipath_sim//models/x500_red_no_collision/thumbnails/3.png
-- Up-to-date: /home/kap/ros2_ws/src/multipath_sim/install/multipath_sim/share/multipath_sim//models/x500_red_no_collision/thumbnails/2.png
-- Up-to-date: /home/kap/ros2_ws/src/multipath_sim/install/multipath_sim/share/multipath_sim//models/x500_red_no_collision/thumbnails/1.png
-- Up-to-date: /home/kap/ros2_ws/src/multipath_sim/install/multipath_sim/share/multipath_sim//models/x500_red_no_collision/model.config
-- Up-to-date: /home/kap/ros2_ws/src/multipath_sim/install/multipath_sim/share/multipath_sim//models/x500_red_no_collision/materials
-- Up-to-date: /home/kap/ros2_ws/src/multipath_sim/install/multipath_sim/share/multipath_sim//models/x500_red_no_collision/materials/textures
-- Up-to-date: /home/kap/ros2_ws/src/multipath_sim/install/multipath_sim/share/multipath_sim//models/x500_red_no_collision/materials/textures/CF.png
-- Up-to-date: /home/kap/ros2_ws/src/multipath_sim/install/multipath_sim/share/multipath_sim//models/x500_red_no_collision/materials/textures/rd.png
-- Up-to-date: /home/kap/ros2_ws/src/multipath_sim/install/multipath_sim/share/multipath_sim//models/x500_red_no_collision/materials/textures/nxp.png
-- Up-to-date: /home/kap/ros2_ws/src/multipath_sim/install/multipath_sim/share/multipath_sim//models/x500_red_no_collision/model.sdf
-- Up-to-date: /home/kap/ros2_ws/src/multipath_sim/install/multipath_sim/share/multipath_sim//models/x500
-- Up-to-date: /home/kap/ros2_ws/src/multipath_sim/install/multipath_sim/share/multipath_sim//models/x500/meshes
-- Up-to-date: /home/kap/ros2_ws/src/multipath_sim/install/multipath_sim/share/multipath_sim//models/x500/meshes/CF.png
-- Up-to-date: /home/kap/ros2_ws/src/multipath_sim/install/multipath_sim/share/multipath_sim//models/x500/meshes/NXP-HGD-CF.dae
-- Up-to-date: /home/kap/ros2_ws/src/multipath_sim/install/multipath_sim/share/multipath_sim//models/x500/meshes/5010Bell.dae
-- Up-to-date: /home/kap/ros2_ws/src/multipath_sim/install/multipath_sim/share/multipath_sim//models/x500/meshes/5010Base.dae
-- Up-to-date: /home/kap/ros2_ws/src/multipath_sim/install/multipath_sim/share/multipath_sim//models/x500/meshes/1345_prop_ccw.stl
-- Up-to-date: /home/kap/ros2_ws/src/multipath_sim/install/multipath_sim/share/multipath_sim//models/x500/meshes/1345_prop_cw.stl
-- Up-to-date: /home/kap/ros2_ws/src/multipath_sim/install/multipath_sim/share/multipath_sim//models/x500/thumbnails
-- Up-to-date: /home/kap/ros2_ws/src/multipath_sim/install/multipath_sim/share/multipath_sim//models/x500/thumbnails/5.png
-- Up-to-date: /home/kap/ros2_ws/src/multipath_sim/install/multipath_sim/share/multipath_sim//models/x500/thumbnails/4.png
-- Up-to-date: /home/kap/ros2_ws/src/multipath_sim/install/multipath_sim/share/multipath_sim//models/x500/thumbnails/3.png
-- Up-to-date: /home/kap/ros2_ws/src/multipath_sim/install/multipath_sim/share/multipath_sim//models/x500/thumbnails/2.png
-- Up-to-date: /home/kap/ros2_ws/src/multipath_sim/install/multipath_sim/share/multipath_sim//models/x500/thumbnails/1.png
-- Up-to-date: /home/kap/ros2_ws/src/multipath_sim/install/multipath_sim/share/multipath_sim//models/x500/model.config
-- Up-to-date: /home/kap/ros2_ws/src/multipath_sim/install/multipath_sim/share/multipath_sim//models/x500/materials
-- Up-to-date: /home/kap/ros2_ws/src/multipath_sim/install/multipath_sim/share/multipath_sim//models/x500/materials/textures
-- Up-to-date: /home/kap/ros2_ws/src/multipath_sim/install/multipath_sim/share/multipath_sim//models/x500/materials/textures/CF.png
-- Up-to-date: /home/kap/ros2_ws/src/multipath_sim/install/multipath_sim/share/multipath_sim//models/x500/materials/textures/rd.png
-- Up-to-date: /home/kap/ros2_ws/src/multipath_sim/install/multipath_sim/share/multipath_sim//models/x500/materials/textures/nxp.png
-- Up-to-date: /home/kap/ros2_ws/src/multipath_sim/install/multipath_sim/share/multipath_sim//models/x500/model.sdf
-- Up-to-date: /home/kap/ros2_ws/src/multipath_sim/install/multipath_sim/share/multipath_sim//models/hong_kong
-- Up-to-date: /home/kap/ros2_ws/src/multipath_sim/install/multipath_sim/share/multipath_sim//models/hong_kong/model.config
-- Up-to-date: /home/kap/ros2_ws/src/multipath_sim/install/multipath_sim/share/multipath_sim//models/hong_kong/hong_kong.sdf
-- Up-to-date: /home/kap/ros2_ws/src/multipath_sim/install/multipath_sim/share/multipath_sim//models/hong_kong/media
-- Up-to-date: /home/kap/ros2_ws/src/multipath_sim/install/multipath_sim/share/multipath_sim//models/hong_kong/media/baked_cc0textures_bricks11_col_exp.jpg_976c6b_pro_2157_exp.png
-- Up-to-date: /home/kap/ros2_ws/src/multipath_sim/install/multipath_sim/share/multipath_sim//models/hong_kong/media/baked_duion_bricks_classic_01_D_exp.png_c5765d_pro_2161_exp.png
-- Up-to-date: /home/kap/ros2_ws/src/multipath_sim/install/multipath_sim/share/multipath_sim//models/hong_kong/media/baked_duion_bricks_classic_01_D_exp.png_976c6b_pro_2157_exp.png
-- Up-to-date: /home/kap/ros2_ws/src/multipath_sim/install/multipath_sim/share/multipath_sim//models/hong_kong/media/baked_duion_plaster_stucco_01_D_exp.png_b8a594_pro_6908_exp.png
-- Up-to-date: /home/kap/ros2_ws/src/multipath_sim/install/multipath_sim/share/multipath_sim//models/hong_kong/media/baked_duion_bricks_classic_01_D_exp.png_7b422f_pro_6908_exp.png
-- Up-to-date: /home/kap/ros2_ws/src/multipath_sim/install/multipath_sim/share/multipath_sim//models/hong_kong/media/baked_duion_bricks_classic_01_D_exp.png_c5765d_pro_2157_exp.png
-- Up-to-date: /home/kap/ros2_ws/src/multipath_sim/install/multipath_sim/share/multipath_sim//models/hong_kong/media/baked_a6653f_roof_tiles.png
-- Up-to-date: /home/kap/ros2_ws/src/multipath_sim/install/multipath_sim/share/multipath_sim//models/hong_kong/media/baked_duion_bricks_classic_02_D_exp.png_c5765d_pro_2901_exp.png
-- Up-to-date: /home/kap/ros2_ws/src/multipath_sim/install/multipath_sim/share/multipath_sim//models/hong_kong/media/baked_duion_plaster_stucco_01_D_exp.png_b8a594_pro_2901_exp.png
-- Up-to-date: /home/kap/ros2_ws/src/multipath_sim/install/multipath_sim/share/multipath_sim//models/hong_kong/media/baked_duion_plaster_sprinkled_01_D_exp.png_b8a594_pro_2157_exp.png
-- Up-to-date: /home/kap/ros2_ws/src/multipath_sim/install/multipath_sim/share/multipath_sim//models/hong_kong/media/baked_afafaf_concrete.png
-- Up-to-date: /home/kap/ros2_ws/src/multipath_sim/install/multipath_sim/share/multipath_sim//models/hong_kong/media/baked_976c6b_brick.png
-- Up-to-date: /home/kap/ros2_ws/src/multipath_sim/install/multipath_sim/share/multipath_sim//models/hong_kong/media/baked_cc0textures_bricks11_col_exp.jpg_c5765d_pro_2157_exp.png
-- Up-to-date: /home/kap/ros2_ws/src/multipath_sim/install/multipath_sim/share/multipath_sim//models/hong_kong/media/baked_cc0textures_bricks11_col_exp.jpg_7b422f_pro_2161_exp.png
-- Up-to-date: /home/kap/ros2_ws/src/multipath_sim/install/multipath_sim/share/multipath_sim//models/hong_kong/media/baked_cc0textures_bricks11_col_exp.jpg_976c6b_pro_2353_exp.png
-- Up-to-date: /home/kap/ros2_ws/src/multipath_sim/install/multipath_sim/share/multipath_sim//models/hong_kong/media/baked_cc0textures_bricks11_col_exp.jpg_976c6b_pro_2161_exp.png
-- Up-to-date: /home/kap/ros2_ws/src/multipath_sim/install/multipath_sim/share/multipath_sim//models/hong_kong/media/baked_duion_plaster_sprinkled_01_D_exp.png_a3865f_pro_2161_exp.png
-- Up-to-date: /home/kap/ros2_ws/src/multipath_sim/install/multipath_sim/share/multipath_sim//models/hong_kong/media/baked_duion_plaster_stucco_01_D_exp.png_cfbc8e_pro_2161_exp.png
-- Up-to-date: /home/kap/ros2_ws/src/multipath_sim/install/multipath_sim/share/multipath_sim//models/hong_kong/media/baked_cc0textures_bricks11_col_exp.jpg_7b422f_pro_6908_exp.png
-- Up-to-date: /home/kap/ros2_ws/src/multipath_sim/install/multipath_sim/share/multipath_sim//models/hong_kong/media/baked_c8c2b6_concrete.png
-- Up-to-date: /home/kap/ros2_ws/src/multipath_sim/install/multipath_sim/share/multipath_sim//models/hong_kong/media/baked_duion_bricks_classic_02_D_exp.png_7b422f_pro_2161_exp.png
-- Up-to-date: /home/kap/ros2_ws/src/multipath_sim/install/multipath_sim/share/multipath_sim//models/hong_kong/media/baked_duion_plaster_sprinkled_01_D_exp.png_a3865f_pro_2157_exp.png
-- Up-to-date: /home/kap/ros2_ws/src/multipath_sim/install/multipath_sim/share/multipath_sim//models/hong_kong/media/baked_5e2a31_metal.png
-- Up-to-date: /home/kap/ros2_ws/src/multipath_sim/install/multipath_sim/share/multipath_sim//models/hong_kong/media/baked_cc0textures_bricks11_col_exp.jpg_c5765d_pro_2161_exp.png
-- Up-to-date: /home/kap/ros2_ws/src/multipath_sim/install/multipath_sim/share/multipath_sim//models/hong_kong/media/baked_duion_plaster_sprinkled_01_D_exp.png_cfbc8e_pro_2901_exp.png
-- Up-to-date: /home/kap/ros2_ws/src/multipath_sim/install/multipath_sim/share/multipath_sim//models/hong_kong/media/baked_duion_plaster_sprinkled_01_D_exp.png_cfbc8e_pro_2161_exp.png
-- Up-to-date: /home/kap/ros2_ws/src/multipath_sim/install/multipath_sim/share/multipath_sim//models/hong_kong/media/baked_duion_plaster_stucco_01_D_exp.png_a3865f_pro_2161_exp.png
-- Up-to-date: /home/kap/ros2_ws/src/multipath_sim/install/multipath_sim/share/multipath_sim//models/hong_kong/media/baked_duion_plaster_sprinkled_01_D_exp.png_cfbc8e_pro_6908_exp.png
-- Up-to-date: /home/kap/ros2_ws/src/multipath_sim/install/multipath_sim/share/multipath_sim//models/hong_kong/media/baked_cfbc8e_plaster.png
-- Up-to-date: /home/kap/ros2_ws/src/multipath_sim/install/multipath_sim/share/multipath_sim//models/hong_kong/media/baked_cc0textures_bricks11_col_exp.jpg_7b422f_pro_2157_exp.png
-- Up-to-date: /home/kap/ros2_ws/src/multipath_sim/install/multipath_sim/share/multipath_sim//models/hong_kong/media/baked_c5765d_brick.png
-- Up-to-date: /home/kap/ros2_ws/src/multipath_sim/install/multipath_sim/share/multipath_sim//models/hong_kong/media/baked_duion_bricks_classic_01_D_exp.png_c5765d_pro_2901_exp.png
-- Up-to-date: /home/kap/ros2_ws/src/multipath_sim/install/multipath_sim/share/multipath_sim//models/hong_kong/media/baked_cc0textures_bricks11_col_exp.jpg_976c6b_pro_2901_exp.png
-- Up-to-date: /home/kap/ros2_ws/src/multipath_sim/install/multipath_sim/share/multipath_sim//models/hong_kong/media/baked_duion_bricks_classic_02_D_exp.png_c5765d_pro_2353_exp.png
-- Up-to-date: /home/kap/ros2_ws/src/multipath_sim/install/multipath_sim/share/multipath_sim//models/hong_kong/media/baked_duion_plaster_sprinkled_01_D_exp.png_cfbc8e_pro_2157_exp.png
-- Up-to-date: /home/kap/ros2_ws/src/multipath_sim/install/multipath_sim/share/multipath_sim//models/hong_kong/media/buildings.dae
-- Up-to-date: /home/kap/ros2_ws/src/multipath_sim/install/multipath_sim/share/multipath_sim//models/hong_kong/media/baked_duion_plaster_stucco_01_D_exp.png_cfbc8e_pro_2353_exp.png
-- Up-to-date: /home/kap/ros2_ws/src/multipath_sim/install/multipath_sim/share/multipath_sim//models/hong_kong/media/baked_duion_plaster_stucco_01_D_exp.png_a3865f_pro_2157_exp.png
-- Up-to-date: /home/kap/ros2_ws/src/multipath_sim/install/multipath_sim/share/multipath_sim//models/hong_kong/media/baked_c57a63_roof_tiles.png
-- Up-to-date: /home/kap/ros2_ws/src/multipath_sim/install/multipath_sim/share/multipath_sim//models/hong_kong/media/baked_duion_plaster_stucco_01_D_exp.png_b8a594_pro_2157_exp.png
-- Up-to-date: /home/kap/ros2_ws/src/multipath_sim/install/multipath_sim/share/multipath_sim//models/hong_kong/media/baked_494c57_metal.png
-- Up-to-date: /home/kap/ros2_ws/src/multipath_sim/install/multipath_sim/share/multipath_sim//models/hong_kong/media/baked_duion_bricks_classic_02_D_exp.png_c5765d_pro_2161_exp.png
-- Up-to-date: /home/kap/ros2_ws/src/multipath_sim/install/multipath_sim/share/multipath_sim//models/hong_kong/media/baked_duion_bricks_classic_01_D_exp.png_976c6b_pro_2353_exp.png
-- Up-to-date: /home/kap/ros2_ws/src/multipath_sim/install/multipath_sim/share/multipath_sim//models/hong_kong/media/baked_818b8f_metal.png
-- Up-to-date: /home/kap/ros2_ws/src/multipath_sim/install/multipath_sim/share/multipath_sim//models/hong_kong/media/baked_duion_bricks_classic_01_D_exp.png_976c6b_pro_2901_exp.png
-- Up-to-date: /home/kap/ros2_ws/src/multipath_sim/install/multipath_sim/share/multipath_sim//models/hong_kong/media/baked_cc0textures_bricks11_col_exp.jpg_c5765d_pro_2353_exp.png
-- Up-to-date: /home/kap/ros2_ws/src/multipath_sim/install/multipath_sim/share/multipath_sim//models/hong_kong/media/baked_duion_plaster_stucco_01_D_exp.png_cfbc8e_pro_2901_exp.png
-- Up-to-date: /home/kap/ros2_ws/src/multipath_sim/install/multipath_sim/share/multipath_sim//models/hong_kong/media/baked_duion_bricks_classic_02_D_exp.png_7b422f_pro_2157_exp.png
-- Up-to-date: /home/kap/ros2_ws/src/multipath_sim/install/multipath_sim/share/multipath_sim//models/hong_kong/media/baked_duion_bricks_classic_02_D_exp.png_976c6b_pro_2161_exp.png
-- Up-to-date: /home/kap/ros2_ws/src/multipath_sim/install/multipath_sim/share/multipath_sim//models/hong_kong/media/baked_cc0textures_bricks11_col_exp.jpg_7b422f_pro_2353_exp.png
-- Up-to-date: /home/kap/ros2_ws/src/multipath_sim/install/multipath_sim/share/multipath_sim//models/hong_kong/media/baked_cc0textures_bricks11_col_exp.jpg_c5765d_pro_2901_exp.png
-- Up-to-date: /home/kap/ros2_ws/src/multipath_sim/install/multipath_sim/share/multipath_sim//models/hong_kong/media/baked_a3865f_plaster.png
-- Up-to-date: /home/kap/ros2_ws/src/multipath_sim/install/multipath_sim/share/multipath_sim//models/hong_kong/media/baked_duion_bricks_classic_01_D_exp.png_7b422f_pro_2161_exp.png
-- Up-to-date: /home/kap/ros2_ws/src/multipath_sim/install/multipath_sim/share/multipath_sim//models/hong_kong/media/baked_duion_bricks_classic_01_D_exp.png_7b422f_pro_2353_exp.png
-- Up-to-date: /home/kap/ros2_ws/src/multipath_sim/install/multipath_sim/share/multipath_sim//models/hong_kong/media/baked_duion_bricks_classic_02_D_exp.png_7b422f_pro_6908_exp.png
-- Up-to-date: /home/kap/ros2_ws/src/multipath_sim/install/multipath_sim/share/multipath_sim//models/hong_kong/media/baked_duion_bricks_classic_02_D_exp.png_7b422f_pro_2901_exp.png
-- Up-to-date: /home/kap/ros2_ws/src/multipath_sim/install/multipath_sim/share/multipath_sim//models/hong_kong/media/baked_duion_plaster_sprinkled_01_D_exp.png_b8a594_pro_2901_exp.png
-- Up-to-date: /home/kap/ros2_ws/src/multipath_sim/install/multipath_sim/share/multipath_sim//models/hong_kong/media/baked_duion_plaster_stucco_01_D_exp.png_cfbc8e_pro_2157_exp.png
-- Up-to-date: /home/kap/ros2_ws/src/multipath_sim/install/multipath_sim/share/multipath_sim//models/hong_kong/media/baked_duion_plaster_stucco_01_D_exp.png_ff0000_pro_2353_exp.png
-- Up-to-date: /home/kap/ros2_ws/src/multipath_sim/install/multipath_sim/share/multipath_sim//models/hong_kong/media/baked_duion_plaster_stucco_01_D_exp.png_a3865f_pro_2901_exp.png
-- Up-to-date: /home/kap/ros2_ws/src/multipath_sim/install/multipath_sim/share/multipath_sim//models/hong_kong/media/baked_cc0textures_bricks11_col_exp.jpg_976c6b_pro_6908_exp.png
-- Up-to-date: /home/kap/ros2_ws/src/multipath_sim/install/multipath_sim/share/multipath_sim//models/hong_kong/media/baked_duion_bricks_classic_01_D_exp.png_c5765d_pro_2353_exp.png
-- Up-to-date: /home/kap/ros2_ws/src/multipath_sim/install/multipath_sim/share/multipath_sim//models/hong_kong/media/baked_duion_bricks_classic_01_D_exp.png_976c6b_pro_2161_exp.png
-- Up-to-date: /home/kap/ros2_ws/src/multipath_sim/install/multipath_sim/share/multipath_sim//models/hong_kong/media/baked_duion_plaster_sprinkled_01_D_exp.png_b8a594_pro_6908_exp.png
-- Up-to-date: /home/kap/ros2_ws/src/multipath_sim/install/multipath_sim/share/multipath_sim//models/hong_kong/media/baked_duion_plaster_stucco_01_D_exp.png_b8a594_pro_2353_exp.png
-- Up-to-date: /home/kap/ros2_ws/src/multipath_sim/install/multipath_sim/share/multipath_sim//models/hong_kong/media/terrain.dae
-- Up-to-date: /home/kap/ros2_ws/src/multipath_sim/install/multipath_sim/share/multipath_sim//models/hong_kong/media/overlay.png
-- Up-to-date: /home/kap/ros2_ws/src/multipath_sim/install/multipath_sim/share/multipath_sim//models/hong_kong/media/baked_duion_bricks_classic_02_D_exp.png_976c6b_pro_2353_exp.png
-- Up-to-date: /home/kap/ros2_ws/src/multipath_sim/install/multipath_sim/share/multipath_sim//models/hong_kong/media/baked_duion_plaster_stucco_01_D_exp.png_a3865f_pro_2353_exp.png
-- Up-to-date: /home/kap/ros2_ws/src/multipath_sim/install/multipath_sim/share/multipath_sim//models/hong_kong/media/baked_cc0textures_bricks11_col_exp.jpg_7b422f_pro_2901_exp.png
-- Up-to-date: /home/kap/ros2_ws/src/multipath_sim/install/multipath_sim/share/multipath_sim//models/hong_kong/media/baked_8a5c4d_roof_tiles.png
-- Up-to-date: /home/kap/ros2_ws/src/multipath_sim/install/multipath_sim/share/multipath_sim//models/hong_kong/media/baked_duion_plaster_sprinkled_01_D_exp.png_cfbc8e_pro_2353_exp.png
-- Up-to-date: /home/kap/ros2_ws/src/multipath_sim/install/multipath_sim/share/multipath_sim//models/hong_kong/media/baked_duion_bricks_classic_02_D_exp.png_c5765d_pro_6908_exp.png
-- Up-to-date: /home/kap/ros2_ws/src/multipath_sim/install/multipath_sim/share/multipath_sim//models/hong_kong/media/baked_duion_bricks_classic_02_D_exp.png_976c6b_pro_2901_exp.png
-- Up-to-date: /home/kap/ros2_ws/src/multipath_sim/install/multipath_sim/share/multipath_sim//models/hong_kong/media/baked_duion_plaster_sprinkled_01_D_exp.png_b8a594_pro_2161_exp.png
-- Up-to-date: /home/kap/ros2_ws/src/multipath_sim/install/multipath_sim/share/multipath_sim//models/hong_kong/media/baked_duion_bricks_classic_02_D_exp.png_7b422f_pro_2353_exp.png
-- Up-to-date: /home/kap/ros2_ws/src/multipath_sim/install/multipath_sim/share/multipath_sim//models/hong_kong/media/baked_7b422f_brick.png
-- Up-to-date: /home/kap/ros2_ws/src/multipath_sim/install/multipath_sim/share/multipath_sim//models/hong_kong/media/baked_duion_plaster_sprinkled_01_D_exp.png_a3865f_pro_2901_exp.png
-- Up-to-date: /home/kap/ros2_ws/src/multipath_sim/install/multipath_sim/share/multipath_sim//models/hong_kong/media/baked_duion_plaster_stucco_01_D_exp.png_cfbc8e_pro_6908_exp.png
-- Up-to-date: /home/kap/ros2_ws/src/multipath_sim/install/multipath_sim/share/multipath_sim//models/hong_kong/media/baked_duion_plaster_stucco_01_D_exp.png_d4af37_pro_2353_exp.png
-- Up-to-date: /home/kap/ros2_ws/src/multipath_sim/install/multipath_sim/share/multipath_sim//models/hong_kong/media/baked_b8a594_plaster.png
-- Up-to-date: /home/kap/ros2_ws/src/multipath_sim/install/multipath_sim/share/multipath_sim//models/hong_kong/media/baked_b2b2a6_concrete.png
-- Up-to-date: /home/kap/ros2_ws/src/multipath_sim/install/multipath_sim/share/multipath_sim//models/hong_kong/media/baked_duion_plaster_sprinkled_01_D_exp.png_b8a594_pro_2353_exp.png
-- Up-to-date: /home/kap/ros2_ws/src/multipath_sim/install/multipath_sim/share/multipath_sim//models/hong_kong/media/baked_duion_bricks_classic_01_D_exp.png_7b422f_pro_2901_exp.png
-- Up-to-date: /home/kap/ros2_ws/src/multipath_sim/install/multipath_sim/share/multipath_sim//models/hong_kong/media/baked_duion_bricks_classic_02_D_exp.png_976c6b_pro_2157_exp.png
-- Up-to-date: /home/kap/ros2_ws/src/multipath_sim/install/multipath_sim/share/multipath_sim//models/hong_kong/media/baked_duion_plaster_stucco_01_D_exp.png_b8a594_pro_2161_exp.png
-- Up-to-date: /home/kap/ros2_ws/src/multipath_sim/install/multipath_sim/share/multipath_sim//models/hong_kong/media/baked_duion_bricks_classic_01_D_exp.png_7b422f_pro_2157_exp.png
-- Up-to-date: /home/kap/ros2_ws/src/multipath_sim/install/multipath_sim/share/multipath_sim//models/hong_kong/media/baked_duion_plaster_sprinkled_01_D_exp.png_a3865f_pro_2353_exp.png
-- Up-to-date: /home/kap/ros2_ws/src/multipath_sim/install/multipath_sim/share/multipath_sim//models/hong_kong/media/overlay_old
-- Up-to-date: /home/kap/ros2_ws/src/multipath_sim/install/multipath_sim/share/multipath_sim//models/hong_kong/media/overlay_old/overlay.png
-- Up-to-date: /home/kap/ros2_ws/src/multipath_sim/install/multipath_sim/share/multipath_sim//models/hong_kong/media/baked_duion_bricks_classic_02_D_exp.png_c5765d_pro_2157_exp.png
-- Up-to-date: /home/kap/ros2_ws/src/multipath_sim/install/multipath_sim/share/multipath_sim//launch
-- Up-to-date: /home/kap/ros2_ws/src/multipath_sim/install/multipath_sim/share/multipath_sim//launch/test.launch.py
-- Up-to-date: /home/kap/ros2_ws/src/multipath_sim/install/multipath_sim/share/multipath_sim//launch/abu_dhabi_sim.launch
-- Up-to-date: /home/kap/ros2_ws/src/multipath_sim/install/multipath_sim/share/multipath_sim//launch/hong_kong.launch.py
-- Up-to-date: /home/kap/ros2_ws/src/multipath_sim/install/multipath_sim/share/multipath_sim//launch/bag.launch
-- Up-to-date: /home/kap/ros2_ws/src/multipath_sim/install/multipath_sim/share/multipath_sim//launch/multipath_live_test.launch
-- Up-to-date: /home/kap/ros2_ws/src/multipath_sim/install/multipath_sim/share/multipath_sim//launch/abu_dhabi.launch.py
-- Up-to-date: /home/kap/ros2_ws/src/multipath_sim/install/multipath_sim/share/multipath_sim//launch/hong_kong.launch
-- Up-to-date: /home/kap/ros2_ws/src/multipath_sim/install/multipath_sim/share/multipath_sim//config
-- Up-to-date: /home/kap/ros2_ws/src/multipath_sim/install/multipath_sim/share/multipath_sim//config/multipath_sim.rviz
-- Up-to-date: /home/kap/ros2_ws/src/multipath_sim/install/multipath_sim/share/multipath_sim//config/qualisys.rviz
-- Up-to-date: /home/kap/ros2_ws/src/multipath_sim/install/multipath_sim/share/multipath_sim//config/hk_sim.rviz
-- Up-to-date: /home/kap/ros2_ws/src/multipath_sim/install/multipath_sim/lib//data
-- Up-to-date: /home/kap/ros2_ws/src/multipath_sim/install/multipath_sim/lib//data/hk_nominal_traj.csv
-- Up-to-date: /home/kap/ros2_ws/src/multipath_sim/install/multipath_sim/lib//data/hk_attack_traj.csv
-- Up-to-date: /home/kap/ros2_ws/src/multipath_sim/install/multipath_sim/lib//data/hksc135c.21n
-- Up-to-date: /home/kap/ros2_ws/src/multipath_sim/install/multipath_sim/lib//data/map.png
-- Up-to-date: /home/kap/ros2_ws/src/multipath_sim/install/multipath_sim/lib//data/hk_data
-- Up-to-date: /home/kap/ros2_ws/src/multipath_sim/install/multipath_sim/lib//data/hk_data/20210517.light-urban.tste.xiaomi.mi8.nmea
-- Up-to-date: /home/kap/ros2_ws/src/multipath_sim/install/multipath_sim/lib//data/hk_data/20210517.light-urban.tste.ublox.m8t.GR.obs
-- Up-to-date: /home/kap/ros2_ws/src/multipath_sim/install/multipath_sim/lib//data/hk_data/20210517.light-urban.tste.google.pixel4.obs
-- Up-to-date: /home/kap/ros2_ws/src/multipath_sim/install/multipath_sim/lib//data/hk_data/20210517.light-urban.tste.novatel.flexpak6.obs
-- Up-to-date: /home/kap/ros2_ws/src/multipath_sim/install/multipath_sim/lib//data/hk_data/20210517.light-urban.tste.ublox.f9p.splitter.obs
-- Up-to-date: /home/kap/ros2_ws/src/multipath_sim/install/multipath_sim/lib//data/hk_data/20210517.light-urban.tste.huawei.p40pro.obs
-- Up-to-date: /home/kap/ros2_ws/src/multipath_sim/install/multipath_sim/lib//data/hk_data/20210517.light-urban.tste.ublox.m8t.GR.nmea
-- Up-to-date: /home/kap/ros2_ws/src/multipath_sim/install/multipath_sim/lib//data/hk_data/20210517.light-urban.tste.xiaomi.mi8.obs
-- Up-to-date: /home/kap/ros2_ws/src/multipath_sim/install/multipath_sim/lib//data/hk_data/20210517.light-urban.tste.ublox.m8t.GEJ.obs
-- Up-to-date: /home/kap/ros2_ws/src/multipath_sim/install/multipath_sim/lib//data/hk_data/20210517.light-urban.tste.ublox.m8t.GEJ.nmea
-- Up-to-date: /home/kap/ros2_ws/src/multipath_sim/install/multipath_sim/lib//data/hk_data/20210517.light-urban.tste.ublox.m8t.GC.nmea
-- Up-to-date: /home/kap/ros2_ws/src/multipath_sim/install/multipath_sim/lib//data/hk_data/20210517.light-urban.tste.samsung.note8.obs
-- Up-to-date: /home/kap/ros2_ws/src/multipath_sim/install/multipath_sim/lib//data/hk_data/20210517.light-urban.tste.ublox.f9p.obs
-- Up-to-date: /home/kap/ros2_ws/src/multipath_sim/install/multipath_sim/lib//data/hk_data/20210517.light-urban.tste.ublox.f9p.nmea
-- Up-to-date: /home/kap/ros2_ws/src/multipath_sim/install/multipath_sim/lib//data/hk_data/20210517.light-urban.tste.huawei.p40pro.nmea
-- Up-to-date: /home/kap/ros2_ws/src/multipath_sim/install/multipath_sim/lib//data/hk_data/20210517.light-urban.tste.samsung.note8.nmea
-- Up-to-date: /home/kap/ros2_ws/src/multipath_sim/install/multipath_sim/lib//data/hk_data/20210517.light-urban.tste.ublox.m8t.GC.obs
-- Up-to-date: /home/kap/ros2_ws/src/multipath_sim/install/multipath_sim/lib//data/hk_data/20210517.light-urban.tste.ublox.f9p.splitter.nmea
-- Up-to-date: /home/kap/ros2_ws/src/multipath_sim/install/multipath_sim/lib//data/hk_data/20210517.light-urban.tste.google.pixel4.nmea
-- Up-to-date: /home/kap/ros2_ws/src/multipath_sim/install/multipath_sim/lib//data/topic_list.txt
-- Up-to-date: /home/kap/ros2_ws/src/multipath_sim/install/multipath_sim/lib//data/hk_data_car_gps_log.json
-- Up-to-date: /home/kap/ros2_ws/src/multipath_sim/install/multipath_sim/lib//data/hk_data_affect_pos_heatmap.json
-- Up-to-date: /home/kap/ros2_ws/src/multipath_sim/install/multipath_sim/lib//data/hk_data_sv_mean.json
-- Up-to-date: /home/kap/ros2_ws/src/multipath_sim/install/multipath_sim/lib//data/pos_data_log.json
-- Up-to-date: /home/kap/ros2_ws/src/multipath_sim/install/multipath_sim/lib//data/car_ground_truth.json
-- Up-to-date: /home/kap/ros2_ws/src/multipath_sim/install/multipath_sim/lib//data/1_lightUrban_tsimShaTsuiEast_20210517.zip
-- Up-to-date: /home/kap/ros2_ws/src/multipath_sim/install/multipath_sim/lib//data/hk_data_affect_pos.json
-- Up-to-date: /home/kap/ros2_ws/src/multipath_sim/install/multipath_sim/lib//data/hk_data_heatmap.json
-- Up-to-date: /home/kap/ros2_ws/src/multipath_sim/install/multipath_sim/lib//data/hk_map_bounds.txt
-- Up-to-date: /home/kap/ros2_ws/src/multipath_sim/install/multipath_sim/lib/python3.8/site-packages/multipath_sim
-- Up-to-date: /home/kap/ros2_ws/src/multipath_sim/install/multipath_sim/lib/python3.8/site-packages/multipath_sim/coord.py
-- Up-to-date: /home/kap/ros2_ws/src/multipath_sim/install/multipath_sim/lib/python3.8/site-packages/multipath_sim/trialteration.py
-- Installing: /home/kap/ros2_ws/src/multipath_sim/install/multipath_sim/lib/python3.8/site-packages/multipath_sim/__init__.py
-- Up-to-date: /home/kap/ros2_ws/src/multipath_sim/install/multipath_sim/lib/python3.8/site-packages/multipath_sim/kalman_filter.py
-- Up-to-date: /home/kap/ros2_ws/src/multipath_sim/install/multipath_sim/lib/python3.8/site-packages/multipath_sim/sat_pos.py
Listing '/home/kap/ros2_ws/src/multipath_sim/install/multipath_sim/lib/python3.8/site-packages/multipath_sim'...
Compiling '/home/kap/ros2_ws/src/multipath_sim/install/multipath_sim/lib/python3.8/site-packages/multipath_sim/__init__.py'...
Listing '/home/kap/ros2_ws/src/multipath_sim/install/multipath_sim/lib/python3.8/site-packages/multipath_sim/msg'...
-- Up-to-date: /home/kap/ros2_ws/src/multipath_sim/install/multipath_sim/lib/multipath_sim/set_model_state.py
-- Up-to-date: /home/kap/ros2_ws/src/multipath_sim/install/multipath_sim/lib/multipath_sim/set_model_state_heatmap.py
-- Up-to-date: /home/kap/ros2_ws/src/multipath_sim/install/multipath_sim/lib/multipath_sim/stream_skycam.py
-- Up-to-date: /home/kap/ros2_ws/src/multipath_sim/install/multipath_sim/lib/multipath_sim/broadcast_pos.py
-- Up-to-date: /home/kap/ros2_ws/src/multipath_sim/install/multipath_sim/lib/multipath_sim/broadcast_pos_heatmap.py
-- Up-to-date: /home/kap/ros2_ws/src/multipath_sim/install/multipath_sim/share/ament_index/resource_index/package_run_dependencies/multipath_sim
-- Up-to-date: /home/kap/ros2_ws/src/multipath_sim/install/multipath_sim/share/ament_index/resource_index/parent_prefix_path/multipath_sim
-- Up-to-date: /home/kap/ros2_ws/src/multipath_sim/install/multipath_sim/share/multipath_sim/environment/ament_prefix_path.sh
-- Up-to-date: /home/kap/ros2_ws/src/multipath_sim/install/multipath_sim/share/multipath_sim/environment/ament_prefix_path.dsv
-- Up-to-date: /home/kap/ros2_ws/src/multipath_sim/install/multipath_sim/share/multipath_sim/environment/path.sh
-- Up-to-date: /home/kap/ros2_ws/src/multipath_sim/install/multipath_sim/share/multipath_sim/environment/path.dsv
-- Up-to-date: /home/kap/ros2_ws/src/multipath_sim/install/multipath_sim/share/multipath_sim/local_setup.bash
-- Up-to-date: /home/kap/ros2_ws/src/multipath_sim/install/multipath_sim/share/multipath_sim/local_setup.sh
-- Up-to-date: /home/kap/ros2_ws/src/multipath_sim/install/multipath_sim/share/multipath_sim/local_setup.zsh
-- Up-to-date: /home/kap/ros2_ws/src/multipath_sim/install/multipath_sim/share/multipath_sim/local_setup.dsv
-- Installing: /home/kap/ros2_ws/src/multipath_sim/install/multipath_sim/share/multipath_sim/package.dsv
-- Up-to-date: /home/kap/ros2_ws/src/multipath_sim/install/multipath_sim/share/ament_index/resource_index/packages/multipath_sim
-- Up-to-date: /home/kap/ros2_ws/src/multipath_sim/install/multipath_sim/share/multipath_sim/cmake/multipath_sim__rosidl_generator_cExport.cmake
-- Up-to-date: /home/kap/ros2_ws/src/multipath_sim/install/multipath_sim/share/multipath_sim/cmake/multipath_sim__rosidl_generator_cExport-noconfig.cmake
-- Up-to-date: /home/kap/ros2_ws/src/multipath_sim/install/multipath_sim/share/multipath_sim/cmake/multipath_sim__rosidl_typesupport_introspection_cExport.cmake
-- Up-to-date: /home/kap/ros2_ws/src/multipath_sim/install/multipath_sim/share/multipath_sim/cmake/multipath_sim__rosidl_typesupport_introspection_cExport-noconfig.cmake
-- Up-to-date: /home/kap/ros2_ws/src/multipath_sim/install/multipath_sim/share/multipath_sim/cmake/multipath_sim__rosidl_typesupport_cExport.cmake
-- Up-to-date: /home/kap/ros2_ws/src/multipath_sim/install/multipath_sim/share/multipath_sim/cmake/multipath_sim__rosidl_typesupport_cExport-noconfig.cmake
-- Up-to-date: /home/kap/ros2_ws/src/multipath_sim/install/multipath_sim/share/multipath_sim/cmake/multipath_sim__rosidl_generator_cppExport.cmake
-- Up-to-date: /home/kap/ros2_ws/src/multipath_sim/install/multipath_sim/share/multipath_sim/cmake/multipath_sim__rosidl_typesupport_introspection_cppExport.cmake
-- Up-to-date: /home/kap/ros2_ws/src/multipath_sim/install/multipath_sim/share/multipath_sim/cmake/multipath_sim__rosidl_typesupport_introspection_cppExport-noconfig.cmake
-- Up-to-date: /home/kap/ros2_ws/src/multipath_sim/install/multipath_sim/share/multipath_sim/cmake/multipath_sim__rosidl_typesupport_cppExport.cmake
-- Up-to-date: /home/kap/ros2_ws/src/multipath_sim/install/multipath_sim/share/multipath_sim/cmake/multipath_sim__rosidl_typesupport_cppExport-noconfig.cmake
-- Up-to-date: /home/kap/ros2_ws/src/multipath_sim/install/multipath_sim/share/multipath_sim/cmake/rosidl_cmake-extras.cmake
-- Up-to-date: /home/kap/ros2_ws/src/multipath_sim/install/multipath_sim/share/multipath_sim/cmake/ament_cmake_export_dependencies-extras.cmake
-- Up-to-date: /home/kap/ros2_ws/src/multipath_sim/install/multipath_sim/share/multipath_sim/cmake/ament_cmake_export_libraries-extras.cmake
-- Up-to-date: /home/kap/ros2_ws/src/multipath_sim/install/multipath_sim/share/multipath_sim/cmake/ament_cmake_export_targets-extras.cmake
-- Up-to-date: /home/kap/ros2_ws/src/multipath_sim/install/multipath_sim/share/multipath_sim/cmake/ament_cmake_export_include_directories-extras.cmake
-- Up-to-date: /home/kap/ros2_ws/src/multipath_sim/install/multipath_sim/share/multipath_sim/cmake/rosidl_cmake_export_typesupport_libraries-extras.cmake
-- Up-to-date: /home/kap/ros2_ws/src/multipath_sim/install/multipath_sim/share/multipath_sim/cmake/rosidl_cmake_export_typesupport_targets-extras.cmake
-- Up-to-date: /home/kap/ros2_ws/src/multipath_sim/install/multipath_sim/share/multipath_sim/cmake/multipath_simConfig.cmake
-- Up-to-date: /home/kap/ros2_ws/src/multipath_sim/install/multipath_sim/share/multipath_sim/cmake/multipath_simConfig-version.cmake
-- Up-to-date: /home/kap/ros2_ws/src/multipath_sim/install/multipath_sim/share/multipath_sim/package.xml
