[0.099s] DEBUG:colcon:Command line arguments: ['/usr/bin/colcon', 'build']
[0.099s] DEBUG:colcon:Parsed command line arguments: Namespace(allow_overriding=[], ament_cmake_args=None, base_paths=['.'], build_base='build', catkin_cmake_args=None, catkin_skip_building_tests=False, cmake_args=None, cmake_clean_cache=False, cmake_clean_first=False, cmake_force_configure=False, cmake_target=None, cmake_target_skip_unavailable=False, continue_on_error=False, event_handlers=None, executor='parallel', ignore_user_meta=False, install_base='install', log_base=None, log_level=None, main=<bound method BuildVerb.main of <colcon_core.verb.build.BuildVerb object at 0x7f8765bffdc0>>, merge_install=False, metas=['./colcon.meta'], packages_above=None, packages_above_and_dependencies=None, packages_above_depth=None, packages_end=None, packages_ignore=None, packages_ignore_regex=None, packages_select=None, packages_select_build_failed=False, packages_select_by_dep=None, packages_select_regex=None, packages_select_test_failures=False, packages_skip=None, packages_skip_build_finished=False, packages_skip_by_dep=None, packages_skip_regex=None, packages_skip_test_passed=False, packages_skip_up_to=None, packages_start=None, packages_up_to=None, packages_up_to_regex=None, parallel_workers=20, paths=None, symlink_install=False, test_result_base=None, verb_extension=<colcon_core.verb.build.BuildVerb object at 0x7f8765bffdc0>, verb_name='build', verb_parser=<colcon_defaults.argument_parser.defaults.DefaultArgumentsDecorator object at 0x7f8765c0c370>)
[0.114s] Level 1:colcon.colcon_core.package_discovery:discover_packages(colcon_meta) check parameters
[0.115s] Level 1:colcon.colcon_core.package_discovery:discover_packages(recursive) check parameters
[0.115s] Level 1:colcon.colcon_core.package_discovery:discover_packages(ignore) check parameters
[0.115s] Level 1:colcon.colcon_core.package_discovery:discover_packages(path) check parameters
[0.115s] Level 1:colcon.colcon_core.package_discovery:discover_packages(colcon_meta) discover
[0.115s] Level 1:colcon.colcon_core.package_discovery:discover_packages(recursive) discover
[0.115s] INFO:colcon.colcon_core.package_discovery:Crawling recursively for packages in '/home/kap/ros2_ws/src/multipath_sim'
[0.115s] Level 1:colcon.colcon_core.package_identification:_identify(.) by extensions ['ignore', 'ignore_ament_install']
[0.115s] Level 1:colcon.colcon_core.package_identification:_identify(.) by extension 'ignore'
[0.115s] Level 1:colcon.colcon_core.package_identification:_identify(.) by extension 'ignore_ament_install'
[0.115s] Level 1:colcon.colcon_core.package_identification:_identify(.) by extensions ['colcon_pkg']
[0.115s] Level 1:colcon.colcon_core.package_identification:_identify(.) by extension 'colcon_pkg'
[0.115s] Level 1:colcon.colcon_core.package_identification:_identify(.) by extensions ['colcon_meta']
[0.115s] Level 1:colcon.colcon_core.package_identification:_identify(.) by extension 'colcon_meta'
[0.115s] Level 1:colcon.colcon_core.package_identification:_identify(.) by extensions ['ros']
[0.115s] Level 1:colcon.colcon_core.package_identification:_identify(.) by extension 'ros'
[0.129s] DEBUG:colcon.colcon_core.package_identification:Package '.' with type 'ros.ament_cmake' and name 'multipath_sim'
[0.129s] Level 1:colcon.colcon_core.package_discovery:discover_packages(recursive) using defaults
[0.129s] Level 1:colcon.colcon_core.package_discovery:discover_packages(ignore) discover
[0.129s] Level 1:colcon.colcon_core.package_discovery:discover_packages(ignore) using defaults
[0.129s] Level 1:colcon.colcon_core.package_discovery:discover_packages(path) discover
[0.129s] Level 1:colcon.colcon_core.package_discovery:discover_packages(path) using defaults
[0.143s] Level 1:colcon.colcon_core.package_discovery:discover_packages(prefix_path) check parameters
[0.143s] Level 1:colcon.colcon_core.package_discovery:discover_packages(prefix_path) discover
[0.144s] DEBUG:colcon.colcon_installed_package_information.package_discovery:Found 1 installed packages in /home/kap/ros2_ws/install
[0.145s] DEBUG:colcon.colcon_installed_package_information.package_discovery:Found 263 installed packages in /opt/ros/foxy
[0.146s] Level 1:colcon.colcon_core.package_discovery:discover_packages(prefix_path) using defaults
[0.186s] Level 5:colcon.colcon_core.verb:set package 'multipath_sim' build argument 'cmake_args' from command line to 'None'
[0.186s] Level 5:colcon.colcon_core.verb:set package 'multipath_sim' build argument 'cmake_target' from command line to 'None'
[0.186s] Level 5:colcon.colcon_core.verb:set package 'multipath_sim' build argument 'cmake_target_skip_unavailable' from command line to 'False'
[0.186s] Level 5:colcon.colcon_core.verb:set package 'multipath_sim' build argument 'cmake_clean_cache' from command line to 'False'
[0.186s] Level 5:colcon.colcon_core.verb:set package 'multipath_sim' build argument 'cmake_clean_first' from command line to 'False'
[0.186s] Level 5:colcon.colcon_core.verb:set package 'multipath_sim' build argument 'cmake_force_configure' from command line to 'False'
[0.186s] Level 5:colcon.colcon_core.verb:set package 'multipath_sim' build argument 'ament_cmake_args' from command line to 'None'
[0.186s] Level 5:colcon.colcon_core.verb:set package 'multipath_sim' build argument 'catkin_cmake_args' from command line to 'None'
[0.186s] Level 5:colcon.colcon_core.verb:set package 'multipath_sim' build argument 'catkin_skip_building_tests' from command line to 'False'
[0.186s] DEBUG:colcon.colcon_core.verb:Building package 'multipath_sim' with the following arguments: {'ament_cmake_args': None, 'build_base': '/home/kap/ros2_ws/src/multipath_sim/build/multipath_sim', 'catkin_cmake_args': None, 'catkin_skip_building_tests': False, 'cmake_args': None, 'cmake_clean_cache': False, 'cmake_clean_first': False, 'cmake_force_configure': False, 'cmake_target': None, 'cmake_target_skip_unavailable': False, 'install_base': '/home/kap/ros2_ws/src/multipath_sim/install/multipath_sim', 'merge_install': False, 'path': '/home/kap/ros2_ws/src/multipath_sim', 'symlink_install': False, 'test_result_base': None}
[0.187s] INFO:colcon.colcon_core.executor:Executing jobs using 'parallel' executor
[0.190s] DEBUG:colcon.colcon_parallel_executor.executor.parallel:run_until_complete
[0.190s] INFO:colcon.colcon_ros.task.ament_cmake.build:Building ROS package in '/home/kap/ros2_ws/src/multipath_sim' with build type 'ament_cmake'
[0.190s] INFO:colcon.colcon_cmake.task.cmake.build:Building CMake package in '/home/kap/ros2_ws/src/multipath_sim'
[0.193s] INFO:colcon.colcon_core.plugin_system:Skipping extension 'colcon_core.shell.bat': Not used on non-Windows systems
[0.193s] INFO:colcon.colcon_core.shell:Skip shell extension 'powershell' for command environment: Not usable outside of PowerShell
[0.193s] DEBUG:colcon.colcon_core.shell:Skip shell extension 'dsv' for command environment
[0.201s] DEBUG:colcon.colcon_core.event_handler.log_command:Invoking command in '/home/kap/ros2_ws/src/multipath_sim/build/multipath_sim': CMAKE_PREFIX_PATH=${CMAKE_PREFIX_PATH}:/opt/ros/foxy /usr/bin/cmake --build /home/kap/ros2_ws/src/multipath_sim/build/multipath_sim -- -j20 -l20
[0.334s] DEBUG:colcon.colcon_core.event_handler.log_command:Invoked command in '/home/kap/ros2_ws/src/multipath_sim/build/multipath_sim' returned '0': CMAKE_PREFIX_PATH=${CMAKE_PREFIX_PATH}:/opt/ros/foxy /usr/bin/cmake --build /home/kap/ros2_ws/src/multipath_sim/build/multipath_sim -- -j20 -l20
[0.370s] DEBUG:colcon.colcon_core.event_handler.log_command:Invoking command in '/home/kap/ros2_ws/src/multipath_sim/build/multipath_sim': CMAKE_PREFIX_PATH=${CMAKE_PREFIX_PATH}:/opt/ros/foxy /usr/bin/cmake --install /home/kap/ros2_ws/src/multipath_sim/build/multipath_sim
[0.441s] Level 1:colcon.colcon_core.environment:create_environment_scripts_only(multipath_sim)
[0.443s] DEBUG:colcon.colcon_core.event_handler.log_command:Invoked command in '/home/kap/ros2_ws/src/multipath_sim/build/multipath_sim' returned '0': CMAKE_PREFIX_PATH=${CMAKE_PREFIX_PATH}:/opt/ros/foxy /usr/bin/cmake --install /home/kap/ros2_ws/src/multipath_sim/build/multipath_sim
[0.445s] Level 1:colcon.colcon_core.environment:checking '/home/kap/ros2_ws/src/multipath_sim/install/multipath_sim' for CMake module files
[0.446s] Level 1:colcon.colcon_core.environment:checking '/home/kap/ros2_ws/src/multipath_sim/install/multipath_sim' for CMake config files
[0.446s] Level 1:colcon.colcon_core.shell:create_environment_hook('multipath_sim', 'cmake_prefix_path')
[0.447s] INFO:colcon.colcon_core.shell:Creating environment hook '/home/kap/ros2_ws/src/multipath_sim/install/multipath_sim/share/multipath_sim/hook/cmake_prefix_path.ps1'
[0.447s] INFO:colcon.colcon_core.shell:Creating environment descriptor '/home/kap/ros2_ws/src/multipath_sim/install/multipath_sim/share/multipath_sim/hook/cmake_prefix_path.dsv'
[0.448s] INFO:colcon.colcon_core.shell:Creating environment hook '/home/kap/ros2_ws/src/multipath_sim/install/multipath_sim/share/multipath_sim/hook/cmake_prefix_path.sh'
[0.448s] Level 1:colcon.colcon_core.environment:checking '/home/kap/ros2_ws/src/multipath_sim/install/multipath_sim/lib'
[0.449s] Level 1:colcon.colcon_core.shell:create_environment_hook('multipath_sim', 'ld_library_path_lib')
[0.450s] INFO:colcon.colcon_core.shell:Creating environment hook '/home/kap/ros2_ws/src/multipath_sim/install/multipath_sim/share/multipath_sim/hook/ld_library_path_lib.ps1'
[0.450s] INFO:colcon.colcon_core.shell:Creating environment descriptor '/home/kap/ros2_ws/src/multipath_sim/install/multipath_sim/share/multipath_sim/hook/ld_library_path_lib.dsv'
[0.450s] INFO:colcon.colcon_core.shell:Creating environment hook '/home/kap/ros2_ws/src/multipath_sim/install/multipath_sim/share/multipath_sim/hook/ld_library_path_lib.sh'
[0.451s] Level 1:colcon.colcon_core.environment:checking '/home/kap/ros2_ws/src/multipath_sim/install/multipath_sim/bin'
[0.451s] Level 1:colcon.colcon_core.environment:checking '/home/kap/ros2_ws/src/multipath_sim/install/multipath_sim/lib/pkgconfig/multipath_sim.pc'
[0.451s] Level 1:colcon.colcon_core.environment:checking '/home/kap/ros2_ws/src/multipath_sim/install/multipath_sim/lib/python3.8/site-packages'
[0.451s] Level 1:colcon.colcon_core.shell:create_environment_hook('multipath_sim', 'pythonpath')
[0.452s] INFO:colcon.colcon_core.shell:Creating environment hook '/home/kap/ros2_ws/src/multipath_sim/install/multipath_sim/share/multipath_sim/hook/pythonpath.ps1'
[0.452s] INFO:colcon.colcon_core.shell:Creating environment descriptor '/home/kap/ros2_ws/src/multipath_sim/install/multipath_sim/share/multipath_sim/hook/pythonpath.dsv'
[0.453s] INFO:colcon.colcon_core.shell:Creating environment hook '/home/kap/ros2_ws/src/multipath_sim/install/multipath_sim/share/multipath_sim/hook/pythonpath.sh'
[0.453s] Level 1:colcon.colcon_core.environment:checking '/home/kap/ros2_ws/src/multipath_sim/install/multipath_sim/bin'
[0.454s] INFO:colcon.colcon_core.shell:Creating package script '/home/kap/ros2_ws/src/multipath_sim/install/multipath_sim/share/multipath_sim/package.ps1'
[0.454s] INFO:colcon.colcon_core.shell:Creating package descriptor '/home/kap/ros2_ws/src/multipath_sim/install/multipath_sim/share/multipath_sim/package.dsv'
[0.455s] INFO:colcon.colcon_core.shell:Creating package script '/home/kap/ros2_ws/src/multipath_sim/install/multipath_sim/share/multipath_sim/package.sh'
[0.455s] INFO:colcon.colcon_core.shell:Creating package script '/home/kap/ros2_ws/src/multipath_sim/install/multipath_sim/share/multipath_sim/package.bash'
[0.456s] INFO:colcon.colcon_core.shell:Creating package script '/home/kap/ros2_ws/src/multipath_sim/install/multipath_sim/share/multipath_sim/package.zsh'
[0.456s] Level 1:colcon.colcon_core.environment:create_file_with_runtime_dependencies(/home/kap/ros2_ws/src/multipath_sim/install/multipath_sim/share/colcon-core/packages/multipath_sim)
[0.505s] Level 1:colcon.colcon_core.environment:create_environment_scripts_only(multipath_sim)
[0.507s] Level 1:colcon.colcon_core.environment:checking '/home/kap/ros2_ws/src/multipath_sim/install/multipath_sim' for CMake module files
[0.507s] Level 1:colcon.colcon_core.environment:checking '/home/kap/ros2_ws/src/multipath_sim/install/multipath_sim' for CMake config files
[0.507s] Level 1:colcon.colcon_core.shell:create_environment_hook('multipath_sim', 'cmake_prefix_path')
[0.509s] INFO:colcon.colcon_core.shell:Creating environment hook '/home/kap/ros2_ws/src/multipath_sim/install/multipath_sim/share/multipath_sim/hook/cmake_prefix_path.ps1'
[0.509s] INFO:colcon.colcon_core.shell:Creating environment descriptor '/home/kap/ros2_ws/src/multipath_sim/install/multipath_sim/share/multipath_sim/hook/cmake_prefix_path.dsv'
[0.509s] INFO:colcon.colcon_core.shell:Creating environment hook '/home/kap/ros2_ws/src/multipath_sim/install/multipath_sim/share/multipath_sim/hook/cmake_prefix_path.sh'
[0.510s] Level 1:colcon.colcon_core.environment:checking '/home/kap/ros2_ws/src/multipath_sim/install/multipath_sim/lib'
[0.510s] Level 1:colcon.colcon_core.shell:create_environment_hook('multipath_sim', 'ld_library_path_lib')
[0.511s] INFO:colcon.colcon_core.shell:Creating environment hook '/home/kap/ros2_ws/src/multipath_sim/install/multipath_sim/share/multipath_sim/hook/ld_library_path_lib.ps1'
[0.512s] INFO:colcon.colcon_core.shell:Creating environment descriptor '/home/kap/ros2_ws/src/multipath_sim/install/multipath_sim/share/multipath_sim/hook/ld_library_path_lib.dsv'
[0.512s] INFO:colcon.colcon_core.shell:Creating environment hook '/home/kap/ros2_ws/src/multipath_sim/install/multipath_sim/share/multipath_sim/hook/ld_library_path_lib.sh'
[0.512s] Level 1:colcon.colcon_core.environment:checking '/home/kap/ros2_ws/src/multipath_sim/install/multipath_sim/bin'
[0.512s] Level 1:colcon.colcon_core.environment:checking '/home/kap/ros2_ws/src/multipath_sim/install/multipath_sim/lib/pkgconfig/multipath_sim.pc'
[0.512s] Level 1:colcon.colcon_core.environment:checking '/home/kap/ros2_ws/src/multipath_sim/install/multipath_sim/lib/python3.8/site-packages'
[0.512s] Level 1:colcon.colcon_core.shell:create_environment_hook('multipath_sim', 'pythonpath')
[0.513s] INFO:colcon.colcon_core.shell:Creating environment hook '/home/kap/ros2_ws/src/multipath_sim/install/multipath_sim/share/multipath_sim/hook/pythonpath.ps1'
[0.514s] INFO:colcon.colcon_core.shell:Creating environment descriptor '/home/kap/ros2_ws/src/multipath_sim/install/multipath_sim/share/multipath_sim/hook/pythonpath.dsv'
[0.514s] INFO:colcon.colcon_core.shell:Creating environment hook '/home/kap/ros2_ws/src/multipath_sim/install/multipath_sim/share/multipath_sim/hook/pythonpath.sh'
[0.514s] Level 1:colcon.colcon_core.environment:checking '/home/kap/ros2_ws/src/multipath_sim/install/multipath_sim/bin'
[0.516s] INFO:colcon.colcon_core.shell:Creating package script '/home/kap/ros2_ws/src/multipath_sim/install/multipath_sim/share/multipath_sim/package.ps1'
[0.516s] INFO:colcon.colcon_core.shell:Creating package descriptor '/home/kap/ros2_ws/src/multipath_sim/install/multipath_sim/share/multipath_sim/package.dsv'
[0.517s] INFO:colcon.colcon_core.shell:Creating package script '/home/kap/ros2_ws/src/multipath_sim/install/multipath_sim/share/multipath_sim/package.sh'
[0.517s] INFO:colcon.colcon_core.shell:Creating package script '/home/kap/ros2_ws/src/multipath_sim/install/multipath_sim/share/multipath_sim/package.bash'
[0.517s] INFO:colcon.colcon_core.shell:Creating package script '/home/kap/ros2_ws/src/multipath_sim/install/multipath_sim/share/multipath_sim/package.zsh'
[0.517s] Level 1:colcon.colcon_core.environment:create_file_with_runtime_dependencies(/home/kap/ros2_ws/src/multipath_sim/install/multipath_sim/share/colcon-core/packages/multipath_sim)
[0.517s] DEBUG:colcon.colcon_parallel_executor.executor.parallel:closing loop
[0.517s] DEBUG:colcon.colcon_parallel_executor.executor.parallel:loop closed
[0.517s] DEBUG:colcon.colcon_parallel_executor.executor.parallel:run_until_complete finished with '0'
[0.517s] DEBUG:colcon.colcon_core.event_reactor:joining thread
[0.522s] INFO:colcon.colcon_core.plugin_system:Skipping extension 'colcon_notification.desktop_notification.terminal_notifier': Not used on non-Darwin systems
[0.522s] INFO:colcon.colcon_core.plugin_system:Skipping extension 'colcon_notification.desktop_notification.win32': Not used on non-Windows systems
[0.522s] INFO:colcon.colcon_notification.desktop_notification:Sending desktop notification using 'notify2'
[0.543s] DEBUG:colcon.colcon_core.event_reactor:joined thread
[0.545s] INFO:colcon.colcon_core.shell:Creating prefix script '/home/kap/ros2_ws/src/multipath_sim/install/local_setup.ps1'
[0.546s] INFO:colcon.colcon_core.shell:Creating prefix util module '/home/kap/ros2_ws/src/multipath_sim/install/_local_setup_util_ps1.py'
[0.547s] INFO:colcon.colcon_core.shell:Creating prefix chain script '/home/kap/ros2_ws/src/multipath_sim/install/setup.ps1'
[0.549s] INFO:colcon.colcon_core.shell:Creating prefix script '/home/kap/ros2_ws/src/multipath_sim/install/local_setup.sh'
[0.549s] INFO:colcon.colcon_core.shell:Creating prefix util module '/home/kap/ros2_ws/src/multipath_sim/install/_local_setup_util_sh.py'
[0.550s] INFO:colcon.colcon_core.shell:Creating prefix chain script '/home/kap/ros2_ws/src/multipath_sim/install/setup.sh'
[0.551s] INFO:colcon.colcon_core.shell:Creating prefix script '/home/kap/ros2_ws/src/multipath_sim/install/local_setup.bash'
[0.552s] INFO:colcon.colcon_core.shell:Creating prefix chain script '/home/kap/ros2_ws/src/multipath_sim/install/setup.bash'
[0.553s] INFO:colcon.colcon_core.shell:Creating prefix script '/home/kap/ros2_ws/src/multipath_sim/install/local_setup.zsh'
[0.554s] INFO:colcon.colcon_core.shell:Creating prefix chain script '/home/kap/ros2_ws/src/multipath_sim/install/setup.zsh'
