Performing C SOURCE FILE Test CMAKE_HAVE_LIBC_PTHREAD failed with the following output:
Change Dir: /home/kap/ros2_ws/src/gnss_multipath_plugin/build/CMakeFiles/CMakeTmp

Run Build Command(s):/usr/bin/make cmTC_ecb39/fast && /usr/bin/make -f CMakeFiles/cmTC_ecb39.dir/build.make CMakeFiles/cmTC_ecb39.dir/build
make[1]: Entering directory '/home/kap/ros2_ws/src/gnss_multipath_plugin/build/CMakeFiles/CMakeTmp'
Building C object CMakeFiles/cmTC_ecb39.dir/src.c.o
/usr/bin/gcc   -DCMAKE_HAVE_LIBC_PTHREAD   -o CMakeFiles/cmTC_ecb39.dir/src.c.o   -c /home/kap/ros2_ws/src/gnss_multipath_plugin/build/CMakeFiles/CMakeTmp/src.c
Linking C executable cmTC_ecb39
/usr/bin/cmake -E cmake_link_script CMakeFiles/cmTC_ecb39.dir/link.txt --verbose=1
/usr/bin/gcc  -DCMAKE_HAVE_LIBC_PTHREAD    CMakeFiles/cmTC_ecb39.dir/src.c.o  -o cmTC_ecb39 
/usr/bin/ld: CMakeFiles/cmTC_ecb39.dir/src.c.o: in function `main':
src.c:(.text+0x46): undefined reference to `pthread_create'
/usr/bin/ld: src.c:(.text+0x52): undefined reference to `pthread_detach'
/usr/bin/ld: src.c:(.text+0x63): undefined reference to `pthread_join'
collect2: error: ld returned 1 exit status
make[1]: *** [CMakeFiles/cmTC_ecb39.dir/build.make:87: cmTC_ecb39] Error 1
make[1]: Leaving directory '/home/kap/ros2_ws/src/gnss_multipath_plugin/build/CMakeFiles/CMakeTmp'
make: *** [Makefile:121: cmTC_ecb39/fast] Error 2


Source file was:
#include <pthread.h>

void* test_func(void* data)
{
  return data;
}

int main(void)
{
  pthread_t thread;
  pthread_create(&thread, NULL, test_func, NULL);
  pthread_detach(thread);
  pthread_join(thread, NULL);
  pthread_atfork(NULL, NULL, NULL);
  pthread_exit(NULL);

  return 0;
}

Determining if the function pthread_create exists in the pthreads failed with the following output:
Change Dir: /home/kap/ros2_ws/src/gnss_multipath_plugin/build/CMakeFiles/CMakeTmp

Run Build Command(s):/usr/bin/make cmTC_d371b/fast && /usr/bin/make -f CMakeFiles/cmTC_d371b.dir/build.make CMakeFiles/cmTC_d371b.dir/build
make[1]: Entering directory '/home/kap/ros2_ws/src/gnss_multipath_plugin/build/CMakeFiles/CMakeTmp'
Building C object CMakeFiles/cmTC_d371b.dir/CheckFunctionExists.c.o
/usr/bin/gcc   -DCHECK_FUNCTION_EXISTS=pthread_create   -o CMakeFiles/cmTC_d371b.dir/CheckFunctionExists.c.o   -c /usr/share/cmake-3.16/Modules/CheckFunctionExists.c
Linking C executable cmTC_d371b
/usr/bin/cmake -E cmake_link_script CMakeFiles/cmTC_d371b.dir/link.txt --verbose=1
/usr/bin/gcc  -DCHECK_FUNCTION_EXISTS=pthread_create    CMakeFiles/cmTC_d371b.dir/CheckFunctionExists.c.o  -o cmTC_d371b  -lpthreads 
/usr/bin/ld: cannot find -lpthreads
collect2: error: ld returned 1 exit status
make[1]: *** [CMakeFiles/cmTC_d371b.dir/build.make:87: cmTC_d371b] Error 1
make[1]: Leaving directory '/home/kap/ros2_ws/src/gnss_multipath_plugin/build/CMakeFiles/CMakeTmp'
make: *** [Makefile:121: cmTC_d371b/fast] Error 2



Performing C++ SOURCE FILE Test HAS_LINKER_EXPORTED_SYMBOLS_LIST failed with the following output:
Change Dir: /home/kap/ros2_ws/src/gnss_multipath_plugin/build/CMakeFiles/CMakeTmp

Run Build Command(s):/usr/bin/make cmTC_f03c5/fast && /usr/bin/make -f CMakeFiles/cmTC_f03c5.dir/build.make CMakeFiles/cmTC_f03c5.dir/build
make[1]: Entering directory '/home/kap/ros2_ws/src/gnss_multipath_plugin/build/CMakeFiles/CMakeTmp'
Building CXX object CMakeFiles/cmTC_f03c5.dir/src.cxx.o
/usr/bin/g++    -Wall -Werror -Wall -Werror -DHAS_LINKER_EXPORTED_SYMBOLS_LIST -Wno-unused-command-line-argument -Wl,-exported_symbols_list /home/kap/ros2_ws/src/gnss_multipath_plugin/libpredict/has_linker_exported_symbols_list.symbols   -std=gnu++17 -o CMakeFiles/cmTC_f03c5.dir/src.cxx.o -c /home/kap/ros2_ws/src/gnss_multipath_plugin/build/CMakeFiles/CMakeTmp/src.cxx
g++: warning: /home/kap/ros2_ws/src/gnss_multipath_plugin/libpredict/has_linker_exported_symbols_list.symbols: linker input file unused because linking not done
Linking CXX executable cmTC_f03c5
/usr/bin/cmake -E cmake_link_script CMakeFiles/cmTC_f03c5.dir/link.txt --verbose=1
/usr/bin/g++   -Wall -Werror -Wall -Werror -DHAS_LINKER_EXPORTED_SYMBOLS_LIST -Wno-unused-command-line-argument -Wl,-exported_symbols_list /home/kap/ros2_ws/src/gnss_multipath_plugin/libpredict/has_linker_exported_symbols_list.symbols    CMakeFiles/cmTC_f03c5.dir/src.cxx.o  -o cmTC_f03c5 
/home/kap/ros2_ws/src/gnss_multipath_plugin/libpredict/has_linker_exported_symbols_list.symbols: file not recognized: file format not recognized
collect2: error: ld returned 1 exit status
make[1]: *** [CMakeFiles/cmTC_f03c5.dir/build.make:87: cmTC_f03c5] Error 1
make[1]: Leaving directory '/home/kap/ros2_ws/src/gnss_multipath_plugin/build/CMakeFiles/CMakeTmp'
make: *** [Makefile:121: cmTC_f03c5/fast] Error 2


Source file was:
int main(){return 0;}
